<?xml version="1.0" encoding="UTF-8"?>
<coverage generated="1776251898333" clover="3.2.0">
  <project timestamp="1776251898333" name="All files">
    <metrics statements="1075" coveredstatements="1075" conditionals="709" coveredconditionals="647" methods="292" coveredmethods="292" elements="2076" coveredelements="2014" complexity="0" loc="1075" ncloc="1075" packages="7" files="27" classes="27"/>
    <package name="src">
      <metrics statements="11" coveredstatements="11" conditionals="8" coveredconditionals="8" methods="3" coveredmethods="3"/>
      <file name="App.js" path="/home/shikhar/Sem 2/SPE/SPE Main Project/FMP-68/frontend/src/App.js">
        <metrics statements="11" coveredstatements="11" conditionals="8" coveredconditionals="8" methods="3" coveredmethods="3"/>
        <line num="13" count="17" type="stmt"/>
        <line num="14" count="17" type="cond" truecount="2" falsecount="0"/>
        <line num="15" count="4" type="stmt"/>
        <line num="21" count="13" type="cond" truecount="2" falsecount="0"/>
        <line num="25" count="34" type="stmt"/>
        <line num="26" count="34" type="stmt"/>
        <line num="29" count="34" type="stmt"/>
        <line num="30" count="34" type="stmt"/>
        <line num="33" count="34" type="cond" truecount="2" falsecount="0"/>
        <line num="34" count="18" type="stmt"/>
        <line num="43" count="16" type="stmt"/>
      </file>
    </package>
    <package name="src.components">
      <metrics statements="323" coveredstatements="323" conditionals="248" coveredconditionals="237" methods="83" coveredmethods="83"/>
      <file name="FollowRequestsPanel.js" path="/home/shikhar/Sem 2/SPE/SPE Main Project/FMP-68/frontend/src/components/FollowRequestsPanel.js">
        <metrics statements="56" coveredstatements="56" conditionals="24" coveredconditionals="21" methods="14" coveredmethods="14"/>
        <line num="10" count="1" type="stmt"/>
        <line num="11" count="59" type="stmt"/>
        <line num="12" count="59" type="stmt"/>
        <line num="13" count="59" type="stmt"/>
        <line num="14" count="59" type="stmt"/>
        <line num="15" count="59" type="stmt"/>
        <line num="18" count="59" type="stmt"/>
        <line num="19" count="17" type="stmt"/>
        <line num="20" count="17" type="stmt"/>
        <line num="21" count="17" type="stmt"/>
        <line num="22" count="17" type="stmt"/>
        <line num="23" count="15" type="stmt"/>
        <line num="25" count="1" type="stmt"/>
        <line num="26" count="1" type="stmt"/>
        <line num="28" count="16" type="stmt"/>
        <line num="33" count="59" type="stmt"/>
        <line num="34" count="17" type="stmt"/>
        <line num="37" count="17" type="stmt"/>
        <line num="38" count="2" type="stmt"/>
        <line num="39" count="1" type="stmt"/>
        <line num="40" count="1" type="stmt"/>
        <line num="43" count="17" type="stmt"/>
        <line num="44" count="17" type="cond" truecount="1" falsecount="1"/>
        <line num="45" count="17" type="stmt"/>
        <line num="50" count="59" type="stmt"/>
        <line num="51" count="4" type="stmt"/>
        <line num="52" count="4" type="stmt"/>
        <line num="53" count="4" type="stmt"/>
        <line num="55" count="2" type="stmt"/>
        <line num="56" count="2" type="cond" truecount="2" falsecount="0"/>
        <line num="59" count="2" type="cond" truecount="2" falsecount="0"/>
        <line num="60" count="1" type="stmt"/>
        <line num="63" count="1" type="stmt"/>
        <line num="64" count="1" type="cond" truecount="1" falsecount="1"/>
        <line num="65" count="1" type="stmt"/>
        <line num="67" count="1" type="stmt"/>
        <line num="69" count="3" type="stmt"/>
        <line num="73" count="59" type="stmt"/>
        <line num="74" count="3" type="stmt"/>
        <line num="75" count="3" type="stmt"/>
        <line num="76" count="3" type="stmt"/>
        <line num="78" count="2" type="stmt"/>
        <line num="79" count="2" type="cond" truecount="2" falsecount="0"/>
        <line num="82" count="2" type="cond" truecount="2" falsecount="0"/>
        <line num="83" count="1" type="stmt"/>
        <line num="86" count="1" type="stmt"/>
        <line num="87" count="1" type="cond" truecount="1" falsecount="1"/>
        <line num="88" count="1" type="stmt"/>
        <line num="90" count="1" type="stmt"/>
        <line num="92" count="3" type="stmt"/>
        <line num="96" count="59" type="cond" truecount="4" falsecount="0"/>
        <line num="97" count="17" type="stmt"/>
        <line num="100" count="42" type="stmt"/>
        <line num="111" count="21" type="stmt"/>
        <line num="134" count="4" type="stmt"/>
        <line num="141" count="3" type="stmt"/>
      </file>
      <file name="FollowersList.js" path="/home/shikhar/Sem 2/SPE/SPE Main Project/FMP-68/frontend/src/components/FollowersList.js">
        <metrics statements="26" coveredstatements="26" conditionals="24" coveredconditionals="24" methods="7" coveredmethods="7"/>
        <line num="4" count="1" type="stmt"/>
        <line num="5" count="32" type="stmt"/>
        <line num="6" count="32" type="stmt"/>
        <line num="8" count="32" type="stmt"/>
        <line num="9" count="7" type="stmt"/>
        <line num="12" count="32" type="stmt"/>
        <line num="13" count="5" type="stmt"/>
        <line num="14" count="5" type="stmt"/>
        <line num="15" count="5" type="stmt"/>
        <line num="16" count="2" type="stmt"/>
        <line num="17" count="2" type="cond" truecount="2" falsecount="0"/>
        <line num="18" count="1" type="stmt"/>
        <line num="21" count="2" type="stmt"/>
        <line num="22" count="2" type="cond" truecount="2" falsecount="0"/>
        <line num="23" count="1" type="stmt"/>
        <line num="26" count="4" type="stmt"/>
        <line num="30" count="32" type="stmt"/>
        <line num="31" count="1" type="stmt"/>
        <line num="34" count="32" type="cond" truecount="2" falsecount="0"/>
        <line num="35" count="1" type="stmt"/>
        <line num="43" count="31" type="cond" truecount="4" falsecount="0"/>
        <line num="44" count="1" type="stmt"/>
        <line num="54" count="30" type="stmt"/>
        <line num="58" count="59" type="stmt"/>
        <line num="82" count="7" type="stmt"/>
        <line num="97" count="6" type="stmt"/>
      </file>
      <file name="MapView.js" path="/home/shikhar/Sem 2/SPE/SPE Main Project/FMP-68/frontend/src/components/MapView.js">
        <metrics statements="39" coveredstatements="39" conditionals="65" coveredconditionals="60" methods="10" coveredmethods="10"/>
        <line num="15" count="1" type="stmt"/>
        <line num="16" count="1" type="stmt"/>
        <line num="26" count="1" type="cond" truecount="0" falsecount="2"/>
        <line num="27" count="2" type="stmt"/>
        <line num="40" count="1" type="stmt"/>
        <line num="41" count="1" type="stmt"/>
        <line num="42" count="1" type="stmt"/>
        <line num="57" count="30" type="stmt"/>
        <line num="58" count="30" type="stmt"/>
        <line num="59" count="30" type="cond" truecount="4" falsecount="0"/>
        <line num="60" count="14" type="stmt"/>
        <line num="66" count="30" type="stmt"/>
        <line num="71" count="10" type="stmt"/>
        <line num="72" count="10" type="stmt"/>
        <line num="74" count="10" type="stmt"/>
        <line num="75" count="10" type="cond" truecount="3" falsecount="1"/>
        <line num="76" count="20" type="stmt"/>
        <line num="77" count="10" type="stmt"/>
        <line num="78" count="10" type="stmt"/>
        <line num="82" count="10" type="stmt"/>
        <line num="86" count="1" type="stmt"/>
        <line num="89" count="30" type="cond" truecount="2" falsecount="0"/>
        <line num="91" count="5" type="cond" truecount="2" falsecount="0"/>
        <line num="92" count="1" type="stmt"/>
        <line num="106" count="4" type="stmt"/>
        <line num="107" count="4" type="stmt"/>
        <line num="108" count="4" type="stmt"/>
        <line num="110" count="4" type="cond" truecount="2" falsecount="0"/>
        <line num="114" count="4" type="stmt"/>
        <line num="150" count="1" type="stmt"/>
        <line num="161" count="30" type="cond" truecount="2" falsecount="0"/>
        <line num="165" count="30" type="cond" truecount="2" falsecount="0"/>
        <line num="167" count="30" type="stmt"/>
        <line num="168" count="30" type="stmt"/>
        <line num="171" count="30" type="cond" truecount="2" falsecount="0"/>
        <line num="175" count="30" type="cond" truecount="2" falsecount="0"/>
        <line num="180" count="30" type="cond" truecount="2" falsecount="0"/>
        <line num="184" count="30" type="stmt"/>
        <line num="186" count="30" type="stmt"/>
      </file>
      <file name="Navbar.js" path="/home/shikhar/Sem 2/SPE/SPE Main Project/FMP-68/frontend/src/components/Navbar.js">
        <metrics statements="3" coveredstatements="3" conditionals="8" coveredconditionals="8" methods="1" coveredmethods="1"/>
        <line num="6" count="6" type="stmt"/>
        <line num="7" count="6" type="stmt"/>
        <line num="9" count="6" type="stmt"/>
      </file>
      <file name="PathCard.js" path="/home/shikhar/Sem 2/SPE/SPE Main Project/FMP-68/frontend/src/components/PathCard.js">
        <metrics statements="92" coveredstatements="92" conditionals="70" coveredconditionals="70" methods="22" coveredmethods="22"/>
        <line num="9" count="88" type="stmt"/>
        <line num="10" count="88" type="stmt"/>
        <line num="11" count="88" type="stmt"/>
        <line num="12" count="88" type="stmt"/>
        <line num="13" count="88" type="stmt"/>
        <line num="14" count="88" type="stmt"/>
        <line num="15" count="88" type="stmt"/>
        <line num="16" count="88" type="stmt"/>
        <line num="19" count="88" type="stmt"/>
        <line num="20" count="27" type="cond" truecount="2" falsecount="0"/>
        <line num="21" count="22" type="stmt"/>
        <line num="24" count="5" type="stmt"/>
        <line num="25" count="5" type="stmt"/>
        <line num="26" count="5" type="stmt"/>
        <line num="27" count="4" type="cond" truecount="2" falsecount="0"/>
        <line num="29" count="1" type="stmt"/>
        <line num="33" count="5" type="stmt"/>
        <line num="36" count="5" type="stmt"/>
        <line num="37" count="3" type="stmt"/>
        <line num="38" count="2" type="cond" truecount="2" falsecount="0"/>
        <line num="39" count="1" type="stmt"/>
        <line num="42" count="5" type="stmt"/>
        <line num="43" count="5" type="cond" truecount="2" falsecount="0"/>
        <line num="44" count="4" type="stmt"/>
        <line num="50" count="88" type="stmt"/>
        <line num="51" count="27" type="cond" truecount="5" falsecount="0"/>
        <line num="52" count="9" type="stmt"/>
        <line num="53" count="9" type="stmt"/>
        <line num="56" count="18" type="stmt"/>
        <line num="57" count="18" type="stmt"/>
        <line num="58" count="18" type="stmt"/>
        <line num="59" count="17" type="stmt"/>
        <line num="60" count="17" type="stmt"/>
        <line num="62" count="1" type="stmt"/>
        <line num="64" count="18" type="stmt"/>
        <line num="68" count="18" type="stmt"/>
        <line num="71" count="18" type="stmt"/>
        <line num="72" count="17" type="stmt"/>
        <line num="74" count="16" type="stmt"/>
        <line num="75" count="16" type="cond" truecount="4" falsecount="0"/>
        <line num="77" count="1" type="stmt"/>
        <line num="78" count="1" type="stmt"/>
        <line num="80" count="15" type="stmt"/>
        <line num="83" count="1" type="stmt"/>
        <line num="86" count="18" type="stmt"/>
        <line num="87" count="18" type="cond" truecount="2" falsecount="0"/>
        <line num="88" count="17" type="stmt"/>
        <line num="93" count="88" type="stmt"/>
        <line num="94" count="7" type="stmt"/>
        <line num="95" count="7" type="stmt"/>
        <line num="96" count="7" type="cond" truecount="2" falsecount="0"/>
        <line num="97" count="2" type="stmt"/>
        <line num="98" count="2" type="stmt"/>
        <line num="99" count="2" type="cond" truecount="2" falsecount="0"/>
        <line num="100" count="1" type="stmt"/>
        <line num="104" count="5" type="stmt"/>
        <line num="105" count="2" type="stmt"/>
        <line num="106" count="2" type="cond" truecount="2" falsecount="0"/>
        <line num="107" count="1" type="stmt"/>
        <line num="109" count="2" type="cond" truecount="2" falsecount="0"/>
        <line num="110" count="1" type="stmt"/>
        <line num="114" count="3" type="stmt"/>
        <line num="115" count="3" type="cond" truecount="2" falsecount="0"/>
        <line num="116" count="2" type="cond" truecount="2" falsecount="0"/>
        <line num="118" count="3" type="cond" truecount="2" falsecount="0"/>
        <line num="120" count="7" type="stmt"/>
        <line num="124" count="88" type="stmt"/>
        <line num="125" count="5" type="stmt"/>
        <line num="126" count="5" type="stmt"/>
        <line num="127" count="5" type="stmt"/>
        <line num="128" count="2" type="stmt"/>
        <line num="129" count="2" type="stmt"/>
        <line num="130" count="2" type="cond" truecount="2" falsecount="0"/>
        <line num="131" count="1" type="stmt"/>
        <line num="134" count="3" type="stmt"/>
        <line num="135" count="3" type="cond" truecount="2" falsecount="0"/>
        <line num="136" count="2" type="cond" truecount="2" falsecount="0"/>
        <line num="138" count="3" type="cond" truecount="2" falsecount="0"/>
        <line num="140" count="5" type="stmt"/>
        <line num="144" count="88" type="stmt"/>
        <line num="145" count="1" type="stmt"/>
        <line num="148" count="88" type="stmt"/>
        <line num="184" count="1" type="stmt"/>
        <line num="185" count="1" type="stmt"/>
        <line num="201" count="5" type="stmt"/>
        <line num="202" count="5" type="stmt"/>
        <line num="211" count="1" type="stmt"/>
        <line num="212" count="1" type="stmt"/>
        <line num="226" count="14" type="stmt"/>
        <line num="227" count="14" type="cond" truecount="2" falsecount="0"/>
        <line num="228" count="7" type="stmt"/>
        <line num="230" count="7" type="stmt"/>
      </file>
      <file name="PathPublishForm.js" path="/home/shikhar/Sem 2/SPE/SPE Main Project/FMP-68/frontend/src/components/PathPublishForm.js">
        <metrics statements="30" coveredstatements="30" conditionals="17" coveredconditionals="16" methods="7" coveredmethods="7"/>
        <line num="5" count="1" type="cond" truecount="1" falsecount="1"/>
        <line num="8" count="207" type="stmt"/>
        <line num="9" count="207" type="stmt"/>
        <line num="10" count="207" type="stmt"/>
        <line num="11" count="207" type="stmt"/>
        <line num="12" count="207" type="stmt"/>
        <line num="14" count="207" type="stmt"/>
        <line num="15" count="9" type="stmt"/>
        <line num="16" count="9" type="stmt"/>
        <line num="17" count="9" type="stmt"/>
        <line num="19" count="9" type="stmt"/>
        <line num="20" count="9" type="stmt"/>
        <line num="21" count="9" type="cond" truecount="2" falsecount="0"/>
        <line num="22" count="1" type="stmt"/>
        <line num="23" count="1" type="stmt"/>
        <line num="26" count="8" type="stmt"/>
        <line num="37" count="2" type="stmt"/>
        <line num="38" count="2" type="stmt"/>
        <line num="39" count="2" type="stmt"/>
        <line num="40" count="2" type="stmt"/>
        <line num="42" count="5" type="cond" truecount="3" falsecount="0"/>
        <line num="45" count="5" type="stmt"/>
        <line num="46" count="5" type="cond" truecount="2" falsecount="0"/>
        <line num="48" count="8" type="stmt"/>
        <line num="52" count="207" type="stmt"/>
        <line num="57" count="18" type="stmt"/>
        <line num="68" count="1" type="stmt"/>
        <line num="83" count="96" type="stmt"/>
        <line num="97" count="56" type="stmt"/>
        <line num="110" count="1" type="stmt"/>
      </file>
      <file name="RequestSummaryModalPanel.js" path="/home/shikhar/Sem 2/SPE/SPE Main Project/FMP-68/frontend/src/components/RequestSummaryModalPanel.js">
        <metrics statements="29" coveredstatements="29" conditionals="10" coveredconditionals="10" methods="7" coveredmethods="7"/>
        <line num="6" count="1" type="stmt"/>
        <line num="7" count="21" type="stmt"/>
        <line num="8" count="21" type="stmt"/>
        <line num="9" count="21" type="stmt"/>
        <line num="10" count="21" type="stmt"/>
        <line num="12" count="21" type="stmt"/>
        <line num="13" count="9" type="stmt"/>
        <line num="16" count="21" type="stmt"/>
        <line num="17" count="11" type="stmt"/>
        <line num="18" count="11" type="stmt"/>
        <line num="19" count="11" type="stmt"/>
        <line num="22" count="8" type="stmt"/>
        <line num="23" count="8" type="stmt"/>
        <line num="24" count="11" type="cond" truecount="2" falsecount="0"/>
        <line num="25" count="8" type="stmt"/>
        <line num="31" count="11" type="stmt"/>
        <line num="32" count="11" type="stmt"/>
        <line num="35" count="8" type="stmt"/>
        <line num="36" count="8" type="stmt"/>
        <line num="38" count="2" type="stmt"/>
        <line num="39" count="2" type="stmt"/>
        <line num="41" count="10" type="stmt"/>
        <line num="45" count="21" type="cond" truecount="2" falsecount="0"/>
        <line num="46" count="11" type="stmt"/>
        <line num="49" count="10" type="stmt"/>
        <line num="50" count="8" type="stmt"/>
        <line num="54" count="10" type="stmt"/>
        <line num="70" count="8" type="stmt"/>
        <line num="73" count="1" type="stmt"/>
      </file>
      <file name="SentRequestsPanel.js" path="/home/shikhar/Sem 2/SPE/SPE Main Project/FMP-68/frontend/src/components/SentRequestsPanel.js">
        <metrics statements="41" coveredstatements="41" conditionals="20" coveredconditionals="19" methods="11" coveredmethods="11"/>
        <line num="6" count="1" type="stmt"/>
        <line num="7" count="53" type="stmt"/>
        <line num="8" count="53" type="stmt"/>
        <line num="9" count="53" type="stmt"/>
        <line num="10" count="53" type="stmt"/>
        <line num="11" count="53" type="stmt"/>
        <line num="14" count="53" type="stmt"/>
        <line num="15" count="16" type="stmt"/>
        <line num="16" count="16" type="stmt"/>
        <line num="17" count="16" type="stmt"/>
        <line num="18" count="16" type="stmt"/>
        <line num="19" count="14" type="stmt"/>
        <line num="21" count="1" type="stmt"/>
        <line num="22" count="1" type="stmt"/>
        <line num="24" count="15" type="stmt"/>
        <line num="29" count="53" type="stmt"/>
        <line num="30" count="16" type="stmt"/>
        <line num="33" count="16" type="stmt"/>
        <line num="34" count="2" type="stmt"/>
        <line num="35" count="1" type="stmt"/>
        <line num="36" count="1" type="stmt"/>
        <line num="39" count="16" type="stmt"/>
        <line num="40" count="16" type="cond" truecount="1" falsecount="1"/>
        <line num="41" count="16" type="stmt"/>
        <line num="46" count="53" type="stmt"/>
        <line num="47" count="5" type="stmt"/>
        <line num="48" count="5" type="stmt"/>
        <line num="49" count="5" type="stmt"/>
        <line num="51" count="2" type="stmt"/>
        <line num="53" count="2" type="cond" truecount="2" falsecount="0"/>
        <line num="54" count="1" type="stmt"/>
        <line num="57" count="2" type="stmt"/>
        <line num="58" count="2" type="cond" truecount="2" falsecount="0"/>
        <line num="59" count="1" type="stmt"/>
        <line num="61" count="2" type="stmt"/>
        <line num="63" count="4" type="stmt"/>
        <line num="67" count="53" type="cond" truecount="4" falsecount="0"/>
        <line num="68" count="16" type="stmt"/>
        <line num="71" count="37" type="stmt"/>
        <line num="82" count="21" type="stmt"/>
        <line num="99" count="5" type="stmt"/>
      </file>
      <file name="Toast.js" path="/home/shikhar/Sem 2/SPE/SPE Main Project/FMP-68/frontend/src/components/Toast.js">
        <metrics statements="5" coveredstatements="5" conditionals="0" coveredconditionals="0" methods="3" coveredmethods="3"/>
        <line num="5" count="1" type="stmt"/>
        <line num="6" count="36" type="stmt"/>
        <line num="8" count="31" type="stmt"/>
        <line num="11" count="20" type="stmt"/>
        <line num="15" count="2" type="stmt"/>
      </file>
      <file name="UserCard.js" path="/home/shikhar/Sem 2/SPE/SPE Main Project/FMP-68/frontend/src/components/UserCard.js">
        <metrics statements="2" coveredstatements="2" conditionals="10" coveredconditionals="9" methods="1" coveredmethods="1"/>
        <line num="4" count="6" type="stmt"/>
        <line num="6" count="6" type="stmt"/>
      </file>
    </package>
    <package name="src.config">
      <metrics statements="5" coveredstatements="5" conditionals="0" coveredconditionals="0" methods="0" coveredmethods="0"/>
      <file name="constants.js" path="/home/shikhar/Sem 2/SPE/SPE Main Project/FMP-68/frontend/src/config/constants.js">
        <metrics statements="5" coveredstatements="5" conditionals="0" coveredconditionals="0" methods="0" coveredmethods="0"/>
        <line num="6" count="3" type="stmt"/>
        <line num="14" count="3" type="stmt"/>
        <line num="17" count="3" type="stmt"/>
        <line num="20" count="3" type="stmt"/>
        <line num="27" count="3" type="stmt"/>
      </file>
    </package>
    <package name="src.context">
      <metrics statements="77" coveredstatements="77" conditionals="22" coveredconditionals="20" methods="24" coveredmethods="24"/>
      <file name="AuthContext.js" path="/home/shikhar/Sem 2/SPE/SPE Main Project/FMP-68/frontend/src/context/AuthContext.js">
        <metrics statements="29" coveredstatements="29" conditionals="6" coveredconditionals="5" methods="9" coveredmethods="9"/>
        <line num="4" count="5" type="cond" truecount="1" falsecount="1"/>
        <line num="6" count="5" type="stmt"/>
        <line num="9" count="27" type="stmt"/>
        <line num="10" count="27" type="stmt"/>
        <line num="13" count="27" type="stmt"/>
        <line num="14" count="13" type="stmt"/>
        <line num="15" count="13" type="cond" truecount="2" falsecount="0"/>
        <line num="16" count="8" type="stmt"/>
        <line num="17" count="8" type="stmt"/>
        <line num="20" count="5" type="stmt"/>
        <line num="24" count="3" type="stmt"/>
        <line num="25" count="2" type="stmt"/>
        <line num="26" count="5" type="stmt"/>
        <line num="30" count="27" type="stmt"/>
        <line num="31" count="1" type="stmt"/>
        <line num="35" count="27" type="stmt"/>
        <line num="36" count="2" type="stmt"/>
        <line num="37" count="2" type="stmt"/>
        <line num="38" count="2" type="stmt"/>
        <line num="44" count="2" type="stmt"/>
        <line num="45" count="2" type="stmt"/>
        <line num="49" count="27" type="stmt"/>
        <line num="50" count="2" type="stmt"/>
        <line num="51" count="2" type="stmt"/>
        <line num="54" count="2" type="stmt"/>
        <line num="57" count="27" type="stmt"/>
        <line num="67" count="24" type="stmt"/>
        <line num="68" count="24" type="cond" truecount="2" falsecount="0"/>
        <line num="69" count="23" type="stmt"/>
      </file>
      <file name="ThemeContext.js" path="/home/shikhar/Sem 2/SPE/SPE Main Project/FMP-68/frontend/src/context/ThemeContext.js">
        <metrics statements="28" coveredstatements="28" conditionals="10" coveredconditionals="10" methods="5" coveredmethods="5"/>
        <line num="3" count="1" type="stmt"/>
        <line num="5" count="1" type="stmt"/>
        <line num="6" count="36" type="stmt"/>
        <line num="7" count="36" type="stmt"/>
        <line num="9" count="36" type="stmt"/>
        <line num="11" count="16" type="cond" truecount="2" falsecount="0"/>
        <line num="12" count="16" type="stmt"/>
        <line num="13" count="16" type="stmt"/>
        <line num="14" count="16" type="stmt"/>
        <line num="17" count="36" type="stmt"/>
        <line num="18" count="20" type="stmt"/>
        <line num="20" count="20" type="cond" truecount="2" falsecount="0"/>
        <line num="21" count="7" type="stmt"/>
        <line num="23" count="13" type="stmt"/>
        <line num="27" count="36" type="stmt"/>
        <line num="28" count="4" type="cond" truecount="2" falsecount="0"/>
        <line num="29" count="4" type="stmt"/>
        <line num="30" count="4" type="stmt"/>
        <line num="31" count="4" type="stmt"/>
        <line num="34" count="36" type="stmt"/>
        <line num="41" count="36" type="cond" truecount="2" falsecount="0"/>
        <line num="42" count="16" type="stmt"/>
        <line num="45" count="20" type="stmt"/>
        <line num="52" count="1" type="stmt"/>
        <line num="53" count="17" type="stmt"/>
        <line num="54" count="17" type="cond" truecount="2" falsecount="0"/>
        <line num="55" count="1" type="stmt"/>
        <line num="57" count="16" type="stmt"/>
      </file>
      <file name="ToastContext.js" path="/home/shikhar/Sem 2/SPE/SPE Main Project/FMP-68/frontend/src/context/ToastContext.js">
        <metrics statements="20" coveredstatements="20" conditionals="6" coveredconditionals="5" methods="10" coveredmethods="10"/>
        <line num="3" count="2" type="stmt"/>
        <line num="5" count="2" type="stmt"/>
        <line num="6" count="45" type="stmt"/>
        <line num="8" count="45" type="stmt"/>
        <line num="10" count="25" type="stmt"/>
        <line num="11" count="25" type="stmt"/>
        <line num="13" count="25" type="stmt"/>
        <line num="15" count="25" type="cond" truecount="2" falsecount="0"/>
        <line num="16" count="16" type="stmt"/>
        <line num="17" count="1" type="stmt"/>
        <line num="21" count="25" type="stmt"/>
        <line num="26" count="45" type="stmt"/>
        <line num="27" count="5" type="stmt"/>
        <line num="30" count="45" type="stmt"/>
        <line num="36" count="45" type="stmt"/>
        <line num="43" count="2" type="stmt"/>
        <line num="44" count="83" type="stmt"/>
        <line num="45" count="79" type="cond" truecount="2" falsecount="0"/>
        <line num="46" count="8" type="stmt"/>
        <line num="48" count="71" type="stmt"/>
      </file>
    </package>
    <package name="src.hooks">
      <metrics statements="34" coveredstatements="34" conditionals="15" coveredconditionals="12" methods="12" coveredmethods="12"/>
      <file name="usePolling.js" path="/home/shikhar/Sem 2/SPE/SPE Main Project/FMP-68/frontend/src/hooks/usePolling.js">
        <metrics statements="23" coveredstatements="23" conditionals="15" coveredconditionals="12" methods="7" coveredmethods="7"/>
        <line num="10" count="1" type="cond" truecount="0" falsecount="3"/>
        <line num="11" count="11" type="stmt"/>
        <line num="13" count="11" type="stmt"/>
        <line num="14" count="11" type="cond" truecount="2" falsecount="0"/>
        <line num="15" count="2" type="cond" truecount="2" falsecount="0"/>
        <line num="16" count="1" type="stmt"/>
        <line num="18" count="2" type="stmt"/>
        <line num="22" count="9" type="stmt"/>
        <line num="25" count="9" type="stmt"/>
        <line num="26" count="8" type="stmt"/>
        <line num="29" count="9" type="stmt"/>
        <line num="30" count="9" type="cond" truecount="2" falsecount="0"/>
        <line num="31" count="7" type="stmt"/>
        <line num="37" count="11" type="stmt"/>
        <line num="38" count="4" type="cond" truecount="2" falsecount="0"/>
        <line num="39" count="3" type="stmt"/>
        <line num="40" count="3" type="stmt"/>
        <line num="44" count="11" type="stmt"/>
        <line num="45" count="3" type="cond" truecount="4" falsecount="0"/>
        <line num="46" count="1" type="stmt"/>
        <line num="47" count="1" type="stmt"/>
        <line num="48" count="1" type="stmt"/>
        <line num="53" count="11" type="stmt"/>
      </file>
      <file name="useSyncListener.js" path="/home/shikhar/Sem 2/SPE/SPE Main Project/FMP-68/frontend/src/hooks/useSyncListener.js">
        <metrics statements="11" coveredstatements="11" conditionals="0" coveredconditionals="0" methods="5" coveredmethods="5"/>
        <line num="8" count="1" type="stmt"/>
        <line num="10" count="1" type="stmt"/>
        <line num="11" count="7" type="stmt"/>
        <line num="12" count="7" type="stmt"/>
        <line num="13" count="7" type="stmt"/>
        <line num="17" count="1" type="stmt"/>
        <line num="18" count="5" type="stmt"/>
        <line num="19" count="6" type="stmt"/>
        <line num="20" count="6" type="stmt"/>
        <line num="22" count="1" type="stmt"/>
        <line num="28" count="1" type="stmt"/>
      </file>
    </package>
    <package name="src.pages">
      <metrics statements="404" coveredstatements="404" conditionals="332" coveredconditionals="290" methods="103" coveredmethods="103"/>
      <file name="AuthCallback.js" path="/home/shikhar/Sem 2/SPE/SPE Main Project/FMP-68/frontend/src/pages/AuthCallback.js">
        <metrics statements="11" coveredstatements="11" conditionals="2" coveredconditionals="2" methods="4" coveredmethods="4"/>
        <line num="11" count="18" type="stmt"/>
        <line num="12" count="18" type="stmt"/>
        <line num="13" count="18" type="stmt"/>
        <line num="15" count="18" type="stmt"/>
        <line num="16" count="17" type="stmt"/>
        <line num="17" count="17" type="cond" truecount="2" falsecount="0"/>
        <line num="18" count="9" type="stmt"/>
        <line num="19" count="7" type="stmt"/>
        <line num="20" count="1" type="stmt"/>
        <line num="22" count="8" type="stmt"/>
        <line num="26" count="18" type="stmt"/>
      </file>
      <file name="DashboardPage.js" path="/home/shikhar/Sem 2/SPE/SPE Main Project/FMP-68/frontend/src/pages/DashboardPage.js">
        <metrics statements="61" coveredstatements="61" conditionals="42" coveredconditionals="40" methods="32" coveredmethods="32"/>
        <line num="11" count="1" type="cond" truecount="1" falsecount="1"/>
        <line num="12" count="1" type="stmt"/>
        <line num="15" count="88" type="stmt"/>
        <line num="16" count="88" type="stmt"/>
        <line num="17" count="87" type="stmt"/>
        <line num="18" count="87" type="stmt"/>
        <line num="19" count="87" type="stmt"/>
        <line num="20" count="87" type="stmt"/>
        <line num="21" count="87" type="stmt"/>
        <line num="22" count="87" type="stmt"/>
        <line num="25" count="87" type="stmt"/>
        <line num="26" count="38" type="stmt"/>
        <line num="27" count="38" type="cond" truecount="2" falsecount="0"/>
        <line num="29" count="37" type="stmt"/>
        <line num="35" count="61" type="stmt"/>
        <line num="36" count="36" type="stmt"/>
        <line num="38" count="1" type="stmt"/>
        <line num="39" count="37" type="stmt"/>
        <line num="43" count="87" type="stmt"/>
        <line num="44" count="38" type="stmt"/>
        <line num="45" count="38" type="cond" truecount="2" falsecount="0"/>
        <line num="47" count="37" type="stmt"/>
        <line num="52" count="36" type="cond" truecount="2" falsecount="0"/>
        <line num="54" count="36" type="cond" truecount="2" falsecount="0"/>
        <line num="55" count="35" type="stmt"/>
        <line num="60" count="34" type="cond" truecount="1" falsecount="1"/>
        <line num="61" count="34" type="stmt"/>
        <line num="63" count="1" type="stmt"/>
        <line num="66" count="1" type="stmt"/>
        <line num="67" count="37" type="stmt"/>
        <line num="71" count="87" type="stmt"/>
        <line num="72" count="2" type="stmt"/>
        <line num="73" count="2" type="stmt"/>
        <line num="77" count="87" type="stmt"/>
        <line num="78" count="2" type="cond" truecount="2" falsecount="0"/>
        <line num="79" count="1" type="stmt"/>
        <line num="81" count="2" type="stmt"/>
        <line num="86" count="87" type="stmt"/>
        <line num="88" count="1" type="stmt"/>
        <line num="92" count="87" type="stmt"/>
        <line num="95" count="38" type="stmt"/>
        <line num="96" count="52" type="stmt"/>
        <line num="97" count="52" type="stmt"/>
        <line num="98" count="1" type="stmt"/>
        <line num="99" count="1" type="stmt"/>
        <line num="103" count="38" type="stmt"/>
        <line num="104" count="228" type="stmt"/>
        <line num="107" count="38" type="stmt"/>
        <line num="109" count="38" type="stmt"/>
        <line num="110" count="38" type="stmt"/>
        <line num="111" count="228" type="stmt"/>
        <line num="115" count="87" type="stmt"/>
        <line num="116" count="87" type="stmt"/>
        <line num="118" count="87" type="stmt"/>
        <line num="131" count="69" type="stmt"/>
        <line num="140" count="1" type="stmt"/>
        <line num="146" count="6" type="stmt"/>
        <line num="152" count="1" type="stmt"/>
        <line num="158" count="1" type="stmt"/>
        <line num="182" count="60" type="stmt"/>
        <line num="212" count="8" type="stmt"/>
      </file>
      <file name="LiveTrackingPage.js" path="/home/shikhar/Sem 2/SPE/SPE Main Project/FMP-68/frontend/src/pages/LiveTrackingPage.js">
        <metrics statements="241" coveredstatements="241" conditionals="207" coveredconditionals="178" methods="40" coveredmethods="40"/>
        <line num="39" count="4" type="cond" truecount="4" falsecount="0"/>
        <line num="40" count="3" type="stmt"/>
        <line num="41" count="3" type="cond" truecount="2" falsecount="0"/>
        <line num="43" count="2" type="stmt"/>
        <line num="44" count="2" type="stmt"/>
        <line num="45" count="2" type="stmt"/>
        <line num="46" count="2" type="stmt"/>
        <line num="47" count="2" type="stmt"/>
        <line num="49" count="2" type="stmt"/>
        <line num="51" count="2" type="stmt"/>
        <line num="53" count="2" type="stmt"/>
        <line num="60" count="25" type="stmt"/>
        <line num="61" count="25" type="stmt"/>
        <line num="62" count="25" type="stmt"/>
        <line num="63" count="25" type="stmt"/>
        <line num="64" count="25" type="stmt"/>
        <line num="66" count="25" type="stmt"/>
        <line num="68" count="25" type="stmt"/>
        <line num="75" count="6" type="stmt"/>
        <line num="76" count="6" type="stmt"/>
        <line num="77" count="6" type="stmt"/>
        <line num="78" count="6" type="stmt"/>
        <line num="80" count="6" type="stmt"/>
        <line num="82" count="6" type="stmt"/>
        <line num="87" count="161" type="stmt"/>
        <line num="88" count="161" type="stmt"/>
        <line num="89" count="161" type="stmt"/>
        <line num="92" count="161" type="stmt"/>
        <line num="93" count="160" type="stmt"/>
        <line num="94" count="160" type="stmt"/>
        <line num="97" count="160" type="stmt"/>
        <line num="98" count="160" type="stmt"/>
        <line num="99" count="160" type="stmt"/>
        <line num="104" count="160" type="stmt"/>
        <line num="105" count="160" type="stmt"/>
        <line num="106" count="160" type="stmt"/>
        <line num="107" count="160" type="stmt"/>
        <line num="110" count="160" type="stmt"/>
        <line num="113" count="160" type="stmt"/>
        <line num="114" count="160" type="stmt"/>
        <line num="115" count="160" type="stmt"/>
        <line num="116" count="160" type="stmt"/>
        <line num="119" count="160" type="stmt"/>
        <line num="120" count="160" type="stmt"/>
        <line num="121" count="160" type="stmt"/>
        <line num="122" count="160" type="stmt"/>
        <line num="125" count="160" type="stmt"/>
        <line num="126" count="65" type="stmt"/>
        <line num="127" count="65" type="stmt"/>
        <line num="128" count="65" type="stmt"/>
        <line num="129" count="65" type="stmt"/>
        <line num="130" count="63" type="stmt"/>
        <line num="131" count="63" type="stmt"/>
        <line num="132" count="63" type="stmt"/>
        <line num="133" count="63" type="cond" truecount="2" falsecount="0"/>
        <line num="134" count="63" type="cond" truecount="1" falsecount="1"/>
        <line num="137" count="63" type="cond" truecount="2" falsecount="0"/>
        <line num="138" count="61" type="stmt"/>
        <line num="142" count="63" type="stmt"/>
        <line num="143" count="63" type="stmt"/>
        <line num="144" count="61" type="stmt"/>
        <line num="149" count="63" type="stmt"/>
        <line num="151" count="1" type="stmt"/>
        <line num="152" count="1" type="stmt"/>
        <line num="154" count="64" type="stmt"/>
        <line num="157" count="65" type="stmt"/>
        <line num="161" count="160" type="stmt"/>
        <line num="162" count="107" type="stmt"/>
        <line num="165" count="107" type="stmt"/>
        <line num="166" count="14" type="cond" truecount="2" falsecount="0"/>
        <line num="168" count="13" type="cond" truecount="2" falsecount="0"/>
        <line num="170" count="4" type="stmt"/>
        <line num="175" count="9" type="cond" truecount="1" falsecount="1"/>
        <line num="178" count="9" type="cond" truecount="2" falsecount="0"/>
        <line num="180" count="8" type="cond" truecount="2" falsecount="0"/>
        <line num="181" count="5" type="stmt"/>
        <line num="183" count="8" type="cond" truecount="2" falsecount="0"/>
        <line num="184" count="6" type="stmt"/>
        <line num="190" count="107" type="stmt"/>
        <line num="191" count="2" type="cond" truecount="2" falsecount="0"/>
        <line num="192" count="1" type="stmt"/>
        <line num="193" count="1" type="cond" truecount="1" falsecount="1"/>
        <line num="197" count="107" type="stmt"/>
        <line num="198" count="3" type="cond" truecount="2" falsecount="0"/>
        <line num="199" count="2" type="stmt"/>
        <line num="200" count="2" type="cond" truecount="1" falsecount="1"/>
        <line num="204" count="107" type="stmt"/>
        <line num="205" count="3" type="cond" truecount="2" falsecount="0"/>
        <line num="206" count="2" type="stmt"/>
        <line num="207" count="2" type="cond" truecount="1" falsecount="1"/>
        <line num="211" count="107" type="stmt"/>
        <line num="212" count="3" type="cond" truecount="2" falsecount="0"/>
        <line num="213" count="2" type="stmt"/>
        <line num="214" count="2" type="stmt"/>
        <line num="215" count="2" type="cond" truecount="1" falsecount="1"/>
        <line num="219" count="107" type="stmt"/>
        <line num="220" count="4" type="cond" truecount="1" falsecount="1"/>
        <line num="221" count="4" type="stmt"/>
        <line num="222" count="4" type="cond" truecount="1" falsecount="1"/>
        <line num="226" count="107" type="stmt"/>
        <line num="235" count="107" type="stmt"/>
        <line num="236" count="642" type="cond" truecount="2" falsecount="0"/>
        <line num="237" count="107" type="stmt"/>
        <line num="242" count="160" type="stmt"/>
        <line num="243" count="115" type="cond" truecount="4" falsecount="0"/>
        <line num="244" count="12" type="stmt"/>
        <line num="245" count="1" type="stmt"/>
        <line num="248" count="103" type="stmt"/>
        <line num="250" count="115" type="stmt"/>
        <line num="254" count="160" type="stmt"/>
        <line num="256" count="22" type="stmt"/>
        <line num="259" count="25" type="cond" truecount="2" falsecount="0"/>
        <line num="260" count="4" type="stmt"/>
        <line num="262" count="25" type="stmt"/>
        <line num="263" count="25" type="stmt"/>
        <line num="266" count="25" type="cond" truecount="2" falsecount="0"/>
        <line num="268" count="24" type="cond" truecount="2" falsecount="0"/>
        <line num="269" count="12" type="stmt"/>
        <line num="270" count="12" type="stmt"/>
        <line num="272" count="12" type="stmt"/>
        <line num="273" count="12" type="stmt"/>
        <line num="277" count="1" type="stmt"/>
        <line num="278" count="1" type="cond" truecount="1" falsecount="1"/>
        <line num="279" count="1" type="stmt"/>
        <line num="288" count="160" type="stmt"/>
        <line num="289" count="12" type="cond" truecount="2" falsecount="0"/>
        <line num="290" count="2" type="cond" truecount="1" falsecount="1"/>
        <line num="291" count="2" type="stmt"/>
        <line num="293" count="10" type="stmt"/>
        <line num="294" count="10" type="stmt"/>
        <line num="295" count="9" type="stmt"/>
        <line num="296" count="9" type="stmt"/>
        <line num="297" count="9" type="stmt"/>
        <line num="298" count="9" type="stmt"/>
        <line num="299" count="9" type="stmt"/>
        <line num="300" count="9" type="cond" truecount="1" falsecount="1"/>
        <line num="302" count="1" type="stmt"/>
        <line num="303" count="1" type="cond" truecount="1" falsecount="1"/>
        <line num="308" count="160" type="stmt"/>
        <line num="309" count="4" type="cond" truecount="2" falsecount="0"/>
        <line num="310" count="1" type="cond" truecount="1" falsecount="1"/>
        <line num="311" count="1" type="stmt"/>
        <line num="313" count="3" type="stmt"/>
        <line num="314" count="3" type="stmt"/>
        <line num="315" count="2" type="stmt"/>
        <line num="316" count="2" type="stmt"/>
        <line num="317" count="2" type="stmt"/>
        <line num="318" count="2" type="cond" truecount="2" falsecount="0"/>
        <line num="320" count="1" type="stmt"/>
        <line num="325" count="160" type="stmt"/>
        <line num="326" count="3" type="cond" truecount="2" falsecount="0"/>
        <line num="327" count="1" type="cond" truecount="1" falsecount="1"/>
        <line num="328" count="1" type="stmt"/>
        <line num="330" count="2" type="stmt"/>
        <line num="331" count="2" type="stmt"/>
        <line num="332" count="1" type="stmt"/>
        <line num="333" count="1" type="stmt"/>
        <line num="334" count="1" type="cond" truecount="1" falsecount="1"/>
        <line num="336" count="1" type="stmt"/>
        <line num="341" count="160" type="stmt"/>
        <line num="342" count="3" type="cond" truecount="2" falsecount="0"/>
        <line num="343" count="1" type="cond" truecount="1" falsecount="1"/>
        <line num="344" count="1" type="stmt"/>
        <line num="346" count="2" type="stmt"/>
        <line num="347" count="2" type="stmt"/>
        <line num="348" count="1" type="stmt"/>
        <line num="349" count="1" type="stmt"/>
        <line num="350" count="1" type="stmt"/>
        <line num="351" count="1" type="stmt"/>
        <line num="352" count="1" type="cond" truecount="1" falsecount="1"/>
        <line num="354" count="1" type="stmt"/>
        <line num="359" count="160" type="stmt"/>
        <line num="360" count="15" type="cond" truecount="2" falsecount="0"/>
        <line num="361" count="2" type="cond" truecount="1" falsecount="1"/>
        <line num="362" count="2" type="stmt"/>
        <line num="364" count="13" type="stmt"/>
        <line num="365" count="13" type="stmt"/>
        <line num="366" count="12" type="cond" truecount="1" falsecount="1"/>
        <line num="367" count="12" type="cond" truecount="1" falsecount="1"/>
        <line num="369" count="12" type="cond" truecount="2" falsecount="0"/>
        <line num="370" count="7" type="stmt"/>
        <line num="372" count="12" type="stmt"/>
        <line num="373" count="12" type="stmt"/>
        <line num="374" count="12" type="stmt"/>
        <line num="375" count="12" type="stmt"/>
        <line num="376" count="12" type="cond" truecount="1" falsecount="1"/>
        <line num="379" count="1" type="stmt"/>
        <line num="380" count="1" type="cond" truecount="1" falsecount="1"/>
        <line num="385" count="160" type="stmt"/>
        <line num="386" count="3" type="cond" truecount="2" falsecount="0"/>
        <line num="387" count="1" type="cond" truecount="1" falsecount="1"/>
        <line num="388" count="1" type="stmt"/>
        <line num="390" count="2" type="stmt"/>
        <line num="392" count="2" type="stmt"/>
        <line num="395" count="1" type="stmt"/>
        <line num="397" count="1" type="stmt"/>
        <line num="398" count="1" type="stmt"/>
        <line num="399" count="1" type="stmt"/>
        <line num="400" count="1" type="cond" truecount="1" falsecount="1"/>
        <line num="403" count="1" type="stmt"/>
        <line num="405" count="1" type="stmt"/>
        <line num="406" count="1" type="cond" truecount="1" falsecount="1"/>
        <line num="411" count="160" type="stmt"/>
        <line num="412" count="65" type="stmt"/>
        <line num="413" count="65" type="stmt"/>
        <line num="414" count="65" type="stmt"/>
        <line num="419" count="160" type="stmt"/>
        <line num="420" count="160" type="stmt"/>
        <line num="421" count="160" type="cond" truecount="2" falsecount="0"/>
        <line num="422" count="160" type="cond" truecount="2" falsecount="0"/>
        <line num="423" count="160" type="cond" truecount="3" falsecount="0"/>
        <line num="427" count="160" type="stmt"/>
        <line num="428" count="148" type="cond" truecount="4" falsecount="0"/>
        <line num="429" count="29" type="cond" truecount="2" falsecount="0"/>
        <line num="430" count="28" type="cond" truecount="2" falsecount="0"/>
        <line num="431" count="27" type="cond" truecount="2" falsecount="0"/>
        <line num="434" count="9" type="stmt"/>
        <line num="435" count="9" type="stmt"/>
        <line num="436" count="9" type="stmt"/>
        <line num="437" count="19" type="stmt"/>
        <line num="438" count="19" type="cond" truecount="2" falsecount="0"/>
        <line num="439" count="13" type="stmt"/>
        <line num="440" count="13" type="stmt"/>
        <line num="445" count="9" type="stmt"/>
        <line num="448" count="9" type="stmt"/>
        <line num="449" count="9" type="stmt"/>
        <line num="454" count="9" type="cond" truecount="2" falsecount="0"/>
        <line num="456" count="3" type="stmt"/>
        <line num="459" count="6" type="stmt"/>
        <line num="460" count="6" type="stmt"/>
        <line num="461" count="6" type="stmt"/>
        <line num="463" count="6" type="stmt"/>
        <line num="467" count="160" type="cond" truecount="2" falsecount="0"/>
        <line num="468" count="65" type="stmt"/>
        <line num="482" count="95" type="cond" truecount="4" falsecount="0"/>
        <line num="483" count="1" type="stmt"/>
        <line num="489" count="1" type="stmt"/>
        <line num="499" count="94" type="stmt"/>
        <line num="505" count="1" type="stmt"/>
        <line num="559" count="1" type="stmt"/>
        <line num="789" count="1" type="stmt"/>
      </file>
      <file name="LoginPage.js" path="/home/shikhar/Sem 2/SPE/SPE Main Project/FMP-68/frontend/src/pages/LoginPage.js">
        <metrics statements="3" coveredstatements="3" conditionals="0" coveredconditionals="0" methods="2" coveredmethods="2"/>
        <line num="6" count="17" type="stmt"/>
        <line num="29" count="17" type="stmt"/>
        <line num="31" count="17" type="stmt"/>
      </file>
      <file name="PathDetailPage.js" path="/home/shikhar/Sem 2/SPE/SPE Main Project/FMP-68/frontend/src/pages/PathDetailPage.js">
        <metrics statements="88" coveredstatements="88" conditionals="81" coveredconditionals="70" methods="25" coveredmethods="25"/>
        <line num="19" count="1" type="stmt"/>
        <line num="26" count="1" type="stmt"/>
        <line num="27" count="193" type="stmt"/>
        <line num="28" count="193" type="stmt"/>
        <line num="29" count="193" type="stmt"/>
        <line num="30" count="193" type="stmt"/>
        <line num="31" count="192" type="stmt"/>
        <line num="32" count="192" type="stmt"/>
        <line num="33" count="192" type="stmt"/>
        <line num="34" count="192" type="stmt"/>
        <line num="35" count="192" type="stmt"/>
        <line num="36" count="192" type="stmt"/>
        <line num="37" count="192" type="stmt"/>
        <line num="39" count="192" type="cond" truecount="2" falsecount="0"/>
        <line num="40" count="192" type="stmt"/>
        <line num="41" count="192" type="cond" truecount="2" falsecount="0"/>
        <line num="44" count="192" type="cond" truecount="1" falsecount="0"/>
        <line num="45" count="59" type="stmt"/>
        <line num="46" count="59" type="cond" truecount="2" falsecount="0"/>
        <line num="47" count="59" type="stmt"/>
        <line num="48" count="56" type="stmt"/>
        <line num="49" count="56" type="stmt"/>
        <line num="50" count="56" type="stmt"/>
        <line num="51" count="56" type="stmt"/>
        <line num="53" count="2" type="stmt"/>
        <line num="54" count="2" type="cond" truecount="2" falsecount="2"/>
        <line num="56" count="58" type="cond" truecount="2" falsecount="0"/>
        <line num="61" count="192" type="stmt"/>
        <line num="62" count="58" type="stmt"/>
        <line num="66" count="192" type="stmt"/>
        <line num="67" count="109" type="cond" truecount="4" falsecount="0"/>
        <line num="68" count="47" type="stmt"/>
        <line num="69" count="3" type="stmt"/>
        <line num="70" count="2" type="stmt"/>
        <line num="71" count="1" type="stmt"/>
        <line num="74" count="109" type="stmt"/>
        <line num="75" count="109" type="cond" truecount="2" falsecount="0"/>
        <line num="79" count="192" type="stmt"/>
        <line num="80" count="6" type="stmt"/>
        <line num="81" count="6" type="stmt"/>
        <line num="82" count="6" type="stmt"/>
        <line num="83" count="5" type="stmt"/>
        <line num="84" count="5" type="cond" truecount="1" falsecount="1"/>
        <line num="86" count="1" type="stmt"/>
        <line num="87" count="1" type="cond" truecount="1" falsecount="1"/>
        <line num="89" count="6" type="stmt"/>
        <line num="93" count="192" type="stmt"/>
        <line num="94" count="4" type="stmt"/>
        <line num="95" count="4" type="stmt"/>
        <line num="96" count="4" type="stmt"/>
        <line num="97" count="3" type="stmt"/>
        <line num="98" count="3" type="cond" truecount="1" falsecount="1"/>
        <line num="100" count="1" type="stmt"/>
        <line num="101" count="1" type="cond" truecount="1" falsecount="1"/>
        <line num="103" count="4" type="stmt"/>
        <line num="108" count="192" type="stmt"/>
        <line num="109" count="48" type="stmt"/>
        <line num="110" count="48" type="stmt"/>
        <line num="111" count="48" type="stmt"/>
        <line num="112" count="47" type="stmt"/>
        <line num="114" count="1" type="stmt"/>
        <line num="116" count="48" type="stmt"/>
        <line num="121" count="192" type="stmt"/>
        <line num="122" count="105" type="cond" truecount="2" falsecount="0"/>
        <line num="123" count="47" type="stmt"/>
        <line num="128" count="192" type="stmt"/>
        <line num="129" count="3" type="stmt"/>
        <line num="130" count="3" type="stmt"/>
        <line num="131" count="2" type="stmt"/>
        <line num="133" count="2" type="cond" truecount="1" falsecount="1"/>
        <line num="134" count="2" type="stmt"/>
        <line num="136" count="2" type="stmt"/>
        <line num="140" count="1" type="stmt"/>
        <line num="141" count="1" type="stmt"/>
        <line num="146" count="192" type="cond" truecount="2" falsecount="0"/>
        <line num="147" count="58" type="stmt"/>
        <line num="161" count="134" type="cond" truecount="4" falsecount="0"/>
        <line num="162" count="3" type="stmt"/>
        <line num="169" count="1" type="stmt"/>
        <line num="178" count="131" type="cond" truecount="1" falsecount="1"/>
        <line num="180" count="131" type="stmt"/>
        <line num="186" count="1" type="stmt"/>
        <line num="207" count="1" type="stmt"/>
        <line num="256" count="1" type="stmt"/>
        <line num="271" count="52" type="stmt"/>
        <line num="294" count="6" type="stmt"/>
        <line num="301" count="4" type="stmt"/>
        <line num="322" count="1" type="stmt"/>
      </file>
    </package>
    <package name="src.services">
      <metrics statements="221" coveredstatements="221" conditionals="84" coveredconditionals="80" methods="67" coveredmethods="67"/>
      <file name="api.js" path="/home/shikhar/Sem 2/SPE/SPE Main Project/FMP-68/frontend/src/services/api.js">
        <metrics statements="14" coveredstatements="14" conditionals="6" coveredconditionals="5" methods="4" coveredmethods="4"/>
        <line num="4" count="8" type="cond" truecount="1" falsecount="1"/>
        <line num="7" count="8" type="stmt"/>
        <line num="16" count="8" type="stmt"/>
        <line num="18" count="3" type="stmt"/>
        <line num="19" count="3" type="cond" truecount="2" falsecount="0"/>
        <line num="20" count="2" type="stmt"/>
        <line num="22" count="3" type="stmt"/>
        <line num="25" count="2" type="stmt"/>
        <line num="30" count="8" type="stmt"/>
        <line num="31" count="1" type="stmt"/>
        <line num="33" count="9" type="cond" truecount="2" falsecount="0"/>
        <line num="35" count="3" type="stmt"/>
        <line num="36" count="3" type="stmt"/>
        <line num="38" count="9" type="stmt"/>
      </file>
      <file name="followRequestService.js" path="/home/shikhar/Sem 2/SPE/SPE Main Project/FMP-68/frontend/src/services/followRequestService.js">
        <metrics statements="52" coveredstatements="52" conditionals="37" coveredconditionals="37" methods="7" coveredmethods="7"/>
        <line num="4" count="5" type="stmt"/>
        <line num="5" count="5" type="stmt"/>
        <line num="6" count="5" type="cond" truecount="4" falsecount="0"/>
        <line num="7" count="2" type="stmt"/>
        <line num="9" count="3" type="stmt"/>
        <line num="13" count="1" type="stmt"/>
        <line num="15" count="4" type="cond" truecount="3" falsecount="0"/>
        <line num="16" count="4" type="stmt"/>
        <line num="21" count="5" type="stmt"/>
        <line num="22" count="3" type="stmt"/>
        <line num="23" count="3" type="stmt"/>
        <line num="24" count="1" type="stmt"/>
        <line num="26" count="2" type="cond" truecount="3" falsecount="0"/>
        <line num="27" count="2" type="stmt"/>
        <line num="32" count="5" type="stmt"/>
        <line num="33" count="3" type="stmt"/>
        <line num="34" count="3" type="stmt"/>
        <line num="35" count="1" type="stmt"/>
        <line num="37" count="2" type="cond" truecount="3" falsecount="0"/>
        <line num="38" count="2" type="stmt"/>
        <line num="43" count="5" type="stmt"/>
        <line num="44" count="4" type="stmt"/>
        <line num="45" count="4" type="cond" truecount="2" falsecount="0"/>
        <line num="46" count="1" type="stmt"/>
        <line num="48" count="3" type="stmt"/>
        <line num="49" count="1" type="stmt"/>
        <line num="51" count="3" type="cond" truecount="3" falsecount="0"/>
        <line num="52" count="3" type="stmt"/>
        <line num="57" count="5" type="stmt"/>
        <line num="58" count="5" type="stmt"/>
        <line num="59" count="5" type="cond" truecount="4" falsecount="0"/>
        <line num="60" count="2" type="stmt"/>
        <line num="62" count="3" type="stmt"/>
        <line num="66" count="1" type="stmt"/>
        <line num="68" count="4" type="cond" truecount="3" falsecount="0"/>
        <line num="69" count="4" type="stmt"/>
        <line num="74" count="5" type="stmt"/>
        <line num="75" count="5" type="stmt"/>
        <line num="76" count="5" type="cond" truecount="4" falsecount="0"/>
        <line num="77" count="2" type="stmt"/>
        <line num="79" count="3" type="stmt"/>
        <line num="83" count="1" type="stmt"/>
        <line num="85" count="4" type="cond" truecount="3" falsecount="0"/>
        <line num="86" count="4" type="stmt"/>
        <line num="91" count="5" type="stmt"/>
        <line num="92" count="4" type="stmt"/>
        <line num="93" count="4" type="cond" truecount="2" falsecount="0"/>
        <line num="94" count="1" type="stmt"/>
        <line num="96" count="3" type="stmt"/>
        <line num="99" count="1" type="stmt"/>
        <line num="101" count="3" type="cond" truecount="3" falsecount="0"/>
        <line num="102" count="3" type="stmt"/>
      </file>
      <file name="followerService.js" path="/home/shikhar/Sem 2/SPE/SPE Main Project/FMP-68/frontend/src/services/followerService.js">
        <metrics statements="16" coveredstatements="16" conditionals="12" coveredconditionals="12" methods="2" coveredmethods="2"/>
        <line num="4" count="2" type="stmt"/>
        <line num="5" count="6" type="stmt"/>
        <line num="6" count="6" type="cond" truecount="2" falsecount="0"/>
        <line num="7" count="1" type="stmt"/>
        <line num="9" count="5" type="stmt"/>
        <line num="10" count="2" type="stmt"/>
        <line num="12" count="4" type="cond" truecount="3" falsecount="0"/>
        <line num="13" count="4" type="stmt"/>
        <line num="18" count="2" type="stmt"/>
        <line num="19" count="6" type="stmt"/>
        <line num="20" count="6" type="cond" truecount="4" falsecount="0"/>
        <line num="21" count="2" type="stmt"/>
        <line num="23" count="4" type="stmt"/>
        <line num="24" count="1" type="stmt"/>
        <line num="26" count="5" type="cond" truecount="3" falsecount="0"/>
        <line num="27" count="5" type="stmt"/>
      </file>
      <file name="gpsService.js" path="/home/shikhar/Sem 2/SPE/SPE Main Project/FMP-68/frontend/src/services/gpsService.js">
        <metrics statements="57" coveredstatements="57" conditionals="17" coveredconditionals="16" methods="15" coveredmethods="15"/>
        <line num="6" count="2" type="stmt"/>
        <line num="11" count="2" type="stmt"/>
        <line num="12" count="15" type="stmt"/>
        <line num="18" count="2" type="stmt"/>
        <line num="19" count="4" type="stmt"/>
        <line num="20" count="4" type="cond" truecount="2" falsecount="0"/>
        <line num="21" count="1" type="stmt"/>
        <line num="22" count="1" type="stmt"/>
        <line num="25" count="3" type="stmt"/>
        <line num="27" count="2" type="stmt"/>
        <line num="35" count="1" type="stmt"/>
        <line num="53" count="2" type="cond" truecount="1" falsecount="0"/>
        <line num="54" count="9" type="cond" truecount="2" falsecount="0"/>
        <line num="55" count="1" type="stmt"/>
        <line num="56" count="1" type="stmt"/>
        <line num="60" count="8" type="stmt"/>
        <line num="62" count="8" type="stmt"/>
        <line num="64" count="8" type="stmt"/>
        <line num="66" count="4" type="stmt"/>
        <line num="68" count="4" type="cond" truecount="2" falsecount="0"/>
        <line num="69" count="3" type="stmt"/>
        <line num="71" count="3" type="stmt"/>
        <line num="78" count="3" type="stmt"/>
        <line num="81" count="1" type="stmt"/>
        <line num="82" count="1" type="cond" truecount="1" falsecount="1"/>
        <line num="91" count="8" type="stmt"/>
        <line num="97" count="2" type="stmt"/>
        <line num="98" count="12" type="cond" truecount="2" falsecount="0"/>
        <line num="99" count="8" type="stmt"/>
        <line num="100" count="8" type="stmt"/>
        <line num="107" count="2" type="stmt"/>
        <line num="108" count="7" type="stmt"/>
        <line num="109" count="7" type="stmt"/>
        <line num="110" count="7" type="stmt"/>
        <line num="111" count="7" type="stmt"/>
        <line num="112" count="7" type="stmt"/>
        <line num="115" count="7" type="stmt"/>
        <line num="117" count="7" type="stmt"/>
        <line num="119" count="7" type="stmt"/>
        <line num="125" count="2" type="stmt"/>
        <line num="126" count="3" type="stmt"/>
        <line num="127" count="3" type="stmt"/>
        <line num="128" count="2" type="stmt"/>
        <line num="130" count="3" type="stmt"/>
        <line num="136" count="2" type="stmt"/>
        <line num="137" count="6" type="cond" truecount="2" falsecount="0"/>
        <line num="138" count="3" type="stmt"/>
        <line num="140" count="3" type="stmt"/>
        <line num="146" count="2" type="stmt"/>
        <line num="147" count="9" type="stmt"/>
        <line num="148" count="9" type="stmt"/>
        <line num="149" count="9" type="stmt"/>
        <line num="151" count="9" type="cond" truecount="2" falsecount="0"/>
        <line num="152" count="3" type="stmt"/>
        <line num="154" count="6" type="cond" truecount="2" falsecount="0"/>
        <line num="155" count="3" type="stmt"/>
        <line num="157" count="3" type="stmt"/>
      </file>
      <file name="socketService.js" path="/home/shikhar/Sem 2/SPE/SPE Main Project/FMP-68/frontend/src/services/socketService.js">
        <metrics statements="82" coveredstatements="82" conditionals="12" coveredconditionals="10" methods="39" coveredmethods="39"/>
        <line num="3" count="10" type="cond" truecount="1" falsecount="1"/>
        <line num="5" count="10" type="stmt"/>
        <line num="10" count="10" type="stmt"/>
        <line num="11" count="11" type="cond" truecount="4" falsecount="0"/>
        <line num="12" count="1" type="stmt"/>
        <line num="15" count="10" type="stmt"/>
        <line num="21" count="10" type="stmt"/>
        <line num="22" count="1" type="stmt"/>
        <line num="25" count="10" type="stmt"/>
        <line num="26" count="1" type="stmt"/>
        <line num="29" count="10" type="stmt"/>
        <line num="30" count="1" type="stmt"/>
        <line num="33" count="10" type="stmt"/>
        <line num="39" count="10" type="stmt"/>
        <line num="40" count="16" type="cond" truecount="4" falsecount="0"/>
        <line num="41" count="5" type="stmt"/>
        <line num="43" count="11" type="stmt"/>
        <line num="49" count="10" type="stmt"/>
        <line num="50" count="1" type="cond" truecount="1" falsecount="1"/>
        <line num="51" count="1" type="stmt"/>
        <line num="52" count="1" type="stmt"/>
        <line num="59" count="10" type="stmt"/>
        <line num="60" count="1" type="stmt"/>
        <line num="61" count="1" type="stmt"/>
        <line num="62" count="1" type="stmt"/>
        <line num="63" count="1" type="stmt"/>
        <line num="71" count="10" type="stmt"/>
        <line num="72" count="1" type="stmt"/>
        <line num="73" count="1" type="stmt"/>
        <line num="79" count="10" type="stmt"/>
        <line num="80" count="1" type="stmt"/>
        <line num="81" count="1" type="stmt"/>
        <line num="82" count="1" type="stmt"/>
        <line num="83" count="1" type="stmt"/>
        <line num="91" count="10" type="stmt"/>
        <line num="92" count="1" type="stmt"/>
        <line num="93" count="1" type="stmt"/>
        <line num="94" count="1" type="stmt"/>
        <line num="95" count="1" type="stmt"/>
        <line num="103" count="10" type="stmt"/>
        <line num="104" count="1" type="stmt"/>
        <line num="105" count="1" type="stmt"/>
        <line num="106" count="1" type="stmt"/>
        <line num="107" count="1" type="stmt"/>
        <line num="115" count="10" type="stmt"/>
        <line num="116" count="1" type="stmt"/>
        <line num="117" count="1" type="stmt"/>
        <line num="118" count="1" type="stmt"/>
        <line num="119" count="1" type="stmt"/>
        <line num="127" count="10" type="stmt"/>
        <line num="128" count="1" type="stmt"/>
        <line num="129" count="1" type="stmt"/>
        <line num="130" count="1" type="stmt"/>
        <line num="131" count="1" type="stmt"/>
        <line num="139" count="10" type="stmt"/>
        <line num="140" count="1" type="stmt"/>
        <line num="141" count="1" type="stmt"/>
        <line num="142" count="1" type="stmt"/>
        <line num="148" count="10" type="stmt"/>
        <line num="149" count="1" type="stmt"/>
        <line num="150" count="1" type="stmt"/>
        <line num="151" count="1" type="stmt"/>
        <line num="154" count="10" type="stmt"/>
        <line num="155" count="1" type="stmt"/>
        <line num="156" count="1" type="stmt"/>
        <line num="157" count="1" type="stmt"/>
        <line num="160" count="10" type="stmt"/>
        <line num="161" count="1" type="stmt"/>
        <line num="162" count="1" type="stmt"/>
        <line num="163" count="1" type="stmt"/>
        <line num="166" count="10" type="stmt"/>
        <line num="167" count="1" type="stmt"/>
        <line num="168" count="1" type="stmt"/>
        <line num="169" count="1" type="stmt"/>
        <line num="172" count="10" type="stmt"/>
        <line num="173" count="1" type="stmt"/>
        <line num="174" count="1" type="stmt"/>
        <line num="175" count="1" type="stmt"/>
        <line num="178" count="10" type="stmt"/>
        <line num="179" count="1" type="stmt"/>
        <line num="180" count="1" type="stmt"/>
        <line num="181" count="1" type="stmt"/>
      </file>
    </package>
  </project>
</coverage>
