{"/home/shikhar/Sem 2/SPE/SPE Main Project/FMP-68/frontend/src/App.js": {"path":"/home/shikhar/Sem 2/SPE/SPE Main Project/FMP-68/frontend/src/App.js","statementMap":{"0":{"start":{"line":13,"column":28},"end":{"line":13,"column":37}},"1":{"start":{"line":14,"column":2},"end":{"line":20,"column":3}},"2":{"start":{"line":15,"column":4},"end":{"line":19,"column":6}},"3":{"start":{"line":21,"column":2},"end":{"line":21,"column":60}},"4":{"start":{"line":25,"column":28},"end":{"line":25,"column":37}},"5":{"start":{"line":26,"column":23},"end":{"line":26,"column":33}},"6":{"start":{"line":29,"column":2},"end":{"line":31,"column":17}},"7":{"start":{"line":30,"column":4},"end":{"line":30,"column":32}},"8":{"start":{"line":33,"column":2},"end":{"line":41,"column":3}},"9":{"start":{"line":34,"column":4},"end":{"line":40,"column":6}},"10":{"start":{"line":43,"column":2},"end":{"line":79,"column":4}}},"fnMap":{"0":{"name":"PrivateRoute","decl":{"start":{"line":12,"column":16},"end":{"line":12,"column":28}},"loc":{"start":{"line":12,"column":43},"end":{"line":22,"column":1}},"line":12},"1":{"name":"App","decl":{"start":{"line":24,"column":24},"end":{"line":24,"column":27}},"loc":{"start":{"line":24,"column":30},"end":{"line":80,"column":1}},"line":24},"2":{"name":"(anonymous_2)","decl":{"start":{"line":29,"column":18},"end":{"line":29,"column":19}},"loc":{"start":{"line":29,"column":24},"end":{"line":31,"column":3}},"line":29}},"branchMap":{"0":{"loc":{"start":{"line":14,"column":2},"end":{"line":20,"column":3}},"type":"if","locations":[{"start":{"line":14,"column":2},"end":{"line":20,"column":3}},{"start":{},"end":{}}],"line":14},"1":{"loc":{"start":{"line":21,"column":9},"end":{"line":21,"column":59}},"type":"cond-expr","locations":[{"start":{"line":21,"column":16},"end":{"line":21,"column":24}},{"start":{"line":21,"column":27},"end":{"line":21,"column":59}}],"line":21},"2":{"loc":{"start":{"line":33,"column":2},"end":{"line":41,"column":3}},"type":"if","locations":[{"start":{"line":33,"column":2},"end":{"line":41,"column":3}},{"start":{},"end":{}}],"line":33},"3":{"loc":{"start":{"line":49,"column":19},"end":{"line":49,"column":69}},"type":"cond-expr","locations":[{"start":{"line":49,"column":26},"end":{"line":49,"column":53}},{"start":{"line":49,"column":56},"end":{"line":49,"column":69}}],"line":49}},"s":{"0":0,"1":0,"2":0,"3":0,"4":0,"5":0,"6":0,"7":0,"8":0,"9":0,"10":0},"f":{"0":0,"1":0,"2":0},"b":{"0":[0,0],"1":[0,0],"2":[0,0],"3":[0,0]}}
,"/home/shikhar/Sem 2/SPE/SPE Main Project/FMP-68/frontend/src/components/FollowRequestsPanel.js": {"path":"/home/shikhar/Sem 2/SPE/SPE Main Project/FMP-68/frontend/src/components/FollowRequestsPanel.js","statementMap":{"0":{"start":{"line":10,"column":28},"end":{"line":153,"column":1}},"1":{"start":{"line":11,"column":48},"end":{"line":11,"column":60}},"2":{"start":{"line":12,"column":32},"end":{"line":12,"column":47}},"3":{"start":{"line":13,"column":28},"end":{"line":13,"column":42}},"4":{"start":{"line":14,"column":42},"end":{"line":14,"column":56}},"5":{"start":{"line":15,"column":21},"end":{"line":15,"column":33}},"6":{"start":{"line":18,"column":31},"end":{"line":30,"column":3}},"7":{"start":{"line":19,"column":4},"end":{"line":19,"column":21}},"8":{"start":{"line":20,"column":4},"end":{"line":20,"column":19}},"9":{"start":{"line":21,"column":4},"end":{"line":29,"column":5}},"10":{"start":{"line":22,"column":23},"end":{"line":22,"column":55}},"11":{"start":{"line":23,"column":6},"end":{"line":23,"column":35}},"12":{"start":{"line":25,"column":6},"end":{"line":25,"column":31}},"13":{"start":{"line":26,"column":6},"end":{"line":26,"column":53}},"14":{"start":{"line":28,"column":6},"end":{"line":28,"column":24}},"15":{"start":{"line":33,"column":2},"end":{"line":48,"column":18}},"16":{"start":{"line":34,"column":4},"end":{"line":34,"column":27}},"17":{"start":{"line":37,"column":4},"end":{"line":41,"column":43}},"18":{"start":{"line":38,"column":6},"end":{"line":40,"column":62}},"19":{"start":{"line":39,"column":28},"end":{"line":39,"column":56}},"20":{"start":{"line":40,"column":24},"end":{"line":40,"column":60}},"21":{"start":{"line":43,"column":4},"end":{"line":47,"column":6}},"22":{"start":{"line":44,"column":6},"end":{"line":46,"column":7}},"23":{"start":{"line":45,"column":8},"end":{"line":45,"column":42}},"24":{"start":{"line":50,"column":24},"end":{"line":71,"column":3}},"25":{"start":{"line":51,"column":4},"end":{"line":51,"column":43}},"26":{"start":{"line":52,"column":4},"end":{"line":70,"column":5}},"27":{"start":{"line":53,"column":6},"end":{"line":53,"column":49}},"28":{"start":{"line":55,"column":6},"end":{"line":57,"column":8}},"29":{"start":{"line":56,"column":40},"end":{"line":56,"column":93}},"30":{"start":{"line":59,"column":6},"end":{"line":61,"column":7}},"31":{"start":{"line":60,"column":8},"end":{"line":60,"column":66}},"32":{"start":{"line":63,"column":6},"end":{"line":63,"column":31}},"33":{"start":{"line":64,"column":6},"end":{"line":66,"column":7}},"34":{"start":{"line":65,"column":8},"end":{"line":65,"column":63}},"35":{"start":{"line":67,"column":6},"end":{"line":67,"column":53}},"36":{"start":{"line":69,"column":6},"end":{"line":69,"column":28}},"37":{"start":{"line":73,"column":23},"end":{"line":94,"column":3}},"38":{"start":{"line":74,"column":4},"end":{"line":74,"column":43}},"39":{"start":{"line":75,"column":4},"end":{"line":93,"column":5}},"40":{"start":{"line":76,"column":6},"end":{"line":76,"column":48}},"41":{"start":{"line":78,"column":6},"end":{"line":80,"column":8}},"42":{"start":{"line":79,"column":40},"end":{"line":79,"column":93}},"43":{"start":{"line":82,"column":6},"end":{"line":84,"column":7}},"44":{"start":{"line":83,"column":8},"end":{"line":83,"column":65}},"45":{"start":{"line":86,"column":6},"end":{"line":86,"column":31}},"46":{"start":{"line":87,"column":6},"end":{"line":89,"column":7}},"47":{"start":{"line":88,"column":8},"end":{"line":88,"column":62}},"48":{"start":{"line":90,"column":6},"end":{"line":90,"column":53}},"49":{"start":{"line":92,"column":6},"end":{"line":92,"column":28}},"50":{"start":{"line":96,"column":2},"end":{"line":98,"column":3}},"51":{"start":{"line":97,"column":4},"end":{"line":97,"column":76}},"52":{"start":{"line":100,"column":2},"end":{"line":152,"column":4}},"53":{"start":{"line":111,"column":12},"end":{"line":147,"column":18}},"54":{"start":{"line":134,"column":33},"end":{"line":134,"column":82}},"55":{"start":{"line":141,"column":33},"end":{"line":141,"column":81}}},"fnMap":{"0":{"name":"(anonymous_0)","decl":{"start":{"line":10,"column":28},"end":{"line":10,"column":29}},"loc":{"start":{"line":10,"column":62},"end":{"line":153,"column":1}},"line":10},"1":{"name":"(anonymous_1)","decl":{"start":{"line":18,"column":31},"end":{"line":18,"column":32}},"loc":{"start":{"line":18,"column":43},"end":{"line":30,"column":3}},"line":18},"2":{"name":"(anonymous_2)","decl":{"start":{"line":33,"column":12},"end":{"line":33,"column":13}},"loc":{"start":{"line":33,"column":18},"end":{"line":48,"column":3}},"line":33},"3":{"name":"(anonymous_3)","decl":{"start":{"line":37,"column":37},"end":{"line":37,"column":38}},"loc":{"start":{"line":37,"column":43},"end":{"line":41,"column":5}},"line":37},"4":{"name":"(anonymous_4)","decl":{"start":{"line":39,"column":14},"end":{"line":39,"column":15}},"loc":{"start":{"line":39,"column":28},"end":{"line":39,"column":56}},"line":39},"5":{"name":"(anonymous_5)","decl":{"start":{"line":40,"column":15},"end":{"line":40,"column":16}},"loc":{"start":{"line":40,"column":24},"end":{"line":40,"column":60}},"line":40},"6":{"name":"(anonymous_6)","decl":{"start":{"line":43,"column":11},"end":{"line":43,"column":12}},"loc":{"start":{"line":43,"column":17},"end":{"line":47,"column":5}},"line":43},"7":{"name":"(anonymous_7)","decl":{"start":{"line":50,"column":24},"end":{"line":50,"column":25}},"loc":{"start":{"line":50,"column":50},"end":{"line":71,"column":3}},"line":50},"8":{"name":"(anonymous_8)","decl":{"start":{"line":56,"column":31},"end":{"line":56,"column":32}},"loc":{"start":{"line":56,"column":40},"end":{"line":56,"column":93}},"line":56},"9":{"name":"(anonymous_9)","decl":{"start":{"line":73,"column":23},"end":{"line":73,"column":24}},"loc":{"start":{"line":73,"column":49},"end":{"line":94,"column":3}},"line":73},"10":{"name":"(anonymous_10)","decl":{"start":{"line":79,"column":31},"end":{"line":79,"column":32}},"loc":{"start":{"line":79,"column":40},"end":{"line":79,"column":93}},"line":79},"11":{"name":"(anonymous_11)","decl":{"start":{"line":110,"column":31},"end":{"line":110,"column":32}},"loc":{"start":{"line":111,"column":12},"end":{"line":147,"column":18}},"line":111},"12":{"name":"(anonymous_12)","decl":{"start":{"line":134,"column":27},"end":{"line":134,"column":28}},"loc":{"start":{"line":134,"column":33},"end":{"line":134,"column":82}},"line":134},"13":{"name":"(anonymous_13)","decl":{"start":{"line":141,"column":27},"end":{"line":141,"column":28}},"loc":{"start":{"line":141,"column":33},"end":{"line":141,"column":81}},"line":141}},"branchMap":{"0":{"loc":{"start":{"line":44,"column":6},"end":{"line":46,"column":7}},"type":"if","locations":[{"start":{"line":44,"column":6},"end":{"line":46,"column":7}},{"start":{},"end":{}}],"line":44},"1":{"loc":{"start":{"line":56,"column":42},"end":{"line":56,"column":92}},"type":"binary-expr","locations":[{"start":{"line":56,"column":42},"end":{"line":56,"column":63}},{"start":{"line":56,"column":67},"end":{"line":56,"column":92}}],"line":56},"2":{"loc":{"start":{"line":59,"column":6},"end":{"line":61,"column":7}},"type":"if","locations":[{"start":{"line":59,"column":6},"end":{"line":61,"column":7}},{"start":{},"end":{}}],"line":59},"3":{"loc":{"start":{"line":64,"column":6},"end":{"line":66,"column":7}},"type":"if","locations":[{"start":{"line":64,"column":6},"end":{"line":66,"column":7}},{"start":{},"end":{}}],"line":64},"4":{"loc":{"start":{"line":79,"column":42},"end":{"line":79,"column":92}},"type":"binary-expr","locations":[{"start":{"line":79,"column":42},"end":{"line":79,"column":63}},{"start":{"line":79,"column":67},"end":{"line":79,"column":92}}],"line":79},"5":{"loc":{"start":{"line":82,"column":6},"end":{"line":84,"column":7}},"type":"if","locations":[{"start":{"line":82,"column":6},"end":{"line":84,"column":7}},{"start":{},"end":{}}],"line":82},"6":{"loc":{"start":{"line":87,"column":6},"end":{"line":89,"column":7}},"type":"if","locations":[{"start":{"line":87,"column":6},"end":{"line":89,"column":7}},{"start":{},"end":{}}],"line":87},"7":{"loc":{"start":{"line":96,"column":2},"end":{"line":98,"column":3}},"type":"if","locations":[{"start":{"line":96,"column":2},"end":{"line":98,"column":3}},{"start":{},"end":{}}],"line":96},"8":{"loc":{"start":{"line":96,"column":6},"end":{"line":96,"column":45}},"type":"binary-expr","locations":[{"start":{"line":96,"column":6},"end":{"line":96,"column":13}},{"start":{"line":96,"column":17},"end":{"line":96,"column":45}}],"line":96},"9":{"loc":{"start":{"line":104,"column":7},"end":{"line":104,"column":60}},"type":"binary-expr","locations":[{"start":{"line":104,"column":7},"end":{"line":104,"column":12}},{"start":{"line":104,"column":16},"end":{"line":104,"column":60}}],"line":104},"10":{"loc":{"start":{"line":106,"column":7},"end":{"line":150,"column":7}},"type":"cond-expr","locations":[{"start":{"line":107,"column":8},"end":{"line":107,"column":65}},{"start":{"line":109,"column":8},"end":{"line":149,"column":14}}],"line":106},"11":{"loc":{"start":{"line":114,"column":19},"end":{"line":120,"column":19}},"type":"binary-expr","locations":[{"start":{"line":114,"column":19},"end":{"line":114,"column":44}},{"start":{"line":115,"column":20},"end":{"line":119,"column":22}}],"line":114}},"s":{"0":0,"1":0,"2":0,"3":0,"4":0,"5":0,"6":0,"7":0,"8":0,"9":0,"10":0,"11":0,"12":0,"13":0,"14":0,"15":0,"16":0,"17":0,"18":0,"19":0,"20":0,"21":0,"22":0,"23":0,"24":0,"25":0,"26":0,"27":0,"28":0,"29":0,"30":0,"31":0,"32":0,"33":0,"34":0,"35":0,"36":0,"37":0,"38":0,"39":0,"40":0,"41":0,"42":0,"43":0,"44":0,"45":0,"46":0,"47":0,"48":0,"49":0,"50":0,"51":0,"52":0,"53":0,"54":0,"55":0},"f":{"0":0,"1":0,"2":0,"3":0,"4":0,"5":0,"6":0,"7":0,"8":0,"9":0,"10":0,"11":0,"12":0,"13":0},"b":{"0":[0,0],"1":[0,0],"2":[0,0],"3":[0,0],"4":[0,0],"5":[0,0],"6":[0,0],"7":[0,0],"8":[0,0],"9":[0,0],"10":[0,0],"11":[0,0]}}
,"/home/shikhar/Sem 2/SPE/SPE Main Project/FMP-68/frontend/src/components/FollowersList.js": {"path":"/home/shikhar/Sem 2/SPE/SPE Main Project/FMP-68/frontend/src/components/FollowersList.js","statementMap":{"0":{"start":{"line":4,"column":22},"end":{"line":127,"column":1}},"1":{"start":{"line":5,"column":38},"end":{"line":5,"column":52}},"2":{"start":{"line":6,"column":50},"end":{"line":6,"column":64}},"3":{"start":{"line":8,"column":28},"end":{"line":10,"column":3}},"4":{"start":{"line":9,"column":4},"end":{"line":9,"column":54}},"5":{"start":{"line":12,"column":24},"end":{"line":28,"column":3}},"6":{"start":{"line":13,"column":4},"end":{"line":13,"column":47}},"7":{"start":{"line":14,"column":4},"end":{"line":27,"column":5}},"8":{"start":{"line":15,"column":6},"end":{"line":15,"column":58}},"9":{"start":{"line":16,"column":6},"end":{"line":16,"column":32}},"10":{"start":{"line":17,"column":6},"end":{"line":19,"column":7}},"11":{"start":{"line":18,"column":8},"end":{"line":18,"column":71}},"12":{"start":{"line":21,"column":6},"end":{"line":21,"column":55}},"13":{"start":{"line":22,"column":6},"end":{"line":24,"column":7}},"14":{"start":{"line":23,"column":8},"end":{"line":23,"column":81}},"15":{"start":{"line":26,"column":6},"end":{"line":26,"column":26}},"16":{"start":{"line":30,"column":23},"end":{"line":32,"column":3}},"17":{"start":{"line":31,"column":4},"end":{"line":31,"column":30}},"18":{"start":{"line":34,"column":2},"end":{"line":41,"column":3}},"19":{"start":{"line":35,"column":4},"end":{"line":40,"column":6}},"20":{"start":{"line":43,"column":2},"end":{"line":52,"column":3}},"21":{"start":{"line":44,"column":4},"end":{"line":51,"column":6}},"22":{"start":{"line":54,"column":2},"end":{"line":126,"column":4}},"23":{"start":{"line":58,"column":10},"end":{"line":90,"column":16}},"24":{"start":{"line":82,"column":33},"end":{"line":82,"column":78}},"25":{"start":{"line":97,"column":62},"end":{"line":97,"column":81}}},"fnMap":{"0":{"name":"(anonymous_0)","decl":{"start":{"line":4,"column":22},"end":{"line":4,"column":23}},"loc":{"start":{"line":4,"column":81},"end":{"line":127,"column":1}},"line":4},"1":{"name":"(anonymous_1)","decl":{"start":{"line":8,"column":28},"end":{"line":8,"column":29}},"loc":{"start":{"line":8,"column":58},"end":{"line":10,"column":3}},"line":8},"2":{"name":"(anonymous_2)","decl":{"start":{"line":12,"column":24},"end":{"line":12,"column":25}},"loc":{"start":{"line":12,"column":36},"end":{"line":28,"column":3}},"line":12},"3":{"name":"(anonymous_3)","decl":{"start":{"line":30,"column":23},"end":{"line":30,"column":24}},"loc":{"start":{"line":30,"column":29},"end":{"line":32,"column":3}},"line":30},"4":{"name":"(anonymous_4)","decl":{"start":{"line":57,"column":23},"end":{"line":57,"column":24}},"loc":{"start":{"line":58,"column":10},"end":{"line":90,"column":16}},"line":58},"5":{"name":"(anonymous_5)","decl":{"start":{"line":82,"column":27},"end":{"line":82,"column":28}},"loc":{"start":{"line":82,"column":33},"end":{"line":82,"column":78}},"line":82},"6":{"name":"(anonymous_6)","decl":{"start":{"line":97,"column":55},"end":{"line":97,"column":56}},"loc":{"start":{"line":97,"column":62},"end":{"line":97,"column":81}},"line":97}},"branchMap":{"0":{"loc":{"start":{"line":17,"column":6},"end":{"line":19,"column":7}},"type":"if","locations":[{"start":{"line":17,"column":6},"end":{"line":19,"column":7}},{"start":{},"end":{}}],"line":17},"1":{"loc":{"start":{"line":22,"column":6},"end":{"line":24,"column":7}},"type":"if","locations":[{"start":{"line":22,"column":6},"end":{"line":24,"column":7}},{"start":{},"end":{}}],"line":22},"2":{"loc":{"start":{"line":34,"column":2},"end":{"line":41,"column":3}},"type":"if","locations":[{"start":{"line":34,"column":2},"end":{"line":41,"column":3}},{"start":{},"end":{}}],"line":34},"3":{"loc":{"start":{"line":43,"column":2},"end":{"line":52,"column":3}},"type":"if","locations":[{"start":{"line":43,"column":2},"end":{"line":52,"column":3}},{"start":{},"end":{}}],"line":43},"4":{"loc":{"start":{"line":43,"column":6},"end":{"line":43,"column":42}},"type":"binary-expr","locations":[{"start":{"line":43,"column":6},"end":{"line":43,"column":16}},{"start":{"line":43,"column":20},"end":{"line":43,"column":42}}],"line":43},"5":{"loc":{"start":{"line":60,"column":15},"end":{"line":71,"column":15}},"type":"cond-expr","locations":[{"start":{"line":61,"column":16},"end":{"line":66,"column":18}},{"start":{"line":68,"column":16},"end":{"line":70,"column":22}}],"line":60},"6":{"loc":{"start":{"line":69,"column":19},"end":{"line":69,"column":59}},"type":"binary-expr","locations":[{"start":{"line":69,"column":19},"end":{"line":69,"column":52}},{"start":{"line":69,"column":56},"end":{"line":69,"column":59}}],"line":69},"7":{"loc":{"start":{"line":73,"column":47},"end":{"line":73,"column":78}},"type":"binary-expr","locations":[{"start":{"line":73,"column":47},"end":{"line":73,"column":60}},{"start":{"line":73,"column":64},"end":{"line":73,"column":78}}],"line":73},"8":{"loc":{"start":{"line":78,"column":13},"end":{"line":89,"column":13}},"type":"binary-expr","locations":[{"start":{"line":78,"column":13},"end":{"line":78,"column":24}},{"start":{"line":79,"column":14},"end":{"line":88,"column":20}}],"line":78},"9":{"loc":{"start":{"line":86,"column":19},"end":{"line":86,"column":66}},"type":"cond-expr","locations":[{"start":{"line":86,"column":48},"end":{"line":86,"column":53}},{"start":{"line":86,"column":56},"end":{"line":86,"column":66}}],"line":86},"10":{"loc":{"start":{"line":95,"column":7},"end":{"line":124,"column":7}},"type":"binary-expr","locations":[{"start":{"line":95,"column":7},"end":{"line":95,"column":23}},{"start":{"line":96,"column":8},"end":{"line":123,"column":14}}],"line":95},"11":{"loc":{"start":{"line":119,"column":17},"end":{"line":119,"column":46}},"type":"cond-expr","locations":[{"start":{"line":119,"column":30},"end":{"line":119,"column":35}},{"start":{"line":119,"column":38},"end":{"line":119,"column":46}}],"line":119}},"s":{"0":0,"1":0,"2":0,"3":0,"4":0,"5":0,"6":0,"7":0,"8":0,"9":0,"10":0,"11":0,"12":0,"13":0,"14":0,"15":0,"16":0,"17":0,"18":0,"19":0,"20":0,"21":0,"22":0,"23":0,"24":0,"25":0},"f":{"0":0,"1":0,"2":0,"3":0,"4":0,"5":0,"6":0},"b":{"0":[0,0],"1":[0,0],"2":[0,0],"3":[0,0],"4":[0,0],"5":[0,0],"6":[0,0],"7":[0,0],"8":[0,0],"9":[0,0],"10":[0,0],"11":[0,0]}}
,"/home/shikhar/Sem 2/SPE/SPE Main Project/FMP-68/frontend/src/components/MapView.js": {"path":"/home/shikhar/Sem 2/SPE/SPE Main Project/FMP-68/frontend/src/components/MapView.js","statementMap":{"0":{"start":{"line":15,"column":0},"end":{"line":15,"column":44}},"1":{"start":{"line":16,"column":0},"end":{"line":23,"column":3}},"2":{"start":{"line":26,"column":22},"end":{"line":38,"column":4}},"3":{"start":{"line":27,"column":2},"end":{"line":38,"column":4}},"4":{"start":{"line":40,"column":29},"end":{"line":40,"column":63}},"5":{"start":{"line":41,"column":29},"end":{"line":41,"column":63}},"6":{"start":{"line":42,"column":18},"end":{"line":53,"column":2}},"7":{"start":{"line":57,"column":14},"end":{"line":57,"column":22}},"8":{"start":{"line":58,"column":2},"end":{"line":65,"column":30}},"9":{"start":{"line":59,"column":4},"end":{"line":64,"column":5}},"10":{"start":{"line":60,"column":6},"end":{"line":63,"column":9}},"11":{"start":{"line":66,"column":2},"end":{"line":66,"column":14}},"12":{"start":{"line":71,"column":14},"end":{"line":71,"column":22}},"13":{"start":{"line":72,"column":17},"end":{"line":72,"column":30}},"14":{"start":{"line":74,"column":2},"end":{"line":80,"column":25}},"15":{"start":{"line":75,"column":4},"end":{"line":79,"column":5}},"16":{"start":{"line":76,"column":21},"end":{"line":76,"column":75}},"17":{"start":{"line":76,"column":59},"end":{"line":76,"column":73}},"18":{"start":{"line":77,"column":6},"end":{"line":77,"column":64}},"19":{"start":{"line":78,"column":6},"end":{"line":78,"column":28}},"20":{"start":{"line":82,"column":2},"end":{"line":82,"column":14}},"21":{"start":{"line":86,"column":23},"end":{"line":86,"column":67}},"22":{"start":{"line":89,"column":2},"end":{"line":89,"column":34}},"23":{"start":{"line":89,"column":22},"end":{"line":89,"column":34}},"24":{"start":{"line":91,"column":2},"end":{"line":104,"column":3}},"25":{"start":{"line":92,"column":4},"end":{"line":103,"column":6}},"26":{"start":{"line":106,"column":53},"end":{"line":106,"column":66}},"27":{"start":{"line":107,"column":21},"end":{"line":107,"column":49}},"28":{"start":{"line":108,"column":23},"end":{"line":108,"column":49}},"29":{"start":{"line":110,"column":4},"end":{"line":112,"column":52}},"30":{"start":{"line":114,"column":2},"end":{"line":146,"column":4}},"31":{"start":{"line":150,"column":16},"end":{"line":333,"column":1}},"32":{"start":{"line":161,"column":24},"end":{"line":163,"column":24}},"33":{"start":{"line":165,"column":22},"end":{"line":165,"column":46}},"34":{"start":{"line":167,"column":24},"end":{"line":167,"column":71}},"35":{"start":{"line":167,"column":56},"end":{"line":167,"column":70}},"36":{"start":{"line":168,"column":23},"end":{"line":168,"column":69}},"37":{"start":{"line":168,"column":54},"end":{"line":168,"column":68}},"38":{"start":{"line":171,"column":4},"end":{"line":173,"column":12}},"39":{"start":{"line":175,"column":4},"end":{"line":177,"column":12}},"40":{"start":{"line":180,"column":4},"end":{"line":182,"column":41}},"41":{"start":{"line":184,"column":17},"end":{"line":184,"column":43}},"42":{"start":{"line":186,"column":2},"end":{"line":332,"column":4}}},"fnMap":{"0":{"name":"(anonymous_0)","decl":{"start":{"line":26,"column":22},"end":{"line":26,"column":23}},"loc":{"start":{"line":27,"column":2},"end":{"line":38,"column":4}},"line":27},"1":{"name":"MapAutoCenter","decl":{"start":{"line":56,"column":9},"end":{"line":56,"column":22}},"loc":{"start":{"line":56,"column":45},"end":{"line":67,"column":1}},"line":56},"2":{"name":"(anonymous_2)","decl":{"start":{"line":58,"column":12},"end":{"line":58,"column":13}},"loc":{"start":{"line":58,"column":18},"end":{"line":65,"column":3}},"line":58},"3":{"name":"FitBounds","decl":{"start":{"line":70,"column":9},"end":{"line":70,"column":18}},"loc":{"start":{"line":70,"column":36},"end":{"line":83,"column":1}},"line":70},"4":{"name":"(anonymous_4)","decl":{"start":{"line":74,"column":12},"end":{"line":74,"column":13}},"loc":{"start":{"line":74,"column":18},"end":{"line":80,"column":3}},"line":74},"5":{"name":"(anonymous_5)","decl":{"start":{"line":76,"column":52},"end":{"line":76,"column":53}},"loc":{"start":{"line":76,"column":59},"end":{"line":76,"column":73}},"line":76},"6":{"name":"DirectionBanner","decl":{"start":{"line":88,"column":9},"end":{"line":88,"column":24}},"loc":{"start":{"line":88,"column":44},"end":{"line":147,"column":1}},"line":88},"7":{"name":"(anonymous_7)","decl":{"start":{"line":150,"column":16},"end":{"line":150,"column":17}},"loc":{"start":{"line":160,"column":6},"end":{"line":333,"column":1}},"line":160},"8":{"name":"(anonymous_8)","decl":{"start":{"line":167,"column":49},"end":{"line":167,"column":50}},"loc":{"start":{"line":167,"column":56},"end":{"line":167,"column":70}},"line":167},"9":{"name":"(anonymous_9)","decl":{"start":{"line":168,"column":47},"end":{"line":168,"column":48}},"loc":{"start":{"line":168,"column":54},"end":{"line":168,"column":68}},"line":168}},"branchMap":{"0":{"loc":{"start":{"line":26,"column":30},"end":{"line":26,"column":39}},"type":"default-arg","locations":[{"start":{"line":26,"column":37},"end":{"line":26,"column":39}}],"line":26},"1":{"loc":{"start":{"line":26,"column":41},"end":{"line":26,"column":53}},"type":"default-arg","locations":[{"start":{"line":26,"column":48},"end":{"line":26,"column":53}}],"line":26},"2":{"loc":{"start":{"line":34,"column":45},"end":{"line":34,"column":80}},"type":"cond-expr","locations":[{"start":{"line":34,"column":52},"end":{"line":34,"column":75}},{"start":{"line":34,"column":78},"end":{"line":34,"column":80}}],"line":34},"3":{"loc":{"start":{"line":59,"column":4},"end":{"line":64,"column":5}},"type":"if","locations":[{"start":{"line":59,"column":4},"end":{"line":64,"column":5}},{"start":{},"end":{}}],"line":59},"4":{"loc":{"start":{"line":59,"column":8},"end":{"line":59,"column":26}},"type":"binary-expr","locations":[{"start":{"line":59,"column":8},"end":{"line":59,"column":16}},{"start":{"line":59,"column":20},"end":{"line":59,"column":26}}],"line":59},"5":{"loc":{"start":{"line":75,"column":4},"end":{"line":79,"column":5}},"type":"if","locations":[{"start":{"line":75,"column":4},"end":{"line":79,"column":5}},{"start":{},"end":{}}],"line":75},"6":{"loc":{"start":{"line":75,"column":8},"end":{"line":75,"column":49}},"type":"binary-expr","locations":[{"start":{"line":75,"column":8},"end":{"line":75,"column":30}},{"start":{"line":75,"column":34},"end":{"line":75,"column":49}}],"line":75},"7":{"loc":{"start":{"line":89,"column":2},"end":{"line":89,"column":34}},"type":"if","locations":[{"start":{"line":89,"column":2},"end":{"line":89,"column":34}},{"start":{},"end":{}}],"line":89},"8":{"loc":{"start":{"line":91,"column":2},"end":{"line":104,"column":3}},"type":"if","locations":[{"start":{"line":91,"column":2},"end":{"line":104,"column":3}},{"start":{},"end":{}}],"line":91},"9":{"loc":{"start":{"line":110,"column":4},"end":{"line":112,"column":52}},"type":"cond-expr","locations":[{"start":{"line":111,"column":8},"end":{"line":111,"column":43}},{"start":{"line":112,"column":8},"end":{"line":112,"column":52}}],"line":110},"10":{"loc":{"start":{"line":151,"column":2},"end":{"line":151,"column":27}},"type":"default-arg","locations":[{"start":{"line":151,"column":25},"end":{"line":151,"column":27}}],"line":151},"11":{"loc":{"start":{"line":152,"column":2},"end":{"line":152,"column":26}},"type":"default-arg","locations":[{"start":{"line":152,"column":24},"end":{"line":152,"column":26}}],"line":152},"12":{"loc":{"start":{"line":153,"column":2},"end":{"line":153,"column":24}},"type":"default-arg","locations":[{"start":{"line":153,"column":20},"end":{"line":153,"column":24}}],"line":153},"13":{"loc":{"start":{"line":154,"column":2},"end":{"line":154,"column":20}},"type":"default-arg","locations":[{"start":{"line":154,"column":9},"end":{"line":154,"column":20}}],"line":154},"14":{"loc":{"start":{"line":155,"column":2},"end":{"line":155,"column":19}},"type":"default-arg","locations":[{"start":{"line":155,"column":15},"end":{"line":155,"column":19}}],"line":155},"15":{"loc":{"start":{"line":156,"column":2},"end":{"line":156,"column":21}},"type":"default-arg","locations":[{"start":{"line":156,"column":15},"end":{"line":156,"column":21}}],"line":156},"16":{"loc":{"start":{"line":157,"column":2},"end":{"line":157,"column":29}},"type":"default-arg","locations":[{"start":{"line":157,"column":18},"end":{"line":157,"column":29}}],"line":157},"17":{"loc":{"start":{"line":158,"column":2},"end":{"line":158,"column":22}},"type":"default-arg","locations":[{"start":{"line":158,"column":17},"end":{"line":158,"column":22}}],"line":158},"18":{"loc":{"start":{"line":159,"column":2},"end":{"line":159,"column":22}},"type":"default-arg","locations":[{"start":{"line":159,"column":18},"end":{"line":159,"column":22}}],"line":159},"19":{"loc":{"start":{"line":161,"column":24},"end":{"line":163,"column":24}},"type":"cond-expr","locations":[{"start":{"line":162,"column":6},"end":{"line":162,"column":48}},{"start":{"line":163,"column":6},"end":{"line":163,"column":24}}],"line":161},"20":{"loc":{"start":{"line":165,"column":22},"end":{"line":165,"column":46}},"type":"cond-expr","locations":[{"start":{"line":165,"column":40},"end":{"line":165,"column":42}},{"start":{"line":165,"column":45},"end":{"line":165,"column":46}}],"line":165},"21":{"loc":{"start":{"line":171,"column":4},"end":{"line":173,"column":12}},"type":"cond-expr","locations":[{"start":{"line":172,"column":8},"end":{"line":172,"column":61}},{"start":{"line":173,"column":8},"end":{"line":173,"column":12}}],"line":171},"22":{"loc":{"start":{"line":175,"column":4},"end":{"line":177,"column":12}},"type":"cond-expr","locations":[{"start":{"line":176,"column":8},"end":{"line":176,"column":59}},{"start":{"line":177,"column":8},"end":{"line":177,"column":12}}],"line":175},"23":{"loc":{"start":{"line":180,"column":4},"end":{"line":182,"column":41}},"type":"cond-expr","locations":[{"start":{"line":181,"column":8},"end":{"line":181,"column":23}},{"start":{"line":182,"column":8},"end":{"line":182,"column":41}}],"line":180},"24":{"loc":{"start":{"line":182,"column":8},"end":{"line":182,"column":41}},"type":"binary-expr","locations":[{"start":{"line":182,"column":8},"end":{"line":182,"column":22}},{"start":{"line":182,"column":26},"end":{"line":182,"column":41}}],"line":182},"25":{"loc":{"start":{"line":202,"column":9},"end":{"line":204,"column":9}},"type":"binary-expr","locations":[{"start":{"line":202,"column":9},"end":{"line":202,"column":40}},{"start":{"line":203,"column":10},"end":{"line":203,"column":58}}],"line":202},"26":{"loc":{"start":{"line":207,"column":9},"end":{"line":218,"column":9}},"type":"binary-expr","locations":[{"start":{"line":207,"column":9},"end":{"line":207,"column":33}},{"start":{"line":208,"column":10},"end":{"line":217,"column":12}}],"line":207},"27":{"loc":{"start":{"line":221,"column":9},"end":{"line":232,"column":9}},"type":"binary-expr","locations":[{"start":{"line":221,"column":9},"end":{"line":221,"column":32}},{"start":{"line":222,"column":10},"end":{"line":231,"column":12}}],"line":221},"28":{"loc":{"start":{"line":235,"column":9},"end":{"line":245,"column":9}},"type":"binary-expr","locations":[{"start":{"line":235,"column":9},"end":{"line":235,"column":40}},{"start":{"line":236,"column":10},"end":{"line":244,"column":19}}],"line":235},"29":{"loc":{"start":{"line":248,"column":9},"end":{"line":277,"column":9}},"type":"binary-expr","locations":[{"start":{"line":248,"column":9},"end":{"line":248,"column":24}},{"start":{"line":249,"column":10},"end":{"line":276,"column":13}}],"line":248},"30":{"loc":{"start":{"line":251,"column":13},"end":{"line":263,"column":13}},"type":"binary-expr","locations":[{"start":{"line":251,"column":13},"end":{"line":251,"column":19}},{"start":{"line":252,"column":14},"end":{"line":262,"column":16}}],"line":251},"31":{"loc":{"start":{"line":271,"column":17},"end":{"line":271,"column":65}},"type":"binary-expr","locations":[{"start":{"line":271,"column":17},"end":{"line":271,"column":43}},{"start":{"line":271,"column":47},"end":{"line":271,"column":65}}],"line":271},"32":{"loc":{"start":{"line":272,"column":17},"end":{"line":272,"column":55}},"type":"binary-expr","locations":[{"start":{"line":272,"column":17},"end":{"line":272,"column":40}},{"start":{"line":272,"column":44},"end":{"line":272,"column":55}}],"line":272},"33":{"loc":{"start":{"line":273,"column":17},"end":{"line":273,"column":53}},"type":"binary-expr","locations":[{"start":{"line":273,"column":17},"end":{"line":273,"column":39}},{"start":{"line":273,"column":43},"end":{"line":273,"column":53}}],"line":273},"34":{"loc":{"start":{"line":280,"column":9},"end":{"line":306,"column":9}},"type":"binary-expr","locations":[{"start":{"line":280,"column":9},"end":{"line":280,"column":23}},{"start":{"line":281,"column":10},"end":{"line":305,"column":13}}],"line":280},"35":{"loc":{"start":{"line":282,"column":13},"end":{"line":294,"column":13}},"type":"binary-expr","locations":[{"start":{"line":282,"column":13},"end":{"line":282,"column":19}},{"start":{"line":283,"column":14},"end":{"line":293,"column":16}}],"line":282},"36":{"loc":{"start":{"line":318,"column":9},"end":{"line":325,"column":9}},"type":"binary-expr","locations":[{"start":{"line":318,"column":9},"end":{"line":318,"column":32}},{"start":{"line":319,"column":10},"end":{"line":324,"column":16}}],"line":318},"37":{"loc":{"start":{"line":322,"column":15},"end":{"line":322,"column":75}},"type":"cond-expr","locations":[{"start":{"line":322,"column":37},"end":{"line":322,"column":48}},{"start":{"line":322,"column":51},"end":{"line":322,"column":75}}],"line":322}},"s":{"0":0,"1":0,"2":0,"3":0,"4":0,"5":0,"6":0,"7":0,"8":0,"9":0,"10":0,"11":0,"12":0,"13":0,"14":0,"15":0,"16":0,"17":0,"18":0,"19":0,"20":0,"21":0,"22":0,"23":0,"24":0,"25":0,"26":0,"27":0,"28":0,"29":0,"30":0,"31":0,"32":0,"33":0,"34":0,"35":0,"36":0,"37":0,"38":0,"39":0,"40":0,"41":0,"42":0},"f":{"0":0,"1":0,"2":0,"3":0,"4":0,"5":0,"6":0,"7":0,"8":0,"9":0},"b":{"0":[0],"1":[0],"2":[0,0],"3":[0,0],"4":[0,0],"5":[0,0],"6":[0,0],"7":[0,0],"8":[0,0],"9":[0,0],"10":[0],"11":[0],"12":[0],"13":[0],"14":[0],"15":[0],"16":[0],"17":[0],"18":[0],"19":[0,0],"20":[0,0],"21":[0,0],"22":[0,0],"23":[0,0],"24":[0,0],"25":[0,0],"26":[0,0],"27":[0,0],"28":[0,0],"29":[0,0],"30":[0,0],"31":[0,0],"32":[0,0],"33":[0,0],"34":[0,0],"35":[0,0],"36":[0,0],"37":[0,0]}}
,"/home/shikhar/Sem 2/SPE/SPE Main Project/FMP-68/frontend/src/components/Navbar.js": {"path":"/home/shikhar/Sem 2/SPE/SPE Main Project/FMP-68/frontend/src/components/Navbar.js","statementMap":{"0":{"start":{"line":6,"column":28},"end":{"line":6,"column":37}},"1":{"start":{"line":7,"column":33},"end":{"line":7,"column":43}},"2":{"start":{"line":9,"column":2},"end":{"line":45,"column":4}}},"fnMap":{"0":{"name":"Navbar","decl":{"start":{"line":5,"column":24},"end":{"line":5,"column":30}},"loc":{"start":{"line":5,"column":33},"end":{"line":46,"column":1}},"line":5}},"branchMap":{"0":{"loc":{"start":{"line":13,"column":7},"end":{"line":43,"column":7}},"type":"binary-expr","locations":[{"start":{"line":13,"column":7},"end":{"line":13,"column":11}},{"start":{"line":14,"column":8},"end":{"line":42,"column":14}}],"line":13},"1":{"loc":{"start":{"line":18,"column":32},"end":{"line":18,"column":67}},"type":"cond-expr","locations":[{"start":{"line":18,"column":51},"end":{"line":18,"column":58}},{"start":{"line":18,"column":61},"end":{"line":18,"column":67}}],"line":18},"2":{"loc":{"start":{"line":20,"column":13},"end":{"line":20,"column":43}},"type":"cond-expr","locations":[{"start":{"line":20,"column":32},"end":{"line":20,"column":36}},{"start":{"line":20,"column":39},"end":{"line":20,"column":43}}],"line":20},"3":{"loc":{"start":{"line":23,"column":13},"end":{"line":30,"column":13}},"type":"binary-expr","locations":[{"start":{"line":23,"column":13},"end":{"line":23,"column":25}},{"start":{"line":24,"column":14},"end":{"line":29,"column":16}}],"line":23}},"s":{"0":0,"1":0,"2":0},"f":{"0":0},"b":{"0":[0,0],"1":[0,0],"2":[0,0],"3":[0,0]}}
,"/home/shikhar/Sem 2/SPE/SPE Main Project/FMP-68/frontend/src/components/PathCard.js": {"path":"/home/shikhar/Sem 2/SPE/SPE Main Project/FMP-68/frontend/src/components/PathCard.js","statementMap":{"0":{"start":{"line":9,"column":19},"end":{"line":9,"column":32}},"1":{"start":{"line":10,"column":32},"end":{"line":10,"column":47}},"2":{"start":{"line":11,"column":38},"end":{"line":11,"column":53}},"3":{"start":{"line":12,"column":46},"end":{"line":12,"column":60}},"4":{"start":{"line":13,"column":58},"end":{"line":13,"column":69}},"5":{"start":{"line":14,"column":52},"end":{"line":14,"column":67}},"6":{"start":{"line":15,"column":21},"end":{"line":15,"column":33}},"7":{"start":{"line":16,"column":22},"end":{"line":16,"column":58}},"8":{"start":{"line":19,"column":2},"end":{"line":47,"column":29}},"9":{"start":{"line":20,"column":4},"end":{"line":22,"column":5}},"10":{"start":{"line":21,"column":6},"end":{"line":21,"column":13}},"11":{"start":{"line":24,"column":30},"end":{"line":31,"column":5}},"12":{"start":{"line":25,"column":6},"end":{"line":30,"column":7}},"13":{"start":{"line":26,"column":25},"end":{"line":26,"column":64}},"14":{"start":{"line":27,"column":8},"end":{"line":27,"column":55}},"15":{"start":{"line":29,"column":8},"end":{"line":29,"column":63}},"16":{"start":{"line":33,"column":4},"end":{"line":33,"column":24}},"17":{"start":{"line":36,"column":4},"end":{"line":40,"column":45}},"18":{"start":{"line":37,"column":6},"end":{"line":39,"column":62}},"19":{"start":{"line":38,"column":28},"end":{"line":38,"column":74}},"20":{"start":{"line":39,"column":24},"end":{"line":39,"column":60}},"21":{"start":{"line":42,"column":4},"end":{"line":46,"column":6}},"22":{"start":{"line":43,"column":6},"end":{"line":45,"column":7}},"23":{"start":{"line":44,"column":8},"end":{"line":44,"column":42}},"24":{"start":{"line":50,"column":2},"end":{"line":91,"column":73}},"25":{"start":{"line":51,"column":4},"end":{"line":54,"column":5}},"26":{"start":{"line":52,"column":6},"end":{"line":52,"column":31}},"27":{"start":{"line":53,"column":6},"end":{"line":53,"column":13}},"28":{"start":{"line":56,"column":25},"end":{"line":66,"column":5}},"29":{"start":{"line":57,"column":6},"end":{"line":65,"column":7}},"30":{"start":{"line":58,"column":29},"end":{"line":58,"column":58}},"31":{"start":{"line":59,"column":28},"end":{"line":59,"column":78}},"32":{"start":{"line":59,"column":55},"end":{"line":59,"column":77}},"33":{"start":{"line":60,"column":8},"end":{"line":60,"column":35}},"34":{"start":{"line":62,"column":8},"end":{"line":62,"column":61}},"35":{"start":{"line":64,"column":8},"end":{"line":64,"column":33}},"36":{"start":{"line":68,"column":4},"end":{"line":68,"column":19}},"37":{"start":{"line":71,"column":4},"end":{"line":84,"column":45}},"38":{"start":{"line":72,"column":6},"end":{"line":83,"column":62}},"39":{"start":{"line":74,"column":26},"end":{"line":74,"column":76}},"40":{"start":{"line":74,"column":53},"end":{"line":74,"column":75}},"41":{"start":{"line":75,"column":10},"end":{"line":81,"column":11}},"42":{"start":{"line":77,"column":12},"end":{"line":77,"column":33}},"43":{"start":{"line":78,"column":12},"end":{"line":78,"column":42}},"44":{"start":{"line":80,"column":12},"end":{"line":80,"column":37}},"45":{"start":{"line":83,"column":24},"end":{"line":83,"column":60}},"46":{"start":{"line":86,"column":4},"end":{"line":90,"column":6}},"47":{"start":{"line":87,"column":6},"end":{"line":89,"column":7}},"48":{"start":{"line":88,"column":8},"end":{"line":88,"column":42}},"49":{"start":{"line":93,"column":29},"end":{"line":122,"column":3}},"50":{"start":{"line":94,"column":4},"end":{"line":94,"column":21}},"51":{"start":{"line":95,"column":4},"end":{"line":121,"column":5}},"52":{"start":{"line":96,"column":6},"end":{"line":112,"column":7}},"53":{"start":{"line":97,"column":8},"end":{"line":97,"column":59}},"54":{"start":{"line":98,"column":8},"end":{"line":98,"column":39}},"55":{"start":{"line":99,"column":8},"end":{"line":101,"column":9}},"56":{"start":{"line":100,"column":10},"end":{"line":100,"column":59}},"57":{"start":{"line":104,"column":8},"end":{"line":104,"column":59}},"58":{"start":{"line":105,"column":8},"end":{"line":105,"column":28}},"59":{"start":{"line":106,"column":8},"end":{"line":108,"column":9}},"60":{"start":{"line":107,"column":10},"end":{"line":107,"column":33}},"61":{"start":{"line":109,"column":8},"end":{"line":111,"column":9}},"62":{"start":{"line":110,"column":10},"end":{"line":110,"column":86}},"63":{"start":{"line":114,"column":6},"end":{"line":114,"column":51}},"64":{"start":{"line":115,"column":6},"end":{"line":117,"column":7}},"65":{"start":{"line":116,"column":8},"end":{"line":116,"column":82}},"66":{"start":{"line":118,"column":6},"end":{"line":118,"column":60}},"67":{"start":{"line":120,"column":6},"end":{"line":120,"column":24}},"68":{"start":{"line":124,"column":30},"end":{"line":142,"column":3}},"69":{"start":{"line":125,"column":4},"end":{"line":125,"column":21}},"70":{"start":{"line":126,"column":4},"end":{"line":141,"column":5}},"71":{"start":{"line":127,"column":6},"end":{"line":127,"column":41}},"72":{"start":{"line":128,"column":6},"end":{"line":128,"column":27}},"73":{"start":{"line":129,"column":6},"end":{"line":129,"column":34}},"74":{"start":{"line":130,"column":6},"end":{"line":132,"column":7}},"75":{"start":{"line":131,"column":8},"end":{"line":131,"column":64}},"76":{"start":{"line":134,"column":6},"end":{"line":134,"column":54}},"77":{"start":{"line":135,"column":6},"end":{"line":137,"column":7}},"78":{"start":{"line":136,"column":8},"end":{"line":136,"column":77}},"79":{"start":{"line":138,"column":6},"end":{"line":138,"column":55}},"80":{"start":{"line":140,"column":6},"end":{"line":140,"column":24}},"81":{"start":{"line":144,"column":26},"end":{"line":146,"column":3}},"82":{"start":{"line":145,"column":4},"end":{"line":145,"column":33}},"83":{"start":{"line":148,"column":2},"end":{"line":247,"column":4}},"84":{"start":{"line":184,"column":16},"end":{"line":184,"column":36}},"85":{"start":{"line":185,"column":16},"end":{"line":185,"column":50}},"86":{"start":{"line":201,"column":24},"end":{"line":201,"column":44}},"87":{"start":{"line":202,"column":24},"end":{"line":202,"column":46}},"88":{"start":{"line":211,"column":24},"end":{"line":211,"column":44}},"89":{"start":{"line":212,"column":24},"end":{"line":212,"column":52}},"90":{"start":{"line":226,"column":20},"end":{"line":226,"column":40}},"91":{"start":{"line":227,"column":20},"end":{"line":231,"column":21}},"92":{"start":{"line":228,"column":22},"end":{"line":228,"column":49}},"93":{"start":{"line":230,"column":22},"end":{"line":230,"column":43}}},"fnMap":{"0":{"name":"PathCard","decl":{"start":{"line":8,"column":24},"end":{"line":8,"column":32}},"loc":{"start":{"line":8,"column":102},"end":{"line":248,"column":1}},"line":8},"1":{"name":"(anonymous_1)","decl":{"start":{"line":19,"column":12},"end":{"line":19,"column":13}},"loc":{"start":{"line":19,"column":18},"end":{"line":47,"column":3}},"line":19},"2":{"name":"(anonymous_2)","decl":{"start":{"line":24,"column":30},"end":{"line":24,"column":31}},"loc":{"start":{"line":24,"column":42},"end":{"line":31,"column":5}},"line":24},"3":{"name":"(anonymous_3)","decl":{"start":{"line":36,"column":37},"end":{"line":36,"column":38}},"loc":{"start":{"line":36,"column":43},"end":{"line":40,"column":5}},"line":36},"4":{"name":"(anonymous_4)","decl":{"start":{"line":38,"column":14},"end":{"line":38,"column":15}},"loc":{"start":{"line":38,"column":28},"end":{"line":38,"column":74}},"line":38},"5":{"name":"(anonymous_5)","decl":{"start":{"line":39,"column":15},"end":{"line":39,"column":16}},"loc":{"start":{"line":39,"column":24},"end":{"line":39,"column":60}},"line":39},"6":{"name":"(anonymous_6)","decl":{"start":{"line":42,"column":11},"end":{"line":42,"column":12}},"loc":{"start":{"line":42,"column":17},"end":{"line":46,"column":5}},"line":42},"7":{"name":"(anonymous_7)","decl":{"start":{"line":50,"column":12},"end":{"line":50,"column":13}},"loc":{"start":{"line":50,"column":18},"end":{"line":91,"column":3}},"line":50},"8":{"name":"(anonymous_8)","decl":{"start":{"line":56,"column":25},"end":{"line":56,"column":26}},"loc":{"start":{"line":56,"column":37},"end":{"line":66,"column":5}},"line":56},"9":{"name":"(anonymous_9)","decl":{"start":{"line":59,"column":46},"end":{"line":59,"column":47}},"loc":{"start":{"line":59,"column":55},"end":{"line":59,"column":77}},"line":59},"10":{"name":"(anonymous_10)","decl":{"start":{"line":71,"column":37},"end":{"line":71,"column":38}},"loc":{"start":{"line":71,"column":43},"end":{"line":84,"column":5}},"line":71},"11":{"name":"(anonymous_11)","decl":{"start":{"line":73,"column":14},"end":{"line":73,"column":15}},"loc":{"start":{"line":73,"column":32},"end":{"line":82,"column":9}},"line":73},"12":{"name":"(anonymous_12)","decl":{"start":{"line":74,"column":44},"end":{"line":74,"column":45}},"loc":{"start":{"line":74,"column":53},"end":{"line":74,"column":75}},"line":74},"13":{"name":"(anonymous_13)","decl":{"start":{"line":83,"column":15},"end":{"line":83,"column":16}},"loc":{"start":{"line":83,"column":24},"end":{"line":83,"column":60}},"line":83},"14":{"name":"(anonymous_14)","decl":{"start":{"line":86,"column":11},"end":{"line":86,"column":12}},"loc":{"start":{"line":86,"column":17},"end":{"line":90,"column":5}},"line":86},"15":{"name":"(anonymous_15)","decl":{"start":{"line":93,"column":29},"end":{"line":93,"column":30}},"loc":{"start":{"line":93,"column":41},"end":{"line":122,"column":3}},"line":93},"16":{"name":"(anonymous_16)","decl":{"start":{"line":124,"column":30},"end":{"line":124,"column":31}},"loc":{"start":{"line":124,"column":42},"end":{"line":142,"column":3}},"line":124},"17":{"name":"(anonymous_17)","decl":{"start":{"line":144,"column":26},"end":{"line":144,"column":27}},"loc":{"start":{"line":144,"column":32},"end":{"line":146,"column":3}},"line":144},"18":{"name":"(anonymous_18)","decl":{"start":{"line":183,"column":23},"end":{"line":183,"column":24}},"loc":{"start":{"line":183,"column":30},"end":{"line":186,"column":15}},"line":183},"19":{"name":"(anonymous_19)","decl":{"start":{"line":200,"column":31},"end":{"line":200,"column":32}},"loc":{"start":{"line":200,"column":38},"end":{"line":203,"column":23}},"line":200},"20":{"name":"(anonymous_20)","decl":{"start":{"line":210,"column":31},"end":{"line":210,"column":32}},"loc":{"start":{"line":210,"column":38},"end":{"line":213,"column":23}},"line":210},"21":{"name":"(anonymous_21)","decl":{"start":{"line":225,"column":27},"end":{"line":225,"column":28}},"loc":{"start":{"line":225,"column":34},"end":{"line":232,"column":19}},"line":225}},"branchMap":{"0":{"loc":{"start":{"line":20,"column":4},"end":{"line":22,"column":5}},"type":"if","locations":[{"start":{"line":20,"column":4},"end":{"line":22,"column":5}},{"start":{},"end":{}}],"line":20},"1":{"loc":{"start":{"line":27,"column":32},"end":{"line":27,"column":53}},"type":"binary-expr","locations":[{"start":{"line":27,"column":32},"end":{"line":27,"column":48}},{"start":{"line":27,"column":52},"end":{"line":27,"column":53}}],"line":27},"2":{"loc":{"start":{"line":38,"column":52},"end":{"line":38,"column":73}},"type":"binary-expr","locations":[{"start":{"line":38,"column":52},"end":{"line":38,"column":68}},{"start":{"line":38,"column":72},"end":{"line":38,"column":73}}],"line":38},"3":{"loc":{"start":{"line":43,"column":6},"end":{"line":45,"column":7}},"type":"if","locations":[{"start":{"line":43,"column":6},"end":{"line":45,"column":7}},{"start":{},"end":{}}],"line":43},"4":{"loc":{"start":{"line":51,"column":4},"end":{"line":54,"column":5}},"type":"if","locations":[{"start":{"line":51,"column":4},"end":{"line":54,"column":5}},{"start":{},"end":{}}],"line":51},"5":{"loc":{"start":{"line":51,"column":8},"end":{"line":51,"column":52}},"type":"binary-expr","locations":[{"start":{"line":51,"column":8},"end":{"line":51,"column":22}},{"start":{"line":51,"column":26},"end":{"line":51,"column":37}},{"start":{"line":51,"column":41},"end":{"line":51,"column":52}}],"line":51},"6":{"loc":{"start":{"line":75,"column":10},"end":{"line":81,"column":11}},"type":"if","locations":[{"start":{"line":75,"column":10},"end":{"line":81,"column":11}},{"start":{"line":79,"column":17},"end":{"line":81,"column":11}}],"line":75},"7":{"loc":{"start":{"line":75,"column":14},"end":{"line":75,"column":69}},"type":"binary-expr","locations":[{"start":{"line":75,"column":14},"end":{"line":75,"column":21}},{"start":{"line":75,"column":25},"end":{"line":75,"column":69}}],"line":75},"8":{"loc":{"start":{"line":87,"column":6},"end":{"line":89,"column":7}},"type":"if","locations":[{"start":{"line":87,"column":6},"end":{"line":89,"column":7}},{"start":{},"end":{}}],"line":87},"9":{"loc":{"start":{"line":96,"column":6},"end":{"line":112,"column":7}},"type":"if","locations":[{"start":{"line":96,"column":6},"end":{"line":112,"column":7}},{"start":{"line":102,"column":13},"end":{"line":112,"column":7}}],"line":96},"10":{"loc":{"start":{"line":99,"column":8},"end":{"line":101,"column":9}},"type":"if","locations":[{"start":{"line":99,"column":8},"end":{"line":101,"column":9}},{"start":{},"end":{}}],"line":99},"11":{"loc":{"start":{"line":106,"column":8},"end":{"line":108,"column":9}},"type":"if","locations":[{"start":{"line":106,"column":8},"end":{"line":108,"column":9}},{"start":{},"end":{}}],"line":106},"12":{"loc":{"start":{"line":109,"column":8},"end":{"line":111,"column":9}},"type":"if","locations":[{"start":{"line":109,"column":8},"end":{"line":111,"column":9}},{"start":{},"end":{}}],"line":109},"13":{"loc":{"start":{"line":115,"column":6},"end":{"line":117,"column":7}},"type":"if","locations":[{"start":{"line":115,"column":6},"end":{"line":117,"column":7}},{"start":{},"end":{}}],"line":115},"14":{"loc":{"start":{"line":116,"column":25},"end":{"line":116,"column":71}},"type":"binary-expr","locations":[{"start":{"line":116,"column":25},"end":{"line":116,"column":36}},{"start":{"line":116,"column":40},"end":{"line":116,"column":71}}],"line":116},"15":{"loc":{"start":{"line":118,"column":12},"end":{"line":118,"column":58}},"type":"binary-expr","locations":[{"start":{"line":118,"column":12},"end":{"line":118,"column":23}},{"start":{"line":118,"column":27},"end":{"line":118,"column":58}}],"line":118},"16":{"loc":{"start":{"line":130,"column":6},"end":{"line":132,"column":7}},"type":"if","locations":[{"start":{"line":130,"column":6},"end":{"line":132,"column":7}},{"start":{},"end":{}}],"line":130},"17":{"loc":{"start":{"line":135,"column":6},"end":{"line":137,"column":7}},"type":"if","locations":[{"start":{"line":135,"column":6},"end":{"line":137,"column":7}},{"start":{},"end":{}}],"line":135},"18":{"loc":{"start":{"line":136,"column":25},"end":{"line":136,"column":66}},"type":"binary-expr","locations":[{"start":{"line":136,"column":25},"end":{"line":136,"column":36}},{"start":{"line":136,"column":40},"end":{"line":136,"column":66}}],"line":136},"19":{"loc":{"start":{"line":138,"column":12},"end":{"line":138,"column":53}},"type":"binary-expr","locations":[{"start":{"line":138,"column":12},"end":{"line":138,"column":23}},{"start":{"line":138,"column":27},"end":{"line":138,"column":53}}],"line":138},"20":{"loc":{"start":{"line":153,"column":11},"end":{"line":153,"column":71}},"type":"binary-expr","locations":[{"start":{"line":153,"column":11},"end":{"line":153,"column":22}},{"start":{"line":153,"column":26},"end":{"line":153,"column":71}}],"line":153},"21":{"loc":{"start":{"line":154,"column":11},"end":{"line":156,"column":11}},"type":"binary-expr","locations":[{"start":{"line":154,"column":11},"end":{"line":154,"column":22}},{"start":{"line":154,"column":26},"end":{"line":154,"column":50}},{"start":{"line":155,"column":12},"end":{"line":155,"column":74}}],"line":154},"22":{"loc":{"start":{"line":160,"column":7},"end":{"line":162,"column":7}},"type":"binary-expr","locations":[{"start":{"line":160,"column":7},"end":{"line":160,"column":23}},{"start":{"line":161,"column":8},"end":{"line":161,"column":62}}],"line":160},"23":{"loc":{"start":{"line":169,"column":11},"end":{"line":169,"column":66}},"type":"binary-expr","locations":[{"start":{"line":169,"column":11},"end":{"line":169,"column":33}},{"start":{"line":169,"column":37},"end":{"line":169,"column":61}},{"start":{"line":169,"column":65},"end":{"line":169,"column":66}}],"line":169},"24":{"loc":{"start":{"line":180,"column":11},"end":{"line":190,"column":11}},"type":"binary-expr","locations":[{"start":{"line":180,"column":12},"end":{"line":180,"column":23}},{"start":{"line":180,"column":27},"end":{"line":180,"column":38}},{"start":{"line":181,"column":12},"end":{"line":189,"column":21}}],"line":180},"25":{"loc":{"start":{"line":192,"column":11},"end":{"line":243,"column":11}},"type":"binary-expr","locations":[{"start":{"line":192,"column":11},"end":{"line":192,"column":23}},{"start":{"line":193,"column":12},"end":{"line":242,"column":15}}],"line":192},"26":{"loc":{"start":{"line":194,"column":15},"end":{"line":241,"column":15}},"type":"cond-expr","locations":[{"start":{"line":195,"column":16},"end":{"line":219,"column":22}},{"start":{"line":221,"column":16},"end":{"line":240,"column":25}}],"line":194},"27":{"loc":{"start":{"line":223,"column":20},"end":{"line":223,"column":77}},"type":"cond-expr","locations":[{"start":{"line":223,"column":34},"end":{"line":223,"column":45}},{"start":{"line":223,"column":48},"end":{"line":223,"column":77}}],"line":223},"28":{"loc":{"start":{"line":223,"column":48},"end":{"line":223,"column":77}},"type":"cond-expr","locations":[{"start":{"line":223,"column":61},"end":{"line":223,"column":72}},{"start":{"line":223,"column":75},"end":{"line":223,"column":77}}],"line":223},"29":{"loc":{"start":{"line":227,"column":20},"end":{"line":231,"column":21}},"type":"if","locations":[{"start":{"line":227,"column":20},"end":{"line":231,"column":21}},{"start":{"line":229,"column":27},"end":{"line":231,"column":21}}],"line":227},"30":{"loc":{"start":{"line":233,"column":28},"end":{"line":233,"column":53}},"type":"binary-expr","locations":[{"start":{"line":233,"column":28},"end":{"line":233,"column":35}},{"start":{"line":233,"column":39},"end":{"line":233,"column":53}}],"line":233},"31":{"loc":{"start":{"line":235,"column":19},"end":{"line":239,"column":43}},"type":"cond-expr","locations":[{"start":{"line":236,"column":22},"end":{"line":236,"column":35}},{"start":{"line":237,"column":22},"end":{"line":239,"column":43}}],"line":235},"32":{"loc":{"start":{"line":237,"column":22},"end":{"line":239,"column":43}},"type":"cond-expr","locations":[{"start":{"line":238,"column":22},"end":{"line":238,"column":41}},{"start":{"line":239,"column":22},"end":{"line":239,"column":43}}],"line":237}},"s":{"0":0,"1":0,"2":0,"3":0,"4":0,"5":0,"6":0,"7":0,"8":0,"9":0,"10":0,"11":0,"12":0,"13":0,"14":0,"15":0,"16":0,"17":0,"18":0,"19":0,"20":0,"21":0,"22":0,"23":0,"24":0,"25":0,"26":0,"27":0,"28":0,"29":0,"30":0,"31":0,"32":0,"33":0,"34":0,"35":0,"36":0,"37":0,"38":0,"39":0,"40":0,"41":0,"42":0,"43":0,"44":0,"45":0,"46":0,"47":0,"48":0,"49":0,"50":0,"51":0,"52":0,"53":0,"54":0,"55":0,"56":0,"57":0,"58":0,"59":0,"60":0,"61":0,"62":0,"63":0,"64":0,"65":0,"66":0,"67":0,"68":0,"69":0,"70":0,"71":0,"72":0,"73":0,"74":0,"75":0,"76":0,"77":0,"78":0,"79":0,"80":0,"81":0,"82":0,"83":0,"84":0,"85":0,"86":0,"87":0,"88":0,"89":0,"90":0,"91":0,"92":0,"93":0},"f":{"0":0,"1":0,"2":0,"3":0,"4":0,"5":0,"6":0,"7":0,"8":0,"9":0,"10":0,"11":0,"12":0,"13":0,"14":0,"15":0,"16":0,"17":0,"18":0,"19":0,"20":0,"21":0},"b":{"0":[0,0],"1":[0,0],"2":[0,0],"3":[0,0],"4":[0,0],"5":[0,0,0],"6":[0,0],"7":[0,0],"8":[0,0],"9":[0,0],"10":[0,0],"11":[0,0],"12":[0,0],"13":[0,0],"14":[0,0],"15":[0,0],"16":[0,0],"17":[0,0],"18":[0,0],"19":[0,0],"20":[0,0],"21":[0,0,0],"22":[0,0],"23":[0,0,0],"24":[0,0,0],"25":[0,0],"26":[0,0],"27":[0,0],"28":[0,0],"29":[0,0],"30":[0,0],"31":[0,0],"32":[0,0]}}
,"/home/shikhar/Sem 2/SPE/SPE Main Project/FMP-68/frontend/src/components/PathPublishForm.js": {"path":"/home/shikhar/Sem 2/SPE/SPE Main Project/FMP-68/frontend/src/components/PathPublishForm.js","statementMap":{"0":{"start":{"line":5,"column":12},"end":{"line":5,"column":68}},"1":{"start":{"line":8,"column":34},"end":{"line":8,"column":49}},"2":{"start":{"line":9,"column":28},"end":{"line":9,"column":40}},"3":{"start":{"line":10,"column":40},"end":{"line":10,"column":52}},"4":{"start":{"line":11,"column":32},"end":{"line":11,"column":47}},"5":{"start":{"line":12,"column":28},"end":{"line":12,"column":40}},"6":{"start":{"line":14,"column":24},"end":{"line":50,"column":3}},"7":{"start":{"line":15,"column":4},"end":{"line":15,"column":23}},"8":{"start":{"line":16,"column":4},"end":{"line":16,"column":17}},"9":{"start":{"line":17,"column":4},"end":{"line":17,"column":21}},"10":{"start":{"line":19,"column":4},"end":{"line":49,"column":5}},"11":{"start":{"line":20,"column":20},"end":{"line":20,"column":55}},"12":{"start":{"line":21,"column":6},"end":{"line":24,"column":7}},"13":{"start":{"line":22,"column":8},"end":{"line":22,"column":44}},"14":{"start":{"line":23,"column":8},"end":{"line":23,"column":15}},"15":{"start":{"line":26,"column":23},"end":{"line":35,"column":7}},"16":{"start":{"line":37,"column":6},"end":{"line":37,"column":19}},"17":{"start":{"line":38,"column":6},"end":{"line":38,"column":25}},"18":{"start":{"line":39,"column":6},"end":{"line":39,"column":25}},"19":{"start":{"line":40,"column":6},"end":{"line":40,"column":37}},"20":{"start":{"line":42,"column":23},"end":{"line":44,"column":35}},"21":{"start":{"line":45,"column":6},"end":{"line":45,"column":25}},"22":{"start":{"line":46,"column":6},"end":{"line":46,"column":81}},"23":{"start":{"line":48,"column":6},"end":{"line":48,"column":24}},"24":{"start":{"line":52,"column":2},"end":{"line":126,"column":4}},"25":{"start":{"line":57,"column":25},"end":{"line":57,"column":42}},"26":{"start":{"line":68,"column":29},"end":{"line":68,"column":47}},"27":{"start":{"line":83,"column":31},"end":{"line":83,"column":55}},"28":{"start":{"line":97,"column":31},"end":{"line":97,"column":61}},"29":{"start":{"line":110,"column":29},"end":{"line":110,"column":47}}},"fnMap":{"0":{"name":"PathPublishForm","decl":{"start":{"line":7,"column":24},"end":{"line":7,"column":39}},"loc":{"start":{"line":7,"column":61},"end":{"line":127,"column":1}},"line":7},"1":{"name":"(anonymous_1)","decl":{"start":{"line":14,"column":24},"end":{"line":14,"column":25}},"loc":{"start":{"line":14,"column":37},"end":{"line":50,"column":3}},"line":14},"2":{"name":"(anonymous_2)","decl":{"start":{"line":57,"column":19},"end":{"line":57,"column":20}},"loc":{"start":{"line":57,"column":25},"end":{"line":57,"column":42}},"line":57},"3":{"name":"(anonymous_3)","decl":{"start":{"line":68,"column":23},"end":{"line":68,"column":24}},"loc":{"start":{"line":68,"column":29},"end":{"line":68,"column":47}},"line":68},"4":{"name":"(anonymous_4)","decl":{"start":{"line":83,"column":24},"end":{"line":83,"column":25}},"loc":{"start":{"line":83,"column":31},"end":{"line":83,"column":55}},"line":83},"5":{"name":"(anonymous_5)","decl":{"start":{"line":97,"column":24},"end":{"line":97,"column":25}},"loc":{"start":{"line":97,"column":31},"end":{"line":97,"column":61}},"line":97},"6":{"name":"(anonymous_6)","decl":{"start":{"line":110,"column":23},"end":{"line":110,"column":24}},"loc":{"start":{"line":110,"column":29},"end":{"line":110,"column":47}},"line":110}},"branchMap":{"0":{"loc":{"start":{"line":5,"column":12},"end":{"line":5,"column":68}},"type":"binary-expr","locations":[{"start":{"line":5,"column":12},"end":{"line":5,"column":41}},{"start":{"line":5,"column":45},"end":{"line":5,"column":68}}],"line":5},"1":{"loc":{"start":{"line":21,"column":6},"end":{"line":24,"column":7}},"type":"if","locations":[{"start":{"line":21,"column":6},"end":{"line":24,"column":7}},{"start":{},"end":{}}],"line":21},"2":{"loc":{"start":{"line":42,"column":23},"end":{"line":44,"column":35}},"type":"binary-expr","locations":[{"start":{"line":42,"column":23},"end":{"line":42,"column":50}},{"start":{"line":43,"column":11},"end":{"line":43,"column":36}},{"start":{"line":44,"column":11},"end":{"line":44,"column":35}}],"line":42},"3":{"loc":{"start":{"line":46,"column":46},"end":{"line":46,"column":79}},"type":"binary-expr","locations":[{"start":{"line":46,"column":46},"end":{"line":46,"column":64}},{"start":{"line":46,"column":68},"end":{"line":46,"column":79}}],"line":46},"4":{"loc":{"start":{"line":54,"column":7},"end":{"line":124,"column":7}},"type":"cond-expr","locations":[{"start":{"line":55,"column":8},"end":{"line":60,"column":17}},{"start":{"line":62,"column":8},"end":{"line":123,"column":15}}],"line":54},"5":{"loc":{"start":{"line":74,"column":11},"end":{"line":74,"column":64}},"type":"binary-expr","locations":[{"start":{"line":74,"column":11},"end":{"line":74,"column":16}},{"start":{"line":74,"column":20},"end":{"line":74,"column":64}}],"line":74},"6":{"loc":{"start":{"line":118,"column":24},"end":{"line":118,"column":48}},"type":"binary-expr","locations":[{"start":{"line":118,"column":24},"end":{"line":118,"column":31}},{"start":{"line":118,"column":35},"end":{"line":118,"column":48}}],"line":118},"7":{"loc":{"start":{"line":120,"column":15},"end":{"line":120,"column":57}},"type":"cond-expr","locations":[{"start":{"line":120,"column":25},"end":{"line":120,"column":40}},{"start":{"line":120,"column":43},"end":{"line":120,"column":57}}],"line":120}},"s":{"0":0,"1":0,"2":0,"3":0,"4":0,"5":0,"6":0,"7":0,"8":0,"9":0,"10":0,"11":0,"12":0,"13":0,"14":0,"15":0,"16":0,"17":0,"18":0,"19":0,"20":0,"21":0,"22":0,"23":0,"24":0,"25":0,"26":0,"27":0,"28":0,"29":0},"f":{"0":0,"1":0,"2":0,"3":0,"4":0,"5":0,"6":0},"b":{"0":[0,0],"1":[0,0],"2":[0,0,0],"3":[0,0],"4":[0,0],"5":[0,0],"6":[0,0],"7":[0,0]}}
,"/home/shikhar/Sem 2/SPE/SPE Main Project/FMP-68/frontend/src/components/RequestSummaryModalPanel.js": {"path":"/home/shikhar/Sem 2/SPE/SPE Main Project/FMP-68/frontend/src/components/RequestSummaryModalPanel.js","statementMap":{"0":{"start":{"line":6,"column":33},"end":{"line":90,"column":1}},"1":{"start":{"line":7,"column":19},"end":{"line":7,"column":32}},"2":{"start":{"line":8,"column":48},"end":{"line":8,"column":60}},"3":{"start":{"line":9,"column":32},"end":{"line":9,"column":46}},"4":{"start":{"line":10,"column":28},"end":{"line":10,"column":42}},"5":{"start":{"line":12,"column":2},"end":{"line":14,"column":9}},"6":{"start":{"line":13,"column":4},"end":{"line":13,"column":27}},"7":{"start":{"line":16,"column":31},"end":{"line":43,"column":3}},"8":{"start":{"line":17,"column":4},"end":{"line":42,"column":5}},"9":{"start":{"line":18,"column":6},"end":{"line":18,"column":23}},"10":{"start":{"line":19,"column":23},"end":{"line":19,"column":55}},"11":{"start":{"line":22,"column":22},"end":{"line":22,"column":24}},"12":{"start":{"line":23,"column":6},"end":{"line":33,"column":9}},"13":{"start":{"line":24,"column":8},"end":{"line":30,"column":9}},"14":{"start":{"line":25,"column":10},"end":{"line":29,"column":12}},"15":{"start":{"line":31,"column":8},"end":{"line":31,"column":43}},"16":{"start":{"line":32,"column":8},"end":{"line":32,"column":55}},"17":{"start":{"line":35,"column":6},"end":{"line":35,"column":34}},"18":{"start":{"line":36,"column":6},"end":{"line":36,"column":21}},"19":{"start":{"line":38,"column":6},"end":{"line":38,"column":61}},"20":{"start":{"line":39,"column":6},"end":{"line":39,"column":50}},"21":{"start":{"line":41,"column":6},"end":{"line":41,"column":24}},"22":{"start":{"line":45,"column":2},"end":{"line":47,"column":3}},"23":{"start":{"line":46,"column":4},"end":{"line":46,"column":98}},"24":{"start":{"line":49,"column":23},"end":{"line":52,"column":3}},"25":{"start":{"line":50,"column":19},"end":{"line":50,"column":35}},"26":{"start":{"line":54,"column":2},"end":{"line":89,"column":4}},"27":{"start":{"line":70,"column":12},"end":{"line":80,"column":18}},"28":{"start":{"line":73,"column":29},"end":{"line":73,"column":56}}},"fnMap":{"0":{"name":"(anonymous_0)","decl":{"start":{"line":6,"column":33},"end":{"line":6,"column":34}},"loc":{"start":{"line":6,"column":39},"end":{"line":90,"column":1}},"line":6},"1":{"name":"(anonymous_1)","decl":{"start":{"line":12,"column":12},"end":{"line":12,"column":13}},"loc":{"start":{"line":12,"column":18},"end":{"line":14,"column":3}},"line":12},"2":{"name":"(anonymous_2)","decl":{"start":{"line":16,"column":31},"end":{"line":16,"column":32}},"loc":{"start":{"line":16,"column":43},"end":{"line":43,"column":3}},"line":16},"3":{"name":"(anonymous_3)","decl":{"start":{"line":23,"column":23},"end":{"line":23,"column":24}},"loc":{"start":{"line":23,"column":36},"end":{"line":33,"column":7}},"line":23},"4":{"name":"(anonymous_4)","decl":{"start":{"line":50,"column":4},"end":{"line":50,"column":5}},"loc":{"start":{"line":50,"column":19},"end":{"line":50,"column":35}},"line":50},"5":{"name":"(anonymous_5)","decl":{"start":{"line":69,"column":47},"end":{"line":69,"column":48}},"loc":{"start":{"line":70,"column":12},"end":{"line":80,"column":18}},"line":70},"6":{"name":"(anonymous_6)","decl":{"start":{"line":73,"column":23},"end":{"line":73,"column":24}},"loc":{"start":{"line":73,"column":29},"end":{"line":73,"column":56}},"line":73}},"branchMap":{"0":{"loc":{"start":{"line":24,"column":8},"end":{"line":30,"column":9}},"type":"if","locations":[{"start":{"line":24,"column":8},"end":{"line":30,"column":9}},{"start":{},"end":{}}],"line":24},"1":{"loc":{"start":{"line":45,"column":2},"end":{"line":47,"column":3}},"type":"if","locations":[{"start":{"line":45,"column":2},"end":{"line":47,"column":3}},{"start":{},"end":{}}],"line":45},"2":{"loc":{"start":{"line":61,"column":7},"end":{"line":61,"column":60}},"type":"binary-expr","locations":[{"start":{"line":61,"column":7},"end":{"line":61,"column":12}},{"start":{"line":61,"column":16},"end":{"line":61,"column":60}}],"line":61},"3":{"loc":{"start":{"line":63,"column":7},"end":{"line":83,"column":7}},"type":"cond-expr","locations":[{"start":{"line":64,"column":8},"end":{"line":66,"column":14}},{"start":{"line":68,"column":8},"end":{"line":82,"column":14}}],"line":63},"4":{"loc":{"start":{"line":77,"column":70},"end":{"line":77,"column":101}},"type":"cond-expr","locations":[{"start":{"line":77,"column":93},"end":{"line":77,"column":96}},{"start":{"line":77,"column":99},"end":{"line":77,"column":101}}],"line":77}},"s":{"0":0,"1":0,"2":0,"3":0,"4":0,"5":0,"6":0,"7":0,"8":0,"9":0,"10":0,"11":0,"12":0,"13":0,"14":0,"15":0,"16":0,"17":0,"18":0,"19":0,"20":0,"21":0,"22":0,"23":0,"24":0,"25":0,"26":0,"27":0,"28":0},"f":{"0":0,"1":0,"2":0,"3":0,"4":0,"5":0,"6":0},"b":{"0":[0,0],"1":[0,0],"2":[0,0],"3":[0,0],"4":[0,0]}}
,"/home/shikhar/Sem 2/SPE/SPE Main Project/FMP-68/frontend/src/components/SentRequestsPanel.js": {"path":"/home/shikhar/Sem 2/SPE/SPE Main Project/FMP-68/frontend/src/components/SentRequestsPanel.js","statementMap":{"0":{"start":{"line":6,"column":26},"end":{"line":112,"column":1}},"1":{"start":{"line":7,"column":42},"end":{"line":7,"column":54}},"2":{"start":{"line":8,"column":32},"end":{"line":8,"column":47}},"3":{"start":{"line":9,"column":28},"end":{"line":9,"column":42}},"4":{"start":{"line":10,"column":42},"end":{"line":10,"column":56}},"5":{"start":{"line":11,"column":21},"end":{"line":11,"column":33}},"6":{"start":{"line":14,"column":28},"end":{"line":26,"column":3}},"7":{"start":{"line":15,"column":4},"end":{"line":15,"column":21}},"8":{"start":{"line":16,"column":4},"end":{"line":16,"column":19}},"9":{"start":{"line":17,"column":4},"end":{"line":25,"column":5}},"10":{"start":{"line":18,"column":23},"end":{"line":18,"column":52}},"11":{"start":{"line":19,"column":6},"end":{"line":19,"column":32}},"12":{"start":{"line":21,"column":6},"end":{"line":21,"column":31}},"13":{"start":{"line":22,"column":6},"end":{"line":22,"column":58}},"14":{"start":{"line":24,"column":6},"end":{"line":24,"column":24}},"15":{"start":{"line":29,"column":2},"end":{"line":44,"column":18}},"16":{"start":{"line":30,"column":4},"end":{"line":30,"column":24}},"17":{"start":{"line":33,"column":4},"end":{"line":37,"column":40}},"18":{"start":{"line":34,"column":6},"end":{"line":36,"column":62}},"19":{"start":{"line":35,"column":28},"end":{"line":35,"column":53}},"20":{"start":{"line":36,"column":24},"end":{"line":36,"column":60}},"21":{"start":{"line":39,"column":4},"end":{"line":43,"column":6}},"22":{"start":{"line":40,"column":6},"end":{"line":42,"column":7}},"23":{"start":{"line":41,"column":8},"end":{"line":41,"column":42}},"24":{"start":{"line":46,"column":23},"end":{"line":65,"column":3}},"25":{"start":{"line":47,"column":4},"end":{"line":47,"column":28}},"26":{"start":{"line":48,"column":4},"end":{"line":64,"column":5}},"27":{"start":{"line":49,"column":6},"end":{"line":49,"column":40}},"28":{"start":{"line":51,"column":6},"end":{"line":51,"column":75}},"29":{"start":{"line":51,"column":51},"end":{"line":51,"column":72}},"30":{"start":{"line":53,"column":6},"end":{"line":55,"column":7}},"31":{"start":{"line":54,"column":8},"end":{"line":54,"column":57}},"32":{"start":{"line":57,"column":6},"end":{"line":57,"column":31}},"33":{"start":{"line":58,"column":6},"end":{"line":60,"column":7}},"34":{"start":{"line":59,"column":8},"end":{"line":59,"column":62}},"35":{"start":{"line":61,"column":6},"end":{"line":61,"column":54}},"36":{"start":{"line":63,"column":6},"end":{"line":63,"column":28}},"37":{"start":{"line":67,"column":2},"end":{"line":69,"column":3}},"38":{"start":{"line":68,"column":4},"end":{"line":68,"column":79}},"39":{"start":{"line":71,"column":2},"end":{"line":111,"column":4}},"40":{"start":{"line":82,"column":12},"end":{"line":106,"column":18}},"41":{"start":{"line":99,"column":35},"end":{"line":99,"column":63}}},"fnMap":{"0":{"name":"(anonymous_0)","decl":{"start":{"line":6,"column":26},"end":{"line":6,"column":27}},"loc":{"start":{"line":6,"column":60},"end":{"line":112,"column":1}},"line":6},"1":{"name":"(anonymous_1)","decl":{"start":{"line":14,"column":28},"end":{"line":14,"column":29}},"loc":{"start":{"line":14,"column":40},"end":{"line":26,"column":3}},"line":14},"2":{"name":"(anonymous_2)","decl":{"start":{"line":29,"column":12},"end":{"line":29,"column":13}},"loc":{"start":{"line":29,"column":18},"end":{"line":44,"column":3}},"line":29},"3":{"name":"(anonymous_3)","decl":{"start":{"line":33,"column":37},"end":{"line":33,"column":38}},"loc":{"start":{"line":33,"column":43},"end":{"line":37,"column":5}},"line":33},"4":{"name":"(anonymous_4)","decl":{"start":{"line":35,"column":14},"end":{"line":35,"column":15}},"loc":{"start":{"line":35,"column":28},"end":{"line":35,"column":53}},"line":35},"5":{"name":"(anonymous_5)","decl":{"start":{"line":36,"column":15},"end":{"line":36,"column":16}},"loc":{"start":{"line":36,"column":24},"end":{"line":36,"column":60}},"line":36},"6":{"name":"(anonymous_6)","decl":{"start":{"line":39,"column":11},"end":{"line":39,"column":12}},"loc":{"start":{"line":39,"column":17},"end":{"line":43,"column":5}},"line":39},"7":{"name":"(anonymous_7)","decl":{"start":{"line":46,"column":23},"end":{"line":46,"column":24}},"loc":{"start":{"line":46,"column":41},"end":{"line":65,"column":3}},"line":46},"8":{"name":"(anonymous_8)","decl":{"start":{"line":51,"column":42},"end":{"line":51,"column":43}},"loc":{"start":{"line":51,"column":51},"end":{"line":51,"column":72}},"line":51},"9":{"name":"(anonymous_9)","decl":{"start":{"line":81,"column":28},"end":{"line":81,"column":29}},"loc":{"start":{"line":82,"column":12},"end":{"line":106,"column":18}},"line":82},"10":{"name":"(anonymous_10)","decl":{"start":{"line":99,"column":29},"end":{"line":99,"column":30}},"loc":{"start":{"line":99,"column":35},"end":{"line":99,"column":63}},"line":99}},"branchMap":{"0":{"loc":{"start":{"line":40,"column":6},"end":{"line":42,"column":7}},"type":"if","locations":[{"start":{"line":40,"column":6},"end":{"line":42,"column":7}},{"start":{},"end":{}}],"line":40},"1":{"loc":{"start":{"line":53,"column":6},"end":{"line":55,"column":7}},"type":"if","locations":[{"start":{"line":53,"column":6},"end":{"line":55,"column":7}},{"start":{},"end":{}}],"line":53},"2":{"loc":{"start":{"line":58,"column":6},"end":{"line":60,"column":7}},"type":"if","locations":[{"start":{"line":58,"column":6},"end":{"line":60,"column":7}},{"start":{},"end":{}}],"line":58},"3":{"loc":{"start":{"line":67,"column":2},"end":{"line":69,"column":3}},"type":"if","locations":[{"start":{"line":67,"column":2},"end":{"line":69,"column":3}},{"start":{},"end":{}}],"line":67},"4":{"loc":{"start":{"line":67,"column":6},"end":{"line":67,"column":42}},"type":"binary-expr","locations":[{"start":{"line":67,"column":6},"end":{"line":67,"column":13}},{"start":{"line":67,"column":17},"end":{"line":67,"column":42}}],"line":67},"5":{"loc":{"start":{"line":75,"column":7},"end":{"line":75,"column":60}},"type":"binary-expr","locations":[{"start":{"line":75,"column":7},"end":{"line":75,"column":12}},{"start":{"line":75,"column":16},"end":{"line":75,"column":60}}],"line":75},"6":{"loc":{"start":{"line":77,"column":7},"end":{"line":109,"column":7}},"type":"cond-expr","locations":[{"start":{"line":78,"column":8},"end":{"line":78,"column":62}},{"start":{"line":80,"column":8},"end":{"line":108,"column":14}}],"line":77},"7":{"loc":{"start":{"line":93,"column":55},"end":{"line":93,"column":126}},"type":"binary-expr","locations":[{"start":{"line":93,"column":55},"end":{"line":93,"column":84}},{"start":{"line":93,"column":88},"end":{"line":93,"column":126}}],"line":93},"8":{"loc":{"start":{"line":94,"column":19},"end":{"line":94,"column":92}},"type":"cond-expr","locations":[{"start":{"line":94,"column":66},"end":{"line":94,"column":78}},{"start":{"line":94,"column":81},"end":{"line":94,"column":92}}],"line":94},"9":{"loc":{"start":{"line":96,"column":17},"end":{"line":104,"column":17}},"type":"binary-expr","locations":[{"start":{"line":96,"column":17},"end":{"line":96,"column":60}},{"start":{"line":97,"column":18},"end":{"line":103,"column":27}}],"line":96}},"s":{"0":0,"1":0,"2":0,"3":0,"4":0,"5":0,"6":0,"7":0,"8":0,"9":0,"10":0,"11":0,"12":0,"13":0,"14":0,"15":0,"16":0,"17":0,"18":0,"19":0,"20":0,"21":0,"22":0,"23":0,"24":0,"25":0,"26":0,"27":0,"28":0,"29":0,"30":0,"31":0,"32":0,"33":0,"34":0,"35":0,"36":0,"37":0,"38":0,"39":0,"40":0,"41":0},"f":{"0":0,"1":0,"2":0,"3":0,"4":0,"5":0,"6":0,"7":0,"8":0,"9":0,"10":0},"b":{"0":[0,0],"1":[0,0],"2":[0,0],"3":[0,0],"4":[0,0],"5":[0,0],"6":[0,0],"7":[0,0],"8":[0,0],"9":[0,0]}}
,"/home/shikhar/Sem 2/SPE/SPE Main Project/FMP-68/frontend/src/components/Toast.js": {"path":"/home/shikhar/Sem 2/SPE/SPE Main Project/FMP-68/frontend/src/components/Toast.js","statementMap":{"0":{"start":{"line":5,"column":14},"end":{"line":24,"column":1}},"1":{"start":{"line":6,"column":34},"end":{"line":6,"column":44}},"2":{"start":{"line":8,"column":2},"end":{"line":23,"column":4}},"3":{"start":{"line":11,"column":8},"end":{"line":20,"column":14}},"4":{"start":{"line":15,"column":27},"end":{"line":15,"column":48}}},"fnMap":{"0":{"name":"(anonymous_0)","decl":{"start":{"line":5,"column":14},"end":{"line":5,"column":15}},"loc":{"start":{"line":5,"column":20},"end":{"line":24,"column":1}},"line":5},"1":{"name":"(anonymous_1)","decl":{"start":{"line":10,"column":18},"end":{"line":10,"column":19}},"loc":{"start":{"line":11,"column":8},"end":{"line":20,"column":14}},"line":11},"2":{"name":"(anonymous_2)","decl":{"start":{"line":15,"column":21},"end":{"line":15,"column":22}},"loc":{"start":{"line":15,"column":27},"end":{"line":15,"column":48}},"line":15}},"branchMap":{},"s":{"0":0,"1":0,"2":0,"3":0,"4":0},"f":{"0":0,"1":0,"2":0},"b":{}}
,"/home/shikhar/Sem 2/SPE/SPE Main Project/FMP-68/frontend/src/components/UserCard.js": {"path":"/home/shikhar/Sem 2/SPE/SPE Main Project/FMP-68/frontend/src/components/UserCard.js","statementMap":{"0":{"start":{"line":4,"column":19},"end":{"line":4,"column":32}},"1":{"start":{"line":6,"column":2},"end":{"line":42,"column":4}}},"fnMap":{"0":{"name":"UserCard","decl":{"start":{"line":3,"column":24},"end":{"line":3,"column":32}},"loc":{"start":{"line":3,"column":50},"end":{"line":43,"column":1}},"line":3}},"branchMap":{"0":{"loc":{"start":{"line":15,"column":12},"end":{"line":16,"column":120}},"type":"binary-expr","locations":[{"start":{"line":15,"column":12},"end":{"line":15,"column":24}},{"start":{"line":16,"column":12},"end":{"line":16,"column":120}}],"line":15},"1":{"loc":{"start":{"line":21,"column":44},"end":{"line":21,"column":75}},"type":"cond-expr","locations":[{"start":{"line":21,"column":55},"end":{"line":21,"column":63}},{"start":{"line":21,"column":66},"end":{"line":21,"column":75}}],"line":21},"2":{"loc":{"start":{"line":29,"column":37},"end":{"line":29,"column":68}},"type":"cond-expr","locations":[{"start":{"line":29,"column":48},"end":{"line":29,"column":56}},{"start":{"line":29,"column":59},"end":{"line":29,"column":68}}],"line":29},"3":{"loc":{"start":{"line":35,"column":24},"end":{"line":35,"column":78}},"type":"cond-expr","locations":[{"start":{"line":35,"column":35},"end":{"line":35,"column":56}},{"start":{"line":35,"column":59},"end":{"line":35,"column":78}}],"line":35},"4":{"loc":{"start":{"line":39,"column":9},"end":{"line":39,"column":40}},"type":"cond-expr","locations":[{"start":{"line":39,"column":20},"end":{"line":39,"column":28}},{"start":{"line":39,"column":31},"end":{"line":39,"column":40}}],"line":39}},"s":{"0":0,"1":0},"f":{"0":0},"b":{"0":[0,0],"1":[0,0],"2":[0,0],"3":[0,0],"4":[0,0]}}
,"/home/shikhar/Sem 2/SPE/SPE Main Project/FMP-68/frontend/src/config/constants.js": {"path":"/home/shikhar/Sem 2/SPE/SPE Main Project/FMP-68/frontend/src/config/constants.js","statementMap":{"0":{"start":{"line":6,"column":33},"end":{"line":11,"column":1}},"1":{"start":{"line":14,"column":42},"end":{"line":14,"column":56}},"2":{"start":{"line":17,"column":30},"end":{"line":17,"column":34}},"3":{"start":{"line":20,"column":32},"end":{"line":24,"column":1}},"4":{"start":{"line":27,"column":24},"end":{"line":30,"column":1}}},"fnMap":{},"branchMap":{},"s":{"0":0,"1":0,"2":0,"3":0,"4":0},"f":{},"b":{}}
,"/home/shikhar/Sem 2/SPE/SPE Main Project/FMP-68/frontend/src/context/AuthContext.js": {"path":"/home/shikhar/Sem 2/SPE/SPE Main Project/FMP-68/frontend/src/context/AuthContext.js","statementMap":{"0":{"start":{"line":4,"column":12},"end":{"line":4,"column":68}},"1":{"start":{"line":6,"column":20},"end":{"line":6,"column":39}},"2":{"start":{"line":9,"column":26},"end":{"line":9,"column":40}},"3":{"start":{"line":10,"column":32},"end":{"line":10,"column":46}},"4":{"start":{"line":13,"column":2},"end":{"line":27,"column":9}},"5":{"start":{"line":14,"column":18},"end":{"line":14,"column":53}},"6":{"start":{"line":15,"column":4},"end":{"line":18,"column":5}},"7":{"start":{"line":16,"column":6},"end":{"line":16,"column":24}},"8":{"start":{"line":17,"column":6},"end":{"line":17,"column":13}},"9":{"start":{"line":20,"column":4},"end":{"line":26,"column":40}},"10":{"start":{"line":24,"column":21},"end":{"line":24,"column":38}},"11":{"start":{"line":25,"column":19},"end":{"line":25,"column":57}},"12":{"start":{"line":26,"column":21},"end":{"line":26,"column":38}},"13":{"start":{"line":30,"column":27},"end":{"line":32,"column":8}},"14":{"start":{"line":31,"column":4},"end":{"line":31,"column":48}},"15":{"start":{"line":35,"column":18},"end":{"line":46,"column":8}},"16":{"start":{"line":36,"column":18},"end":{"line":36,"column":53}},"17":{"start":{"line":37,"column":4},"end":{"line":43,"column":5}},"18":{"start":{"line":38,"column":6},"end":{"line":40,"column":9}},"19":{"start":{"line":44,"column":4},"end":{"line":44,"column":43}},"20":{"start":{"line":45,"column":4},"end":{"line":45,"column":18}},"21":{"start":{"line":49,"column":25},"end":{"line":55,"column":8}},"22":{"start":{"line":50,"column":4},"end":{"line":50,"column":47}},"23":{"start":{"line":51,"column":16},"end":{"line":53,"column":6}},"24":{"start":{"line":54,"column":4},"end":{"line":54,"column":22}},"25":{"start":{"line":57,"column":2},"end":{"line":63,"column":4}},"26":{"start":{"line":67,"column":14},"end":{"line":67,"column":37}},"27":{"start":{"line":68,"column":2},"end":{"line":68,"column":74}},"28":{"start":{"line":68,"column":12},"end":{"line":68,"column":74}},"29":{"start":{"line":69,"column":2},"end":{"line":69,"column":13}}},"fnMap":{"0":{"name":"AuthProvider","decl":{"start":{"line":8,"column":16},"end":{"line":8,"column":28}},"loc":{"start":{"line":8,"column":43},"end":{"line":64,"column":1}},"line":8},"1":{"name":"(anonymous_1)","decl":{"start":{"line":13,"column":12},"end":{"line":13,"column":13}},"loc":{"start":{"line":13,"column":18},"end":{"line":27,"column":3}},"line":13},"2":{"name":"(anonymous_2)","decl":{"start":{"line":24,"column":12},"end":{"line":24,"column":13}},"loc":{"start":{"line":24,"column":21},"end":{"line":24,"column":38}},"line":24},"3":{"name":"(anonymous_3)","decl":{"start":{"line":25,"column":13},"end":{"line":25,"column":14}},"loc":{"start":{"line":25,"column":19},"end":{"line":25,"column":57}},"line":25},"4":{"name":"(anonymous_4)","decl":{"start":{"line":26,"column":15},"end":{"line":26,"column":16}},"loc":{"start":{"line":26,"column":21},"end":{"line":26,"column":38}}
[...]
6,"column":11},"end":{"line":56,"column":12}},"loc":{"start":{"line":56,"column":17},"end":{"line":56,"column":19}},"line":56},"7":{"name":"(anonymous_7)","decl":{"start":{"line":65,"column":4},"end":{"line":65,"column":5}},"loc":{"start":{"line":65,"column":18},"end":{"line":79,"column":5}},"line":65},"8":{"name":"(anonymous_8)","decl":{"start":{"line":80,"column":4},"end":{"line":80,"column":5}},"loc":{"start":{"line":80,"column":15},"end":{"line":83,"column":5}},"line":80},"9":{"name":"(anonymous_9)","decl":{"start":{"line":91,"column":9},"end":{"line":91,"column":10}},"loc":{"start":{"line":91,"column":15},"end":{"line":91,"column":29}},"line":91},"10":{"name":"(anonymous_10)","decl":{"start":{"line":97,"column":28},"end":{"line":97,"column":29}},"loc":{"start":{"line":97,"column":34},"end":{"line":102,"column":1}},"line":97},"11":{"name":"(anonymous_11)","decl":{"start":{"line":107,"column":33},"end":{"line":107,"column":34}},"loc":{"start":{"line":107,"column":53},"end":{"line":120,"column":1}},"line":107},"12":{"name":"(anonymous_12)","decl":{"start":{"line":125,"column":38},"end":{"line":125,"column":39}},"loc":{"start":{"line":125,"column":55},"end":{"line":131,"column":1}},"line":125},"13":{"name":"(anonymous_13)","decl":{"start":{"line":136,"column":30},"end":{"line":136,"column":31}},"loc":{"start":{"line":136,"column":42},"end":{"line":141,"column":1}},"line":136},"14":{"name":"(anonymous_14)","decl":{"start":{"line":146,"column":30},"end":{"line":146,"column":31}},"loc":{"start":{"line":146,"column":38},"end":{"line":158,"column":1}},"line":146}},"branchMap":{"0":{"loc":{"start":{"line":20,"column":4},"end":{"line":23,"column":5}},"type":"if","locations":[{"start":{"line":20,"column":4},"end":{"line":23,"column":5}},{"start":{},"end":{}}],"line":20},"1":{"loc":{"start":{"line":53,"column":51},"end":{"line":53,"column":66}},"type":"default-arg","locations":[{"start":{"line":53,"column":62},"end":{"line":53,"column":66}}],"line":53},"2":{"loc":{"start":{"line":54,"column":2},"end":{"line":57,"column":3}},"type":"if","locations":[{"start":{"line":54,"column":2},"end":{"line":57,"column":3}},{"start":{},"end":{}}],"line":54},"3":{"loc":{"start":{"line":68,"column":6},"end":{"line":68,"column":48}},"type":"if","locations":[{"start":{"line":68,"column":6},"end":{"line":68,"column":48}},{"start":{},"end":{}}],"line":68},"4":{"loc":{"start":{"line":82,"column":6},"end":{"line":82,"column":34}},"type":"if","locations":[{"start":{"line":82,"column":6},"end":{"line":82,"column":34}},{"start":{},"end":{}}],"line":82},"5":{"loc":{"start":{"line":98,"column":2},"end":{"line":101,"column":3}},"type":"if","locations":[{"start":{"line":98,"column":2},"end":{"line":101,"column":3}},{"start":{},"end":{}}],"line":98},"6":{"loc":{"start":{"line":137,"column":2},"end":{"line":139,"column":3}},"type":"if","locations":[{"start":{"line":137,"column":2},"end":{"line":139,"column":3}},{"start":{},"end":{}}],"line":137},"7":{"loc":{"start":{"line":151,"column":2},"end":{"line":153,"column":3}},"type":"if","locations":[{"start":{"line":151,"column":2},"end":{"line":153,"column":3}},{"start":{},"end":{}}],"line":151},"8":{"loc":{"start":{"line":154,"column":2},"end":{"line":156,"column":3}},"type":"if","locations":[{"start":{"line":154,"column":2},"end":{"line":156,"column":3}},{"start":{},"end":{}}],"line":154}},"s":{"0":1,"1":1,"2":0,"3":1,"4":0,"5":0,"6":0,"7":0,"8":0,"9":0,"10":0,"11":1,"12":0,"13":0,"14":0,"15":0,"16":0,"17":0,"18":0,"19":0,"20":0,"21":0,"22":0,"23":0,"24":0,"25":0,"26":0,"27":0,"28":0,"29":1,"30":0,"31":0,"32":0,"33":1,"34":0,"35":0,"36":0,"37":0,"38":0,"39":0,"40":0,"41":0,"42":1,"43":0,"44":0,"45":0,"46":0,"47":0,"48":1,"49":0,"50":0,"51":0,"52":1,"53":0,"54":0,"55":0,"56":0,"57":0,"58":0,"59":0,"60":0},"f":{"0":0,"1":0,"2":0,"3":0,"4":0,"5":0,"6":0,"7":0,"8":0,"9":0,"10":0,"11":0,"12":0,"13":0,"14":0},"b":{"0":[0,0],"1":[0],"2":[0,0],"3":[0,0],"4":[0,0],"5":[0,0],"6":[0,0],"7":[0,0],"8":[0,0]},"_coverageSchema":"1a1c01bbd47fc00a2c39e90264f33305004495a9","hash":"6b9c8f3d7f60b9de2fbe66fff7651299eb591249"}
,"/home/shikhar/Sem 2/SPE/SPE Main Project/FMP-68/frontend/src/services/socketService.js": {"path":"/home/shikhar/Sem 2/SPE/SPE Main Project/FMP-68/frontend/src/services/socketService.js","statementMap":{"0":{"start":{"line":3,"column":16},"end":{"line":3,"column":72}},"1":{"start":{"line":5,"column":13},"end":{"line":5,"column":17}},"2":{"start":{"line":10,"column":29},"end":{"line":34,"column":1}},"3":{"start":{"line":11,"column":2},"end":{"line":13,"column":3}},"4":{"start":{"line":12,"column":4},"end":{"line":12,"column":18}},"5":{"start":{"line":15,"column":2},"end":{"line":19,"column":5}},"6":{"start":{"line":21,"column":2},"end":{"line":23,"column":5}},"7":{"start":{"line":22,"column":4},"end":{"line":22,"column":51}},"8":{"start":{"line":25,"column":2},"end":{"line":27,"column":5}},"9":{"start":{"line":26,"column":4},"end":{"line":26,"column":51}},"10":{"start":{"line":29,"column":2},"end":{"line":31,"column":5}},"11":{"start":{"line":30,"column":4},"end":{"line":30,"column":64}},"12":{"start":{"line":33,"column":2},"end":{"line":33,"column":16}},"13":{"start":{"line":39,"column":25},"end":{"line":44,"column":1}},"14":{"start":{"line":40,"column":2},"end":{"line":42,"column":3}},"15":{"start":{"line":41,"column":4},"end":{"line":41,"column":27}},"16":{"start":{"line":43,"column":2},"end":{"line":43,"column":16}},"17":{"start":{"line":49,"column":32},"end":{"line":54,"column":1}},"18":{"start":{"line":50,"column":2},"end":{"line":53,"column":3}},"19":{"start":{"line":51,"column":4},"end":{"line":51,"column":24}},"20":{"start":{"line":52,"column":4},"end":{"line":52,"column":18}},"21":{"start":{"line":59,"column":29},"end":{"line":66,"column":1}},"22":{"start":{"line":60,"column":12},"end":{"line":60,"column":23}},"23":{"start":{"line":61,"column":2},"end":{"line":65,"column":5}},"24":{"start":{"line":62,"column":4},"end":{"line":64,"column":7}},"25":{"start":{"line":63,"column":6},"end":{"line":63,"column":24}},"26":{"start":{"line":71,"column":28},"end":{"line":74,"column":1}},"27":{"start":{"line":72,"column":12},"end":{"line":72,"column":23}},"28":{"start":{"line":73,"column":2},"end":{"line":73,"column":64}},"29":{"start":{"line":79,"column":29},"end":{"line":86,"column":1}},"30":{"start":{"line":80,"column":12},"end":{"line":80,"column":23}},"31":{"start":{"line":81,"column":2},"end":{"line":85,"column":5}},"32":{"start":{"line":82,"column":4},"end":{"line":84,"column":7}},"33":{"start":{"line":83,"column":6},"end":{"line":83,"column":24}},"34":{"start":{"line":91,"column":30},"end":{"line":98,"column":1}},"35":{"start":{"line":92,"column":12},"end":{"line":92,"column":23}},"36":{"start":{"line":93,"column":2},"end":{"line":97,"column":5}},"37":{"start":{"line":94,"column":4},"end":{"line":96,"column":7}},"38":{"start":{"line":95,"column":6},"end":{"line":95,"column":24}},"39":{"start":{"line":103,"column":27},"end":{"line":110,"column":1}},"40":{"start":{"line":104,"column":12},"end":{"line":104,"column":23}},"41":{"start":{"line":105,"column":2},"end":{"line":109,"column":5}},"42":{"start":{"line":106,"column":4},"end":{"line":108,"column":7}},"43":{"start":{"line":107,"column":6},"end":{"line":107,"column":24}},"44":{"start":{"line":115,"column":28},"end":{"line":122,"column":1}},"45":{"start":{"line":116,"column":12},"end":{"line":116,"column":23}},"46":{"start":{"line":117,"column":2},"end":{"line":121,"column":5}},"47":{"start":{"line":118,"column":4},"end":{"line":120,"column":7}},"48":{"start":{"line":119,"column":6},"end":{"line":119,"column":24}},"49":{"start":{"line":127,"column":29},"end":{"line":134,"column":1}},"50":{"start":{"line":128,"column":12},"end":{"line":128,"column":23}},"51":{"start":{"line":129,"column":2},"end":{"line":133,"column":5}},"52":{"start":{"line":130,"column":4},"end":{"line":132,"column":7}},"53":{"start":{"line":131,"column":6},"end":{"line":131,"column":24}},"54":{"start":{"line":139,"column":32},"end":{"line":143,"column":1}},"55":{"start":{"line":140,"column":12},"end":{"line":140,"column":23}},"56":{"start":{"line":141,"column":2},"end":{"line":141,"column":36}},"57":{"start":{"line":142,"column":2},"end":{"line":142,"column":50}},"58":{"start":{"line":142,"column":15},"end":{"line":142,"column":49}},"59":{"start":{"line":148,"column":33},"end":{"line":152,"column":1}},"60":{"start":{"line":149,"column":12},"end":{"line":149,"column":23}},"61":{"start":{"line":150,"column":2},"end":{"line":150,"column":37}},"62":{"start":{"line":151,"column":2},"end":{"line":151,"column":51}},"63":{"start":{"line":151,"column":15},"end":{"line":151,"column":50}},"64":{"start":{"line":154,"column":32},"end":{"line":158,"column":1}},"65":{"start":{"line":155,"column":12},"end":{"line":155,"column":23}},"66":{"start":{"line":156,"column":2},"end":{"line":156,"column":36}},"67":{"start":{"line":157,"column":2},"end":{"line":157,"column":50}},"68":{"start":{"line":157,"column":15},"end":{"line":157,"column":49}},"69":{"start":{"line":160,"column":33},"end":{"line":164,"column":1}},"70":{"start":{"line":161,"column":12},"end":{"line":161,"column":23}},"71":{"start":{"line":162,"column":2},"end":{"line":162,"column":37}},"72":{"start":{"line":163,"column":2},"end":{"line":163,"column":51}},"73":{"start":{"line":163,"column":15},"end":{"line":163,"column":50}},"74":{"start":{"line":166,"column":31},"end":{"line":170,"column":1}},"75":{"start":{"line":167,"column":12},"end":{"line":167,"column":23}},"76":{"start":{"line":168,"column":2},"end":{"line":168,"column":35}},"77":{"start":{"line":169,"column":2},"end":{"line":169,"column":49}},"78":{"start":{"line":169,"column":15},"end":{"line":169,"column":48}},"79":{"start":{"line":172,"column":32},"end":{"line":176,"column":1}},"80":{"start":{"line":173,"column":12},"end":{"line":173,"column":23}},"81":{"start":{"line":174,"column":2},"end":{"line":174,"column":36}},"82":{"start":{"line":175,"column":2},"end":{"line":175,"column":50}},"83":{"start":{"line":175,"column":15},"end":{"line":175,"column":49}},"84":{"start":{"line":178,"column":30},"end":{"line":182,"column":1}},"85":{"start":{"line":179,"column":12},"end":{"line":179,"column":23}},"86":{"start":{"line":180,"column":2},"end":{"line":180,"column":34}},"87":{"start":{"line":181,"column":2},"end":{"line":181,"column":48}},"88":{"start":{"line":181,"column":15},"end":{"line":181,"column":47}}},"fnMap":{"0":{"name":"(anonymous_0)","decl":{"start":{"line":10,"column":29},"end":{"line":10,"column":30}},"loc":{"start":{"line":10,"column":35},"end":{"line":34,"column":1}},"line":10},"1":{"name":"(anonymous_1)","decl":{"start":{"line":21,"column":23},"end":{"line":21,"column":24}},"loc":{"start":{"line":21,"column":29},"end":{"line":23,"column":3}},"line":21},"2":{"name":"(anonymous_2)","decl":{"start":{"line":25,"column":26},"end":{"line":25,"column":27}},"loc":{"start":{"line":25,"column":38},"end":{"line":27,"column":3}},"line":25},"3":{"name":"(anonymous_3)","decl":{"start":{"line":29,"column":29},"end":{"line":29,"column":30}},"loc":{"start":{"line":29,"column":40},"end":{"line":31,"column":3}},"line":29},"4":{"name":"(anonymous_4)","decl":{"start":{"line":39,"column":25},"end":{"line":39,"column":26}},"loc":{"start":{"line":39,"column":31},"end":{"line":44,"column":1}},"line":39},"5":{"name":"(anonymous_5)","decl":{"start":{"line":49,"column":32},"end":{"line":49,"column":33}},"loc":{"start":{"line":49,"column":38},"end":{"line":54,"column":1}},"line":49},"6":{"name":"(anonymous_6)","decl":{"start":{"line":59,"column":29},"end":{"line":59,"column":30}},"loc":{"start":{"line":59,"column":49},"end":{"line":66,"column":1}},"line":59},"7":{"name":"(anonymous_7)","decl":{"start":{"line":61,"column":21},"end":{"line":61,"column":22}},"loc":{"start":{"line":61,"column":34},"end":{"line":65,"column":3}},"line":61},"8":{"name":"(anonymous_8)","decl":{"start":{"line":62,"column":49},"end":{"line":62,"column":50}},"loc":{"start":{"line":62,"column":63},"end":{"line":64,"column":5}},"line":62},"9":{"name":"(anonymous_9)","decl":{"start":{"line":71,"column":28},"end":{"line":71,"column":29}},"loc":{"start":{"line":71,"column":66},"end":{"line":74,"column":1}},"line":71},"10":{"name":"(anonymous_10)","decl":{"start":{"line":79,"column":29},"end":{"line":79,"column":30}},"loc":{"start":{"line":79,"column":49},"end":{"line":86,"column":1}},"line":79},"11":{"name":"(anonymous_11)","decl":{"start":{"line":81,"column":21},"end":{"line":81,"column":22}},"loc":{"start":{"line":81,"column":34},"end":{"line":85,"column":3}},"line":81},"12":{"name":"(anonymous_12)","decl":{"start":{"line":82,"column":49},"end":{"line":82,"column":50}},"loc":{"start":{"line":82,"column":63},"end":{"line":84,"column":5}},"line":82},"13":{"name":"(anonymous_13)","decl":{"start":{"line":91,"column":30},"end":{"line":91,"column":31}},"loc":{"start":{"line":91,"column":50},"end":{"line":98,"column":1}},"line":91},"14":{"name":"(anonymous_14)","decl":{"start":{"line":93,"column":21},"end":{"line":93,"column":22}},"loc":{"start":{"line":93,"column":34},"end":{"line":97,"column":3}},"line":93},"15":{"name":"(anonymous_15)","decl":{"start":{"line":94,"column":50},"end":{"line":94,"column":51}},"loc":{"start":{"line":94,"column":64},"end":{"line":96,"column":5}},"line":94},"16":{"name":"(anonymous_16)","decl":{"start":{"line":103,"column":27},"end":{"line":103,"column":28}},"loc":{"start":{"line":103,"column":47},"end":{"line":110,"column":1}},"line":103},"17":{"name":"(anonymous_17)","decl":{"start":{"line":105,"column":21},"end":{"line":105,"column":22}},"loc":{"start":{"line":105,"column":34},"end":{"line":109,"column":3}},"line":105},"18":{"name":"(anonymous_18)","decl":{"start":{"line":106,"column":47},"end":{"line":106,"column":48}},"loc":{"start":{"line":106,"column":61},"end":{"line":108,"column":5}},"line":106},"19":{"name":"(anonymous_19)","decl":{"start":{"line":115,"column":28},"end":{"line":115,"column":29}},"loc":{"start":{"line":115,"column":48},"end":{"line":122,"column":1}},"line":115},"20":{"name":"(anonymous_20)","decl":{"start":{"line":117,"column":21},"end":{"line":117,"column":22}},"loc":{"start":{"line":117,"column":34},"end":{"line":121,"column":3}},"line":117},"21":{"name":"(anonymous_21)","decl":{"start":{"line":118,"column":48},"end":{"line":118,"column":49}},"loc":{"start":{"line":118,"column":62},"end":{"line":120,"column":5}},"line":118},"22":{"name":"(anonymous_22)","decl":{"start":{"line":127,"column":29},"end":{"line":127,"column":30}},"loc":{"start":{"line":127,"column":49},"end":{"line":134,"column":1}},"line":127},"23":{"name":"(anonymous_23)","decl":{"start":{"line":129,"column":21},"end":{"line":129,"column":22}},"loc":{"start":{"line":129,"column":34},"end":{"line":133,"column":3}},"line":129},"24":{"name":"(anonymous_24)","decl":{"start":{"line":130,"column":49},"end":{"line":130,"column":50}},"loc":{"start":{"line":130,"column":63},"end":{"line":132,"column":5}},"line":130},"25":{"name":"(anonymous_25)","decl":{"start":{"line":139,"column":32},"end":{"line":139,"column":33}},"loc":{"start":{"line":139,"column":46},"end":{"line":143,"column":1}},"line":139},"26":{"name":"(anonymous_26)","decl":{"start":{"line":142,"column":9},"end":{"line":142,"column":10}},"loc":{"start":{"line":142,"column":15},"end":{"line":142,"column":49}},"line":142},"27":{"name":"(anonymous_27)","decl":{"start":{"line":148,"column":33},"end":{"line":148,"column":34}},"loc":{"start":{"line":148,"column":47},"end":{"line":152,"column":1}},"line":148},"28":{"name":"(anonymous_28)","decl":{"start":{"line":151,"column":9},"end":{"line":151,"column":10}},"loc":{"start":{"line":151,"column":15},"end":{"line":151,"column":50}},"line":151},"29":{"name":"(anonymous_29)","decl":{"start":{"line":154,"column":32},"end":{"line":154,"column":33}},"loc":{"start":{"line":154,"column":46},"end":{"line":158,"column":1}},"line":154},"30":{"name":"(anonymous_30)","decl":{"start":{"line":157,"column":9},"end":{"line":157,"column":10}},"loc":{"start":{"line":157,"column":15},"end":{"line":157,"column":49}},"line":157},"31":{"name":"(anonymous_31)","decl":{"start":{"line":160,"column":33},"end":{"line":160,"column":34}},"loc":{"start":{"line":160,"column":47},"end":{"line":164,"column":1}},"line":160},"32":{"name":"(anonymous_32)","decl":{"start":{"line":163,"column":9},"end":{"line":163,"column":10}},"loc":{"start":{"line":163,"column":15},"end":{"line":163,"column":50}},"line":163},"33":{"name":"(anonymous_33)","decl":{"start":{"line":166,"column":31},"end":{"line":166,"column":32}},"loc":{"start":{"line":166,"column":45},"end":{"line":170,"column":1}},"line":166},"34":{"name":"(anonymous_34)","decl":{"start":{"line":169,"column":9},"end":{"line":169,"column":10}},"loc":{"start":{"line":169,"column":15},"end":{"line":169,"column":48}},"line":169},"35":{"name":"(anonymous_35)","decl":{"start":{"line":172,"column":32},"end":{"line":172,"column":33}},"loc":{"start":{"line":172,"column":46},"end":{"line":176,"column":1}},"line":172},"36":{"name":"(anonymous_36)","decl":{"start":{"line":175,"column":9},"end":{"line":175,"column":10}},"loc":{"start":{"line":175,"column":15},"end":{"line":175,"column":49}},"line":175},"37":{"name":"(anonymous_37)","decl":{"start":{"line":178,"column":30},"end":{"line":178,"column":31}},"loc":{"start":{"line":178,"column":44},"end":{"line":182,"column":1}},"line":178},"38":{"name":"(anonymous_38)","decl":{"start":{"line":181,"column":9},"end":{"line":181,"column":10}},"loc":{"start":{"line":181,"column":15},"end":{"line":181,"column":47}},"line":181}},"branchMap":{"0":{"loc":{"start":{"line":3,"column":16},"end":{"line":3,"column":72}},"type":"binary-expr","locations":[{"start":{"line":3,"column":16},"end":{"line":3,"column":45}},{"start":{"line":3,"column":49},"end":{"line":3,"column":72}}],"line":3},"1":{"loc":{"start":{"line":11,"column":2},"end":{"line":13,"column":3}},"type":"if","locations":[{"start":{"line":11,"column":2},"end":{"line":13,"column":3}},{"start":{},"end":{}}],"line":11},"2":{"loc":{"start":{"line":11,"column":6},"end":{"line":11,"column":32}},"type":"binary-expr","locations":[{"start":{"line":11,"column":6},"end":{"line":11,"column":12}},{"start":{"line":11,"column":16},"end":{"line":11,"column":32}}],"line":11},"3":{"loc":{"start":{"line":40,"column":2},"end":{"line":42,"column":3}},"type":"if","locations":[{"start":{"line":40,"column":2},"end":{"line":42,"column":3}},{"start":{},"end":{}}],"line":40},"4":{"loc":{"start":{"line":40,"column":6},"end":{"line":40,"column":34}},"type":"binary-expr","locations":[{"start":{"line":40,"column":6},"end":{"line":40,"column":13}},{"start":{"line":40,"column":17},"end":{"line":40,"column":34}}],"line":40},"5":{"loc":{"start":{"line":50,"column":2},"end":{"line":53,"column":3}},"type":"if","locations":[{"start":{"line":50,"column":2},"end":{"line":53,"column":3}},{"start":{},"end":{}}],"line":50}},"s":{"0":1,"1":1,"2":1,"3":0,"4":0,"5":0,"6":0,"7":0,"8":0,"9":0,"10":0,"11":0,"12":0,"13":1,"14":0,"15":0,"16":0,"17":1,"18":0,"19":0,"20":0,"21":1,"22":0,"23":0,"24":0,"25":0,"26":1,"27":0,"28":0,"29":1,"30":0,"31":0,"32":0,"33":0,"34":1,"35":0,"36":0,"37":0,"38":0,"39":1,"40":0,"41":0,"42":0,"43":0,"44":1,"45":0,"46":0,"47":0,"48":0,"49":1,"50":0,"51":0,"52":0,"53":0,"54":1,"55":0,"56":0,"57":0,"58":0,"59":1,"60":0,"61":0,"62":0,"63":0,"64":1,"65":0,"66":0,"67":0,"68":0,"69":1,"70":0,"71":0,"72":0,"73":0,"74":1,"75":0,"76":0,"77":0,"78":0,"79":1,"80":0,"81":0,"82":0,"83":0,"84":1,"85":0,"86":0,"87":0,"88":0},"f":{"0":0,"1":0,"2":0,"3":0,"4":0,"5":0,"6":0,"7":0,"8":0,"9":0,"10":0,"11":0,"12":0,"13":0,"14":0,"15":0,"16":0,"17":0,"18":0,"19":0,"20":0,"21":0,"22":0,"23":0,"24":0,"25":0,"26":0,"27":0,"28":0,"29":0,"30":0,"31":0,"32":0,"33":0,"34":0,"35":0,"36":0,"37":0,"38":0},"b":{"0":[1,1],"1":[0,0],"2":[0,0],"3":[0,0],"4":[0,0],"5":[0,0]},"_coverageSchema":"1a1c01bbd47fc00a2c39e90264f33305004495a9","hash":"094ead03a817f47e030e0c8a2c1c4740f5c26847"}
}
