TN:
SF:src/App.js
FN:12,PrivateRoute
FN:24,App
FN:29,(anonymous_2)
FNF:3
FNH:3
FNDA:17,PrivateRoute
FNDA:34,App
FNDA:34,(anonymous_2)
DA:13,17
DA:14,17
DA:15,4
DA:21,13
DA:25,34
DA:26,34
DA:29,34
DA:30,34
DA:33,34
DA:34,18
DA:43,16
LF:11
LH:11
BRDA:14,0,0,4
BRDA:14,0,1,13
BRDA:21,1,0,10
BRDA:21,1,1,3
BRDA:33,2,0,18
BRDA:33,2,1,16
BRDA:49,3,0,11
BRDA:49,3,1,5
BRF:8
BRH:8
end_of_record
TN:
SF:src/components/FollowRequestsPanel.js
FN:10,(anonymous_0)
FN:18,(anonymous_1)
FN:33,(anonymous_2)
FN:37,(anonymous_3)
FN:39,(anonymous_4)
FN:40,(anonymous_5)
FN:43,(anonymous_6)
FN:50,(anonymous_7)
FN:56,(anonymous_8)
FN:73,(anonymous_9)
FN:79,(anonymous_10)
FN:110,(anonymous_11)
FN:134,(anonymous_12)
FN:141,(anonymous_13)
FNF:14
FNH:14
FNDA:59,(anonymous_0)
FNDA:17,(anonymous_1)
FNDA:17,(anonymous_2)
FNDA:2,(anonymous_3)
FNDA:1,(anonymous_4)
FNDA:1,(anonymous_5)
FNDA:17,(anonymous_6)
FNDA:4,(anonymous_7)
FNDA:2,(anonymous_8)
FNDA:3,(anonymous_9)
FNDA:2,(anonymous_10)
FNDA:21,(anonymous_11)
FNDA:4,(anonymous_12)
FNDA:3,(anonymous_13)
DA:10,1
DA:11,59
DA:12,59
DA:13,59
DA:14,59
DA:15,59
DA:18,59
DA:19,17
DA:20,17
DA:21,17
DA:22,17
DA:23,15
DA:25,1
DA:26,1
DA:28,16
DA:33,59
DA:34,17
DA:37,17
DA:38,2
DA:39,1
DA:40,1
DA:43,17
DA:44,17
DA:45,17
DA:50,59
DA:51,4
DA:52,4
DA:53,4
DA:55,2
DA:56,2
DA:59,2
DA:60,1
DA:63,1
DA:64,1
DA:65,1
DA:67,1
DA:69,3
DA:73,59
DA:74,3
DA:75,3
DA:76,3
DA:78,2
DA:79,2
DA:82,2
DA:83,1
DA:86,1
DA:87,1
DA:88,1
DA:90,1
DA:92,3
DA:96,59
DA:97,17
DA:100,42
DA:111,21
DA:134,4
DA:141,3
LF:56
LH:56
BRDA:44,0,0,17
BRDA:44,0,1,0
BRDA:56,1,0,2
BRDA:56,1,1,2
BRDA:59,2,0,1
BRDA:59,2,1,1
BRDA:64,3,0,1
BRDA:64,3,1,0
BRDA:79,4,0,2
BRDA:79,4,1,2
BRDA:82,5,0,1
BRDA:82,5,1,1
BRDA:87,6,0,1
BRDA:87,6,1,0
BRDA:96,7,0,17
BRDA:96,7,1,42
BRDA:96,8,0,59
BRDA:96,8,1,17
BRDA:104,9,0,42
BRDA:104,9,1,3
BRDA:106,10,0,22
BRDA:106,10,1,20
BRDA:114,11,0,21
BRDA:114,11,1,2
BRF:24
BRH:21
end_of_record
TN:
SF:src/components/FollowersList.js
FN:4,(anonymous_0)
FN:8,(anonymous_1)
FN:12,(anonymous_2)
FN:30,(anonymous_3)
FN:57,(anonymous_4)
FN:82,(anonymous_5)
FN:97,(anonymous_6)
FNF:7
FNH:7
FNDA:32,(anonymous_0)
FNDA:7,(anonymous_1)
FNDA:5,(anonymous_2)
FNDA:1,(anonymous_3)
FNDA:59,(anonymous_4)
FNDA:7,(anonymous_5)
FNDA:6,(anonymous_6)
DA:4,1
DA:5,32
DA:6,32
DA:8,32
DA:9,7
DA:12,32
DA:13,5
DA:14,5
DA:15,5
DA:16,2
DA:17,2
DA:18,1
DA:21,2
DA:22,2
DA:23,1
DA:26,4
DA:30,32
DA:31,1
DA:34,32
DA:35,1
DA:43,31
DA:44,1
DA:54,30
DA:58,59
DA:82,7
DA:97,6
LF:26
LH:26
BRDA:17,0,0,1
BRDA:17,0,1,1
BRDA:22,1,0,1
BRDA:22,1,1,1
BRDA:34,2,0,1
BRDA:34,2,1,31
BRDA:43,3,0,1
BRDA:43,3,1,30
BRDA:43,4,0,31
BRDA:43,4,1,31
BRDA:60,5,0,29
BRDA:60,5,1,30
BRDA:69,6,0,30
BRDA:69,6,1,1
BRDA:73,7,0,59
BRDA:73,7,1,1
BRDA:78,8,0,59
BRDA:78,8,1,54
BRDA:86,9,0,5
BRDA:86,9,1,49
BRDA:95,10,0,30
BRDA:95,10,1,14
BRDA:119,11,0,5
BRDA:119,11,1,9
BRF:24
BRH:24
end_of_record
TN:
SF:src/components/MapView.js
FN:26,(anonymous_0)
FN:56,MapAutoCenter
FN:58,(anonymous_2)
FN:70,FitBounds
FN:74,(anonymous_4)
FN:76,(anonymous_5)
FN:88,DirectionBanner
FN:150,(anonymous_7)
FN:167,(anonymous_8)
FN:168,(anonymous_9)
FNF:10
FNH:10
FNDA:2,(anonymous_0)
FNDA:30,MapAutoCenter
FNDA:30,(anonymous_2)
FNDA:10,FitBounds
FNDA:10,(anonymous_4)
FNDA:20,(anonymous_5)
FNDA:30,DirectionBanner
FNDA:30,(anonymous_7)
FNDA:23,(anonymous_8)
FNDA:12,(anonymous_9)
DA:15,1
DA:16,1
DA:26,1
DA:27,2
DA:40,1
DA:41,1
DA:42,1
DA:57,30
DA:58,30
DA:59,30
DA:60,14
DA:66,30
DA:71,10
DA:72,10
DA:74,10
DA:75,10
DA:76,20
DA:77,10
DA:78,10
DA:82,10
DA:86,1
DA:89,30
DA:91,5
DA:92,1
DA:106,4
DA:107,4
DA:108,4
DA:110,4
DA:114,4
DA:150,1
DA:161,30
DA:165,30
DA:167,30
DA:168,30
DA:171,30
DA:175,30
DA:180,30
DA:184,30
DA:186,30
LF:39
LH:39
BRDA:26,0,0,0
BRDA:26,1,0,0
BRDA:34,2,0,2
BRDA:34,2,1,0
BRDA:59,3,0,14
BRDA:59,3,1,16
BRDA:59,4,0,30
BRDA:59,4,1,15
BRDA:75,5,0,10
BRDA:75,5,1,0
BRDA:75,6,0,10
BRDA:75,6,1,10
BRDA:89,7,0,25
BRDA:89,7,1,5
BRDA:91,8,0,1
BRDA:91,8,1,4
BRDA:110,9,0,2
BRDA:110,9,1,2
BRDA:151,10,0,15
BRDA:152,11,0,22
BRDA:153,12,0,29
BRDA:154,13,0,25
BRDA:155,14,0,27
BRDA:156,15,0,25
BRDA:157,16,0,29
BRDA:158,17,0,29
BRDA:159,18,0,24
BRDA:161,19,0,1
BRDA:161,19,1,29
BRDA:165,20,0,1
BRDA:165,20,1,29
BRDA:171,21,0,13
BRDA:171,21,1,17
BRDA:175,22,0,6
BRDA:175,22,1,24
BRDA:180,23,0,28
BRDA:180,23,1,2
BRDA:182,24,0,2
BRDA:182,24,1,0
BRDA:202,25,0,30
BRDA:202,25,1,10
BRDA:207,26,0,30
BRDA:207,26,1,10
BRDA:221,27,0,30
BRDA:221,27,1,6
BRDA:235,28,0,30
BRDA:235,28,1,13
BRDA:248,29,0,30
BRDA:248,29,1,13
BRDA:251,30,0,13
BRDA:251,30,1,3
BRDA:271,31,0,13
BRDA:271,31,1,3
BRDA:272,32,0,13
BRDA:272,32,1,1
BRDA:273,33,0,13
BRDA:273,33,1,1
BRDA:280,34,0,30
BRDA:280,34,1,6
BRDA:282,35,0,6
BRDA:282,35,1,1
BRDA:318,36,0,30
BRDA:318,36,1,6
BRDA:322,37,0,2
BRDA:322,37,1,4
BRF:65
BRH:60
end_of_record
TN:
SF:src/components/Navbar.js
FN:5,Navbar
FNF:1
FNH:1
FNDA:6,Navbar
DA:6,6
DA:7,6
DA:9,6
LF:3
LH:3
BRDA:13,0,0,6
BRDA:13,0,1,5
BRDA:18,1,0,1
BRDA:18,1,1,4
BRDA:20,2,0,1
BRDA:20,2,1,4
BRDA:23,3,0,5
BRDA:23,3,1,1
BRF:8
BRH:8
end_of_record
TN:
SF:src/components/PathCard.js
FN:8,PathCard
FN:19,(anonymous_1)
FN:24,(anonymous_2)
FN:36,(anonymous_3)
FN:38,(anonymous_4)
FN:39,(anonymous_5)
FN:42,(anonymous_6)
FN:50,(anonymous_7)
FN:56,(anonymous_8)
FN:59,(anonymous_9)
FN:71,(anonymous_10)
FN:73,(anonymous_11)
FN:74,(anonymous_12)
FN:83,(anonymous_13)
FN:86,(anonymous_14)
FN:93,(anonymous_15)
FN:124,(anonymous_16)
FN:144,(anonymous_17)
FN:183,(anonymous_18)
FN:200,(anonymous_19)
FN:210,(anonymous_20)
FN:225,(anonymous_21)
FNF:22
FNH:22
FNDA:88,PathCard
FNDA:27,(anonymous_1)
FNDA:5,(anonymous_2)
FNDA:3,(anonymous_3)
FNDA:2,(anonymous_4)
FNDA:1,(anonymous_5)
FNDA:5,(anonymous_6)
FNDA:27,(anonymous_7)
FNDA:18,(anonymous_8)
FNDA:9,(anonymous_9)
FNDA:17,(anonymous_10)
FNDA:16,(anonymous_11)
FNDA:9,(anonymous_12)
FNDA:1,(anonymous_13)
FNDA:18,(anonymous_14)
FNDA:7,(anonymous_15)
FNDA:5,(anonymous_16)
FNDA:1,(anonymous_17)
FNDA:1,(anonymous_18)
FNDA:5,(anonymous_19)
FNDA:1,(anonymous_20)
FNDA:14,(anonymous_21)
DA:9,88
DA:10,88
DA:11,88
DA:12,88
DA:13,88
DA:14,88
DA:15,88
DA:16,88
DA:19,88
DA:20,27
DA:21,22
DA:24,5
DA:25,5
DA:26,5
DA:27,4
DA:29,1
DA:33,5
DA:36,5
DA:37,3
DA:38,2
DA:39,1
DA:42,5
DA:43,5
DA:44,4
DA:50,88
DA:51,27
DA:52,9
DA:53,9
DA:56,18
DA:57,18
DA:58,18
DA:59,17
DA:60,17
DA:62,1
DA:64,18
DA:68,18
DA:71,18
DA:72,17
DA:74,16
DA:75,16
DA:77,1
DA:78,1
DA:80,15
DA:83,1
DA:86,18
DA:87,18
DA:88,17
DA:93,88
DA:94,7
DA:95,7
DA:96,7
DA:97,2
DA:98,2
DA:99,2
DA:100,1
DA:104,5
DA:105,2
DA:106,2
DA:107,1
DA:109,2
DA:110,1
DA:114,3
DA:115,3
DA:116,2
DA:118,3
DA:120,7
DA:124,88
DA:125,5
DA:126,5
DA:127,5
DA:128,2
DA:129,2
DA:130,2
DA:131,1
DA:134,3
DA:135,3
DA:136,2
DA:138,3
DA:140,5
DA:144,88
DA:145,1
DA:148,88
DA:184,1
DA:185,1
DA:201,5
DA:202,5
DA:211,1
DA:212,1
DA:226,14
DA:227,14
DA:228,7
DA:230,7
LF:92
LH:92
BRDA:20,0,0,22
BRDA:20,0,1,5
BRDA:27,1,0,4
BRDA:27,1,1,3
BRDA:38,2,0,2
BRDA:38,2,1,1
BRDA:43,3,0,4
BRDA:43,3,1,1
BRDA:51,4,0,9
BRDA:51,4,1,18
BRDA:51,5,0,27
BRDA:51,5,1,25
BRDA:51,5,2,20
BRDA:75,6,0,1
BRDA:75,6,1,15
BRDA:75,7,0,16
BRDA:75,7,1,9
BRDA:87,8,0,17
BRDA:87,8,1,1
BRDA:96,9,0,2
BRDA:96,9,1,5
BRDA:99,10,0,1
BRDA:99,10,1,1
BRDA:106,11,0,1
BRDA:106,11,1,1
BRDA:109,12,0,1
BRDA:109,12,1,1
BRDA:115,13,0,2
BRDA:115,13,1,1
BRDA:116,14,0,2
BRDA:116,14,1,1
BRDA:118,15,0,3
BRDA:118,15,1,1
BRDA:130,16,0,1
BRDA:130,16,1,1
BRDA:135,17,0,2
BRDA:135,17,1,1
BRDA:136,18,0,2
BRDA:136,18,1,1
BRDA:138,19,0,3
BRDA:138,19,1,1
BRDA:153,20,0,88
BRDA:153,20,1,11
BRDA:154,21,0,88
BRDA:154,21,1,11
BRDA:154,21,2,1
BRDA:160,22,0,88
BRDA:160,22,1,88
BRDA:169,23,0,88
BRDA:169,23,1,88
BRDA:169,23,2,88
BRDA:180,24,0,88
BRDA:180,24,1,77
BRDA:180,24,2,19
BRDA:192,25,0,88
BRDA:192,25,1,77
BRDA:194,26,0,15
BRDA:194,26,1,62
BRDA:223,27,0,8
BRDA:223,27,1,54
BRDA:223,28,0,12
BRDA:223,28,1,42
BRDA:227,29,0,7
BRDA:227,29,1,7
BRDA:233,30,0,62
BRDA:233,30,1,55
BRDA:235,31,0,8
BRDA:235,31,1,54
BRDA:237,32,0,12
BRDA:237,32,1,42
BRF:70
BRH:70
end_of_record
TN:
SF:src/components/PathPublishForm.js
FN:7,PathPublishForm
FN:14,(anonymous_1)
FN:57,(anonymous_2)
FN:68,(anonymous_3)
FN:83,(anonymous_4)
FN:97,(anonymous_5)
FN:110,(anonymous_6)
FNF:7
FNH:7
FNDA:207,PathPublishForm
FNDA:9,(anonymous_1)
FNDA:18,(anonymous_2)
FNDA:1,(anonymous_3)
FNDA:96,(anonymous_4)
FNDA:56,(anonymous_5)
FNDA:1,(anonymous_6)
DA:5,1
DA:8,207
DA:9,207
DA:10,207
DA:11,207
DA:12,207
DA:14,207
DA:15,9
DA:16,9
DA:17,9
DA:19,9
DA:20,9
DA:21,9
DA:22,1
DA:23,1
DA:26,8
DA:37,2
DA:38,2
DA:39,2
DA:40,2
DA:42,5
DA:45,5
DA:46,5
DA:48,8
DA:52,207
DA:57,18
DA:68,1
DA:83,96
DA:97,56
DA:110,1
LF:30
LH:30
BRDA:5,0,0,1
BRDA:5,0,1,0
BRDA:21,1,0,1
BRDA:21,1,1,8
BRDA:42,2,0,5
BRDA:42,2,1,4
BRDA:42,2,2,3
BRDA:46,3,0,5
BRDA:46,3,1,2
BRDA:54,4,0,23
BRDA:54,4,1,184
BRDA:74,5,0,184
BRDA:74,5,1,6
BRDA:118,6,0,184
BRDA:118,6,1,176
BRDA:120,7,0,8
BRDA:120,7,1,176
BRF:17
BRH:16
end_of_record
TN:
SF:src/components/RequestSummaryModalPanel.js
FN:6,(anonymous_0)
FN:12,(anonymous_1)
FN:16,(anonymous_2)
FN:23,(anonymous_3)
FN:50,(anonymous_4)
FN:69,(anonymous_5)
FN:73,(anonymous_6)
FNF:7
FNH:7
FNDA:21,(anonymous_0)
FNDA:9,(anonymous_1)
FNDA:11,(anonymous_2)
FNDA:11,(anonymous_3)
FNDA:8,(anonymous_4)
FNDA:8,(anonymous_5)
FNDA:1,(anonymous_6)
DA:6,1
DA:7,21
DA:8,21
DA:9,21
DA:10,21
DA:12,21
DA:13,9
DA:16,21
DA:17,11
DA:18,11
DA:19,11
DA:22,8
DA:23,8
DA:24,11
DA:25,8
DA:31,11
DA:32,11
DA:35,8
DA:36,8
DA:38,2
DA:39,2
DA:41,10
DA:45,21
DA:46,11
DA:49,10
DA:50,8
DA:54,10
DA:70,8
DA:73,1
LF:29
LH:29
BRDA:24,0,0,8
BRDA:24,0,1,3
BRDA:45,1,0,11
BRDA:45,1,1,10
BRDA:61,2,0,10
BRDA:61,2,1,2
BRDA:63,3,0,4
BRDA:63,3,1,6
BRDA:77,4,0,3
BRDA:77,4,1,5
BRF:10
BRH:10
end_of_record
TN:
SF:src/components/SentRequestsPanel.js
FN:6,(anonymous_0)
FN:14,(anonymous_1)
FN:29,(anonymous_2)
FN:33,(anonymous_3)
FN:35,(anonymous_4)
FN:36,(anonymous_5)
FN:39,(anonymous_6)
FN:46,(anonymous_7)
FN:51,(anonymous_8)
FN:81,(anonymous_9)
FN:99,(anonymous_10)
FNF:11
FNH:11
FNDA:53,(anonymous_0)
FNDA:16,(anonymous_1)
FNDA:16,(anonymous_2)
FNDA:2,(anonymous_3)
FNDA:1,(anonymous_4)
FNDA:1,(anonymous_5)
FNDA:16,(anonymous_6)
FNDA:5,(anonymous_7)
FNDA:2,(anonymous_8)
FNDA:21,(anonymous_9)
FNDA:5,(anonymous_10)
DA:6,1
DA:7,53
DA:8,53
DA:9,53
DA:10,53
DA:11,53
DA:14,53
DA:15,16
DA:16,16
DA:17,16
DA:18,16
DA:19,14
DA:21,1
DA:22,1
DA:24,15
DA:29,53
DA:30,16
DA:33,16
DA:34,2
DA:35,1
DA:36,1
DA:39,16
DA:40,16
DA:41,16
DA:46,53
DA:47,5
DA:48,5
DA:49,5
DA:51,2
DA:53,2
DA:54,1
DA:57,2
DA:58,2
DA:59,1
DA:61,2
DA:63,4
DA:67,53
DA:68,16
DA:71,37
DA:82,21
DA:99,5
LF:41
LH:41
BRDA:40,0,0,16
BRDA:40,0,1,0
BRDA:53,1,0,1
BRDA:53,1,1,1
BRDA:58,2,0,1
BRDA:58,2,1,1
BRDA:67,3,0,16
BRDA:67,3,1,37
BRDA:67,4,0,53
BRDA:67,4,1,16
BRDA:75,5,0,37
BRDA:75,5,1,3
BRDA:77,6,0,20
BRDA:77,6,1,17
BRDA:93,7,0,21
BRDA:93,7,1,1
BRDA:94,8,0,4
BRDA:94,8,1,17
BRDA:96,9,0,21
BRDA:96,9,1,16
BRF:20
BRH:19
end_of_record
TN:
SF:src/components/Toast.js
FN:5,(anonymous_0)
FN:10,(anonymous_1)
FN:15,(anonymous_2)
FNF:3
FNH:3
FNDA:36,(anonymous_0)
FNDA:20,(anonymous_1)
FNDA:2,(anonymous_2)
DA:5,1
DA:6,36
DA:8,31
DA:11,20
DA:15,2
LF:5
LH:5
BRF:0
BRH:0
end_of_record
TN:
SF:src/components/UserCard.js
FN:3,UserCard
FNF:1
FNH:1
FNDA:6,UserCard
DA:4,6
DA:6,6
LF:2
LH:2
BRDA:15,0,0,6
BRDA:15,0,1,0
BRDA:21,1,0,5
BRDA:21,1,1,1
BRDA:29,2,0,5
BRDA:29,2,1,1
BRDA:35,3,0,5
BRDA:35,3,1,1
BRDA:39,4,0,5
BRDA:39,4,1,1
BRF:10
BRH:9
end_of_record
TN:
SF:src/config/constants.js
FNF:0
FNH:0
DA:6,3
DA:14,3
DA:17,3
DA:20,3
DA:27,3
LF:5
LH:5
BRF:0
BRH:0
end_of_record
TN:
SF:src/context/AuthContext.js
FN:8,AuthProvider
FN:13,(anonymous_1)
FN:24,(anonymous_2)
FN:25,(anonymous_3)
FN:26,(anonymous_4)
FN:30,(anonymous_5)
FN:35,(anonymous_6)
FN:49,(anonymous_7)
FN:66,useAuth
FNF:9
FNH:9
FNDA:27,AuthProvider
FNDA:13,(anonymous_1)
FNDA:3,(anonymous_2)
FNDA:2,(anonymous_3)
FNDA:5,(anonymous_4)
FNDA:1,(anonymous_5)
FNDA:2,(anonymous_6)
FNDA:2,(anonymous_7)
FNDA:24,useAuth
DA:4,5
DA:6,5
DA:9,27
DA:10,27
DA:13,27
DA:14,13
DA:15,13
DA:16,8
DA:17,8
DA:20,5
DA:24,3
DA:25,2
DA:26,5
DA:30,27
DA:31,1
DA:35,27
DA:36,2
DA:37,2
DA:38,2
DA:44,2
DA:45,2
DA:49,27
DA:50,2
DA:51,2
DA:54,2
DA:57,27
DA:67,24
DA:68,24
DA:69,23
LF:29
LH:29
BRDA:4,0,0,5
BRDA:4,0,1,0
BRDA:15,1,0,8
BRDA:15,1,1,5
BRDA:68,2,0,1
BRDA:68,2,1,23
BRF:6
BRH:5
end_of_record
TN:
SF:src/context/ThemeContext.js
FN:5,(anonymous_0)
FN:9,(anonymous_1)
FN:17,(anonymous_2)
FN:27,(anonymous_3)
FN:52,(anonymous_4)
FNF:5
FNH:5
FNDA:36,(anonymous_0)
FNDA:16,(anonymous_1)
FNDA:20,(anonymous_2)
FNDA:4,(anonymous_3)
FNDA:17,(anonymous_4)
DA:3,1
DA:5,1
DA:6,36
DA:7,36
DA:9,36
DA:11,16
DA:12,16
DA:13,16
DA:14,16
DA:17,36
DA:18,20
DA:20,20
DA:21,7
DA:23,13
DA:27,36
DA:28,4
DA:29,4
DA:30,4
DA:31,4
DA:34,36
DA:41,36
DA:42,16
DA:45,20
DA:52,1
DA:53,17
DA:54,17
DA:55,1
DA:57,16
LF:28
LH:28
BRDA:11,0,0,16
BRDA:11,0,1,12
BRDA:20,1,0,7
BRDA:20,1,1,13
BRDA:28,2,0,3
BRDA:28,2,1,1
BRDA:41,3,0,16
BRDA:41,3,1,20
BRDA:54,4,0,1
BRDA:54,4,1,16
BRF:10
BRH:10
end_of_record
TN:
SF:src/context/ToastContext.js
FN:5,(anonymous_0)
FN:9,(anonymous_1)
FN:13,(anonymous_2)
FN:16,(anonymous_3)
FN:17,(anonymous_4)
FN:17,(anonymous_5)
FN:26,(anonymous_6)
FN:27,(anonymous_7)
FN:27,(anonymous_8)
FN:43,(anonymous_9)
FNF:10
FNH:10
FNDA:45,(anonymous_0)
FNDA:25,(anonymous_1)
FNDA:25,(anonymous_2)
FNDA:1,(anonymous_3)
FNDA:1,(anonymous_4)
FNDA:1,(anonymous_5)
FNDA:3,(anonymous_6)
FNDA:3,(anonymous_7)
FNDA:5,(anonymous_8)
FNDA:83,(anonymous_9)
DA:3,2
DA:5,2
DA:6,45
DA:8,45
DA:10,25
DA:11,25
DA:13,25
DA:15,25
DA:16,16
DA:17,1
DA:21,25
DA:26,45
DA:27,5
DA:30,45
DA:36,45
DA:43,2
DA:44,83
DA:45,79
DA:46,8
DA:48,71
LF:20
LH:20
BRDA:9,0,0,0
BRDA:9,1,0,15
BRDA:15,2,0,16
BRDA:15,2,1,9
BRDA:45,3,0,8
BRDA:45,3,1,71
BRF:6
BRH:5
end_of_record
TN:
SF:src/hooks/usePolling.js
FN:10,(anonymous_0)
FN:13,(anonymous_1)
FN:25,(anonymous_2)
FN:29,(anonymous_3)
FN:37,(anonymous_4)
FN:44,(anonymous_5)
FN:47,(anonymous_6)
FNF:7
FNH:7
FNDA:11,(anonymous_0)
FNDA:11,(anonymous_1)
FNDA:8,(anonymous_2)
FNDA:9,(anonymous_3)
FNDA:4,(anonymous_4)
FNDA:3,(anonymous_5)
FNDA:1,(anonymous_6)
DA:10,1
DA:11,11
DA:13,11
DA:14,11
DA:15,2
DA:16,1
DA:18,2
DA:22,9
DA:25,9
DA:26,8
DA:29,9
DA:30,9
DA:31,7
DA:37,11
DA:38,4
DA:39,3
DA:40,3
DA:44,11
DA:45,3
DA:46,1
DA:47,1
DA:48,1
DA:53,11
LF:23
LH:23
BRDA:10,0,0,0
BRDA:10,1,0,0
BRDA:10,2,0,0
BRDA:14,3,0,2
BRDA:14,3,1,9
BRDA:15,4,0,1
BRDA:15,4,1,1
BRDA:30,5,0,7
BRDA:30,5,1,2
BRDA:38,6,0,3
BRDA:38,6,1,1
BRDA:45,7,0,1
BRDA:45,7,1,2
BRDA:45,8,0,3
BRDA:45,8,1,2
BRF:15
BRH:12
end_of_record
TN:
SF:src/hooks/useSyncListener.js
FN:10,(anonymous_0)
FN:11,(anonymous_1)
FN:13,(anonymous_2)
FN:17,(anonymous_3)
FN:18,(anonymous_4)
FNF:5
FNH:5
FNDA:7,(anonymous_0)
FNDA:7,(anonymous_1)
FNDA:7,(anonymous_2)
FNDA:5,(anonymous_3)
FNDA:6,(anonymous_4)
DA:8,1
DA:10,1
DA:11,7
DA:12,7
DA:13,7
DA:17,1
DA:18,5
DA:19,6
DA:20,6
DA:22,1
DA:28,1
LF:11
LH:11
BRF:0
BRH:0
end_of_record
TN:
SF:src/pages/AuthCallback.js
FN:10,AuthCallback
FN:15,(anonymous_1)
FN:19,(anonymous_2)
FN:20,(anonymous_3)
FNF:4
FNH:4
FNDA:18,AuthCallback
FNDA:17,(anonymous_1)
FNDA:7,(anonymous_2)
FNDA:1,(anonymous_3)
DA:11,18
DA:12,18
DA:13,18
DA:15,18
DA:16,17
DA:17,17
DA:18,9
DA:19,7
DA:20,1
DA:22,8
DA:26,18
LF:11
LH:11
BRDA:17,0,0,9
BRDA:17,0,1,8
BRF:2
BRH:2
end_of_record
TN:
SF:src/pages/DashboardPage.js
FN:14,DashboardPage
FN:25,(anonymous_1)
FN:33,(anonymous_2)
FN:35,(anonymous_3)
FN:38,(anonymous_4)
FN:39,(anonymous_5)
FN:43,(anonymous_6)
FN:51,(anonymous_7)
FN:59,(anonymous_8)
FN:60,(anonymous_9)
FN:63,(anonymous_10)
FN:66,(anonymous_11)
FN:67,(anonymous_12)
FN:71,(anonymous_13)
FN:77,(anonymous_14)
FN:81,(anonymous_15)
FN:86,(anonymous_16)
FN:92,(anonymous_17)
FN:95,(anonymous_18)
FN:97,(anonymous_19)
FN:104,(anonymous_20)
FN:109,(anonymous_21)
FN:111,(anonymous_22)
FN:115,(anonymous_23)
FN:116,(anonymous_24)
FN:131,(anonymous_25)
FN:140,(anonymous_26)
FN:146,(anonymous_27)
FN:152,(anonymous_28)
FN:158,(anonymous_29)
FN:181,(anonymous_30)
FN:211,(anonymous_31)
FNF:32
FNH:32
FNDA:88,DashboardPage
FNDA:38,(anonymous_1)
FNDA:36,(anonymous_2)
FNDA:61,(anonymous_3)
FNDA:1,(anonymous_4)
FNDA:37,(anonymous_5)
FNDA:38,(anonymous_6)
FNDA:36,(anonymous_7)
FNDA:34,(anonymous_8)
FNDA:30,(anonymous_9)
FNDA:1,(anonymous_10)
FNDA:1,(anonymous_11)
FNDA:37,(anonymous_12)
FNDA:2,(anonymous_13)
FNDA:2,(anonymous_14)
FNDA:2,(anonymous_15)
FNDA:1,(anonymous_16)
FNDA:38,(anonymous_17)
FNDA:52,(anonymous_18)
FNDA:1,(anonymous_19)
FNDA:228,(anonymous_20)
FNDA:38,(anonymous_21)
FNDA:228,(anonymous_22)
FNDA:69,(anonymous_23)
FNDA:69,(anonymous_24)
FNDA:69,(anonymous_25)
FNDA:1,(anonymous_26)
FNDA:6,(anonymous_27)
FNDA:1,(anonymous_28)
FNDA:1,(anonymous_29)
FNDA:60,(anonymous_30)
FNDA:8,(anonymous_31)
DA:11,1
DA:12,1
DA:15,88
DA:16,88
DA:17,87
DA:18,87
DA:19,87
DA:20,87
DA:21,87
DA:22,87
DA:25,87
DA:26,38
DA:27,38
DA:29,37
DA:35,61
DA:36,36
DA:38,1
DA:39,37
DA:43,87
DA:44,38
DA:45,38
DA:47,37
DA:52,36
DA:54,36
DA:55,35
DA:60,34
DA:61,34
DA:63,1
DA:66,1
DA:67,37
DA:71,87
DA:72,2
DA:73,2
DA:77,87
DA:78,2
DA:79,1
DA:81,2
DA:86,87
DA:88,1
DA:92,87
DA:95,38
DA:96,52
DA:97,52
DA:98,1
DA:99,1
DA:103,38
DA:104,228
DA:107,38
DA:109,38
DA:110,38
DA:111,228
DA:115,87
DA:116,87
DA:118,87
DA:131,69
DA:140,1
DA:146,6
DA:152,1
DA:158,1
DA:182,60
DA:212,8
LF:61
LH:61
BRDA:11,0,0,1
BRDA:11,0,1,0
BRDA:27,1,0,1
BRDA:27,1,1,37
BRDA:45,2,0,1
BRDA:45,2,1,37
BRDA:52,3,0,36
BRDA:52,3,1,1
BRDA:54,4,0,35
BRDA:54,4,1,1
BRDA:60,5,0,34
BRDA:60,5,1,0
BRDA:78,6,0,1
BRDA:78,6,1,1
BRDA:128,7,0,85
BRDA:128,7,1,2
BRDA:129,8,0,86
BRDA:129,8,1,1
BRDA:139,9,0,71
BRDA:139,9,1,16
BRDA:145,10,0,12
BRDA:145,10,1,75
BRDA:151,11,0,2
BRDA:151,11,1,85
BRDA:157,12,0,2
BRDA:157,12,1,85
BRDA:165,13,0,87
BRDA:165,13,1,71
BRDA:169,14,0,38
BRDA:169,14,1,33
BRDA:173,15,0,3
BRDA:173,15,1,30
BRDA:197,16,0,87
BRDA:197,16,1,12
BRDA:199,17,0,6
BRDA:199,17,1,6
BRDA:203,18,0,2
BRDA:203,18,1,4
BRDA:220,19,0,87
BRDA:220,19,1,2
BRDA:227,20,0,87
BRDA:227,20,1,2
BRF:42
BRH:40
end_of_record
TN:
SF:src/pages/LiveTrackingPage.js
FN:38,calcSpeed
FN:59,haversineMeters
FN:74,getBearing
FN:86,LiveTrackingPage
FN:125,(anonymous_4)
FN:126,(anonymous_5)
FN:161,(anonymous_6)
FN:165,(anonymous_7)
FN:170,(anonymous_8)
FN:184,(anonymous_9)
FN:190,(anonymous_10)
FN:197,(anonymous_11)
FN:204,(anonymous_12)
FN:211,(anonymous_13)
FN:219,(anonymous_14)
FN:221,(anonymous_15)
FN:235,(anonymous_16)
FN:236,(anonymous_17)
FN:242,(anonymous_18)
FN:244,(anonymous_19)
FN:250,(anonymous_20)
FN:255,(anonymous_21)
FN:257,(anonymous_22)
FN:269,(anonymous_23)
FN:272,(anonymous_24)
FN:276,(anonymous_25)
FN:288,(anonymous_26)
FN:308,(anonymous_27)
FN:325,(anonymous_28)
FN:341,(anonymous_29)
FN:359,(anonymous_30)
FN:385,(anonymous_31)
FN:411,(anonymous_32)
FN:412,(anonymous_33)
FN:427,(anonymous_34)
FN:489,(anonymous_35)
FN:505,(anonymous_36)
FN:559,(anonymous_37)
FN:559,(anonymous_38)
FN:789,(anonymous_39)
FNF:40
FNH:40
FNDA:4,calcSpeed
FNDA:25,haversineMeters
FNDA:6,getBearing
FNDA:161,LiveTrackingPage
FNDA:65,(anonymous_4)
FNDA:65,(anonymous_5)
FNDA:107,(anonymous_6)
FNDA:14,(anonymous_7)
FNDA:4,(anonymous_8)
FNDA:5,(anonymous_9)
FNDA:2,(anonymous_10)
FNDA:3,(anonymous_11)
FNDA:3,(anonymous_12)
FNDA:3,(anonymous_13)
FNDA:4,(anonymous_14)
FNDA:4,(anonymous_15)
FNDA:107,(anonymous_16)
FNDA:642,(anonymous_17)
FNDA:115,(anonymous_18)
FNDA:1,(anonymous_19)
FNDA:115,(anonymous_20)
FNDA:22,(anonymous_21)
FNDA:25,(anonymous_22)
FNDA:4,(anonymous_23)
FNDA:9,(anonymous_24)
FNDA:1,(anonymous_25)
FNDA:12,(anonymous_26)
FNDA:4,(anonymous_27)
FNDA:3,(anonymous_28)
FNDA:3,(anonymous_29)
FNDA:15,(anonymous_30)
FNDA:3,(anonymous_31)
FNDA:65,(anonymous_32)
FNDA:65,(anonymous_33)
FNDA:148,(anonymous_34)
FNDA:1,(anonymous_35)
FNDA:1,(anonymous_36)
FNDA:1,(anonymous_37)
FNDA:1,(anonymous_38)
FNDA:1,(anonymous_39)
DA:39,4
DA:40,3
DA:41,3
DA:43,2
DA:44,2
DA:45,2
DA:46,2
DA:47,2
DA:49,2
DA:51,2
DA:53,2
DA:60,25
DA:61,25
DA:62,25
DA:63,25
DA:64,25
DA:66,25
DA:68,25
DA:75,6
DA:76,6
DA:77,6
DA:78,6
DA:80,6
DA:82,6
DA:87,161
DA:88,161
DA:89,161
DA:92,161
DA:93,160
DA:94,160
DA:97,160
DA:98,160
DA:99,160
DA:104,160
DA:105,160
DA:106,160
DA:107,160
DA:110,160
DA:113,160
DA:114,160
DA:115,160
DA:116,160
DA:119,160
DA:120,160
DA:121,160
DA:122,160
DA:125,160
DA:126,65
DA:127,65
DA:128,65
DA:129,65
DA:130,63
DA:131,63
DA:132,63
DA:133,63
DA:134,63
DA:137,63
DA:138,61
DA:142,63
DA:143,63
DA:144,61
DA:149,63
DA:151,1
DA:152,1
DA:154,64
DA:157,65
DA:161,160
DA:162,107
DA:165,107
DA:166,14
DA:168,13
DA:170,4
DA:175,9
DA:178,9
DA:180,8
DA:181,5
DA:183,8
DA:184,6
DA:190,107
DA:191,2
DA:192,1
DA:193,1
DA:197,107
DA:198,3
DA:199,2
DA:200,2
DA:204,107
DA:205,3
DA:206,2
DA:207,2
DA:211,107
DA:212,3
DA:213,2
DA:214,2
DA:215,2
DA:219,107
DA:220,4
DA:221,4
DA:222,4
DA:226,107
DA:235,107
DA:236,642
DA:237,107
DA:242,160
DA:243,115
DA:244,12
DA:245,1
DA:248,103
DA:250,115
DA:254,160
DA:256,22
DA:259,25
DA:260,4
DA:262,25
DA:263,25
DA:266,25
DA:268,24
DA:269,12
DA:270,12
DA:272,12
DA:273,12
DA:277,1
DA:278,1
DA:279,1
DA:288,160
DA:289,12
DA:290,2
DA:291,2
DA:293,10
DA:294,10
DA:295,9
DA:296,9
DA:297,9
DA:298,9
DA:299,9
DA:300,9
DA:302,1
DA:303,1
DA:308,160
DA:309,4
DA:310,1
DA:311,1
DA:313,3
DA:314,3
DA:315,2
DA:316,2
DA:317,2
DA:318,2
DA:320,1
DA:325,160
DA:326,3
DA:327,1
DA:328,1
DA:330,2
DA:331,2
DA:332,1
DA:333,1
DA:334,1
DA:336,1
DA:341,160
DA:342,3
DA:343,1
DA:344,1
DA:346,2
DA:347,2
DA:348,1
DA:349,1
DA:350,1
DA:351,1
DA:352,1
DA:354,1
DA:359,160
DA:360,15
DA:361,2
DA:362,2
DA:364,13
DA:365,13
DA:366,12
DA:367,12
DA:369,12
DA:370,7
DA:372,12
DA:373,12
DA:374,12
DA:375,12
DA:376,12
DA:379,1
DA:380,1
DA:385,160
DA:386,3
DA:387,1
DA:388,1
DA:390,2
DA:392,2
DA:395,1
DA:397,1
DA:398,1
DA:399,1
DA:400,1
DA:403,1
DA:405,1
DA:406,1
DA:411,160
DA:412,65
DA:413,65
DA:414,65
DA:419,160
DA:420,160
DA:421,160
DA:422,160
DA:423,160
DA:427,160
DA:428,148
DA:429,29
DA:430,28
DA:431,27
DA:434,9
DA:435,9
DA:436,9
DA:437,19
DA:438,19
DA:439,13
DA:440,13
DA:445,9
DA:448,9
DA:449,9
DA:454,9
DA:456,3
DA:459,6
DA:460,6
DA:461,6
DA:463,6
DA:467,160
DA:468,65
DA:482,95
DA:483,1
DA:489,1
DA:499,94
DA:505,1
DA:559,1
DA:789,1
LF:241
LH:241
BRDA:39,0,0,1
BRDA:39,0,1,3
BRDA:39,1,0,4
BRDA:39,1,1,4
BRDA:41,2,0,1
BRDA:41,2,1,2
BRDA:133,3,0,63
BRDA:133,3,1,44
BRDA:134,4,0,63
BRDA:134,4,1,0
BRDA:137,5,0,61
BRDA:137,5,1,2
BRDA:166,6,0,1
BRDA:166,6,1,13
BRDA:168,7,0,4
BRDA:168,7,1,9
BRDA:175,8,0,9
BRDA:175,8,1,0
BRDA:178,9,0,8
BRDA:178,9,1,1
BRDA:180,10,0,5
BRDA:180,10,1,3
BRDA:183,11,0,6
BRDA:183,11,1,2
BRDA:191,12,0,1
BRDA:191,12,1,1
BRDA:193,13,0,1
BRDA:193,13,1,0
BRDA:198,14,0,2
BRDA:198,14,1,1
BRDA:200,15,0,2
BRDA:200,15,1,0
BRDA:205,16,0,2
BRDA:205,16,1,1
BRDA:207,17,0,2
BRDA:207,17,1,0
BRDA:212,18,0,2
BRDA:212,18,1,1
BRDA:215,19,0,2
BRDA:215,19,1,0
BRDA:220,20,0,4
BRDA:220,20,1,0
BRDA:222,21,0,4
BRDA:222,21,1,0
BRDA:236,22,0,642
BRDA:236,22,1,642
BRDA:243,23,0,12
BRDA:243,23,1,103
BRDA:243,24,0,115
BRDA:243,24,1,37
BRDA:259,25,0,4
BRDA:259,25,1,21
BRDA:266,26,0,1
BRDA:266,26,1,24
BRDA:268,27,0,12
BRDA:268,27,1,12
BRDA:278,28,0,1
BRDA:278,28,1,0
BRDA:289,29,0,2
BRDA:289,29,1,10
BRDA:290,30,0,2
BRDA:290,30,1,0
BRDA:300,31,0,9
BRDA:300,31,1,0
BRDA:303,32,0,1
BRDA:303,32,1,0
BRDA:309,33,0,1
BRDA:309,33,1,3
BRDA:310,34,0,1
BRDA:310,34,1,0
BRDA:318,35,0,1
BRDA:318,35,1,1
BRDA:326,36,0,1
BRDA:326,36,1,2
BRDA:327,37,0,1
BRDA:327,37,1,0
BRDA:334,38,0,1
BRDA:334,38,1,0
BRDA:342,39,0,1
BRDA:342,39,1,2
BRDA:343,40,0,1
BRDA:343,40,1,0
BRDA:352,41,0,1
BRDA:352,41,1,0
BRDA:360,42,0,2
BRDA:360,42,1,13
BRDA:361,43,0,2
BRDA:361,43,1,0
BRDA:366,44,0,12
BRDA:366,44,1,0
BRDA:367,45,0,12
BRDA:367,45,1,0
BRDA:369,46,0,7
BRDA:369,46,1,5
BRDA:376,47,0,12
BRDA:376,47,1,0
BRDA:380,48,0,1
BRDA:380,48,1,0
BRDA:386,49,0,1
BRDA:386,49,1,2
BRDA:387,50,0,1
BRDA:387,50,1,0
BRDA:400,51,0,1
BRDA:400,51,1,0
BRDA:406,52,0,1
BRDA:406,52,1,0
BRDA:421,53,0,63
BRDA:421,53,1,97
BRDA:422,54,0,63
BRDA:422,54,1,97
BRDA:423,55,0,160
BRDA:423,55,1,97
BRDA:423,55,2,30
BRDA:428,56,0,119
BRDA:428,56,1,29
BRDA:428,57,0,148
BRDA:428,57,1,29
BRDA:429,58,0,1
BRDA:429,58,1,28
BRDA:430,59,0,1
BRDA:430,59,1,27
BRDA:431,60,0,18
BRDA:431,60,1,9
BRDA:438,61,0,13
BRDA:438,61,1,6
BRDA:454,62,0,3
BRDA:454,62,1,6
BRDA:467,63,0,65
BRDA:467,63,1,95
BRDA:482,64,0,1
BRDA:482,64,1,94
BRDA:482,65,0,95
BRDA:482,65,1,94
BRDA:488,66,0,1
BRDA:488,66,1,0
BRDA:512,67,0,94
BRDA:512,67,1,0
BRDA:516,68,0,94
BRDA:516,68,1,42
BRDA:519,69,0,94
BRDA:519,69,1,39
BRDA:522,70,0,94
BRDA:522,70,1,6
BRDA:525,71,0,94
BRDA:525,71,1,42
BRDA:526,72,0,94
BRDA:526,72,1,39
BRDA:527,73,0,94
BRDA:527,73,1,6
BRDA:528,74,0,94
BRDA:528,74,1,7
BRDA:530,75,0,94
BRDA:530,75,1,2
BRDA:550,76,0,63
BRDA:550,76,1,31
BRDA:553,77,0,94
BRDA:553,77,1,0
BRDA:554,78,0,94
BRDA:554,78,1,1
BRDA:558,79,0,93
BRDA:558,79,1,1
BRDA:560,80,0,93
BRDA:560,80,1,1
BRDA:578,81,0,1
BRDA:578,81,1,93
BRDA:585,82,0,24
BRDA:585,82,1,70
BRDA:585,83,0,94
BRDA:585,83,1,73
BRDA:599,84,0,94
BRDA:599,84,1,30
BRDA:599,84,2,30
BRDA:599,84,3,30
BRDA:599,84,4,10
BRDA:629,85,0,94
BRDA:629,85,1,92
BRDA:638,86,0,92
BRDA:638,86,1,78
BRDA:652,87,0,94
BRDA:652,87,1,63
BRDA:654,88,0,63
BRDA:654,88,1,38
BRDA:664,89,0,63
BRDA:664,89,1,15
BRDA:683,90,0,63
BRDA:683,90,1,6
BRDA:702,91,0,63
BRDA:702,91,1,4
BRDA:708,92,0,0
BRDA:708,92,1,4
BRDA:716,93,0,94
BRDA:716,93,1,30
BRDA:716,93,2,30
BRDA:718,94,0,30
BRDA:718,94,1,6
BRDA:718,94,2,24
BRDA:721,95,0,15
BRDA:721,95,1,9
BRDA:741,96,0,30
BRDA:741,96,1,3
BRDA:748,97,0,30
BRDA:748,97,1,3
BRDA:753,98,0,2
BRDA:753,98,1,1
BRDA:783,99,0,94
BRDA:783,99,1,31
BRDA:783,99,2,1
BRF:207
BRH:178
end_of_record
TN:
SF:src/pages/LoginPage.js
FN:5,GoogleIcon
FN:28,LoginPage
FNF:2
FNH:2
FNDA:17,GoogleIcon
FNDA:17,LoginPage
DA:6,17
DA:29,17
DA:31,17
LF:3
LH:3
BRF:0
BRH:0
end_of_record
TN:
SF:src/pages/PathDetailPage.js
FN:26,(anonymous_0)
FN:44,(anonymous_1)
FN:61,(anonymous_2)
FN:66,(anonymous_3)
FN:68,(anonymous_4)
FN:70,(anonymous_5)
FN:71,(anonymous_6)
FN:74,(anonymous_7)
FN:79,(anonymous_8)
FN:83,(anonymous_9)
FN:93,(anonymous_10)
FN:97,(anonymous_11)
FN:108,(anonymous_12)
FN:121,(anonymous_13)
FN:128,(anonymous_14)
FN:131,(anonymous_15)
FN:136,(anonymous_16)
FN:169,(anonymous_17)
FN:186,(anonymous_18)
FN:207,(anonymous_19)
FN:256,(anonymous_20)
FN:270,(anonymous_21)
FN:294,(anonymous_22)
FN:301,(anonymous_23)
FN:322,(anonymous_24)
FNF:25
FNH:25
FNDA:193,(anonymous_0)
FNDA:59,(anonymous_1)
FNDA:58,(anonymous_2)
FNDA:109,(anonymous_3)
FNDA:3,(anonymous_4)
FNDA:2,(anonymous_5)
FNDA:1,(anonymous_6)
FNDA:109,(anonymous_7)
FNDA:6,(anonymous_8)
FNDA:5,(anonymous_9)
FNDA:4,(anonymous_10)
FNDA:3,(anonymous_11)
FNDA:48,(anonymous_12)
FNDA:105,(anonymous_13)
FNDA:3,(anonymous_14)
FNDA:1,(anonymous_15)
FNDA:2,(anonymous_16)
FNDA:1,(anonymous_17)
FNDA:1,(anonymous_18)
FNDA:1,(anonymous_19)
FNDA:1,(anonymous_20)
FNDA:52,(anonymous_21)
FNDA:6,(anonymous_22)
FNDA:4,(anonymous_23)
FNDA:1,(anonymous_24)
DA:19,1
DA:26,1
DA:27,193
DA:28,193
DA:29,193
DA:30,193
DA:31,192
DA:32,192
DA:33,192
DA:34,192
DA:35,192
DA:36,192
DA:37,192
DA:39,192
DA:40,192
DA:41,192
DA:44,192
DA:45,59
DA:46,59
DA:47,59
DA:48,56
DA:49,56
DA:50,56
DA:51,56
DA:53,2
DA:54,2
DA:56,58
DA:61,192
DA:62,58
DA:66,192
DA:67,109
DA:68,47
DA:69,3
DA:70,2
DA:71,1
DA:74,109
DA:75,109
DA:79,192
DA:80,6
DA:81,6
DA:82,6
DA:83,5
DA:84,5
DA:86,1
DA:87,1
DA:89,6
DA:93,192
DA:94,4
DA:95,4
DA:96,4
DA:97,3
DA:98,3
DA:100,1
DA:101,1
DA:103,4
DA:108,192
DA:109,48
DA:110,48
DA:111,48
DA:112,47
DA:114,1
DA:116,48
DA:121,192
DA:122,105
DA:123,47
DA:128,192
DA:129,3
DA:130,3
DA:131,2
DA:133,2
DA:134,2
DA:136,2
DA:140,1
DA:141,1
DA:146,192
DA:147,58
DA:161,134
DA:162,3
DA:169,1
DA:178,131
DA:180,131
DA:186,1
DA:207,1
DA:256,1
DA:271,52
DA:294,6
DA:301,4
DA:322,1
LF:88
LH:88
BRDA:39,0,0,192
BRDA:39,0,1,192
BRDA:41,1,0,192
BRDA:41,1,1,65
BRDA:44,2,0,58
BRDA:46,3,0,58
BRDA:46,3,1,1
BRDA:54,4,0,2
BRDA:54,4,1,0
BRDA:54,5,0,2
BRDA:54,5,1,0
BRDA:56,6,0,57
BRDA:56,6,1,1
BRDA:67,7,0,47
BRDA:67,7,1,62
BRDA:67,8,0,109
BRDA:67,8,1,109
BRDA:75,9,0,47
BRDA:75,9,1,62
BRDA:84,10,0,5
BRDA:84,10,1,0
BRDA:87,11,0,1
BRDA:87,11,1,0
BRDA:98,12,0,3
BRDA:98,12,1,0
BRDA:101,13,0,1
BRDA:101,13,1,0
BRDA:122,14,0,47
BRDA:122,14,1,58
BRDA:133,15,0,2
BRDA:133,15,1,0
BRDA:146,16,0,58
BRDA:146,16,1,134
BRDA:161,17,0,3
BRDA:161,17,1,131
BRDA:161,18,0,134
BRDA:161,18,1,132
BRDA:168,19,0,3
BRDA:168,19,1,1
BRDA:178,20,0,131
BRDA:178,20,1,0
BRDA:197,21,0,131
BRDA:197,21,1,127
BRDA:198,22,0,131
BRDA:198,22,1,2
BRDA:198,22,2,2
BRDA:204,23,0,131
BRDA:204,23,1,129
BRDA:216,24,0,131
BRDA:216,24,1,0
BRDA:220,25,0,131
BRDA:220,25,1,1
BRDA:221,26,0,3
BRDA:221,26,1,128
BRDA:221,27,0,131
BRDA:221,27,1,1
BRDA:231,28,0,131
BRDA:231,28,1,130
BRDA:241,29,0,131
BRDA:241,29,1,130
BRDA:249,30,0,131
BRDA:249,30,1,127
BRDA:263,31,0,77
BRDA:263,31,1,50
BRDA:273,32,0,2
BRDA:273,32,1,50
BRDA:282,33,0,50
BRDA:282,33,1,0
BRDA:286,34,0,52
BRDA:286,34,1,0
BRDA:297,35,0,20
BRDA:297,35,1,32
BRDA:304,36,0,20
BRDA:304,36,1,32
BRDA:315,37,0,131
BRDA:315,37,1,131
BRDA:315,37,2,130
BRDA:319,38,0,130
BRDA:319,38,1,126
BRDA:330,39,0,2
BRDA:330,39,1,128
BRF:81
BRH:70
end_of_record
TN:
SF:src/services/api.js
FN:17,(anonymous_0)
FN:24,(anonymous_1)
FN:31,(anonymous_2)
FN:32,(anonymous_3)
FNF:4
FNH:4
FNDA:3,(anonymous_0)
FNDA:2,(anonymous_1)
FNDA:1,(anonymous_2)
FNDA:9,(anonymous_3)
DA:4,8
DA:7,8
DA:16,8
DA:18,3
DA:19,3
DA:20,2
DA:22,3
DA:25,2
DA:30,8
DA:31,1
DA:33,9
DA:35,3
DA:36,3
DA:38,9
LF:14
LH:14
BRDA:4,0,0,8
BRDA:4,0,1,0
BRDA:19,1,0,2
BRDA:19,1,1,1
BRDA:33,2,0,3
BRDA:33,2,1,6
BRF:6
BRH:5
end_of_record
TN:
SF:src/services/followRequestService.js
FN:4,(anonymous_0)
FN:21,(anonymous_1)
FN:32,(anonymous_2)
FN:43,(anonymous_3)
FN:57,(anonymous_4)
FN:74,(anonymous_5)
FN:91,(anonymous_6)
FNF:7
FNH:7
FNDA:5,(anonymous_0)
FNDA:3,(anonymous_1)
FNDA:3,(anonymous_2)
FNDA:4,(anonymous_3)
FNDA:5,(anonymous_4)
FNDA:5,(anonymous_5)
FNDA:4,(anonymous_6)
DA:4,5
DA:5,5
DA:6,5
DA:7,2
DA:9,3
DA:13,1
DA:15,4
DA:16,4
DA:21,5
DA:22,3
DA:23,3
DA:24,1
DA:26,2
DA:27,2
DA:32,5
DA:33,3
DA:34,3
DA:35,1
DA:37,2
DA:38,2
DA:43,5
DA:44,4
DA:45,4
DA:46,1
DA:48,3
DA:49,1
DA:51,3
DA:52,3
DA:57,5
DA:58,5
DA:59,5
DA:60,2
DA:62,3
DA:66,1
DA:68,4
DA:69,4
DA:74,5
DA:75,5
DA:76,5
DA:77,2
DA:79,3
DA:83,1
DA:85,4
DA:86,4
DA:91,5
DA:92,4
DA:93,4
DA:94,1
DA:96,3
DA:99,1
DA:101,3
DA:102,3
LF:52
LH:52
BRDA:6,0,0,2
BRDA:6,0,1,3
BRDA:6,1,0,5
BRDA:6,1,1,4
BRDA:15,2,0,4
BRDA:15,2,1,3
BRDA:15,2,2,1
BRDA:26,3,0,2
BRDA:26,3,1,1
BRDA:26,3,2,1
BRDA:37,4,0,2
BRDA:37,4,1,1
BRDA:37,4,2,1
BRDA:45,5,0,1
BRDA:45,5,1,3
BRDA:51,6,0,3
BRDA:51,6,1,2
BRDA:51,6,2,1
BRDA:59,7,0,2
BRDA:59,7,1,3
BRDA:59,8,0,5
BRDA:59,8,1,4
BRDA:68,9,0,4
BRDA:68,9,1,3
BRDA:68,9,2,1
BRDA:76,10,0,2
BRDA:76,10,1,3
BRDA:76,11,0,5
BRDA:76,11,1,4
BRDA:85,12,0,4
BRDA:85,12,1,3
BRDA:85,12,2,1
BRDA:93,13,0,1
BRDA:93,13,1,3
BRDA:101,14,0,3
BRDA:101,14,1,2
BRDA:101,14,2,1
BRF:37
BRH:37
end_of_record
TN:
SF:src/services/followerService.js
FN:4,(anonymous_0)
FN:18,(anonymous_1)
FNF:2
FNH:2
FNDA:6,(anonymous_0)
FNDA:6,(anonymous_1)
DA:4,2
DA:5,6
DA:6,6
DA:7,1
DA:9,5
DA:10,2
DA:12,4
DA:13,4
DA:18,2
DA:19,6
DA:20,6
DA:21,2
DA:23,4
DA:24,1
DA:26,5
DA:27,5
LF:16
LH:16
BRDA:6,0,0,1
BRDA:6,0,1,5
BRDA:12,1,0,4
BRDA:12,1,1,3
BRDA:12,1,2,1
BRDA:20,2,0,2
BRDA:20,2,1,4
BRDA:20,3,0,6
BRDA:20,3,1,5
BRDA:26,4,0,5
BRDA:26,4,1,4
BRDA:26,4,2,1
BRF:12
BRH:12
end_of_record
TN:
SF:src/services/gpsService.js
FN:11,(anonymous_0)
FN:18,(anonymous_1)
FN:19,(anonymous_2)
FN:26,(anonymous_3)
FN:34,(anonymous_4)
FN:53,(anonymous_5)
FN:56,(anonymous_6)
FN:65,(anonymous_7)
FN:80,(anonymous_8)
FN:91,(anonymous_9)
FN:97,(anonymous_10)
FN:107,(anonymous_11)
FN:125,(anonymous_12)
FN:136,(anonymous_13)
FN:146,(anonymous_14)
FNF:15
FNH:15
FNDA:15,(anonymous_0)
FNDA:4,(anonymous_1)
FNDA:4,(anonymous_2)
FNDA:2,(anonymous_3)
FNDA:1,(anonymous_4)
FNDA:9,(anonymous_5)
FNDA:1,(anonymous_6)
FNDA:4,(anonymous_7)
FNDA:1,(anonymous_8)
FNDA:2,(anonymous_9)
FNDA:12,(anonymous_10)
FNDA:7,(anonymous_11)
FNDA:3,(anonymous_12)
FNDA:6,(anonymous_13)
FNDA:9,(anonymous_14)
DA:6,2
DA:11,2
DA:12,15
DA:18,2
DA:19,4
DA:20,4
DA:21,1
DA:22,1
DA:25,3
DA:27,2
DA:35,1
DA:53,2
DA:54,9
DA:55,1
DA:56,1
DA:60,8
DA:62,8
DA:64,8
DA:66,4
DA:68,4
DA:69,3
DA:71,3
DA:78,3
DA:81,1
DA:82,1
DA:91,8
DA:97,2
DA:98,12
DA:99,8
DA:100,8
DA:107,2
DA:108,7
DA:109,7
DA:110,7
DA:111,7
DA:112,7
DA:115,7
DA:117,7
DA:119,7
DA:125,2
DA:126,3
DA:127,3
DA:128,2
DA:130,3
DA:136,2
DA:137,6
DA:138,3
DA:140,3
DA:146,2
DA:147,9
DA:148,9
DA:149,9
DA:151,9
DA:152,3
DA:154,6
DA:155,3
DA:157,3
LF:57
LH:57
BRDA:20,0,0,1
BRDA:20,0,1,3
BRDA:53,1,0,8
BRDA:54,2,0,1
BRDA:54,2,1,8
BRDA:68,3,0,1
BRDA:68,3,1,3
BRDA:82,4,0,1
BRDA:82,4,1,0
BRDA:98,5,0,8
BRDA:98,5,1,4
BRDA:137,6,0,3
BRDA:137,6,1,3
BRDA:151,7,0,3
BRDA:151,7,1,6
BRDA:154,8,0,3
BRDA:154,8,1,3
BRF:17
BRH:16
end_of_record
TN:
SF:src/services/socketService.js
FN:10,(anonymous_0)
FN:21,(anonymous_1)
FN:25,(anonymous_2)
FN:29,(anonymous_3)
FN:39,(anonymous_4)
FN:49,(anonymous_5)
FN:59,(anonymous_6)
FN:61,(anonymous_7)
FN:62,(anonymous_8)
FN:71,(anonymous_9)
FN:79,(anonymous_10)
FN:81,(anonymous_11)
FN:82,(anonymous_12)
FN:91,(anonymous_13)
FN:93,(anonymous_14)
FN:94,(anonymous_15)
FN:103,(anonymous_16)
FN:105,(anonymous_17)
FN:106,(anonymous_18)
FN:115,(anonymous_19)
FN:117,(anonymous_20)
FN:118,(anonymous_21)
FN:127,(anonymous_22)
FN:129,(anonymous_23)
FN:130,(anonymous_24)
FN:139,(anonymous_25)
FN:142,(anonymous_26)
FN:148,(anonymous_27)
FN:151,(anonymous_28)
FN:154,(anonymous_29)
FN:157,(anonymous_30)
FN:160,(anonymous_31)
FN:163,(anonymous_32)
FN:166,(anonymous_33)
FN:169,(anonymous_34)
FN:172,(anonymous_35)
FN:175,(anonymous_36)
FN:178,(anonymous_37)
FN:181,(anonymous_38)
FNF:39
FNH:39
FNDA:11,(anonymous_0)
FNDA:1,(anonymous_1)
FNDA:1,(anonymous_2)
FNDA:1,(anonymous_3)
FNDA:16,(anonymous_4)
FNDA:1,(anonymous_5)
FNDA:1,(anonymous_6)
FNDA:1,(anonymous_7)
FNDA:1,(anonymous_8)
FNDA:1,(anonymous_9)
FNDA:1,(anonymous_10)
FNDA:1,(anonymous_11)
FNDA:1,(anonymous_12)
FNDA:1,(anonymous_13)
FNDA:1,(anonymous_14)
FNDA:1,(anonymous_15)
FNDA:1,(anonymous_16)
FNDA:1,(anonymous_17)
FNDA:1,(anonymous_18)
FNDA:1,(anonymous_19)
FNDA:1,(anonymous_20)
FNDA:1,(anonymous_21)
FNDA:1,(anonymous_22)
FNDA:1,(anonymous_23)
FNDA:1,(anonymous_24)
FNDA:1,(anonymous_25)
FNDA:1,(anonymous_26)
FNDA:1,(anonymous_27)
FNDA:1,(anonymous_28)
FNDA:1,(anonymous_29)
FNDA:1,(anonymous_30)
FNDA:1,(anonymous_31)
FNDA:1,(anonymous_32)
FNDA:1,(anonymous_33)
FNDA:1,(anonymous_34)
FNDA:1,(anonymous_35)
FNDA:1,(anonymous_36)
FNDA:1,(anonymous_37)
FNDA:1,(anonymous_38)
DA:3,10
DA:5,10
DA:10,10
DA:11,11
DA:12,1
DA:15,10
DA:21,10
DA:22,1
DA:25,10
DA:26,1
DA:29,10
DA:30,1
DA:33,10
DA:39,10
DA:40,16
DA:41,5
DA:43,11
DA:49,10
DA:50,1
DA:51,1
DA:52,1
DA:59,10
DA:60,1
DA:61,1
DA:62,1
DA:63,1
DA:71,10
DA:72,1
DA:73,1
DA:79,10
DA:80,1
DA:81,1
DA:82,1
DA:83,1
DA:91,10
DA:92,1
DA:93,1
DA:94,1
DA:95,1
DA:103,10
DA:104,1
DA:105,1
DA:106,1
DA:107,1
DA:115,10
DA:116,1
DA:117,1
DA:118,1
DA:119,1
DA:127,10
DA:128,1
DA:129,1
DA:130,1
DA:131,1
DA:139,10
DA:140,1
DA:141,1
DA:142,1
DA:148,10
DA:149,1
DA:150,1
DA:151,1
DA:154,10
DA:155,1
DA:156,1
DA:157,1
DA:160,10
DA:161,1
DA:162,1
DA:163,1
DA:166,10
DA:167,1
DA:168,1
DA:169,1
DA:172,10
DA:173,1
DA:174,1
DA:175,1
DA:178,10
DA:179,1
DA:180,1
DA:181,1
LF:82
LH:82
BRDA:3,0,0,10
BRDA:3,0,1,0
BRDA:11,1,0,1
BRDA:11,1,1,10
BRDA:11,2,0,11
BRDA:11,2,1,1
BRDA:40,3,0,5
BRDA:40,3,1,11
BRDA:40,4,0,16
BRDA:40,4,1,11
BRDA:50,5,0,1
BRDA:50,5,1,0
BRF:12
BRH:10
end_of_record
