TN:
SF:src/App.js
FN:12,PrivateRoute
FN:24,App
FN:29,(anonymous_2)
FNF:3
FNH:0
FNDA:0,PrivateRoute
FNDA:0,App
FNDA:0,(anonymous_2)
DA:13,0
DA:14,0
DA:15,0
DA:21,0
DA:25,0
DA:26,0
DA:29,0
DA:30,0
DA:33,0
DA:34,0
DA:43,0
LF:11
LH:0
BRDA:14,0,0,0
BRDA:14,0,1,0
BRDA:21,1,0,0
BRDA:21,1,1,0
BRDA:33,2,0,0
BRDA:33,2,1,0
BRDA:49,3,0,0
BRDA:49,3,1,0
BRF:8
BRH:0
end_of_record
TN:
SF:src/components/FollowRequestsPanel.js
FN:10,(anonymous_0)
FN:18,(anonymous_1)
FN:33,(anonymous_2)
FN:37,(anonymous_3)
FN:39,(anonymous_4)
FN:40,(anonymous_5)
FN:43,(anonymous_6)
FN:50,(anonymous_7)
FN:56,(anonymous_8)
FN:73,(anonymous_9)
FN:79,(anonymous_10)
FN:110,(anonymous_11)
FN:134,(anonymous_12)
FN:141,(anonymous_13)
FNF:14
FNH:0
FNDA:0,(anonymous_0)
FNDA:0,(anonymous_1)
FNDA:0,(anonymous_2)
FNDA:0,(anonymous_3)
FNDA:0,(anonymous_4)
FNDA:0,(anonymous_5)
FNDA:0,(anonymous_6)
FNDA:0,(anonymous_7)
FNDA:0,(anonymous_8)
FNDA:0,(anonymous_9)
FNDA:0,(anonymous_10)
FNDA:0,(anonymous_11)
FNDA:0,(anonymous_12)
FNDA:0,(anonymous_13)
DA:10,0
DA:11,0
DA:12,0
DA:13,0
DA:14,0
DA:15,0
DA:18,0
DA:19,0
DA:20,0
DA:21,0
DA:22,0
DA:23,0
DA:25,0
DA:26,0
DA:28,0
DA:33,0
DA:34,0
DA:37,0
DA:38,0
DA:39,0
DA:40,0
DA:43,0
DA:44,0
DA:45,0
DA:50,0
DA:51,0
DA:52,0
DA:53,0
DA:55,0
DA:56,0
DA:59,0
DA:60,0
DA:63,0
DA:64,0
DA:65,0
DA:67,0
DA:69,0
DA:73,0
DA:74,0
DA:75,0
DA:76,0
DA:78,0
DA:79,0
DA:82,0
DA:83,0
DA:86,0
DA:87,0
DA:88,0
DA:90,0
DA:92,0
DA:96,0
DA:97,0
DA:100,0
DA:111,0
DA:134,0
DA:141,0
LF:56
LH:0
BRDA:44,0,0,0
BRDA:44,0,1,0
BRDA:56,1,0,0
BRDA:56,1,1,0
BRDA:59,2,0,0
BRDA:59,2,1,0
BRDA:64,3,0,0
BRDA:64,3,1,0
BRDA:79,4,0,0
BRDA:79,4,1,0
BRDA:82,5,0,0
BRDA:82,5,1,0
BRDA:87,6,0,0
BRDA:87,6,1,0
BRDA:96,7,0,0
BRDA:96,7,1,0
BRDA:96,8,0,0
BRDA:96,8,1,0
BRDA:104,9,0,0
BRDA:104,9,1,0
BRDA:106,10,0,0
BRDA:106,10,1,0
BRDA:114,11,0,0
BRDA:114,11,1,0
BRF:24
BRH:0
end_of_record
TN:
SF:src/components/FollowersList.js
FN:4,(anonymous_0)
FN:8,(anonymous_1)
FN:12,(anonymous_2)
FN:30,(anonymous_3)
FN:57,(anonymous_4)
FN:82,(anonymous_5)
FN:97,(anonymous_6)
FNF:7
FNH:0
FNDA:0,(anonymous_0)
FNDA:0,(anonymous_1)
FNDA:0,(anonymous_2)
FNDA:0,(anonymous_3)
FNDA:0,(anonymous_4)
FNDA:0,(anonymous_5)
FNDA:0,(anonymous_6)
DA:4,0
DA:5,0
DA:6,0
DA:8,0
DA:9,0
DA:12,0
DA:13,0
DA:14,0
DA:15,0
DA:16,0
DA:17,0
DA:18,0
DA:21,0
DA:22,0
DA:23,0
DA:26,0
DA:30,0
DA:31,0
DA:34,0
DA:35,0
DA:43,0
DA:44,0
DA:54,0
DA:58,0
DA:82,0
DA:97,0
LF:26
LH:0
BRDA:17,0,0,0
BRDA:17,0,1,0
BRDA:22,1,0,0
BRDA:22,1,1,0
BRDA:34,2,0,0
BRDA:34,2,1,0
BRDA:43,3,0,0
BRDA:43,3,1,0
BRDA:43,4,0,0
BRDA:43,4,1,0
BRDA:60,5,0,0
BRDA:60,5,1,0
BRDA:69,6,0,0
BRDA:69,6,1,0
BRDA:73,7,0,0
BRDA:73,7,1,0
BRDA:78,8,0,0
BRDA:78,8,1,0
BRDA:86,9,0,0
BRDA:86,9,1,0
BRDA:95,10,0,0
BRDA:95,10,1,0
BRDA:119,11,0,0
BRDA:119,11,1,0
BRF:24
BRH:0
end_of_record
TN:
SF:src/components/MapView.js
FN:26,(anonymous_0)
FN:56,MapAutoCenter
FN:58,(anonymous_2)
FN:70,FitBounds
FN:74,(anonymous_4)
FN:76,(anonymous_5)
FN:88,DirectionBanner
FN:150,(anonymous_7)
FN:167,(anonymous_8)
FN:168,(anonymous_9)
FNF:10
FNH:0
FNDA:0,(anonymous_0)
FNDA:0,MapAutoCenter
FNDA:0,(anonymous_2)
FNDA:0,FitBounds
FNDA:0,(anonymous_4)
FNDA:0,(anonymous_5)
FNDA:0,DirectionBanner
FNDA:0,(anonymous_7)
FNDA:0,(anonymous_8)
FNDA:0,(anonymous_9)
DA:15,0
DA:16,0
DA:26,0
DA:27,0
DA:40,0
DA:41,0
DA:42,0
DA:57,0
DA:58,0
DA:59,0
DA:60,0
DA:66,0
DA:71,0
DA:72,0
DA:74,0
DA:75,0
DA:76,0
DA:77,0
DA:78,0
DA:82,0
DA:86,0
DA:89,0
DA:91,0
DA:92,0
DA:106,0
DA:107,0
DA:108,0
DA:110,0
DA:114,0
DA:150,0
DA:161,0
DA:165,0
DA:167,0
DA:168,0
DA:171,0
DA:175,0
DA:180,0
DA:184,0
DA:186,0
LF:39
LH:0
BRDA:26,0,0,0
BRDA:26,1,0,0
BRDA:34,2,0,0
BRDA:34,2,1,0
BRDA:59,3,0,0
BRDA:59,3,1,0
BRDA:59,4,0,0
BRDA:59,4,1,0
BRDA:75,5,0,0
BRDA:75,5,1,0
BRDA:75,6,0,0
BRDA:75,6,1,0
BRDA:89,7,0,0
BRDA:89,7,1,0
BRDA:91,8,0,0
BRDA:91,8,1,0
BRDA:110,9,0,0
BRDA:110,9,1,0
BRDA:151,10,0,0
BRDA:152,11,0,0
BRDA:153,12,0,0
BRDA:154,13,0,0
BRDA:155,14,0,0
BRDA:156,15,0,0
BRDA:157,16,0,0
BRDA:158,17,0,0
BRDA:159,18,0,0
BRDA:161,19,0,0
BRDA:161,19,1,0
BRDA:165,20,0,0
BRDA:165,20,1,0
BRDA:171,21,0,0
BRDA:171,21,1,0
BRDA:175,22,0,0
BRDA:175,22,1,0
BRDA:180,23,0,0
BRDA:180,23,1,0
BRDA:182,24,0,0
BRDA:182,24,1,0
BRDA:202,25,0,0
BRDA:202,25,1,0
BRDA:207,26,0,0
BRDA:207,26,1,0
BRDA:221,27,0,0
BRDA:221,27,1,0
BRDA:235,28,0,0
BRDA:235,28,1,0
BRDA:248,29,0,0
BRDA:248,29,1,0
BRDA:251,30,0,0
BRDA:251,30,1,0
BRDA:271,31,0,0
BRDA:271,31,1,0
BRDA:272,32,0,0
BRDA:272,32,1,0
BRDA:273,33,0,0
BRDA:273,33,1,0
BRDA:280,34,0,0
BRDA:280,34,1,0
BRDA:282,35,0,0
BRDA:282,35,1,0
BRDA:318,36,0,0
BRDA:318,36,1,0
BRDA:322,37,0,0
BRDA:322,37,1,0
BRF:65
BRH:0
end_of_record
TN:
SF:src/components/Navbar.js
FN:5,Navbar
FNF:1
FNH:0
FNDA:0,Navbar
DA:6,0
DA:7,0
DA:9,0
LF:3
LH:0
BRDA:13,0,0,0
BRDA:13,0,1,0
BRDA:18,1,0,0
BRDA:18,1,1,0
BRDA:20,2,0,0
BRDA:20,2,1,0
BRDA:23,3,0,0
BRDA:23,3,1,0
BRF:8
BRH:0
end_of_record
TN:
SF:src/components/PathCard.js
FN:8,PathCard
FN:19,(anonymous_1)
FN:24,(anonymous_2)
FN:36,(anonymous_3)
FN:38,(anonymous_4)
FN:39,(anonymous_5)
FN:42,(anonymous_6)
FN:50,(anonymous_7)
FN:56,(anonymous_8)
FN:59,(anonymous_9)
FN:71,(anonymous_10)
FN:73,(anonymous_11)
FN:74,(anonymous_12)
FN:83,(anonymous_13)
FN:86,(anonymous_14)
FN:93,(anonymous_15)
FN:124,(anonymous_16)
FN:144,(anonymous_17)
FN:183,(anonymous_18)
FN:200,(anonymous_19)
FN:210,(anonymous_20)
FN:225,(anonymous_21)
FNF:22
FNH:0
FNDA:0,PathCard
FNDA:0,(anonymous_1)
FNDA:0,(anonymous_2)
FNDA:0,(anonymous_3)
FNDA:0,(anonymous_4)
FNDA:0,(anonymous_5)
FNDA:0,(anonymous_6)
FNDA:0,(anonymous_7)
FNDA:0,(anonymous_8)
FNDA:0,(anonymous_9)
FNDA:0,(anonymous_10)
FNDA:0,(anonymous_11)
FNDA:0,(anonymous_12)
FNDA:0,(anonymous_13)
FNDA:0,(anonymous_14)
FNDA:0,(anonymous_15)
FNDA:0,(anonymous_16)
FNDA:0,(anonymous_17)
FNDA:0,(anonymous_18)
FNDA:0,(anonymous_19)
FNDA:0,(anonymous_20)
FNDA:0,(anonymous_21)
DA:9,0
DA:10,0
DA:11,0
DA:12,0
DA:13,0
DA:14,0
DA:15,0
DA:16,0
DA:19,0
DA:20,0
DA:21,0
DA:24,0
DA:25,0
DA:26,0
DA:27,0
DA:29,0
DA:33,0
DA:36,0
DA:37,0
DA:38,0
DA:39,0
DA:42,0
DA:43,0
DA:44,0
DA:50,0
DA:51,0
DA:52,0
DA:53,0
DA:56,0
DA:57,0
DA:58,0
DA:59,0
DA:60,0
DA:62,0
DA:64,0
DA:68,0
DA:71,0
DA:72,0
DA:74,0
DA:75,0
DA:77,0
DA:78,0
DA:80,0
DA:83,0
DA:86,0
DA:87,0
DA:88,0
DA:93,0
DA:94,0
DA:95,0
DA:96,0
DA:97,0
DA:98,0
DA:99,0
DA:100,0
DA:104,0
DA:105,0
DA:106,0
DA:107,0
DA:109,0
DA:110,0
DA:114,0
DA:115,0
DA:116,0
DA:118,0
DA:120,0
DA:124,0
DA:125,0
DA:126,0
DA:127,0
DA:128,0
DA:129,0
DA:130,0
DA:131,0
DA:134,0
DA:135,0
DA:136,0
DA:138,0
DA:140,0
DA:144,0
DA:145,0
DA:148,0
DA:184,0
DA:185,0
DA:201,0
DA:202,0
DA:211,0
DA:212,0
DA:226,0
DA:227,0
DA:228,0
DA:230,0
LF:92
LH:0
BRDA:20,0,0,0
BRDA:20,0,1,0
BRDA:27,1,0,0
BRDA:27,1,1,0
BRDA:38,2,0,0
BRDA:38,2,1,0
BRDA:43,3,0,0
BRDA:43,3,1,0
BRDA:51,4,0,0
BRDA:51,4,1,0
BRDA:51,5,0,0
BRDA:51,5,1,0
BRDA:51,5,2,0
BRDA:75,6,0,0
BRDA:75,6,1,0
BRDA:75,7,0,0
BRDA:75,7,1,0
BRDA:87,8,0,0
BRDA:87,8,1,0
BRDA:96,9,0,0
BRDA:96,9,1,0
BRDA:99,10,0,0
BRDA:99,10,1,0
BRDA:106,11,0,0
BRDA:106,11,1,0
BRDA:109,12,0,0
BRDA:109,12,1,0
BRDA:115,13,0,0
BRDA:115,13,1,0
BRDA:116,14,0,0
BRDA:116,14,1,0
BRDA:118,15,0,0
BRDA:118,15,1,0
BRDA:130,16,0,0
BRDA:130,16,1,0
BRDA:135,17,0,0
BRDA:135,17,1,0
BRDA:136,18,0,0
BRDA:136,18,1,0
BRDA:138,19,0,0
BRDA:138,19,1,0
BRDA:153,20,0,0
BRDA:153,20,1,0
BRDA:154,21,0,0
BRDA:154,21,1,0
BRDA:154,21,2,0
BRDA:160,22,0,0
BRDA:160,22,1,0
BRDA:169,23,0,0
BRDA:169,23,1,0
BRDA:169,23,2,0
BRDA:180,24,0,0
BRDA:180,24,1,0
BRDA:180,24,2,0
BRDA:192,25,0,0
BRDA:192,25,1,0
BRDA:194,26,0,0
BRDA:194,26,1,0
BRDA:223,27,0,0
BRDA:223,27,1,0
BRDA:223,28,0,0
BRDA:223,28,1,0
BRDA:227,29,0,0
BRDA:227,29,1,0
BRDA:233,30,0,0
BRDA:233,30,1,0
BRDA:235,31,0,0
BRDA:235,31,1,0
BRDA:237,32,0,0
BRDA:237,32,1,0
BRF:70
BRH:0
end_of_record
TN:
SF:src/components/PathPublishForm.js
FN:7,PathPublishForm
FN:14,(anonymous_1)
FN:57,(anonymous_2)
FN:68,(anonymous_3)
FN:83,(anonymous_4)
FN:97,(anonymous_5)
FN:110,(anonymous_6)
FNF:7
FNH:0
FNDA:0,PathPublishForm
FNDA:0,(anonymous_1)
FNDA:0,(anonymous_2)
FNDA:0,(anonymous_3)
FNDA:0,(anonymous_4)
FNDA:0,(anonymous_5)
FNDA:0,(anonymous_6)
DA:5,0
DA:8,0
DA:9,0
DA:10,0
DA:11,0
DA:12,0
DA:14,0
DA:15,0
DA:16,0
DA:17,0
DA:19,0
DA:20,0
DA:21,0
DA:22,0
DA:23,0
DA:26,0
DA:37,0
DA:38,0
DA:39,0
DA:40,0
DA:42,0
DA:45,0
DA:46,0
DA:48,0
DA:52,0
DA:57,0
DA:68,0
DA:83,0
DA:97,0
DA:110,0
LF:30
LH:0
BRDA:5,0,0,0
BRDA:5,0,1,0
BRDA:21,1,0,0
BRDA:21,1,1,0
BRDA:42,2,0,0
BRDA:42,2,1,0
BRDA:42,2,2,0
BRDA:46,3,0,0
BRDA:46,3,1,0
BRDA:54,4,0,0
BRDA:54,4,1,0
BRDA:74,5,0,0
BRDA:74,5,1,0
BRDA:118,6,0,0
BRDA:118,6,1,0
BRDA:120,7,0,0
BRDA:120,7,1,0
BRF:17
BRH:0
end_of_record
TN:
SF:src/components/RequestSummaryModalPanel.js
FN:6,(anonymous_0)
FN:12,(anonymous_1)
FN:16,(anonymous_2)
FN:23,(anonymous_3)
FN:50,(anonymous_4)
FN:69,(anonymous_5)
FN:73,(anonymous_6)
FNF:7
FNH:0
FNDA:0,(anonymous_0)
FNDA:0,(anonymous_1)
FNDA:0,(anonymous_2)
FNDA:0,(anonymous_3)
FNDA:0,(anonymous_4)
FNDA:0,(anonymous_5)
FNDA:0,(anonymous_6)
DA:6,0
DA:7,0
DA:8,0
DA:9,0
DA:10,0
DA:12,0
DA:13,0
DA:16,0
DA:17,0
DA:18,0
DA:19,0
DA:22,0
DA:23,0
DA:24,0
DA:25,0
DA:31,0
DA:32,0
DA:35,0
DA:36,0
DA:38,0
DA:39,0
DA:41,0
DA:45,0
DA:46,0
DA:49,0
DA:50,0
DA:54,0
DA:70,0
DA:73,0
LF:29
LH:0
BRDA:24,0,0,0
BRDA:24,0,1,0
BRDA:45,1,0,0
BRDA:45,1,1,0
BRDA:61,2,0,0
BRDA:61,2,1,0
BRDA:63,3,0,0
BRDA:63,3,1,0
BRDA:77,4,0,0
BRDA:77,4,1,0
BRF:10
BRH:0
end_of_record
TN:
SF:src/components/SentRequestsPanel.js
FN:6,(anonymous_0)
FN:14,(anonymous_1)
FN:29,(anonymous_2)
FN:33,(anonymous_3)
FN:35,(anonymous_4)
FN:36,(anonymous_5)
FN:39,(anonymous_6)
FN:46,(anonymous_7)
FN:51,(anonymous_8)
FN:81,(anonymous_9)
FN:99,(anonymous_10)
FNF:11
FNH:0
FNDA:0,(anonymous_0)
FNDA:0,(anonymous_1)
FNDA:0,(anonymous_2)
FNDA:0,(anonymous_3)
FNDA:0,(anonymous_4)
FNDA:0,(anonymous_5)
FNDA:0,(anonymous_6)
FNDA:0,(anonymous_7)
FNDA:0,(anonymous_8)
FNDA:0,(anonymous_9)
FNDA:0,(anonymous_10)
DA:6,0
DA:7,0
DA:8,0
DA:9,0
DA:10,0
DA:11,0
DA:14,0
DA:15,0
DA:16,0
DA:17,0
DA:18,0
DA:19,0
DA:21,0
DA:22,0
DA:24,0
DA:29,0
DA:30,0
DA:33,0
DA:34,0
DA:35,0
DA:36,0
DA:39,0
DA:40,0
DA:41,0
DA:46,0
DA:47,0
DA:48,0
DA:49,0
DA:51,0
DA:53,0
DA:54,0
DA:57,0
DA:58,0
DA:59,0
DA:61,0
DA:63,0
DA:67,0
DA:68,0
DA:71,0
DA:82,0
DA:99,0
LF:41
LH:0
BRDA:40,0,0,0
BRDA:40,0,1,0
BRDA:53,1,0,0
BRDA:53,1,1,0
BRDA:58,2,0,0
BRDA:58,2,1,0
BRDA:67,3,0,0
BRDA:67,3,1,0
BRDA:67,4,0,0
BRDA:67,4,1,0
BRDA:75,5,0,0
BRDA:75,5,1,0
BRDA:77,6,0,0
BRDA:77,6,1,0
BRDA:93,7,0,0
BRDA:93,7,1,0
BRDA:94,8,0,0
BRDA:94,8,1,0
BRDA:96,9,0,0
BRDA:96,9,1,0
BRF:20
BRH:0
end_of_record
TN:
SF:src/components/Toast.js
FN:5,(anonymous_0)
FN:10,(anonymous_1)
FN:15,(anonymous_2)
FNF:3
FNH:0
FNDA:0,(anonymous_0)
FNDA:0,(anonymous_1)
FNDA:0,(anonymous_2)
DA:5,0
DA:6,0
DA:8,0
DA:11,0
DA:15,0
LF:5
LH:0
BRF:0
BRH:0
end_of_record
TN:
SF:src/components/UserCard.js
FN:3,UserCard
FNF:1
FNH:0
FNDA:0,UserCard
DA:4,0
DA:6,0
LF:2
LH:0
BRDA:15,0,0,0
BRDA:15,0,1,0
BRDA:21,1,0,0
BRDA:21,1,1,0
BRDA:29,2,0,0
BRDA:29,2,1,0
BRDA:35,3,0,0
BRDA:35,3,1,0
BRDA:39,4,0,0
BRDA:39,4,1,0
BRF:10
BRH:0
end_of_record
TN:
SF:src/config/constants.js
FNF:0
FNH:0
DA:6,1
DA:14,1
DA:17,1
DA:20,1
DA:27,1
LF:5
LH:5
BRF:0
BRH:0
end_of_record
TN:
SF:src/context/AuthContext.js
FN:8,AuthProvider
FN:13,(anonymous_1)
FN:24,(anonymous_2)
FN:25,(anonymous_3)
FN:26,(anonymous_4)
FN:30,(anonymous_5)
FN:35,(anonymous_6)
FN:49,(anonymous_7)
FN:66,useAuth
FNF:9
FNH:0
FNDA:0,AuthProvider
FNDA:0,(anonymous_1)
FNDA:0,(anonymous_2)
FNDA:0,(anonymous_3)
FNDA:0,(anonymous_4)
FNDA:0,(anonymous_5)
FNDA:0,(anonymous_6)
FNDA:0,(anonymous_7)
FNDA:0,useAuth
DA:4,2
DA:6,2
DA:9,0
DA:10,0
DA:13,0
DA:14,0
DA:15,0
DA:16,0
DA:17,0
DA:20,0
DA:24,0
DA:25,0
DA:26,0
DA:30,0
DA:31,0
DA:35,0
DA:36,0
DA:37,0
DA:38,0
DA:44,0
DA:45,0
DA:49,0
DA:50,0
DA:51,0
DA:54,0
DA:57,0
DA:67,0
DA:68,0
DA:69,0
LF:29
LH:2
BRDA:4,0,0,2
BRDA:4,0,1,2
BRDA:15,1,0,0
BRDA:15,1,1,0
BRDA:68,2,0,0
BRDA:68,2,1,0
BRF:6
BRH:2
end_of_record
TN:
SF:src/context/ThemeContext.js
FN:5,(anonymous_0)
FN:9,(anonymous_1)
FN:17,(anonymous_2)
FN:27,(anonymous_3)
FN:52,(anonymous_4)
FNF:5
FNH:0
FNDA:0,(anonymous_0)
FNDA:0,(anonymous_1)
FNDA:0,(anonymous_2)
FNDA:0,(anonymous_3)
FNDA:0,(anonymous_4)
DA:3,0
DA:5,0
DA:6,0
DA:7,0
DA:9,0
DA:11,0
DA:12,0
DA:13,0
DA:14,0
DA:17,0
DA:18,0
DA:20,0
DA:21,0
DA:23,0
DA:27,0
DA:28,0
DA:29,0
DA:30,0
DA:31,0
DA:34,0
DA:41,0
DA:42,0
DA:45,0
DA:52,0
DA:53,0
DA:54,0
DA:55,0
DA:57,0
LF:28
LH:0
BRDA:11,0,0,0
BRDA:11,0,1,0
BRDA:20,1,0,0
BRDA:20,1,1,0
BRDA:28,2,0,0
BRDA:28,2,1,0
BRDA:41,3,0,0
BRDA:41,3,1,0
BRDA:54,4,0,0
BRDA:54,4,1,0
BRF:10
BRH:0
end_of_record
TN:
SF:src/context/ToastContext.js
FN:5,(anonymous_0)
FN:9,(anonymous_1)
FN:13,(anonymous_2)
FN:16,(anonymous_3)
FN:17,(anonymous_4)
FN:17,(anonymous_5)
FN:26,(anonymous_6)
FN:27,(anonymous_7)
FN:27,(anonymous_8)
FN:43,(anonymous_9)
FNF:10
FNH:0
FNDA:0,(anonymous_0)
FNDA:0,(anonymous_1)
FNDA:0,(anonymous_2)
FNDA:0,(anonymous_3)
FNDA:0,(anonymous_4)
FNDA:0,(anonymous_5)
FNDA:0,(anonymous_6)
FNDA:0,(anonymous_7)
FNDA:0,(anonymous_8)
FNDA:0,(anonymous_9)
DA:3,0
DA:5,0
DA:6,0
DA:8,0
DA:10,0
DA:11,0
DA:13,0
DA:15,0
DA:16,0
DA:17,0
DA:21,0
DA:26,0
DA:27,0
DA:30,0
DA:36,0
DA:43,0
DA:44,0
DA:45,0
DA:46,0
DA:48,0
LF:20
LH:0
BRDA:9,0,0,0
BRDA:9,1,0,0
BRDA:15,2,0,0
BRDA:15,2,1,0
BRDA:45,3,0,0
BRDA:45,3,1,0
BRF:6
BRH:0
end_of_record
TN:
SF:src/hooks/usePolling.js
FN:10,(anonymous_0)
FN:13,(anonymous_1)
FN:25,(anonymous_2)
FN:29,(anonymous_3)
FN:37,(anonymous_4)
FN:44,(anonymous_5)
FN:47,(anonymous_6)
FNF:7
FNH:0
FNDA:0,(anonymous_0)
FNDA:0,(anonymous_1)
FNDA:0,(anonymous_2)
FNDA:0,(anonymous_3)
FNDA:0,(anonymous_4)
FNDA:0,(anonymous_5)
FNDA:0,(anonymous_6)
DA:10,0
DA:11,0
DA:13,0
DA:14,0
DA:15,0
DA:16,0
DA:18,0
DA:22,0
DA:25,0
DA:26,0
DA:29,0
DA:30,0
DA:31,0
DA:37,0
DA:38,0
DA:39,0
DA:40,0
DA:44,0
DA:45,0
DA:46,0
DA:47,0
DA:48,0
DA:53,0
LF:23
LH:0
BRDA:10,0,0,0
BRDA:10,1,0,0
BRDA:10,2,0,0
BRDA:14,3,0,0
BRDA:14,3,1,0
BRDA:15,4,0,0
BRDA:15,4,1,0
BRDA:30,5,0,0
BRDA:30,5,1,0
BRDA:38,6,0,0
BRDA:38,6,1,0
BRDA:45,7,0,0
BRDA:45,7,1,0
BRDA:45,8,0,0
BRDA:45,8,1,0
BRF:15
BRH:0
end_of_record
TN:
SF:src/hooks/useSyncListener.js
FN:10,(anonymous_0)
FN:11,(anonymous_1)
FN:13,(anonymous_2)
FN:17,(anonymous_3)
FN:18,(anonymous_4)
FNF:5
FNH:0
FNDA:0,(anonymous_0)
FNDA:0,(anonymous_1)
FNDA:0,(anonymous_2)
FNDA:0,(anonymous_3)
FNDA:0,(anonymous_4)
DA:8,0
DA:10,0
DA:11,0
DA:12,0
DA:13,0
DA:17,0
DA:18,0
DA:19,0
DA:20,0
DA:22,0
DA:28,0
LF:11
LH:0
BRF:0
BRH:0
end_of_record
TN:
SF:src/pages/AuthCallback.js
FN:10,AuthCallback
FN:15,(anonymous_1)
FN:19,(anonymous_2)
FN:20,(anonymous_3)
FNF:4
FNH:0
FNDA:0,AuthCallback
FNDA:0,(anonymous_1)
FNDA:0,(anonymous_2)
FNDA:0,(anonymous_3)
DA:11,0
DA:12,0
DA:13,0
DA:15,0
DA:16,0
DA:17,0
DA:18,0
DA:19,0
DA:20,0
DA:22,0
DA:26,0
LF:11
LH:0
BRDA:17,0,0,0
BRDA:17,0,1,0
BRF:2
BRH:0
end_of_record
TN:
SF:src/pages/DashboardPage.js
FN:14,DashboardPage
FN:25,(anonymous_1)
FN:33,(anonymous_2)
FN:35,(anonymous_3)
FN:38,(anonymous_4)
FN:39,(anonymous_5)
FN:43,(anonymous_6)
FN:51,(anonymous_7)
FN:59,(anonymous_8)
FN:60,(anonymous_9)
FN:63,(anonymous_10)
FN:66,(anonymous_11)
FN:67,(anonymous_12)
FN:71,(anonymous_13)
FN:77,(anonymous_14)
FN:81,(anonymous_15)
FN:86,(anonymous_16)
FN:92,(anonymous_17)
FN:95,(anonymous_18)
FN:97,(anonymous_19)
FN:104,(anonymous_20)
FN:109,(anonymous_21)
FN:111,(anonymous_22)
FN:115,(anonymous_23)
FN:116,(anonymous_24)
FN:131,(anonymous_25)
FN:140,(anonymous_26)
FN:146,(anonymous_27)
FN:152,(anonymous_28)
FN:158,(anonymous_29)
FN:181,(anonymous_30)
FN:211,(anonymous_31)
FNF:32
FNH:0
FNDA:0,DashboardPage
FNDA:0,(anonymous_1)
FNDA:0,(anonymous_2)
FNDA:0,(anonymous_3)
FNDA:0,(anonymous_4)
FNDA:0,(anonymous_5)
FNDA:0,(anonymous_6)
FNDA:0,(anonymous_7)
FNDA:0,(anonymous_8)
FNDA:0,(anonymous_9)
FNDA:0,(anonymous_10)
FNDA:0,(anonymous_11)
FNDA:0,(anonymous_12)
FNDA:0,(anonymous_13)
FNDA:0,(anonymous_14)
FNDA:0,(anonymous_15)
FNDA:0,(anonymous_16)
FNDA:0,(anonymous_17)
FNDA:0,(anonymous_18)
FNDA:0,(anonymous_19)
FNDA:0,(anonymous_20)
FNDA:0,(anonymous_21)
FNDA:0,(anonymous_22)
FNDA:0,(anonymous_23)
FNDA:0,(anonymous_24)
FNDA:0,(anonymous_25)
FNDA:0,(anonymous_26)
FNDA:0,(anonymous_27)
FNDA:0,(anonymous_28)
FNDA:0,(anonymous_29)
FNDA:0,(anonymous_30)
FNDA:0,(anonymous_31)
DA:11,0
DA:12,0
DA:15,0
DA:16,0
DA:17,0
DA:18,0
DA:19,0
DA:20,0
DA:21,0
DA:22,0
DA:25,0
DA:26,0
DA:27,0
DA:29,0
DA:35,0
DA:36,0
DA:38,0
DA:39,0
DA:43,0
DA:44,0
DA:45,0
DA:47,0
DA:52,0
DA:54,0
DA:55,0
DA:60,0
DA:61,0
DA:63,0
DA:66,0
DA:67,0
DA:71,0
DA:72,0
DA:73,0
DA:77,0
DA:78,0
DA:79,0
DA:81,0
DA:86,0
DA:88,0
DA:92,0
DA:95,0
DA:96,0
DA:97,0
DA:98,0
DA:99,0
DA:103,0
DA:104,0
DA:107,0
DA:109,0
DA:110,0
DA:111,0
DA:115,0
DA:116,0
DA:118,0
DA:131,0
DA:140,0
DA:146,0
DA:152,0
DA:158,0
DA:182,0
DA:212,0
LF:61
LH:0
BRDA:11,0,0,0
BRDA:11,0,1,0
BRDA:27,1,0,0
BRDA:27,1,1,0
BRDA:45,2,0,0
BRDA:45,2,1,0
BRDA:52,3,0,0
BRDA:52,3,1,0
BRDA:54,4,0,0
BRDA:54,4,1,0
BRDA:60,5,0,0
BRDA:60,5,1,0
BRDA:78,6,0,0
BRDA:78,6,1,0
BRDA:128,7,0,0
BRDA:128,7,1,0
BRDA:129,8,0,0
BRDA:129,8,1,0
BRDA:139,9,0,0
BRDA:139,9,1,0
BRDA:145,10,0,0
BRDA:145,10,1,0
BRDA:151,11,0,0
BRDA:151,11,1,0
BRDA:157,12,0,0
BRDA:157,12,1,0
BRDA:165,13,0,0
BRDA:165,13,1,0
BRDA:169,14,0,0
BRDA:169,14,1,0
BRDA:173,15,0,0
BRDA:173,15,1,0
BRDA:197,16,0,0
BRDA:197,16,1,0
BRDA:199,17,0,0
BRDA:199,17,1,0
BRDA:203,18,0,0
BRDA:203,18,1,0
BRDA:220,19,0,0
BRDA:220,19,1,0
BRDA:227,20,0,0
BRDA:227,20,1,0
BRF:42
BRH:0
end_of_record
TN:
SF:src/pages/LiveTrackingPage.js
FN:38,calcSpeed
FN:59,haversineMeters
FN:74,getBearing
FN:86,LiveTrackingPage
FN:125,(anonymous_4)
FN:126,(anonymous_5)
FN:161,(anonymous_6)
FN:165,(anonymous_7)
FN:170,(anonymous_8)
FN:184,(anonymous_9)
FN:190,(anonymous_10)
FN:197,(anonymous_11)
FN:204,(anonymous_12)
FN:211,(anonymous_13)
FN:219,(anonymous_14)
FN:221,(anonymous_15)
FN:235,(anonymous_16)
FN:236,(anonymous_17)
FN:242,(anonymous_18)
FN:244,(anonymous_19)
FN:250,(anonymous_20)
FN:255,(anonymous_21)
FN:257,(anonymous_22)
FN:269,(anonymous_23)
FN:272,(anonymous_24)
FN:276,(anonymous_25)
FN:288,(anonymous_26)
FN:308,(anonymous_27)
FN:325,(anonymous_28)
FN:341,(anonymous_29)
FN:359,(anonymous_30)
FN:385,(anonymous_31)
FN:411,(anonymous_32)
FN:412,(anonymous_33)
FN:427,(anonymous_34)
FN:489,(anonymous_35)
FN:505,(anonymous_36)
FN:559,(anonymous_37)
FN:559,(anonymous_38)
FN:789,(anonymous_39)
FNF:40
FNH:40
FNDA:4,calcSpeed
FNDA:25,haversineMeters
FNDA:6,getBearing
FNDA:168,LiveTrackingPage
FNDA:66,(anonymous_4)
FNDA:66,(anonymous_5)
FNDA:108,(anonymous_6)
FNDA:14,(anonymous_7)
FNDA:4,(anonymous_8)
FNDA:4,(anonymous_9)
FNDA:2,(anonymous_10)
FNDA:3,(anonymous_11)
FNDA:3,(anonymous_12)
FNDA:3,(anonymous_13)
FNDA:4,(anonymous_14)
FNDA:4,(anonymous_15)
FNDA:108,(anonymous_16)
FNDA:648,(anonymous_17)
FNDA:113,(anonymous_18)
FNDA:1,(anonymous_19)
FNDA:113,(anonymous_20)
FNDA:22,(anonymous_21)
FNDA:25,(anonymous_22)
FNDA:5,(anonymous_23)
FNDA:9,(anonymous_24)
FNDA:1,(anonymous_25)
FNDA:12,(anonymous_26)
FNDA:4,(anonymous_27)
FNDA:3,(anonymous_28)
FNDA:3,(anonymous_29)
FNDA:15,(anonymous_30)
FNDA:3,(anonymous_31)
FNDA:65,(anonymous_32)
FNDA:65,(anonymous_33)
FNDA:157,(anonymous_34)
FNDA:1,(anonymous_35)
FNDA:1,(anonymous_36)
FNDA:1,(anonymous_37)
FNDA:1,(anonymous_38)
FNDA:1,(anonymous_39)
DA:39,4
DA:40,3
DA:41,3
DA:43,2
DA:44,2
DA:45,2
DA:46,2
DA:47,2
DA:49,2
DA:51,2
DA:53,2
DA:60,25
DA:61,25
DA:62,25
DA:63,25
DA:64,25
DA:66,25
DA:68,25
DA:75,6
DA:76,6
DA:77,6
DA:78,6
DA:80,6
DA:82,6
DA:87,168
DA:88,168
DA:89,168
DA:92,168
DA:93,167
DA:94,167
DA:97,167
DA:98,167
DA:99,167
DA:104,167
DA:105,167
DA:106,167
DA:107,167
DA:110,167
DA:113,167
DA:114,167
DA:115,167
DA:116,167
DA:119,167
DA:120,167
DA:121,167
DA:122,167
DA:125,167
DA:126,66
DA:127,66
DA:128,66
DA:129,66
DA:130,64
DA:131,64
DA:132,64
DA:133,64
DA:134,64
DA:137,64
DA:138,62
DA:142,64
DA:143,64
DA:144,62
DA:149,64
DA:151,1
DA:152,1
DA:154,65
DA:157,66
DA:161,167
DA:162,108
DA:165,108
DA:166,14
DA:168,13
DA:170,4
DA:175,9
DA:178,9
DA:180,5
DA:181,3
DA:183,5
DA:184,4
DA:190,108
DA:191,2
DA:192,1
DA:193,1
DA:197,108
DA:198,3
DA:199,2
DA:200,2
DA:204,108
DA:205,3
DA:206,2
DA:207,2
DA:211,108
DA:212,3
DA:213,2
DA:214,2
DA:215,2
DA:219,108
DA:220,4
DA:221,4
DA:222,4
DA:226,108
DA:235,108
DA:236,648
DA:237,108
DA:242,167
DA:243,113
DA:244,13
DA:245,1
DA:248,100
DA:250,113
DA:254,167
DA:256,22
DA:259,25
DA:260,4
DA:262,25
DA:263,25
DA:266,25
DA:268,24
DA:269,12
DA:270,12
DA:272,12
DA:273,12
DA:277,1
DA:278,1
DA:279,1
DA:288,167
DA:289,12
DA:290,2
DA:291,2
DA:293,10
DA:294,10
DA:295,9
DA:296,9
DA:297,9
DA:298,9
DA:299,9
DA:300,9
DA:302,1
DA:303,1
DA:308,167
DA:309,4
DA:310,1
DA:311,1
DA:313,3
DA:314,3
DA:315,2
DA:316,2
DA:317,2
DA:318,2
DA:320,1
DA:325,167
DA:326,3
DA:327,1
DA:328,1
DA:330,2
DA:331,2
DA:332,1
DA:333,1
DA:334,1
DA:336,1
DA:341,167
DA:342,3
DA:343,1
DA:344,1
DA:346,2
DA:347,2
DA:348,1
DA:349,1
DA:350,1
DA:351,1
DA:352,1
DA:354,1
DA:359,167
DA:360,15
DA:361,2
DA:362,2
DA:364,13
DA:365,13
DA:366,12
DA:367,12
DA:369,12
DA:370,7
DA:372,12
DA:373,12
DA:374,12
DA:375,12
DA:376,12
DA:379,1
DA:380,1
DA:385,167
DA:386,3
DA:387,1
DA:388,1
DA:390,2
DA:392,2
DA:395,1
DA:397,1
DA:398,1
DA:399,1
DA:400,1
DA:403,1
DA:405,1
DA:406,1
DA:411,167
DA:412,65
DA:413,65
DA:414,65
DA:419,167
DA:420,167
DA:421,167
DA:422,167
DA:423,167
DA:427,167
DA:428,157
DA:429,29
DA:430,28
DA:431,27
DA:434,9
DA:435,9
DA:436,9
DA:437,19
DA:438,19
DA:439,13
DA:440,13
DA:445,9
DA:448,9
DA:449,9
DA:454,9
DA:456,3
DA:459,6
DA:460,6
DA:461,6
DA:463,6
DA:467,167
DA:468,72
DA:482,95
DA:483,1
DA:489,1
DA:499,94
DA:505,1
DA:559,1
DA:789,1
LF:241
LH:241
BRDA:39,0,0,1
BRDA:39,0,1,3
BRDA:39,1,0,4
BRDA:39,1,1,4
BRDA:41,2,0,1
BRDA:41,2,1,2
BRDA:133,3,0,64
BRDA:133,3,1,45
BRDA:134,4,0,64
BRDA:134,4,1,0
BRDA:137,5,0,62
BRDA:137,5,1,2
BRDA:166,6,0,1
BRDA:166,6,1,13
BRDA:168,7,0,4
BRDA:168,7,1,9
BRDA:175,8,0,9
BRDA:175,8,1,0
BRDA:178,9,0,5
BRDA:178,9,1,4
BRDA:180,10,0,3
BRDA:180,10,1,2
BRDA:183,11,0,4
BRDA:183,11,1,1
BRDA:191,12,0,1
BRDA:191,12,1,1
BRDA:193,13,0,1
BRDA:193,13,1,0
BRDA:198,14,0,2
BRDA:198,14,1,1
BRDA:200,15,0,2
BRDA:200,15,1,0
BRDA:205,16,0,2
BRDA:205,16,1,1
BRDA:207,17,0,2
BRDA:207,17,1,0
BRDA:212,18,0,2
BRDA:212,18,1,1
BRDA:215,19,0,2
BRDA:215,19,1,0
BRDA:220,20,0,4
BRDA:220,20,1,0
BRDA:222,21,0,4
BRDA:222,21,1,0
BRDA:236,22,0,648
BRDA:236,22,1,648
BRDA:243,23,0,13
BRDA:243,23,1,100
BRDA:243,24,0,113
BRDA:243,24,1,37
BRDA:259,25,0,4
BRDA:259,25,1,21
BRDA:266,26,0,1
BRDA:266,26,1,24
BRDA:268,27,0,12
BRDA:268,27,1,12
BRDA:278,28,0,1
BRDA:278,28,1,0
BRDA:289,29,0,2
BRDA:289,29,1,10
BRDA:290,30,0,2
BRDA:290,30,1,0
BRDA:300,31,0,9
BRDA:300,31,1,0
BRDA:303,32,0,1
BRDA:303,32,1,0
BRDA:309,33,0,1
BRDA:309,33,1,3
BRDA:310,34,0,1
BRDA:310,34,1,0
BRDA:318,35,0,2
BRDA:318,35,1,0
BRDA:326,36,0,1
BRDA:326,36,1,2
BRDA:327,37,0,1
BRDA:327,37,1,0
BRDA:334,38,0,1
BRDA:334,38,1,0
BRDA:342,39,0,1
BRDA:342,39,1,2
BRDA:343,40,0,1
BRDA:343,40,1,0
BRDA:352,41,0,1
BRDA:352,41,1,0
BRDA:360,42,0,2
BRDA:360,42,1,13
BRDA:361,43,0,2
BRDA:361,43,1,0
BRDA:366,44,0,12
BRDA:366,44,1,0
BRDA:367,45,0,12
BRDA:367,45,1,0
BRDA:369,46,0,7
BRDA:369,46,1,5
BRDA:376,47,0,12
BRDA:376,47,1,0
BRDA:380,48,0,1
BRDA:380,48,1,0
BRDA:386,49,0,1
BRDA:386,49,1,2
BRDA:387,50,0,1
BRDA:387,50,1,0
BRDA:400,51,0,1
BRDA:400,51,1,0
BRDA:406,52,0,1
BRDA:406,52,1,0
BRDA:421,53,0,68
BRDA:421,53,1,99
BRDA:422,54,0,68
BRDA:422,54,1,99
BRDA:423,55,0,167
BRDA:423,55,1,99
BRDA:423,55,2,30
BRDA:428,56,0,128
BRDA:428,56,1,29
BRDA:428,57,0,157
BRDA:428,57,1,29
BRDA:429,58,0,1
BRDA:429,58,1,28
BRDA:430,59,0,1
BRDA:430,59,1,27
BRDA:431,60,0,18
BRDA:431,60,1,9
BRDA:438,61,0,13
BRDA:438,61,1,6
BRDA:454,62,0,3
BRDA:454,62,1,6
BRDA:467,63,0,72
BRDA:467,63,1,95
BRDA:482,64,0,1
BRDA:482,64,1,94
BRDA:482,65,0,95
BRDA:482,65,1,94
BRDA:488,66,0,1
BRDA:488,66,1,0
BRDA:512,67,0,94
BRDA:512,67,1,0
BRDA:516,68,0,94
BRDA:516,68,1,43
BRDA:519,69,0,94
BRDA:519,69,1,41
BRDA:522,70,0,94
BRDA:522,70,1,5
BRDA:525,71,0,94
BRDA:525,71,1,43
BRDA:526,72,0,94
BRDA:526,72,1,41
BRDA:527,73,0,94
BRDA:527,73,1,5
BRDA:528,74,0,94
BRDA:528,74,1,5
BRDA:530,75,0,94
BRDA:530,75,1,2
BRDA:550,76,0,62
BRDA:550,76,1,32
BRDA:553,77,0,94
BRDA:553,77,1,0
BRDA:554,78,0,94
BRDA:554,78,1,1
BRDA:558,79,0,93
BRDA:558,79,1,1
BRDA:560,80,0,93
BRDA:560,80,1,1
BRDA:578,81,0,1
BRDA:578,81,1,93
BRDA:585,82,0,26
BRDA:585,82,1,68
BRDA:585,83,0,94
BRDA:585,83,1,72
BRDA:599,84,0,94
BRDA:599,84,1,30
BRDA:599,84,2,30
BRDA:599,84,3,30
BRDA:599,84,4,10
BRDA:629,85,0,94
BRDA:629,85,1,91
BRDA:638,86,0,91
BRDA:638,86,1,76
BRDA:652,87,0,94
BRDA:652,87,1,62
BRDA:654,88,0,62
BRDA:654,88,1,38
BRDA:664,89,0,62
BRDA:664,89,1,17
BRDA:683,90,0,62
BRDA:683,90,1,5
BRDA:702,91,0,62
BRDA:702,91,1,2
BRDA:708,92,0,0
BRDA:708,92,1,2
BRDA:716,93,0,94
BRDA:716,93,1,30
BRDA:716,93,2,30
BRDA:718,94,0,30
BRDA:718,94,1,6
BRDA:718,94,2,24
BRDA:721,95,0,15
BRDA:721,95,1,9
BRDA:741,96,0,30
BRDA:741,96,1,3
BRDA:748,97,0,30
BRDA:748,97,1,3
BRDA:753,98,0,2
BRDA:753,98,1,1
BRDA:783,99,0,94
BRDA:783,99,1,32
BRDA:783,99,2,2
BRF:207
BRH:177
end_of_record
TN:
SF:src/pages/LoginPage.js
FN:5,GoogleIcon
FN:28,LoginPage
FNF:2
FNH:0
FNDA:0,GoogleIcon
FNDA:0,LoginPage
DA:6,0
DA:29,0
DA:31,0
LF:3
LH:0
BRF:0
BRH:0
end_of_record
TN:
SF:src/pages/PathDetailPage.js
FN:26,(anonymous_0)
FN:44,(anonymous_1)
FN:61,(anonymous_2)
FN:66,(anonymous_3)
FN:68,(anonymous_4)
FN:70,(anonymous_5)
FN:71,(anonymous_6)
FN:74,(anonymous_7)
FN:79,(anonymous_8)
FN:83,(anonymous_9)
FN:93,(anonymous_10)
FN:97,(anonymous_11)
FN:108,(anonymous_12)
FN:121,(anonymous_13)
FN:128,(anonymous_14)
FN:131,(anonymous_15)
FN:136,(anonymous_16)
FN:169,(anonymous_17)
FN:186,(anonymous_18)
FN:207,(anonymous_19)
FN:256,(anonymous_20)
FN:270,(anonymous_21)
FN:294,(anonymous_22)
FN:301,(anonymous_23)
FN:322,(anonymous_24)
FNF:25
FNH:25
FNDA:141,(anonymous_0)
FNDA:59,(anonymous_1)
FNDA:58,(anonymous_2)
FNDA:102,(anonymous_3)
FNDA:3,(anonymous_4)
FNDA:2,(anonymous_5)
FNDA:1,(anonymous_6)
FNDA:102,(anonymous_7)
FNDA:6,(anonymous_8)
FNDA:5,(anonymous_9)
FNDA:4,(anonymous_10)
FNDA:3,(anonymous_11)
FNDA:43,(anonymous_12)
FNDA:100,(anonymous_13)
FNDA:3,(anonymous_14)
FNDA:1,(anonymous_15)
FNDA:2,(anonymous_16)
FNDA:1,(anonymous_17)
FNDA:1,(anonymous_18)
FNDA:1,(anonymous_19)
FNDA:1,(anonymous_20)
FNDA:37,(anonymous_21)
FNDA:6,(anonymous_22)
FNDA:4,(anonymous_23)
FNDA:1,(anonymous_24)
DA:19,1
DA:26,1
DA:27,141
DA:28,141
DA:29,141
DA:30,141
DA:31,140
DA:32,140
DA:33,140
DA:34,140
DA:35,140
DA:36,140
DA:37,140
DA:39,140
DA:40,140
DA:41,140
DA:44,140
DA:45,59
DA:46,59
DA:47,59
DA:48,56
DA:49,56
DA:50,56
DA:51,56
DA:53,2
DA:54,2
DA:56,58
DA:61,140
DA:62,58
DA:66,140
DA:67,102
DA:68,42
DA:69,3
DA:70,2
DA:71,1
DA:74,102
DA:75,102
DA:79,140
DA:80,6
DA:81,6
DA:82,6
DA:83,5
DA:84,5
DA:86,1
DA:87,1
DA:89,6
DA:93,140
DA:94,4
DA:95,4
DA:96,4
DA:97,3
DA:98,3
DA:100,1
DA:101,1
DA:103,4
DA:108,140
DA:109,43
DA:110,43
DA:111,43
DA:112,42
DA:114,1
DA:116,43
DA:121,140
DA:122,100
DA:123,42
DA:128,140
DA:129,3
DA:130,3
DA:131,2
DA:133,2
DA:134,2
DA:136,2
DA:140,1
DA:141,1
DA:146,140
DA:147,58
DA:161,82
DA:162,3
DA:169,1
DA:178,79
DA:180,79
DA:186,1
DA:207,1
DA:256,1
DA:271,37
DA:294,6
DA:301,4
DA:322,1
LF:88
LH:88
BRDA:39,0,0,140
BRDA:39,0,1,140
BRDA:41,1,0,140
BRDA:41,1,1,63
BRDA:44,2,0,58
BRDA:46,3,0,58
BRDA:46,3,1,1
BRDA:54,4,0,2
BRDA:54,4,1,0
BRDA:54,5,0,2
BRDA:54,5,1,0
BRDA:56,6,0,57
BRDA:56,6,1,1
BRDA:67,7,0,42
BRDA:67,7,1,60
BRDA:67,8,0,102
BRDA:67,8,1,102
BRDA:75,9,0,42
BRDA:75,9,1,60
BRDA:84,10,0,5
BRDA:84,10,1,0
BRDA:87,11,0,1
BRDA:87,11,1,0
BRDA:98,12,0,3
BRDA:98,12,1,0
BRDA:101,13,0,1
BRDA:101,13,1,0
BRDA:122,14,0,42
BRDA:122,14,1,58
BRDA:133,15,0,2
BRDA:133,15,1,0
BRDA:146,16,0,58
BRDA:146,16,1,82
BRDA:161,17,0,3
BRDA:161,17,1,79
BRDA:161,18,0,82
BRDA:161,18,1,80
BRDA:168,19,0,3
BRDA:168,19,1,1
BRDA:178,20,0,79
BRDA:178,20,1,0
BRDA:197,21,0,79
BRDA:197,21,1,77
BRDA:198,22,0,79
BRDA:198,22,1,2
BRDA:198,22,2,2
BRDA:204,23,0,79
BRDA:204,23,1,79
BRDA:216,24,0,79
BRDA:216,24,1,0
BRDA:220,25,0,79
BRDA:220,25,1,1
BRDA:221,26,0,2
BRDA:221,26,1,77
BRDA:221,27,0,79
BRDA:221,27,1,1
BRDA:231,28,0,79
BRDA:231,28,1,79
BRDA:241,29,0,79
BRDA:241,29,1,79
BRDA:249,30,0,79
BRDA:249,30,1,77
BRDA:263,31,0,41
BRDA:263,31,1,36
BRDA:273,32,0,1
BRDA:273,32,1,36
BRDA:282,33,0,36
BRDA:282,33,1,0
BRDA:286,34,0,37
BRDA:286,34,1,0
BRDA:297,35,0,20
BRDA:297,35,1,17
BRDA:304,36,0,20
BRDA:304,36,1,17
BRDA:315,37,0,79
BRDA:315,37,1,79
BRDA:315,37,2,78
BRDA:319,38,0,78
BRDA:319,38,1,76
BRDA:330,39,0,1
BRDA:330,39,1,77
BRF:81
BRH:70
end_of_record
TN:
SF:src/services/api.js
FN:17,(anonymous_0)
FN:24,(anonymous_1)
FN:31,(anonymous_2)
FN:32,(anonymous_3)
FNF:4
FNH:0
FNDA:0,(anonymous_0)
FNDA:0,(anonymous_1)
FNDA:0,(anonymous_2)
FNDA:0,(anonymous_3)
DA:4,2
DA:7,2
DA:16,2
DA:18,0
DA:19,0
DA:20,0
DA:22,0
DA:25,0
DA:30,2
DA:31,0
DA:33,0
DA:35,0
DA:36,0
DA:38,0
LF:14
LH:4
BRDA:4,0,0,2
BRDA:4,0,1,2
BRDA:19,1,0,0
BRDA:19,1,1,0
BRDA:33,2,0,0
BRDA:33,2,1,0
BRF:6
BRH:2
end_of_record
TN:
SF:src/services/followRequestService.js
FN:4,(anonymous_0)
FN:21,(anonymous_1)
FN:32,(anonymous_2)
FN:43,(anonymous_3)
FN:57,(anonymous_4)
FN:74,(anonymous_5)
FN:91,(anonymous_6)
FNF:7
FNH:0
FNDA:0,(anonymous_0)
FNDA:0,(anonymous_1)
FNDA:0,(anonymous_2)
FNDA:0,(anonymous_3)
FNDA:0,(anonymous_4)
FNDA:0,(anonymous_5)
FNDA:0,(anonymous_6)
DA:4,1
DA:5,0
DA:6,0
DA:7,0
DA:9,0
DA:13,0
DA:15,0
DA:16,0
DA:21,1
DA:22,0
DA:23,0
DA:24,0
DA:26,0
DA:27,0
DA:32,1
DA:33,0
DA:34,0
DA:35,0
DA:37,0
DA:38,0
DA:43,1
DA:44,0
DA:45,0
DA:46,0
DA:48,0
DA:49,0
DA:51,0
DA:52,0
DA:57,1
DA:58,0
DA:59,0
DA:60,0
DA:62,0
DA:66,0
DA:68,0
DA:69,0
DA:74,1
DA:75,0
DA:76,0
DA:77,0
DA:79,0
DA:83,0
DA:85,0
DA:86,0
DA:91,1
DA:92,0
DA:93,0
DA:94,0
DA:96,0
DA:99,0
DA:101,0
DA:102,0
LF:52
LH:7
BRDA:6,0,0,0
BRDA:6,0,1,0
BRDA:6,1,0,0
BRDA:6,1,1,0
BRDA:15,2,0,0
BRDA:15,2,1,0
BRDA:15,2,2,0
BRDA:26,3,0,0
BRDA:26,3,1,0
BRDA:26,3,2,0
BRDA:37,4,0,0
BRDA:37,4,1,0
BRDA:37,4,2,0
BRDA:45,5,0,0
BRDA:45,5,1,0
BRDA:51,6,0,0
BRDA:51,6,1,0
BRDA:51,6,2,0
BRDA:59,7,0,0
BRDA:59,7,1,0
BRDA:59,8,0,0
BRDA:59,8,1,0
BRDA:68,9,0,0
BRDA:68,9,1,0
BRDA:68,9,2,0
BRDA:76,10,0,0
BRDA:76,10,1,0
BRDA:76,11,0,0
BRDA:76,11,1,0
BRDA:85,12,0,0
BRDA:85,12,1,0
BRDA:85,12,2,0
BRDA:93,13,0,0
BRDA:93,13,1,0
BRDA:101,14,0,0
BRDA:101,14,1,0
BRDA:101,14,2,0
BRF:37
BRH:0
end_of_record
TN:
SF:src/services/followerService.js
FN:4,(anonymous_0)
FN:18,(anonymous_1)
FNF:2
FNH:0
FNDA:0,(anonymous_0)
FNDA:0,(anonymous_1)
DA:4,1
DA:5,0
DA:6,0
DA:7,0
DA:9,0
DA:10,0
DA:12,0
DA:13,0
DA:18,1
DA:19,0
DA:20,0
DA:21,0
DA:23,0
DA:24,0
DA:26,0
DA:27,0
LF:16
LH:2
BRDA:6,0,0,0
BRDA:6,0,1,0
BRDA:12,1,0,0
BRDA:12,1,1,0
BRDA:12,1,2,0
BRDA:20,2,0,0
BRDA:20,2,1,0
BRDA:20,3,0,0
BRDA:20,3,1,0
BRDA:26,4,0,0
BRDA:26,4,1,0
BRDA:26,4,2,0
BRF:12
BRH:0
end_of_record
TN:
SF:src/services/gpsService.js
FN:11,(anonymous_0)
FN:18,(anonymous_1)
FN:19,(anonymous_2)
FN:26,(anonymous_3)
FN:34,(anonymous_4)
FN:53,(anonymous_5)
FN:56,(anonymous_6)
FN:65,(anonymous_7)
FN:80,(anonymous_8)
FN:91,(anonymous_9)
FN:97,(anonymous_10)
FN:107,(anonymous_11)
FN:125,(anonymous_12)
FN:136,(anonymous_13)
FN:146,(anonymous_14)
FNF:15
FNH:0
FNDA:0,(anonymous_0)
FNDA:0,(anonymous_1)
FNDA:0,(anonymous_2)
FNDA:0,(anonymous_3)
FNDA:0,(anonymous_4)
FNDA:0,(anonymous_5)
FNDA:0,(anonymous_6)
FNDA:0,(anonymous_7)
FNDA:0,(anonymous_8)
FNDA:0,(anonymous_9)
FNDA:0,(anonymous_10)
FNDA:0,(anonymous_11)
FNDA:0,(anonymous_12)
FNDA:0,(anonymous_13)
FNDA:0,(anonymous_14)
DA:6,1
DA:11,1
DA:12,0
DA:18,1
DA:19,0
DA:20,0
DA:21,0
DA:22,0
DA:25,0
DA:27,0
DA:35,0
DA:53,1
DA:54,0
DA:55,0
DA:56,0
DA:60,0
DA:62,0
DA:64,0
DA:66,0
DA:68,0
DA:69,0
DA:71,0
DA:78,0
DA:81,0
DA:82,0
DA:91,0
DA:97,1
DA:98,0
DA:99,0
DA:100,0
DA:107,1
DA:108,0
DA:109,0
DA:110,0
DA:111,0
DA:112,0
DA:115,0
DA:117,0
DA:119,0
DA:125,1
DA:126,0
DA:127,0
DA:128,0
DA:130,0
DA:136,1
DA:137,0
DA:138,0
DA:140,0
DA:146,1
DA:147,0
DA:148,0
DA:149,0
DA:151,0
DA:152,0
DA:154,0
DA:155,0
DA:157,0
LF:57
LH:9
BRDA:20,0,0,0
BRDA:20,0,1,0
BRDA:53,1,0,0
BRDA:54,2,0,0
BRDA:54,2,1,0
BRDA:68,3,0,0
BRDA:68,3,1,0
BRDA:82,4,0,0
BRDA:82,4,1,0
BRDA:98,5,0,0
BRDA:98,5,1,0
BRDA:137,6,0,0
BRDA:137,6,1,0
BRDA:151,7,0,0
BRDA:151,7,1,0
BRDA:154,8,0,0
BRDA:154,8,1,0
BRF:17
BRH:0
end_of_record
TN:
SF:src/services/socketService.js
FN:10,(anonymous_0)
FN:21,(anonymous_1)
FN:25,(anonymous_2)
FN:29,(anonymous_3)
FN:39,(anonymous_4)
FN:49,(anonymous_5)
FN:59,(anonymous_6)
FN:61,(anonymous_7)
FN:62,(anonymous_8)
FN:71,(anonymous_9)
FN:79,(anonymous_10)
FN:81,(anonymous_11)
FN:82,(anonymous_12)
FN:91,(anonymous_13)
FN:93,(anonymous_14)
FN:94,(anonymous_15)
FN:103,(anonymous_16)
FN:105,(anonymous_17)
FN:106,(anonymous_18)
FN:115,(anonymous_19)
FN:117,(anonymous_20)
FN:118,(anonymous_21)
FN:127,(anonymous_22)
FN:129,(anonymous_23)
FN:130,(anonymous_24)
FN:139,(anonymous_25)
FN:142,(anonymous_26)
FN:148,(anonymous_27)
FN:151,(anonymous_28)
FN:154,(anonymous_29)
FN:157,(anonymous_30)
FN:160,(anonymous_31)
FN:163,(anonymous_32)
FN:166,(anonymous_33)
FN:169,(anonymous_34)
FN:172,(anonymous_35)
FN:175,(anonymous_36)
FN:178,(anonymous_37)
FN:181,(anonymous_38)
FNF:39
FNH:0
FNDA:0,(anonymous_0)
FNDA:0,(anonymous_1)
FNDA:0,(anonymous_2)
FNDA:0,(anonymous_3)
FNDA:0,(anonymous_4)
FNDA:0,(anonymous_5)
FNDA:0,(anonymous_6)
FNDA:0,(anonymous_7)
FNDA:0,(anonymous_8)
FNDA:0,(anonymous_9)
FNDA:0,(anonymous_10)
FNDA:0,(anonymous_11)
FNDA:0,(anonymous_12)
FNDA:0,(anonymous_13)
FNDA:0,(anonymous_14)
FNDA:0,(anonymous_15)
FNDA:0,(anonymous_16)
FNDA:0,(anonymous_17)
FNDA:0,(anonymous_18)
FNDA:0,(anonymous_19)
FNDA:0,(anonymous_20)
FNDA:0,(anonymous_21)
FNDA:0,(anonymous_22)
FNDA:0,(anonymous_23)
FNDA:0,(anonymous_24)
FNDA:0,(anonymous_25)
FNDA:0,(anonymous_26)
FNDA:0,(anonymous_27)
FNDA:0,(anonymous_28)
FNDA:0,(anonymous_29)
FNDA:0,(anonymous_30)
FNDA:0,(anonymous_31)
FNDA:0,(anonymous_32)
FNDA:0,(anonymous_33)
FNDA:0,(anonymous_34)
FNDA:0,(anonymous_35)
FNDA:0,(anonymous_36)
FNDA:0,(anonymous_37)
FNDA:0,(anonymous_38)
DA:3,1
DA:5,1
DA:10,1
DA:11,0
DA:12,0
DA:15,0
DA:21,0
DA:22,0
DA:25,0
DA:26,0
DA:29,0
DA:30,0
DA:33,0
DA:39,1
DA:40,0
DA:41,0
DA:43,0
DA:49,1
DA:50,0
DA:51,0
DA:52,0
DA:59,1
DA:60,0
DA:61,0
DA:62,0
DA:63,0
DA:71,1
DA:72,0
DA:73,0
DA:79,1
DA:80,0
DA:81,0
DA:82,0
DA:83,0
DA:91,1
DA:92,0
DA:93,0
DA:94,0
DA:95,0
DA:103,1
DA:104,0
DA:105,0
DA:106,0
DA:107,0
DA:115,1
DA:116,0
DA:117,0
DA:118,0
DA:119,0
DA:127,1
DA:128,0
DA:129,0
DA:130,0
DA:131,0
DA:139,1
DA:140,0
DA:141,0
DA:142,0
DA:148,1
DA:149,0
DA:150,0
DA:151,0
DA:154,1
DA:155,0
DA:156,0
DA:157,0
DA:160,1
DA:161,0
DA:162,0
DA:163,0
DA:166,1
DA:167,0
DA:168,0
DA:169,0
DA:172,1
DA:173,0
DA:174,0
DA:175,0
DA:178,1
DA:179,0
DA:180,0
DA:181,0
LF:82
LH:19
BRDA:3,0,0,1
BRDA:3,0,1,1
BRDA:11,1,0,0
BRDA:11,1,1,0
BRDA:11,2,0,0
BRDA:11,2,1,0
BRDA:40,3,0,0
BRDA:40,3,1,0
BRDA:40,4,0,0
BRDA:40,4,1,0
BRDA:50,5,0,0
BRDA:50,5,1,0
BRF:12
BRH:2
end_of_record
