{"/home/shikhar/Sem 2/SPE/SPE Main Project/FMP-68/backend/src/auth/auth.controller.ts": {"path":"/home/shikhar/Sem 2/SPE/SPE Main Project/FMP-68/backend/src/auth/auth.controller.ts","statementMap":{"0":{"start":{"line":1,"column":0},"end":{"line":1,"column":null}},"1":{"start":{"line":11,"column":0},"end":{"line":11,"column":45}},"2":{"start":{"line":12,"column":0},"end":{"line":12,"column":61}},"3":{"start":{"line":13,"column":0},"end":{"line":13,"column":55}},"4":{"start":{"line":14,"column":0},"end":{"line":14,"column":47}},"5":{"start":{"line":18,"column":7},"end":{"line":69,"column":null}},"6":{"start":{"line":20,"column":12},"end":{"line":20,"column":25}},"7":{"start":{"line":21,"column":12},"end":{"line":21,"column":20}},"8":{"start":{"line":41,"column":28},"end":{"line":41,"column":76}},"9":{"start":{"line":43,"column":24},"end":{"line":43,"column":90}},"10":{"start":{"line":46,"column":4},"end":{"line":46,"column":70}},"11":{"start":{"line":57,"column":4},"end":{"line":57,"column":49}},"12":{"start":{"line":67,"column":4},"end":{"line":67,"column":20}},"13":{"start":{"line":18,"column":13},"end":{"line":18,"column":27}},"14":{"start":{"line":30,"column":2},"end":{"line":32,"column":null}},"15":{"start":{"line":40,"column":8},"end":{"line":47,"column":null}},"16":{"start":{"line":56,"column":8},"end":{"line":58,"column":null}},"17":{"start":{"line":66,"column":2},"end":{"line":68,"column":null}},"18":{"start":{"line":18,"column":13},"end":{"line":69,"column":null}}},"fnMap":{"0":{"name":"(anonymous_4)","decl":{"start":{"line":19,"column":2},"end":{"line":19,"column":null}},"loc":{"start":{"line":21,"column":33},"end":{"line":22,"column":6}}},"1":{"name":"(anonymous_5)","decl":{"start":{"line":30,"column":2},"end":{"line":30,"column":13}},"loc":{"start":{"line":30,"column":13},"end":{"line":32,"column":3}}},"2":{"name":"(anonymous_6)","decl":{"start":{"line":40,"column":2},"end":{"line":40,"column":7}},"loc":{"start":{"line":40,"column":60},"end":{"line":47,"column":3}}},"3":{"name":"(anonymous_7)","decl":{"start":{"line":56,"column":2},"end":{"line":56,"column":7}},"loc":{"start":{"line":56,"column":31},"end":{"line":58,"column":3}}},"4":{"name":"(anonymous_8)","decl":{"start":{"line":66,"column":2},"end":{"line":66,"column":7}},"loc":{"start":{"line":66,"column":23},"end":{"line":68,"column":3}}}},"branchMap":{"0":{"loc":{"start":{"line":43,"column":24},"end":{"line":43,"column":90}},"type":"binary-expr","locations":[{"start":{"line":43,"column":24},"end":{"line":43,"column":63}},{"start":{"line":43,"column":67},"end":{"line":43,"column":90}}]}},"s":{"0":1,"1":1,"2":1,"3":1,"4":1,"5":1,"6":6,"7":6,"8":2,"9":2,"10":2,"11":1,"12":1,"13":1,"14":1,"15":1,"16":1,"17":1,"18":1},"f":{"0":6,"1":1,"2":2,"3":1,"4":1},"b":{"0":[2,1]}}
,"/home/shikhar/Sem 2/SPE/SPE Main Project/FMP-68/backend/src/auth/auth.service.ts": {"path":"/home/shikhar/Sem 2/SPE/SPE Main Project/FMP-68/backend/src/auth/auth.service.ts","statementMap":{"0":{"start":{"line":1,"column":0},"end":{"line":1,"column":44}},"1":{"start":{"line":2,"column":0},"end":{"line":2,"column":41}},"2":{"start":{"line":3,"column":0},"end":{"line":3,"column":54}},"3":{"start":{"line":7,"column":7},"end":{"line":44,"column":null}},"4":{"start":{"line":9,"column":12},"end":{"line":9,"column":26}},"5":{"start":{"line":10,"column":12},"end":{"line":10,"column":24}},"6":{"start":{"line":15,"column":17},"end":{"line":20,"column":6}},"7":{"start":{"line":22,"column":24},"end":{"line":25,"column":6}},"8":{"start":{"line":27,"column":4},"end":{"line":27,"column":33}},"9":{"start":{"line":32,"column":4},"end":{"line":32,"column":59}},"10":{"start":{"line":33,"column":4},"end":{"line":33,"column":50}},"11":{"start":{"line":38,"column":4},"end":{"line":42,"column":5}},"12":{"start":{"line":39,"column":6},"end":{"line":39,"column":43}},"13":{"start":{"line":41,"column":6},"end":{"line":41,"column":18}},"14":{"start":{"line":7,"column":13},"end":{"line":7,"column":24}},"15":{"start":{"line":7,"column":13},"end":{"line":44,"column":null}}},"fnMap":{"0":{"name":"(anonymous_2)","decl":{"start":{"line":8,"column":2},"end":{"line":8,"column":null}},"loc":{"start":{"line":10,"column":34},"end":{"line":11,"column":6}}},"1":{"name":"(anonymous_3)","decl":{"start":{"line":14,"column":2},"end":{"line":14,"column":7}},"loc":{"start":{"line":14,"column":39},"end":{"line":28,"column":3}}},"2":{"name":"(anonymous_4)","decl":{"start":{"line":31,"column":2},"end":{"line":31,"column":7}},"loc":{"start":{"line":31,"column":30},"end":{"line":34,"column":3}}},"3":{"name":"(anonymous_5)","decl":{"start":{"line":37,"column":2},"end":{"line":37,"column":15}},"loc":{"start":{"line":37,"column":29},"end":{"line":43,"column":3}}}},"branchMap":{},"s":{"0":2,"1":2,"2":2,"3":2,"4":9,"5":9,"6":2,"7":2,"8":2,"9":2,"10":1,"11":4,"12":4,"13":3,"14":2,"15":2},"f":{"0":9,"1":2,"2":2,"3":4},"b":{}}
,"/home/shikhar/Sem 2/SPE/SPE Main Project/FMP-68/backend/src/auth/guards/google-auth.guard.ts": {"path":"/home/shikhar/Sem 2/SPE/SPE Main Project/FMP-68/backend/src/auth/guards/google-auth.guard.ts","statementMap":{"0":{"start":{"line":1,"column":0},"end":{"line":1,"column":44}},"1":{"start":{"line":2,"column":0},"end":{"line":2,"column":45}},"2":{"start":{"line":5,"column":7},"end":{"line":5,"column":null}},"3":{"start":{"line":5,"column":13},"end":{"line":5,"column":28}},"4":{"start":{"line":5,"column":13},"end":{"line":5,"column":null}}},"fnMap":{},"branchMap":{},"s":{"0":1,"1":1,"2":1,"3":1,"4":1},"f":{},"b":{}}
,"/home/shikhar/Sem 2/SPE/SPE Main Project/FMP-68/backend/src/auth/guards/jwt-auth.guard.ts": {"path":"/home/shikhar/Sem 2/SPE/SPE Main Project/FMP-68/backend/src/auth/guards/jwt-auth.guard.ts","statementMap":{"0":{"start":{"line":1,"column":0},"end":{"line":1,"column":44}},"1":{"start":{"line":2,"column":0},"end":{"line":2,"column":45}},"2":{"start":{"line":5,"column":7},"end":{"line":5,"column":null}},"3":{"start":{"line":5,"column":13},"end":{"line":5,"column":25}},"4":{"start":{"line":5,"column":13},"end":{"line":5,"column":null}}},"fnMap":{},"branchMap":{},"s":{"0":4,"1":4,"2":4,"3":4,"4":4},"f":{},"b":{}}
,"/home/shikhar/Sem 2/SPE/SPE Main Project/FMP-68/backend/src/auth/strategies/google.strategy.ts": {"path":"/home/shikhar/Sem 2/SPE/SPE Main Project/FMP-68/backend/src/auth/strategies/google.strategy.ts","statementMap":{"0":{"start":{"line":1,"column":0},"end":{"line":1,"column":44}},"1":{"start":{"line":2,"column":0},"end":{"line":2,"column":52}},"2":{"start":{"line":3,"column":0},"end":{"line":3,"column":67}},"3":{"start":{"line":4,"column":0},"end":{"line":4,"column":47}},"4":{"start":{"line":7,"column":7},"end":{"line":34,"column":null}},"5":{"start":{"line":9,"column":4},"end":{"line":14,"column":7}},"6":{"start":{"line":8,"column":22},"end":{"line":8,"column":30}},"7":{"start":{"line":23,"column":41},"end":{"line":23,"column":48}},"8":{"start":{"line":25,"column":23},"end":{"line":30,"column":6}},"9":{"start":{"line":32,"column":4},"end":{"line":32,"column":27}},"10":{"start":{"line":7,"column":13},"end":{"line":7,"column":27}},"11":{"start":{"line":7,"column":13},"end":{"line":34,"column":null}}},"fnMap":{"0":{"name":"(anonymous_2)","decl":{"start":{"line":8,"column":2},"end":{"line":8,"column":22}},"loc":{"start":{"line":8,"column":43},"end":{"line":15,"column":3}}},"1":{"name":"(anonymous_3)","decl":{"start":{"line":17,"column":2},"end":{"line":17,"column":7}},"loc":{"start":{"line":21,"column":24},"end":{"line":33,"column":3}}}},"branchMap":{"0":{"loc":{"start":{"line":10,"column":16},"end":{"line":10,"column":60}},"type":"binary-expr","locations":[{"start":{"line":10,"column":16},"end":{"line":10,"column":54}},{"start":{"line":10,"column":58},"end":{"line":10,"column":60}}]},"1":{"loc":{"start":{"line":11,"column":20},"end":{"line":11,"column":68}},"type":"binary-expr","locations":[{"start":{"line":11,"column":20},"end":{"line":11,"column":62}},{"start":{"line":11,"column":66},"end":{"line":11,"column":68}}]},"2":{"loc":{"start":{"line":12,"column":19},"end":{"line":12,"column":66}},"type":"binary-expr","locations":[{"start":{"line":12,"column":19},"end":{"line":12,"column":60}},{"start":{"line":12,"column":64},"end":{"line":12,"column":66}}]},"3":{"loc":{"start":{"line":29,"column":15},"end":{"line":29,"column":37}},"type":"binary-expr","locations":[{"start":{"line":29,"column":15},"end":{"line":29,"column":31}},{"start":{"line":29,"column":35},"end":{"line":29,"column":37}}]}},"s":{"0":1,"1":1,"2":1,"3":1,"4":1,"5":5,"6":5,"7":3,"8":3,"9":3,"10":1,"11":1},"f":{"0":5,"1":3},"b":{"0":[5,0],"1":[5,0],"2":[5,0],"3":[3,1]}}
,"/home/shikhar/Sem 2/SPE/SPE Main Project/FMP-68/backend/src/auth/strategies/jwt.strategy.ts": {"path":"/home/shikhar/Sem 2/SPE/SPE Main Project/FMP-68/backend/src/auth/strategies/jwt.strategy.ts","statementMap":{"0":{"start":{"line":1,"column":0},"end":{"line":1,"column":67}},"1":{"start":{"line":2,"column":0},"end":{"line":2,"column":52}},"2":{"start":{"line":3,"column":0},"end":{"line":3,"column":52}},"3":{"start":{"line":4,"column":0},"end":{"line":4,"column":47}},"4":{"start":{"line":5,"column":0},"end":{"line":5,"column":57}},"5":{"start":{"line":8,"column":7},"end":{"line":25,"column":null}},"6":{"start":{"line":13,"column":4},"end":{"line":17,"column":7}},"7":{"start":{"line":10,"column":12},"end":{"line":10,"column":20}},"8":{"start":{"line":11,"column":12},"end":{"line":11,"column":26}},"9":{"start":{"line":21,"column":17},"end":{"line":21,"column":62}},"10":{"start":{"line":22,"column":4},"end":{"line":22,"column":65}},"11":{"start":{"line":22,"column":15},"end":{"line":22,"column":65}},"12":{"start":{"line":23,"column":4},"end":{"line":23,"column":16}},"13":{"start":{"line":8,"column":13},"end":{"line":8,"column":24}},"14":{"start":{"line":8,"column":13},"end":{"line":25,"column":null}}},"fnMap":{"0":{"name":"(anonymous_2)","decl":{"start":{"line":9,"column":2},"end":{"line":9,"column":null}},"loc":{"start":{"line":11,"column":38},"end":{"line":18,"column":3}}},"1":{"name":"(anonymous_3)","decl":{"start":{"line":20,"column":2},"end":{"line":20,"column":7}},"loc":{"start":{"line":20,"column":56},"end":{"line":24,"column":3}}}},"branchMap":{"0":{"loc":{"start":{"line":16,"column":19},"end":{"line":16,"column":75}},"type":"binary-expr","locations":[{"start":{"line":16,"column":19},"end":{"line":16,"column":51}},{"start":{"line":16,"column":55},"end":{"line":16,"column":75}}]},"1":{"loc":{"start":{"line":22,"column":4},"end":{"line":22,"column":65}},"type":"if","locations":[{"start":{"line":22,"column":4},"end":{"line":22,"column":65}}]}},"s":{"0":1,"1":1,"2":1,"3":1,"4":1,"5":1,"6":5,"7":5,"8":5,"9":3,"10":3,"11":1,"12":2,"13":1,"14":1},"f":{"0":5,"1":3},"b":{"0":[5,0],"1":[1]}}
,"/home/shikhar/Sem 2/SPE/SPE Main Project/FMP-68/backend/src/follow-requests/follow-requests.controller.ts": {"path":"/home/shikhar/Sem 2/SPE/SPE Main Project/FMP-68/backend/src/follow-requests/follow-requests.controller.ts","statementMap":{"0":{"start":{"line":1,"column":0},"end":{"line":1,"column":null}},"1":{"start":{"line":15,"column":0},"end":{"line":15,"column":66}},"2":{"start":{"line":16,"column":0},"end":{"line":16,"column":73}},"3":{"start":{"line":17,"column":0},"end":{"line":17,"column":75}},"4":{"start":{"line":18,"column":0},"end":{"line":18,"column":61}},"5":{"start":{"line":21,"column":37},"end":{"line":208,"column":null}},"6":{"start":{"line":24,"column":22},"end":{"line":24,"column":45}},"7":{"start":{"line":22,"column":10},"end":{"line":22,"column":61}},"8":{"start":{"line":33,"column":4},"end":{"line":54,"column":5}},"9":{"start":{"line":34,"column":6},"end":{"line":36,"column":8}},"10":{"start":{"line":37,"column":21},"end":{"line":39,"column":null}},"11":{"start":{"line":41,"column":6},"end":{"line":41,"column":61}},"12":{"start":{"line":42,"column":6},"end":{"line":42,"column":20}},"13":{"start":{"line":44,"column":6},"end":{"line":44,"column":65}},"14":{"start":{"line":45,"column":22},"end":{"line":45,"column":96}},"15":{"start":{"line":46,"column":6},"end":{"line":53,"column":8}},"16":{"start":{"line":61,"column":4},"end":{"line":76,"column":5}},"17":{"start":{"line":62,"column":6},"end":{"line":64,"column":8}},"18":{"start":{"line":66,"column":6},"end":{"line":66,"column":66}},"19":{"start":{"line":67,"column":22},"end":{"line":67,"column":95}},"20":{"start":{"line":68,"column":6},"end":{"line":75,"column":8}},"21":{"start":{"line":83,"column":4},"end":{"line":96,"column":5}},"22":{"start":{"line":84,"column":6},"end":{"line":84,"column":87}},"23":{"start":{"line":86,"column":6},"end":{"line":86,"column":63}},"24":{"start":{"line":87,"column":22},"end":{"line":87,"column":92}},"25":{"start":{"line":88,"column":6},"end":{"line":95,"column":8}},"26":{"start":{"line":102,"column":4},"end":{"line":115,"column":5}},"27":{"start":{"line":103,"column":6},"end":{"line":103,"column":79}},"28":{"start":{"line":105,"column":6},"end":{"line":105,"column":67}},"29":{"start":{"line":106,"column":22},"end":{"line":106,"column":96}},"30":{"start":{"line":107,"column":6},"end":{"line":114,"column":8}},"31":{"start":{"line":125,"column":4},"end":{"line":146,"column":5}},"32":{"start":{"line":126,"column":6},"end":{"line":126,"column":95}},"33":{"start":{"line":128,"column":21},"end":{"line":131,"column":null}},"34":{"start":{"line":133,"column":6},"end":{"line":133,"column":62}},"35":{"start":{"line":134,"column":6},"end":{"line":134,"column":20}},"36":{"start":{"line":136,"column":22},"end":{"line":136,"column":97}},"37":{"start":{"line":137,"column":6},"end":{"line":137,"column":70}},"38":{"start":{"line":138,"column":6},"end":{"line":145,"column":8}},"39":{"start":{"line":156,"column":4},"end":{"line":177,"column":5}},"40":{"start":{"line":157,"column":6},"end":{"line":157,"column":95}},"41":{"start":{"line":159,"column":21},"end":{"line":162,"column":null}},"42":{"start":{"line":164,"column":6},"end":{"line":164,"column":62}},"43":{"start":{"line":165,"column":6},"end":{"line":165,"column":20}},"44":{"start":{"line":167,"column":22},"end":{"line":167,"column":96}},"45":{"start":{"line":168,"column":6},"end":{"line":168,"column":70}},"46":{"start":{"line":169,"column":6},"end":{"line":176,"column":8}},"47":{"start":{"line":187,"column":4},"end":{"line":206,"column":5}},"48":{"start":{"line":188,"column":6},"end":{"line":188,"column":99}},"49":{"start":{"line":189,"column":21},"end":{"line":191,"column":null}},"50":{"start":{"line":193,"column":6},"end":{"line":193,"column":63}},"51":{"start":{"line":194,"column":6},"end":{"line":194,"column":20}},"52":{"start":{"line":196,"column":6},"end":{"line":196,"column":67}},"53":{"start":{"line":197,"column":22},"end":{"line":197,"column":96}},"54":{"start":{"line":198,"column":6},"end":{"line":205,"column":8}},"55":{"start":{"line":21,"column":13},"end":{"line":21,"column":37}},"56":{"start":{"line":29,"column":8},"end":{"line":55,"column":null}},"57":{"start":{"line":60,"column":8},"end":{"line":77,"column":null}},"58":{"start":{"line":82,"column":8},"end":{"line":97,"column":null}},"59":{"start":{"line":101,"column":8},"end":{"line":116,"column":null}},"60":{"start":{"line":121,"column":8},"end":{"line":147,"column":null}},"61":{"start":{"line":152,"column":8},"end":{"line":178,"column":null}},"62":{"start":{"line":183,"column":8},"end":{"line":207,"column":null}},"63":{"start":{"line":21,"column":13},"end":{"line":208,"column":null}}},"fnMap":{"0":{"name":"(anonymous_4)","decl":{"start":{"line":24,"column":2},"end":{"line":24,"column":22}},"loc":{"start":{"line":24,"column":66},"end":{"line":24,"column":70}}},"1":{"name":"(anonymous_5)","decl":{"start":{"line":29,"column":2},"end":{"line":29,"column":7}},"loc":{"start":{"line":31,"column":58},"end":{"line":55,"column":3}}},"2":{"name":"(anonymous_6)","decl":{"start":{"line":60,"column":2},"end":{"line":60,"column":7}},"loc":{"start":{"line":60,"column":52},"end":{"line":77,"column":3}}},"3":{"name":"(anonymous_7)","decl":{"start":{"line":82,"column":2},"end":{"line":82,"column":7}},"loc":{"start":{"line":82,"column":49},"end":{"line":97,"column":3}}},"4":{"name":"(anonymous_8)","decl":{"start":{"line":101,"column":2},"end":{"line":101,"column":7}},"loc":{"start":{"line":101,"column":64},"end":{"line":116,"column":3}}},"5":{"name":"(anonymous_9)","decl":{"start":{"line":121,"column":2},"end":{"line":121,"column":7}},"loc":{"start":{"line":123,"column":40},"end":{"line":147,"column":3}}},"6":{"name":"(anonymous_10)","decl":{"start":{"line":152,"column":2},"end":{"line":152,"column":7}},"loc":{"start":{"line":154,"column":40},"end":{"line":178,"column":3}}},"7":{"name":"(anonymous_11)","decl":{"start":{"line":183,"column":2},"end":{"line":183,"column":7}},"loc":{"start":{"line":185,"column":38},"end":{"line":207,"column":3}}}},"branchMap":{"0":{"loc":{"start":{"line":45,"column":22},"end":{"line":45,"column":96}},"type":"cond-expr","locations":[{"start":{"line":45,"column":47},"end":{"line":45,"column":60}},{"start":{"line":45,"column":63},"end":{"line":45,"column":96}}]},"1":{"loc":{"start":{"line":67,"column":22},"end":{"line":67,"column":95}},"type":"cond-expr","locations":[{"start":{"line":67,"column":47},"end":{"line":67,"column":60}},{"start":{"line":67,"column":63},"end":{"line":67,"column":95}}]},"2":{"loc":{"start":{"line":87,"column":22},"end":{"line":87,"column":92}},"type":"cond-expr","locations":[{"start":{"line":87,"column":47},"end":{"line":87,"column":60}},{"start":{"line":87,"column":63},"end":{"line":87,"column":92}}]},"3":{"loc":{"start":{"line":106,"column":22},"end":{"line":106,"column":96}},"type":"cond-expr","locations":[{"start":{"line":106,"column":47},"end":{"line":106,"column":60}},{"start":{"line":106,"column":63},"end":{"line":106,"column":96}}]},"4":{"loc":{"start":{"line":136,"column":22},"end":{"line":136,"column":97}},"type":"cond-expr","locations":[{"start":{"line":136,"column":47},"end":{"line":136,"column":60}},{"start":{"line":136,"column":63},"end":{"line":136,"column":97}}]},"5":{"loc":{"start":{"line":167,"column":22},"end":{"line":167,"column":96}},"type":"cond-expr","locations":[{"start":{"line":167,"column":47},"end":{"line":167,"column":60}},{"start":{"line":167,"column":63},"end":{"line":167,"column":96}}]},"6":{"loc":{"start":{"line":197,"column":22},"end":{"line":197,"column":96}},"type":"cond-expr","locations":[{"start":{"line":197,"column":47},"end":{"line":197,"column":60}},{"start":{"line":197,"column":63},"end":{"line":197,"column":96}}]}},"s":{"0":1,"1":1,"2":1,"3":1,"4":1,"5":1,"6":22,"7":22,"8":2,"9":2,"10":2,"11":1,"12":1,"13":1,"14":1,"15":1,"16":4,"17":4,"18":2,"19":2,"20":2,"21":4,"22":4,"23":2,"24":2,"25":2,"26":4,"27":4,"28":2,"29":2,"30":2,"31":3,"32":3,"33":3,"34":1,"35":1,"36":2,"37":2,"38":2,"39":2,"40":2,"41":2,"42":1,"43":1,"44":1,"45":1,"46":1,"47":2,"48":2,"49":2,"50":1,"51":1,"52":1,"53":1,"54":1,"55":1,"56":1,"57":1,"58":1,"59":1,"60":1,"61":1,"62":1,"63":1},"f":{"0":22,"1":2,"2":4,"3":4,"4":4,"5":3,"6":2,"7":2},"b":{"0":[1,0],"1":[1,1],"2":[1,1],"3":[1,1],"4":[2,0],"5":[1,0],"6":[1,0]}}
,"/home/shikhar/Sem 2/SPE/SPE Main Project/FMP-68/backend/src/follow-requests/follow-requests.service.ts": {"path":"/home/shikhar/Sem 2/SPE/SPE Main Project/FMP-68/backend/src/follow-requests/follow-requests.service.ts","statementMap":{"0":{"start":{"line":1,"column":0},"end":{"line":1,"column":44}},"1":{"start":{"line":2,"column":0},"end":{"line":2,"column":57}},"2":{"start":{"line":6,"column":7},"end":{"line":266,"column":null}},"3":{"start":{"line":7,"column":22},"end":{"line":7,"column":30}},"4":{"start":{"line":15,"column":36},"end":{"line":15,"column":58}},"5":{"start":{"line":17,"column":21},"end":{"line":19,"column":6}},"6":{"start":{"line":20,"column":4},"end":{"line":20,"column":53}},"7":{"start":{"line":20,"column":19},"end":{"line":20,"column":53}},"8":{"start":{"line":22,"column":17},"end":{"line":25,"column":6}},"9":{"start":{"line":26,"column":4},"end":{"line":26,"column":49}},"10":{"start":{"line":26,"column":15},"end":{"line":26,"column":49}},"11":{"start":{"line":27,"column":4},"end":{"line":28,"column":58}},"12":{"start":{"line":28,"column":6},"end":{"line":28,"column":58}},"13":{"start":{"line":30,"column":28},"end":{"line":30,"column":66}},"14":{"start":{"line":31,"column":25},"end":{"line":31,"column":60}},"15":{"start":{"line":33,"column":4},"end":{"line":34,"column":70}},"16":{"start":{"line":34,"column":6},"end":{"line":34,"column":70}},"17":{"start":{"line":35,"column":4},"end":{"line":36,"column":61}},"18":{"start":{"line":36,"column":6},"end":{"line":36,"column":61}},"19":{"start":{"line":39,"column":24},"end":{"line":43,"column":6}},"20":{"start":{"line":45,"column":4},"end":{"line":52,"column":6}},"21":{"start":{"line":60,"column":17},"end":{"line":60,"column":77}},"22":{"start":{"line":61,"column":4},"end":{"line":61,"column":49}},"23":{"start":{"line":61,"column":15},"end":{"line":61,"column":49}},"24":{"start":{"line":64,"column":4},"end":{"line":66,"column":5}},"25":{"start":{"line":65,"column":6},"end":{"line":65,"column":91}},"26":{"start":{"line":68,"column":28},"end":{"line":68,"column":66}},"27":{"start":{"line":69,"column":25},"end":{"line":69,"column":60}},"28":{"start":{"line":71,"column":4},"end":{"line":72,"column":50}},"29":{"start":{"line":72,"column":6},"end":{"line":72,"column":50}},"30":{"start":{"line":74,"column":26},"end":{"line":93,"column":6}},"31":{"start":{"line":79,"column":56},"end":{"line":79,"column":69}},"32":{"start":{"line":95,"column":4},"end":{"line":100,"column":6}},"33":{"start":{"line":106,"column":17},"end":{"line":106,"column":77}},"34":{"start":{"line":107,"column":4},"end":{"line":107,"column":49}},"35":{"start":{"line":107,"column":15},"end":{"line":107,"column":49}},"36":{"start":{"line":110,"column":4},"end":{"line":112,"column":5}},"37":{"start":{"line":111,"column":6},"end":{"line":111,"column":90}},"38":{"start":{"line":114,"column":28},"end":{"line":114,"column":66}},"39":{"start":{"line":115,"column":4},"end":{"line":116,"column":50}},"40":{"start":{"line":116,"column":6},"end":{"line":116,"column":50}},"41":{"start":{"line":118,"column":24},"end":{"line":124,"column":6}},"42":{"start":{"line":121,"column":54},"end":{"line":121,"column":67}},"43":{"start":{"line":126,"column":4},"end":{"line":131,"column":6}},"44":{"start":{"line":137,"column":17},"end":{"line":137,"column":77}},"45":{"start":{"line":138,"column":4},"end":{"line":138,"column":49}},"46":{"start":{"line":138,"column":15},"end":{"line":138,"column":49}},"47":{"start":{"line":140,"column":28},"end":{"line":140,"column":66}},"48":{"start":{"line":141,"column":4},"end":{"line":142,"column":50}},"49":{"start":{"line":142,"column":6},"end":{"line":142,"column":50}},"50":{"start":{"line":144,"column":24},"end":{"line":150,"column":6}},"51":{"start":{"line":147,"column":54},"end":{"line":147,"column":67}},"52":{"start":{"line":152,"column":4},"end":{"line":157,"column":6}},"53":{"start":{"line":162,"column":18},"end":{"line":165,"column":6}},"54":{"start":{"line":168,"column":27},"end":{"line":168,"column":44}},"55":{"start":{"line":169,"column":4},"end":{"line":172,"column":5}},"56":{"start":{"line":170,"column":30},"end":{"line":170,"column":68}},"57":{"start":{"line":171,"column":6},"end":{"line":171,"column":59}},"58":{"start":{"line":171,"column":35},"end":{"line":171,"column":57}},"59":{"start":{"line":175,"column":22},"end":{"line":179,"column":6}},"60":{"start":{"line":182,"column":24},"end":{"line":182,"column":62}},"61":{"start":{"line":182,"column":51},"end":{"line":182,"column":60}},"62":{"start":{"line":184,"column":31},"end":{"line":184,"column":33}},"63":{"start":{"line":186,"column":4},"end":{"line":202,"column":5}},"64":{"start":{"line":187,"column":30},"end":{"line":187,"column":68}},"65":{"start":{"line":189,"column":6},"end":{"line":201,"column":7}},"66":{"start":{"line":190,"column":25},"end":{"line":190,"column":48}},"67":{"start":{"line":191,"column":8},"end":{"line":200,"column":9}},"68":{"start":{"line":192,"column":10},"end":{"line":199,"column":13}},"69":{"start":{"line":204,"column":4},"end":{"line":204,"column":30}},"70":{"start":{"line":209,"column":17},"end":{"line":212,"column":6}},"71":{"start":{"line":213,"column":4},"end":{"line":213,"column":49}},"72":{"start":{"line":213,"column":15},"end":{"line":213,"column":49}},"73":{"start":{"line":215,"column":28},"end":{"line":215,"column":66}},"74":{"start":{"line":218,"column":22},"end":{"line":222,"column":6}},"75":{"start":{"line":224,"column":24},"end":{"line":224,"column":62}},"76":{"start":{"line":224,"column":51},"end":{"line":224,"column":60}},"77":{"start":{"line":225,"column":32},"end":{"line":229,"column":7}},"78":{"start":{"line":225,"column":62},"end":{"line":229,"column":6}},"79":{"start":{"line":231,"column":4},"end":{"line":231,"column":31}},"80":{"start":{"line":236,"column":18},"end":{"line":238,"column":6}},"81":{"start":{"line":240,"column":25},"end":{"line":240,"column":27}},"82":{"start":{"line":241,"column":4},"end":{"line":262,"column":5}},"83":{"start":{"line":242,"column":30},"end":{"line":242,"column":68}},"84":{"start":{"line":243,"column":27},"end":{"line":243,"column":62}},"85":{"start":{"line":245,"column":6},"end":{"line":261,"column":7}},"86":{"start":{"line":246,"column":8},"end":{"line":252,"column":11}},"87":{"start":{"line":253,"column":13},"end":{"line":261,"column":7}},"88":{"start":{"line":254,"column":8},"end":{"line":260,"column":11}},"89":{"start":{"line":264,"column":4},"end":{"line":264,"column":24}},"90":{"start":{"line":6,"column":13},"end":{"line":6,"column":34}},"91":{"start":{"line":6,"column":13},"end":{"line":266,"column":null}}},"fnMap":{"0":{"name":"(anonymous_2)","decl":{"start":{"line":7,"column":2},"end":{"line":7,"column":22}},"loc":{"start":{"line":7,"column":43},"end":{"line":7,"column":47}}},"1":{"name":"(anonymous_3)","decl":{"start":{"line":11,"column":2},"end":{"line":11,"column":7}},"loc":{"start":{"line":13,"column":50},"end":{"line":53,"column":3}}},"2":{"name":"(anonymous_4)","decl":{"start":{"line":59,"column":2},"end":{"line":59,"column":7}},"loc":{"start":{"line":59,"column":80},"end":{"line":101,"column":3}}},"3":{"name":"(anonymous_5)","decl":{"start":{"line":79,"column":48},"end":{"line":79,"column":49}},"loc":{"start":{"line":79,"column":56},"end":{"line":79,"column":69}}},"4":{"name":"(anonymous_6)","decl":{"start":{"line":105,"column":2},"end":{"line":105,"column":7}},"loc":{"start":{"line":105,"column":79},"end":{"line":132,"column":3}}},"5":{"name":"(anonymous_7)","decl":{"start":{"line":121,"column":46},"end":{"line":121,"column":47}},"loc":{"start":{"line":121,"column":54},"end":{"line":121,"column":67}}},"6":{"name":"(anonymous_8)","decl":{"start":{"line":136,"column":2},"end":{"line":136,"column":7}},"loc":{"start":{"line":136,"column":58},"end":{"line":158,"column":3}}},"7":{"name":"(anonymous_9)","decl":{"start":{"line":147,"column":46},"end":{"line":147,"column":47}},"loc":{"start":{"line":147,"column":54},"end":{"line":147,"column":67}}},"8":{"name":"(anonymous_10)","decl":{"start":{"line":161,"column":2},"end":{"line":161,"column":7}},"loc":{"start":{"line":161,"column":64},"end":{"line":205,"column":3}}},"9":{"name":"(anonymous_11)","decl":{"start":{"line":171,"column":29},"end":{"line":171,"column":31}},"loc":{"start":{"line":171,"column":35},"end":{"line":171,"column":57}}},"10":{"name":"(anonymous_12)","decl":{"start":{"line":182,"column":46},"end":{"line":182,"column":47}},"loc":{"start":{"line":182,"column":51},"end":{"line":182,"column":60}}},"11":{"name":"(anonymous_13)","decl":{"start":{"line":208,"column":2},"end":{"line":208,"column":7}},"loc":{"start":{"line":208,"column":47},"end":{"line":232,"column":3}}},"12":{"name":"(anonymous_14)","decl":{"start":{"line":224,"column":46},"end":{"line":224,"column":47}},"loc":{"start":{"line":224,"column":51},"end":{"line":224,"column":60}}},"13":{"name":"(anonymous_15)","decl":{"start":{"line":225,"column":51},"end":{"line":225,"column":57}},"loc":{"start":{"line":225,"column":62},"end":{"line":229,"column":6}}},"14":{"name":"(anonymous_16)","decl":{"start":{"line":235,"column":2},"end":{"line":235,"column":7}},"loc":{"start":{"line":235,"column":50},"end":{"line":265,"column":3}}}},"branchMap":{"0":{"loc":{"start":{"line":20,"column":4},"end":{"line":20,"column":53}},"type":"if","locations":[{"start":{"line":20,"column":4},"end":{"line":20,"column":53}}]},"1":{"loc":{"start":{"line":26,"column":4},"end":{"line":26,"column":49}},"type":"if","locations":[{"start":{"line":26,"column":4},"end":{"line":26,"column":49}}]},"2":{"loc":{"start":{"line":27,"column":4},"end":{"line":28,"column":58}},"type":"if","locations":[{"start":{"line":27,"column":4},"end":{"line":28,"column":58}}]},"3":{"loc":{"start":{"line":30,"column":28},"end":{"line":30,"column":66}},"type":"binary-expr","locations":[{"start":{"line":30,"column":28},"end":{"line":30,"column":60}},{"start":{"line":30,"column":64},"end":{"line":30,"column":66}}]},"4":{"loc":{"start":{"line":31,"column":25},"end":{"line":31,"column":60}},"type":"binary-expr","locations":[{"start":{"line":31,"column":25},"end":{"line":31,"column":54}},{"start":{"line":31,"column":58},"end":{"line":31,"column":60}}]},"5":{"loc":{"start":{"line":33,"column":4},"end":{"line":34,"column":70}},"type":"if","locations":[{"start":{"line":33,"column":4},"end":{"line":34,"column":70}}]},"6":{"loc":{"start":{"line":35,"column":4},"end":{"line":36,"column":61}},"type":"if","locations":[{"start":{"line":35,"column":4},"end":{"line":36,"column":61}}]},"7":{"loc":{"start":{"line":61,"column":4},"end":{"line":61,"column":49}},"type":"if","locations":[{"start":{"line":61,"column":4},"end":{"line":61,"column":49}}]},"8":{"loc":{"start":{"line":64,"column":4},"end":{"line":66,"column":5}},"type":"if","locations":[{"start":{"line":64,"column":4},"end":{"line":66,"column":5}}]},"9":{"loc":{"start":{"line":68,"column":28},"end":{"line":68,"column":66}},"type":"binary-expr","locations":[{"start":{"line":68,"column":28},"end":{"line":68,"column":60}},{"start":{"line":68,"column":64},"end":{"line":68,"column":66}}]},"10":{"loc":{"start":{"line":69,"column":25},"end":{"line":69,"column":60}},"type":"binary-expr","locations":[{"start":{"line":69,"column":25},"end":{"line":69,"column":54}},{"start":{"line":69,"column":58},"end":{"line":69,"column":60}}]},"11":{"loc":{"start":{"line":71,"column":4},"end":{"line":72,"column":50}},"type":"if","locations":[{"start":{"line":71,"column":4},"end":{"line":72,"column":50}}]},"12":{"loc":{"start":{"line":80,"column":23},"end":{"line":82,"column":38}},"type":"cond-expr","locations":[{"start":{"line":81,"column":14},"end":{"line":81,"column":25}},{"start":{"line":82,"column":14},"end":{"line":82,"column":38}}]},"13":{"loc":{"start":{"line":107,"column":4},"end":{"line":107,"column":49}},"type":"if","locations":[{"start":{"line":107,"column":4},"end":{"line":107,"column":49}}]},"14":{"loc":{"start":{"line":110,"column":4},"end":{"line":112,"column":5}},"type":"if","locations":[{"start":{"line":110,"column":4},"end":{"line":112,"column":5}}]},"15":{"loc":{"start":{"line":114,"column":28},"end":{"line":114,"column":66}},"type":"binary-expr","locations":[{"start":{"line":114,"column":28},"end":{"line":114,"column":60}},{"start":{"line":114,"column":64},"end":{"line":114,"column":66}}]},"16":{"loc":{"start":{"line":115,"column":4},"end":{"line":116,"column":50}},"type":"if","locations":[{"start":{"line":115,"column":4},"end":{"line":116,"column":50}}]},"17":{"loc":{"start":{"line":138,"column":4},"end":{"line":138,"column":49}},"type":"if","locations":[{"start":{"line":138,"column":4},"end":{"line":138,"column":49}}]},"18":{"loc":{"start":{"line":140,"column":28},"end":{"line":140,"column":66}},"type":"binary-expr","locations":[{"start":{"line":140,"column":28},"end":{"line":140,"column":60}},{"start":{"line":140,"column":64},"end":{"line":140,"column":66}}]},"19":{"loc":{"start":{"line":141,"column":4},"end":{"line":142,"column":50}},"type":"if","locations":[{"start":{"line":141,"column":4},"end":{"line":142,"column":50}}]},"20":{"loc":{"start":{"line":170,"column":30},"end":{"line":170,"column":68}},"type":"binary-expr","locations":[{"start":{"line":170,"column":30},"end":{"line":170,"column":62}},{"start":{"line":170,"column":66},"end":{"line":170,"column":68}}]},"21":{"loc":{"start":{"line":187,"column":30},"end":{"line":187,"column":68}},"type":"binary-expr","locations":[{"start":{"line":187,"column":30},"end":{"line":187,"column":62}},{"start":{"line":187,"column":66},"end":{"line":187,"column":68}}]},"22":{"loc":{"start":{"line":191,"column":8},"end":{"line":200,"column":9}},"type":"if","locations":[{"start":{"line":191,"column":8},"end":{"line":200,"column":9}}]},"23":{"loc":{"start":{"line":213,"column":4},"end":{"line":213,"column":49}},"type":"if","locations":[{"start":{"line":213,"column":4},"end":{"line":213,"column":49}}]},"24":{"loc":{"start":{"line":215,"column":28},"end":{"line":215,"column":66}},"type":"binary-expr","locations":[{"start":{"line":215,"column":28},"end":{"line":215,"column":60}},{"start":{"line":215,"column":64},"end":{"line":215,"column":66}}]},"25":{"loc":{"start":{"line":220,"column":18},"end":{"line":220,"column":72}},"type":"cond-expr","locations":[{"start":{"line":220,"column":46},"end":{"line":220,"column":60}},{"start":{"line":220,"column":63},"end":{"line":220,"column":72}}]},"26":{"loc":{"start":{"line":242,"column":30},"end":{"line":242,"column":68}},"type":"binary-expr","locations":[{"start":{"line":242,"column":30},"end":{"line":242,"column":62}},{"start":{"line":242,"column":66},"end":{"line":242,"column":68}}]},"27":{"loc":{"start":{"line":243,"column":27},"end":{"line":243,"column":62}},"type":"binary-expr","locations":[{"start":{"line":243,"column":27},"end":{"line":243,"column":56}},{"start":{"line":243,"column":60},"end":{"line":243,"column":62}}]},"28":{"loc":{"start":{"line":245,"column":6},"end":{"line":261,"column":7}},"type":"if","locations":[{"start":{"line":245,"column":6},"end":{"line":261,"column":7}},{"start":{"line":253,"column":13},"end":{"line":261,"column":7}}]},"29":{"loc":{"start":{"line":253,"column":13},"end":{"line":261,"column":7}},"type":"if","locations":[{"start":{"line":253,"column":13},"end":{"line":261,"column":7}}]}},"s":{"0":2,"1":2,"2":2,"3":36,"4":7,"5":7,"6":7,"7":1,"8":6,"9":6,"10":1,"11":5,"12":1,"13":4,"14":4,"15":4,"16":1,"17":3,"18":1,"19":2,"20":2,"21":6,"22":6,"23":1,"24":5,"25":1,"26":4,"27":4,"28":4,"29":2,"30":2,"31":2,"32":2,"33":5,"34":5,"35":1,"36":4,"37":1,"38":3,"39":3,"40":2,"41":1,"42":1,"43":1,"44":4,"45":4,"46":1,"47":3,"48":3,"49":2,"50":1,"51":1,"52":1,"53":4,"54":4,"55":4,"56":4,"57":4,"58":3,"59":4,"60":4,"61":3,"62":4,"63":4,"64":4,"65":4,"66":3,"67":3,"68":3,"69":4,"70":4,"71":4,"72":1,"73":3,"74":3,"75":3,"76":1,"77":3,"78":1,"79":3,"80":5,"81":5,"82":5,"83":6,"84":6,"85":6,"86":2,"87":4,"88":2,"89":5,"90":2,"91":2},"f":{"0":36,"1":7,"2":6,"3":2,"4":5,"5":1,"6":4,"7":1,"8":4,"9":3,"10":3,"11":4,"12":1,"13":1,"14":5},"b":{"0":[1],"1":[1],"2":[1],"3":[4,1],"4":[4,1],"5":[1],"6":[1],"7":[1],"8":[1],"9":[4,1],"10":[4,1],"11":[2],"12":[1,1],"13":[1],"14":[1],"15":[3,1],"16":[2],"17":[1],"18":[3,1],"19":[2],"20":[4,1],"21":[4,1],"22":[3],"23":[1],"24":[3,1],"25":[1,2],"26":[6,1],"27":[6,1],"28":[2,4],"29":[2]}}
,"/home/shikhar/Sem 2/SPE/SPE Main Project/FMP-68/backend/src/follow-requests/dto/approve-follow-request.dto.ts": {"path":"/home/shikhar/Sem 2/SPE/SPE Main Project/FMP-68/backend/src/follow-requests/dto/approve-follow-request.dto.ts","statementMap":{"0":{"start":{"line":1,"column":0},"end":{"line":1,"column":55}},"1":{"start":{"line":3,"column":0},"end":{"line":3,"column":13}},"2":{"start":{"line":6,"column":2},"end":{"line":6,"column":null}},"3":{"start":{"line":10,"column":2},"end":{"line":10,"column":null}}},"fnMap":{},"branchMap":{},"s":{"0":1,"1":1,"2":1,"3":1},"f":{},"b":{}}
,"/home/shikhar/Sem 2/SPE/SPE Main Project/FMP-68/backend/src/follow-requests/dto/create-follow-request.dto.ts": {"path":"/home/shikhar/Sem 2/SPE/SPE Main Project/FMP-68/backend/src/follow-requests/dto/create-follow-request.dto.ts","statementMap":{"0":{"start":{"line":1,"column":0},"end":{"line":1,"column":55}},"1":{"start":{"line":3,"column":0},"end":{"line":3,"column":13}},"2":{"start":{"line":6,"column":2},"end":{"line":6,"column":null}},"3":{"start":{"line":10,"column":2},"end":{"line":10,"column":null}}},"fnMap":{},"branchMap":{},"s":{"0":1,"1":1,"2":1,"3":1},"f":{},"b":{}}
,"/home/shikhar/Sem 2/SPE/SPE Main Project/FMP-68/backend/src/paths/paths.controller.ts": {"path":"/home/shikhar/Sem 2/SPE/SPE Main Project/FMP-68/backend/src/paths/paths.controller.ts","statementMap":{"0":{"start":{"line":1,"column":0},"end":{"line":1,"column":null}},"1":{"start":{"line":12,"column":0},"end":{"line":12,"column":47}},"2":{"start":{"line":13,"column":0},"end":{"line":13,"column":54}},"3":{"start":{"line":14,"column":0},"end":{"line":14,"column":61}},"4":{"start":{"line":17,"column":7},"end":{"line":110,"column":null}},"5":{"start":{"line":18,"column":22},"end":{"line":18,"column":36}},"6":{"start":{"line":24,"column":4},"end":{"line":24,"column":68}},"7":{"start":{"line":30,"column":4},"end":{"line":30,"column":43}},"8":{"start":{"line":36,"column":4},"end":{"line":36,"column":49}},"9":{"start":{"line":43,"column":4},"end":{"line":43,"column":66}},"10":{"start":{"line":50,"column":4},"end":{"line":50,"column":65}},"11":{"start":{"line":58,"column":4},"end":{"line":58,"column":61}},"12":{"start":{"line":65,"column":4},"end":{"line":65,"column":63}},"13":{"start":{"line":75,"column":4},"end":{"line":75,"column":63}},"14":{"start":{"line":82,"column":4},"end":{"line":82,"column":48}},"15":{"start":{"line":88,"column":4},"end":{"line":88,"column":61}},"16":{"start":{"line":100,"column":17},"end":{"line":100,"column":60}},"17":{"start":{"line":101,"column":4},"end":{"line":103,"column":5}},"18":{"start":{"line":102,"column":6},"end":{"line":102,"column":40}},"19":{"start":{"line":104,"column":4},"end":{"line":106,"column":5}},"20":{"start":{"line":105,"column":6},"end":{"line":105,"column":65}},"21":{"start":{"line":108,"column":4},"end":{"line":108,"column":64}},"22":{"start":{"line":17,"column":13},"end":{"line":17,"column":28}},"23":{"start":{"line":23,"column":8},"end":{"line":25,"column":null}},"24":{"start":{"line":29,"column":8},"end":{"line":31,"column":null}},"25":{"start":{"line":35,"column":8},"end":{"line":37,"column":null}},"26":{"start":{"line":42,"column":8},"end":{"line":44,"column":null}},"27":{"start":{"line":49,"column":8},"end":{"line":51,"column":null}},"28":{"start":{"line":57,"column":8},"end":{"line":59,"column":null}},"29":{"start":{"line":64,"column":8},"end":{"line":66,"column":null}},"30":{"start":{"line":71,"column":8},"end":{"line":76,"column":null}},"31":{"start":{"line":81,"column":8},"end":{"line":83,"column":null}},"32":{"start":{"line":87,"column":8},"end":{"line":89,"column":null}},"33":{"start":{"line":94,"column":8},"end":{"line":109,"column":null}},"34":{"start":{"line":17,"column":13},"end":{"line":110,"column":null}}},"fnMap":{"0":{"name":"(anonymous_4)","decl":{"start":{"line":18,"column":2},"end":{"line":18,"column":22}},"loc":{"start":{"line":18,"column":48},"end":{"line":18,"column":52}}},"1":{"name":"(anonymous_5)","decl":{"start":{"line":23,"column":2},"end":{"line":23,"column":7}},"loc":{"start":{"line":23,"column":76},"end":{"line":25,"column":3}}},"2":{"name":"(anonymous_6)","decl":{"start":{"line":29,"column":2},"end":{"line":29,"column":7}},"loc":{"start":{"line":29,"column":19},"end":{"line":31,"column":3}}},"3":{"name":"(anonymous_7)","decl":{"start":{"line":35,"column":2},"end":{"line":35,"column":7}},"loc":{"start":{"line":35,"column":47},"end":{"line":37,"column":3}}},"4":{"name":"(anonymous_8)","decl":{"start":{"line":42,"column":2},"end":{"line":42,"column":7}},"loc":{"start":{"line":42,"column":47},"end":{"line":44,"column":3}}},"5":{"name":"(anonymous_9)","decl":{"start":{"line":49,"column":2},"end":{"line":49,"column":7}},"loc":{"start":{"line":49,"column":46},"end":{"line":51,"column":3}}},"6":{"name":"(anonymous_10)","decl":{"start":{"line":57,"column":2},"end":{"line":57,"column":7}},"loc":{"start":{"line":57,"column":67},"end":{"line":59,"column":3}}},"7":{"name":"(anonymous_11)","decl":{"start":{"line":64,"column":2},"end":{"line":64,"column":7}},"loc":{"start":{"line":64,"column":69},"end":{"line":66,"column":3}}},"8":{"name":"(anonymous_12)","decl":{"start":{"line":71,"column":2},"end":{"line":71,"column":7}},"loc":{"start":{"line":73,"column":40},"end":{"line":76,"column":3}}},"9":{"name":"(anonymous_13)","decl":{"start":{"line":81,"column":2},"end":{"line":81,"column":7}},"loc":{"start":{"line":81,"column":46},"end":{"line":83,"column":3}}},"10":{"name":"(anonymous_14)","decl":{"start":{"line":87,"column":2},"end":{"line":87,"column":7}},"loc":{"start":{"line":87,"column":48},"end":{"line":89,"column":3}}},"11":{"name":"(anonymous_15)","decl":{"start":{"line":94,"column":2},"end":{"line":94,"column":7}},"loc":{"start":{"line":97,"column":43},"end":{"line":109,"column":3}}}},"branchMap":{"0":{"loc":{"start":{"line":101,"column":4},"end":{"line":103,"column":5}},"type":"if","locations":[{"start":{"line":101,"column":4},"end":{"line":103,"column":5}}]},"1":{"loc":{"start":{"line":104,"column":4},"end":{"line":106,"column":5}},"type":"if","locations":[{"start":{"line":104,"column":4},"end":{"line":106,"column":5}}]}},"s":{"0":1,"1":1,"2":1,"3":1,"4":1,"5":19,"6":1,"7":2,"8":2,"9":1,"10":1,"11":1,"12":1,"13":2,"14":2,"15":2,"16":3,"17":3,"18":1,"19":2,"20":1,"21":1,"22":1,"23":1,"24":1,"25":1,"26":1,"27":1,"28":1,"29":1,"30":1,"31":1,"32":1,"33":1,"34":1},"f":{"0":19,"1":1,"2":2,"3":2,"4":1,"5":1,"6":1,"7":1,"8":2,"9":2,"10":2,"11":3},"b":{"0":[1],"1":[1]}}
,"/home/shikhar/Sem 2/SPE/SPE Main Project/FMP-68/backend/src/paths/paths.service.ts": {"path":"/home/shikhar/Sem 2/SPE/SPE Main Project/FMP-68/backend/src/paths/paths.service.ts","statementMap":{"0":{"start":{"line":1,"column":0},"end":{"line":1,"column":44}},"1":{"start":{"line":2,"column":0},"end":{"line":2,"column":57}},"2":{"start":{"line":6,"column":7},"end":{"line":240,"column":null}},"3":{"start":{"line":7,"column":22},"end":{"line":7,"column":30}},"4":{"start":{"line":11,"column":4},"end":{"line":21,"column":7}},"5":{"start":{"line":26,"column":18},"end":{"line":30,"column":6}},"6":{"start":{"line":33,"column":4},"end":{"line":36,"column":8}},"7":{"start":{"line":33,"column":32},"end":{"line":36,"column":6}},"8":{"start":{"line":41,"column":17},"end":{"line":46,"column":6}},"9":{"start":{"line":48,"column":4},"end":{"line":53,"column":5}},"10":{"start":{"line":49,"column":6},"end":{"line":52,"column":8}},"11":{"start":{"line":54,"column":4},"end":{"line":54,"column":16}},"12":{"start":{"line":59,"column":18},"end":{"line":64,"column":6}},"13":{"start":{"line":66,"column":4},"end":{"line":69,"column":8}},"14":{"start":{"line":66,"column":32},"end":{"line":69,"column":6}},"15":{"start":{"line":74,"column":17},"end":{"line":74,"column":77}},"16":{"start":{"line":75,"column":4},"end":{"line":75,"column":49}},"17":{"start":{"line":75,"column":15},"end":{"line":75,"column":49}},"18":{"start":{"line":77,"column":4},"end":{"line":78,"column":53}},"19":{"start":{"line":78,"column":6},"end":{"line":78,"column":53}},"20":{"start":{"line":80,"column":26},"end":{"line":92,"column":6}},"21":{"start":{"line":94,"column":4},"end":{"line":97,"column":6}},"22":{"start":{"line":102,"column":17},"end":{"line":102,"column":77}},"23":{"start":{"line":103,"column":4},"end":{"line":103,"column":49}},"24":{"start":{"line":103,"column":15},"end":{"line":103,"column":49}},"25":{"start":{"line":105,"column":17},"end":{"line":105,"column":77}},"26":{"start":{"line":106,"column":4},"end":{"line":106,"column":49}},"27":{"start":{"line":106,"column":15},"end":{"line":106,"column":49}},"28":{"start":{"line":108,"column":26},"end":{"line":126,"column":6}},"29":{"start":{"line":113,"column":63},"end":{"line":113,"column":76}},"30":{"start":{"line":122,"column":20},"end":{"line":122,"column":33}},"31":{"start":{"line":128,"column":4},"end":{"line":131,"column":6}},"32":{"start":{"line":136,"column":18},"end":{"line":145,"column":6}},"33":{"start":{"line":147,"column":4},"end":{"line":150,"column":8}},"34":{"start":{"line":147,"column":32},"end":{"line":150,"column":6}},"35":{"start":{"line":155,"column":4},"end":{"line":157,"column":7}},"36":{"start":{"line":162,"column":20},"end":{"line":171,"column":6}},"37":{"start":{"line":173,"column":4},"end":{"line":176,"column":6}},"38":{"start":{"line":181,"column":17},"end":{"line":183,"column":6}},"39":{"start":{"line":185,"column":4},"end":{"line":185,"column":49}},"40":{"start":{"line":185,"column":15},"end":{"line":185,"column":49}},"41":{"start":{"line":187,"column":24},"end":{"line":187,"column":46}},"42":{"start":{"line":188,"column":4},"end":{"line":188,"column":44}},"43":{"start":{"line":188,"column":34},"end":{"line":188,"column":44}},"44":{"start":{"line":190,"column":22},"end":{"line":202,"column":6}},"45":{"start":{"line":204,"column":4},"end":{"line":204,"column":21}},"46":{"start":{"line":209,"column":17},"end":{"line":209,"column":77}},"47":{"start":{"line":210,"column":4},"end":{"line":210,"column":49}},"48":{"start":{"line":210,"column":15},"end":{"line":210,"column":49}},"49":{"start":{"line":212,"column":17},"end":{"line":212,"column":81}},"50":{"start":{"line":213,"column":4},"end":{"line":213,"column":53}},"51":{"start":{"line":213,"column":15},"end":{"line":213,"column":53}},"52":{"start":{"line":215,"column":26},"end":{"line":233,"column":6}},"53":{"start":{"line":220,"column":63},"end":{"line":220,"column":80}},"54":{"start":{"line":229,"column":20},"end":{"line":229,"column":33}},"55":{"start":{"line":235,"column":4},"end":{"line":238,"column":6}},"56":{"start":{"line":6,"column":13},"end":{"line":6,"column":25}},"57":{"start":{"line":6,"column":13},"end":{"line":240,"column":null}}},"fnMap":{"0":{"name":"(anonymous_2)","decl":{"start":{"line":7,"column":2},"end":{"line":7,"column":22}},"loc":{"start":{"line":7,"column":43},"end":{"line":7,"column":47}}},"1":{"name":"(anonymous_3)","decl":{"start":{"line":10,"column":2},"end":{"line":10,"column":7}},"loc":{"start":{"line":10,"column":63},"end":{"line":22,"column":3}}},"2":{"name":"(anonymous_4)","decl":{"start":{"line":25,"column":2},"end":{"line":25,"column":7}},"loc":{"start":{"line":25,"column":19},"end":{"line":37,"column":3}}},"3":{"name":"(anonymous_5)","decl":{"start":{"line":33,"column":21},"end":{"line":33,"column":22}},"loc":{"start":{"line":33,"column":32},"end":{"line":36,"column":6}}},"4":{"name":"(anonymous_6)","decl":{"start":{"line":40,"column":2},"end":{"line":40,"column":7}},"loc":{"start":{"line":40,"column":34},"end":{"line":55,"column":3}}},"5":{"name":"(anonymous_7)","decl":{"start":{"line":58,"column":2},"end":{"line":58,"column":7}},"loc":{"start":{"line":58,"column":46},"end":{"line":70,"column":3}}},"6":{"name":"(anonymous_8)","decl":{"start":{"line":66,"column":21},"end":{"line":66,"column":22}},"loc":{"start":{"line":66,"column":32},"end":{"line":69,"column":6}}},"7":{"name":"(anonymous_9)","decl":{"start":{"line":73,"column":2},"end":{"line":73,"column":7}},"loc":{"start":{"line":73,"column":49},"end":{"line":98,"column":3}}},"8":{"name":"(anonymous_10)","decl":{"start":{"line":101,"column":2},"end":{"line":101,"column":7}},"loc":{"start":{"line":101,"column":51},"end":{"line":132,"column":3}}},"9":{"name":"(anonymous_11)","decl":{"start":{"line":113,"column":55},"end":{"line":113,"column":56}},"loc":{"start":{"line":113,"column":63},"end":{"line":113,"column":76}}},"10":{"name":"(anonymous_12)","decl":{"start":{"line":122,"column":12},"end":{"line":122,"column":13}},"loc":{"start":{"line":122,"column":20},"end":{"line":122,"column":33}}},"11":{"name":"(anonymous_13)","decl":{"start":{"line":135,"column":2},"end":{"line":135,"column":7}},"loc":{"start":{"line":135,"column":45},"end":{"line":151,"column":3}}},"12":{"name":"(anonymous_14)","decl":{"start":{"line":147,"column":21},"end":{"line":147,"column":22}},"loc":{"start":{"line":147,"column":32},"end":{"line":150,"column":6}}},"13":{"name":"(anonymous_15)","decl":{"start":{"line":154,"column":2},"end":{"line":154,"column":7}},"loc":{"start":{"line":154,"column":33},"end":{"line":158,"column":3}}},"14":{"name":"(anonymous_16)","decl":{"start":{"line":161,"column":2},"end":{"line":161,"column":7}},"loc":{"start":{"line":161,"column":60},"end":{"line":177,"column":3}}},"15":{"name":"(anonymous_17)","decl":{"start":{"line":180,"column":2},"end":{"line":180,"column":7}},"loc":{"start":{"line":180,"column":46},"end":{"line":205,"column":3}}},"16":{"name":"(anonymous_18)","decl":{"start":{"line":208,"column":2},"end":{"line":208,"column":7}},"loc":{"start":{"line":208,"column":57},"end":{"line":239,"column":3}}},"17":{"name":"(anonymous_19)","decl":{"start":{"line":220,"column":55},"end":{"line":220,"column":56}},"loc":{"start":{"line":220,"column":63},"end":{"line":220,"column":80}}},"18":{"name":"(anonymous_20)","decl":{"start":{"line":229,"column":12},"end":{"line":229,"column":13}},"loc":{"start":{"line":229,"column":20},"end":{"line":229,"column":33}}}},"branchMap":{"0":{"loc":{"start":{"line":35,"column":17},"end":{"line":35,"column":39}},"type":"binary-expr","locations":[{"start":{"line":35,"column":17},"end":{"line":35,"column":33}},{"start":{"line":35,"column":37},"end":{"line":35,"column":39}}]},"1":{"loc":{"start":{"line":48,"column":4},"end":{"line":53,"column":5}},"type":"if","locations":[{"start":{"line":48,"column":4},"end":{"line":53,"column":5}}]},"2":{"loc":{"start":{"line":51,"column":19},"end":{"line":51,"column":41}},"type":"binary-expr","locations":[{"start":{"line":51,"column":19},"end":{"line":51,"column":35}},{"start":{"line":51,"column":39},"end":{"line":51,"column":41}}]},"3":{"loc":{"start":{"line":68,"column":17},"end":{"line":68,"column":39}},"type":"binary-expr","locations":[{"start":{"line":68,"column":17},"end":{"line":68,"column":33}},{"start":{"line":68,"column":37},"end":{"line":68,"column":39}}]},"4":{"loc":{"start":{"line":75,"column":4},"end":{"line":75,"column":49}},"type":"if","locations":[{"start":{"line":75,"column":4},"end":{"line":75,"column":49}}]},"5":{"loc":{"start":{"line":77,"column":4},"end":{"line":78,"column":53}},"type":"if","locations":[{"start":{"line":77,"column":4},"end":{"line":78,"column":53}}]},"6":{"loc":{"start":{"line":96,"column":17},"end":{"line":96,"column":46}},"type":"binary-expr","locations":[{"start":{"line":96,"column":17},"end":{"line":96,"column":40}},{"start":{"line":96,"column":44},"end":{"line":96,"column":46}}]},"7":{"loc":{"start":{"line":103,"column":4},"end":{"line":103,"column":49}},"type":"if","locations":[{"start":{"line":103,"column":4},"end":{"line":103,"column":49}}]},"8":{"loc":{"start":{"line":106,"column":4},"end":{"line":106,"column":49}},"type":"if","locations":[{"start":{"line":106,"column":4},"end":{"line":106,"column":49}}]},"9":{"loc":{"start":{"line":113,"column":24},"end":{"line":113,"column":46}},"type":"binary-expr","locations":[{"start":{"line":113,"column":24},"end":{"line":113,"column":40}},{"start":{"line":113,"column":44},"end":{"line":113,"column":46}}]},"10":{"loc":{"start":{"line":121,"column":28},"end":{"line":121,"column":54}},"type":"binary-expr","locations":[{"start":{"line":121,"column":28},"end":{"line":121,"column":48}},{"start":{"line":121,"column":52},"end":{"line":121,"column":54}}]},"11":{"loc":{"start":{"line":130,"column":17},"end":{"line":130,"column":46}},"type":"binary-expr","locations":[{"start":{"line":130,"column":17},"end":{"line":130,"column":40}},{"start":{"line":130,"column":44},"end":{"line":130,"column":46}}]},"12":{"loc":{"start":{"line":149,"column":17},"end":{"line":149,"column":39}},"type":"binary-expr","locations":[{"start":{"line":149,"column":17},"end":{"line":149,"column":33}},{"start":{"line":149,"column":37},"end":{"line":149,"column":39}}]},"13":{"loc":{"start":{"line":175,"column":17},"end":{"line":175,"column":42}},"type":"binary-expr","locations":[{"start":{"line":175,"column":17},"end":{"line":175,"column":36}},{"start":{"line":175,"column":40},"end":{"line":175,"column":42}}]},"14":{"loc":{"start":{"line":185,"column":4},"end":{"line":185,"column":49}},"type":"if","locations":[{"start":{"line":185,"column":4},"end":{"line":185,"column":49}}]},"15":{"loc":{"start":{"line":187,"column":24},"end":{"line":187,"column":46}},"type":"binary-expr","locations":[{"start":{"line":187,"column":24},"end":{"line":187,"column":40}},{"start":{"line":187,"column":44},"end":{"line":187,"column":46}}]},"16":{"loc":{"start":{"line":188,"column":4},"end":{"line":188,"column":44}},"type":"if","locations":[{"start":{"line":188,"column":4},"end":{"line":188,"column":44}}]},"17":{"loc":{"start":{"line":210,"column":4},"end":{"line":210,"column":49}},"type":"if","locations":[{"start":{"line":210,"column":4},"end":{"line":210,"column":49}}]},"18":{"loc":{"start":{"line":213,"column":4},"end":{"line":213,"column":53}},"type":"if","locations":[{"start":{"line":213,"column":4},"end":{"line":213,"column":53}}]},"19":{"loc":{"start":{"line":220,"column":24},"end":{"line":220,"column":46}},"type":"binary-expr","locations":[{"start":{"line":220,"column":24},"end":{"line":220,"column":40}},{"start":{"line":220,"column":44},"end":{"line":220,"column":46}}]},"20":{"loc":{"start":{"line":228,"column":28},"end":{"line":228,"column":54}},"type":"binary-expr","locations":[{"start":{"line":228,"column":28},"end":{"line":228,"column":48}},{"start":{"line":228,"column":52},"end":{"line":228,"column":54}}]},"21":{"loc":{"start":{"line":237,"column":17},"end":{"line":237,"column":46}},"type":"binary-expr","locations":[{"start":{"line":237,"column":17},"end":{"line":237,"column":40}},{"start":{"line":237,"column":44},"end":{"line":237,"column":46}}]}},"s":{"0":2,"1":2,"2":2,"3":32,"4":2,"5":3,"6":3,"7":2,"8":3,"9":3,"10":2,"11":1,"12":2,"13":2,"14":1,"15":3,"16":3,"17":1,"18":2,"19":1,"20":1,"21":1,"22":5,"23":5,"24":1,"25":4,"26":4,"27":1,"28":3,"29":2,"30":2,"31":3,"32":2,"33":2,"34":1,"35":1,"36":2,"37":2,"38":3,"39":3,"40":1,"41":2,"42":2,"43":1,"44":1,"45":1,"46":5,"47":5,"48":1,"49":4,"50":4,"51":1,"52":3,"53":2,"54":2,"55":3,"56":2,"57":2},"f":{"0":32,"1":2,"2":3,"3":2,"4":3,"5":2,"6":1,"7":3,"8":5,"9":2,"10":2,"11":2,"12":1,"13":1,"14":2,"15":3,"16":5,"17":2,"18":2},"b":{"0":[2,0],"1":[2],"2":[2,0],"3":[1,0],"4":[1],"5":[1],"6":[1,0],"7":[1],"8":[1],"9":[3,1],"10":[3,1],"11":[3,0],"12":[1,0],"13":[2,0],"14":[1],"15":[2,0],"16":[1],"17":[1],"18":[1],"19":[3,1],"20":[3,1],"21":[3,0]}}
,"/home/shikhar/Sem 2/SPE/SPE Main Project/FMP-68/backend/src/paths/dto/create-path.dto.ts": {"path":"/home/shikhar/Sem 2/SPE/SPE Main Project/FMP-68/backend/src/paths/dto/create-path.dto.ts","statementMap":{"0":{"start":{"line":1,"column":0},"end":{"line":1,"column":77}},"1":{"start":{"line":3,"column":0},"end":{"line":3,"column":13}},"2":{"start":{"line":7,"column":2},"end":{"line":7,"column":null}},"3":{"start":{"line":12,"column":2},"end":{"line":12,"column":null}}},"fnMap":{},"branchMap":{},"s":{"0":1,"1":1,"2":1,"3":1},"f":{},"b":{}}
,"/home/shikhar/Sem 2/SPE/SPE Main Project/FMP-68/backend/src/prisma/prisma.service.ts": {"path":"/home/shikhar/Sem 2/SPE/SPE Main Project/FMP-68/backend/src/prisma/prisma.service.ts","statementMap":{"0":{"start":{"line":1,"column":0},"end":{"line":1,"column":75}},"1":{"start":{"line":2,"column":0},"end":{"line":2,"column":46}},"2":{"start":{"line":5,"column":7},"end":{"line":13,"column":null}},"3":{"start":{"line":7,"column":4},"end":{"line":7,"column":26}},"4":{"start":{"line":11,"column":4},"end":{"line":11,"column":29}},"5":{"start":{"line":5,"column":13},"end":{"line":5,"column":26}},"6":{"start":{"line":5,"column":13},"end":{"line":13,"column":null}}},"fnMap":{"0":{"name":"(anonymous_1)","decl":{"start":{"line":6,"column":2},"end":{"line":6,"column":7}},"loc":{"start":{"line":6,"column":20},"end":{"line":8,"column":3}}},"1":{"name":"(anonymous_2)","decl":{"start":{"line":10,"column":2},"end":{"line":10,"column":7}},"loc":{"start":{"line":10,"column":23},"end":{"line":12,"column":3}}}},"branchMap":{},"s":{"0":11,"1":11,"2":11,"3":1,"4":1,"5":11,"6":11},"f":{"0":1,"1":1},"b":{}}
,"/home/shikhar/Sem 2/SPE/SPE Main Project/FMP-68/backend/src/tracking/tracking.gateway.ts": {"path":"/home/shikhar/Sem 2/SPE/SPE Main Project/FMP-68/backend/src/tracking/tracking.gateway.ts","statementMap":{"0":{"start":{"line":1,"column":0},"end":{"line":1,"column":null}},"1":{"start":{"line":10,"column":0},"end":{"line":10,"column":43}},"2":{"start":{"line":11,"column":0},"end":{"line":11,"column":40}},"3":{"start":{"line":12,"column":0},"end":{"line":12,"column":57}},"4":{"start":{"line":27,"column":7},"end":{"line":351,"column":null}},"5":{"start":{"line":38,"column":22},"end":{"line":38,"column":30}},"6":{"start":{"line":33,"column":10},"end":{"line":33,"column":49}},"7":{"start":{"line":36,"column":10},"end":{"line":36,"column":53}},"8":{"start":{"line":41,"column":4},"end":{"line":41,"column":54}},"9":{"start":{"line":45,"column":4},"end":{"line":45,"column":57}},"10":{"start":{"line":47,"column":18},"end":{"line":47,"column":47}},"11":{"start":{"line":48,"column":4},"end":{"line":51,"column":5}},"12":{"start":{"line":49,"column":6},"end":{"line":49,"column":50}},"13":{"start":{"line":49,"column":30},"end":{"line":49,"column":48}},"14":{"start":{"line":50,"column":6},"end":{"line":50,"column":39}},"15":{"start":{"line":60,"column":31},"end":{"line":60,"column":35}},"16":{"start":{"line":61,"column":4},"end":{"line":61,"column":75}},"17":{"start":{"line":63,"column":4},"end":{"line":93,"column":5}},"18":{"start":{"line":65,"column":6},"end":{"line":68,"column":9}},"19":{"start":{"line":71,"column":6},"end":{"line":79,"column":9}},"20":{"start":{"line":82,"column":19},"end":{"line":82,"column":35}},"21":{"start":{"line":83,"column":6},"end":{"line":83,"column":24}},"22":{"start":{"line":84,"column":6},"end":{"line":84,"column":36}},"23":{"start":{"line":87,"column":6},"end":{"line":87,"column":72}},"24":{"start":{"line":89,"column":6},"end":{"line":89,"column":60}},"25":{"start":{"line":91,"column":6},"end":{"line":91,"column":59}},"26":{"start":{"line":92,"column":6},"end":{"line":92,"column":69}},"27":{"start":{"line":108,"column":49},"end":{"line":108,"column":53}},"28":{"start":{"line":109,"column":17},"end":{"line":109,"column":33}},"29":{"start":{"line":111,"column":4},"end":{"line":150,"column":5}},"30":{"start":{"line":112,"column":6},"end":{"line":136,"column":7}},"31":{"start":{"line":114,"column":8},"end":{"line":119,"column":11}},"32":{"start":{"line":122,"column":8},"end":{"line":127,"column":11}},"33":{"start":{"line":130,"column":8},"end":{"line":135,"column":11}},"34":{"start":{"line":139,"column":6},"end":{"line":144,"column":9}},"35":{"start":{"line":146,"column":6},"end":{"line":146,"column":31}},"36":{"start":{"line":148,"column":6},"end":{"line":148,"column":58}},"37":{"start":{"line":149,"column":6},"end":{"line":149,"column":32}},"38":{"start":{"line":159,"column":31},"end":{"line":159,"column":35}},"39":{"start":{"line":160,"column":4},"end":{"line":160,"column":74}},"40":{"start":{"line":162,"column":4},"end":{"line":175,"column":5}},"41":{"start":{"line":163,"column":6},"end":{"line":166,"column":9}},"42":{"start":{"line":168,"column":19},"end":{"line":168,"column":35}},"43":{"start":{"line":169,"column":6},"end":{"line":169,"column":71}},"44":{"start":{"line":171,"column":6},"end":{"line":171,"column":59}},"45":{"start":{"line":173,"column":6},"end":{"line":173,"column":58}},"46":{"start":{"line":174,"column":6},"end":{"line":174,"column":69}},"47":{"start":{"line":184,"column":31},"end":{"line":184,"column":35}},"48":{"start":{"line":185,"column":4},"end":{"line":185,"column":75}},"49":{"start":{"line":187,"column":4},"end":{"line":200,"column":5}},"50":{"start":{"line":188,"column":6},"end":{"line":191,"column":9}},"51":{"start":{"line":193,"column":19},"end":{"line":193,"column":35}},"52":{"start":{"line":194,"column":6},"end":{"line":194,"column":72}},"53":{"start":{"line":196,"column":6},"end":{"line":196,"column":60}},"54":{"start":{"line":198,"column":6},"end":{"line":198,"column":59}},"55":{"start":{"line":199,"column":6},"end":{"line":199,"column":70}},"56":{"start":{"line":209,"column":31},"end":{"line":209,"column":35}},"57":{"start":{"line":210,"column":4},"end":{"line":210,"column":73}},"58":{"start":{"line":212,"column":4},"end":{"line":231,"column":5}},"59":{"start":{"line":213,"column":6},"end":{"line":216,"column":9}},"60":{"start":{"line":219,"column":6},"end":{"line":222,"column":9}},"61":{"start":{"line":224,"column":19},"end":{"line":224,"column":35}},"62":{"start":{"line":225,"column":6},"end":{"line":225,"column":70}},"63":{"start":{"line":227,"column":6},"end":{"line":227,"column":58}},"64":{"start":{"line":229,"column":6},"end":{"line":229,"column":57}},"65":{"start":{"line":230,"column":6},"end":{"line":230,"column":67}},"66":{"start":{"line":240,"column":31},"end":{"line":240,"column":35}},"67":{"start":{"line":241,"column":4},"end":{"line":241,"column":78}},"68":{"start":{"line":243,"column":4},"end":{"line":282,"column":5}},"69":{"start":{"line":244,"column":19},"end":{"line":244,"column":35}},"70":{"start":{"line":245,"column":6},"end":{"line":245,"column":24}},"71":{"start":{"line":246,"column":6},"end":{"line":246,"column":36}},"72":{"start":{"line":249,"column":30},"end":{"line":251,"column":8}},"73":{"start":{"line":253,"column":6},"end":{"line":263,"column":7}},"74":{"start":{"line":254,"column":8},"end":{"line":262,"column":11}},"75":{"start":{"line":266,"column":19},"end":{"line":268,"column":8}},"76":{"start":{"line":271,"column":6},"end":{"line":271,"column":66}},"77":{"start":{"line":273,"column":6},"end":{"line":278,"column":8}},"78":{"start":{"line":280,"column":6},"end":{"line":280,"column":58}},"79":{"start":{"line":281,"column":6},"end":{"line":281,"column":68}},"80":{"start":{"line":291,"column":31},"end":{"line":291,"column":35}},"81":{"start":{"line":292,"column":17},"end":{"line":292,"column":33}},"82":{"start":{"line":294,"column":4},"end":{"line":294,"column":23}},"83":{"start":{"line":295,"column":4},"end":{"line":295,"column":37}},"84":{"start":{"line":298,"column":4},"end":{"line":301,"column":7}},"85":{"start":{"line":303,"column":4},"end":{"line":303,"column":62}},"86":{"start":{"line":305,"column":4},"end":{"line":305,"column":55}},"87":{"start":{"line":314,"column":23},"end":{"line":314,"column":27}},"88":{"start":{"line":316,"column":4},"end":{"line":334,"column":5}},"89":{"start":{"line":317,"column":19},"end":{"line":320,"column":8}},"90":{"start":{"line":322,"column":23},"end":{"line":324,"column":8}},"91":{"start":{"line":326,"column":6},"end":{"line":330,"column":8}},"92":{"start":{"line":332,"column":6},"end":{"line":332,"column":63}},"93":{"start":{"line":333,"column":6},"end":{"line":333,"column":32}},"94":{"start":{"line":339,"column":4},"end":{"line":341,"column":5}},"95":{"start":{"line":340,"column":6},"end":{"line":340,"column":46}},"96":{"start":{"line":342,"column":4},"end":{"line":342,"column":44}},"97":{"start":{"line":346,"column":18},"end":{"line":346,"column":46}},"98":{"start":{"line":347,"column":4},"end":{"line":349,"column":5}},"99":{"start":{"line":348,"column":6},"end":{"line":348,"column":25}},"100":{"start":{"line":27,"column":13},"end":{"line":27,"column":28}},"101":{"start":{"line":31,"column":2},"end":{"line":31,"column":null}},"102":{"start":{"line":56,"column":8},"end":{"line":94,"column":null}},"103":{"start":{"line":98,"column":8},"end":{"line":151,"column":null}},"104":{"start":{"line":155,"column":8},"end":{"line":176,"column":null}},"105":{"start":{"line":180,"column":8},"end":{"line":201,"column":null}},"106":{"start":{"line":205,"column":8},"end":{"line":232,"column":null}},"107":{"start":{"line":236,"column":8},"end":{"line":283,"column":null}},"108":{"start":{"line":287,"column":8},"end":{"line":306,"column":null}},"109":{"start":{"line":310,"column":8},"end":{"line":335,"column":null}},"110":{"start":{"line":27,"column":13},"end":{"line":351,"column":null}}},"fnMap":{"0":{"name":"(anonymous_4)","decl":{"start":{"line":38,"column":2},"end":{"line":38,"column":22}},"loc":{"start":{"line":38,"column":43},"end":{"line":38,"column":47}}},"1":{"name":"(anonymous_5)","decl":{"start":{"line":40,"column":2},"end":{"line":40,"column":18}},"loc":{"start":{"line":40,"column":33},"end":{"line":42,"column":3}}},"2":{"name":"(anonymous_6)","decl":{"start":{"line":44,"column":2},"end":{"line":44,"column":18}},"loc":{"start":{"line":44,"column":33},"end":{"line":52,"column":3}}},"3":{"name":"(anonymous_7)","decl":{"start":{"line":49,"column":20},"end":{"line":49,"column":21}},"loc":{"start":{"line":49,"column":30},"end":{"line":49,"column":48}}},"4":{"name":"(anonymous_8)","decl":{"start":{"line":56,"column":2},"end":{"line":56,"column":7}},"loc":{"start":{"line":58,"column":59},"end":{"line":94,"column":3}}},"5":{"name":"(anonymous_9)","decl":{"start":{"line":98,"column":2},"end":{"line":98,"column":7}},"loc":{"start":{"line":106,"column":5},"end":{"line":151,"column":3}}},"6":{"name":"(anonymous_10)","decl":{"start":{"line":155,"column":2},"end":{"line":155,"column":7}},"loc":{"start":{"line":157,"column":59},"end":{"line":176,"column":3}}},"7":{"name":"(anonymous_11)","decl":{"start":{"line":180,"column":2},"end":{"line":180,"column":7}},"loc":{"start":{"line":182,"column":59},"end":{"line":201,"column":3}}},"8":{"name":"(anonymous_12)","decl":{"start":{"line":205,"column":2},"end":{"line":205,"column":7}},"loc":{"start":{"line":207,"column":59},"end":{"line":232,"column":3}}},"9":{"name":"(anonymous_13)","decl":{"start":{"line":236,"column":2},"end":{"line":236,"column":7}},"loc":{"start":{"line":238,"column":59},"end":{"line":283,"column":3}}},"10":{"name":"(anonymous_14)","decl":{"start":{"line":287,"column":2},"end":{"line":287,"column":7}},"loc":{"start":{"line":289,"column":59},"end":{"line":306,"column":3}}},"11":{"name":"(anonymous_15)","decl":{"start":{"line":310,"column":2},"end":{"line":310,"column":7}},"loc":{"start":{"line":312,"column":43},"end":{"line":335,"column":3}}},"12":{"name":"(anonymous_16)","decl":{"start":{"line":338,"column":10},"end":{"line":338,"column":17}},"loc":{"start":{"line":338,"column":48},"end":{"line":343,"column":3}}},"13":{"name":"(anonymous_17)","decl":{"start":{"line":345,"column":10},"end":{"line":345,"column":20}},"loc":{"start":{"line":345,"column":51},"end":{"line":350,"column":3}}}},"branchMap":{"0":{"loc":{"start":{"line":48,"column":4},"end":{"line":51,"column":5}},"type":"if","locations":[{"start":{"line":48,"column":4},"end":{"line":51,"column":5}}]},"1":{"loc":{"start":{"line":112,"column":6},"end":{"line":136,"column":7}},"type":"if","locations":[{"start":{"line":112,"column":6},"end":{"line":136,"column":7}},{"start":{"line":128,"column":13},"end":{"line":136,"column":7}}]},"2":{"loc":{"start":{"line":253,"column":6},"end":{"line":263,"column":7}},"type":"if","locations":[{"start":{"line":253,"column":6},"end":{"line":263,"column":7}}]},"3":{"loc":{"start":{"line":276,"column":30},"end":{"line":276,"column":53}},"type":"binary-expr","locations":[{"start":{"line":276,"column":30},"end":{"line":276,"column":47}},{"start":{"line":276,"column":51},"end":{"line":276,"column":53}}]},"4":{"loc":{"start":{"line":277,"column":20},"end":{"line":277,"column":42}},"type":"binary-expr","locations":[{"start":{"line":277,"column":20},"end":{"line":277,"column":32}},{"start":{"line":277,"column":36},"end":{"line":277,"column":42}}]},"5":{"loc":{"start":{"line":339,"column":4},"end":{"line":341,"column":5}},"type":"if","locations":[{"start":{"line":339,"column":4},"end":{"line":341,"column":5}}]},"6":{"loc":{"start":{"line":347,"column":4},"end":{"line":349,"column":5}},"type":"if","locations":[{"start":{"line":347,"column":4},"end":{"line":349,"column":5}}]},"7":{"loc":{"start":{"line":22,"column":12},"end":{"line":22,"column":63}},"type":"binary-expr","locations":[{"start":{"line":22,"column":12},"end":{"line":22,"column":36}},{"start":{"line":22,"column":40},"end":{"line":22,"column":63}}]}},"s":{"0":1,"1":1,"2":1,"3":1,"4":1,"5":31,"6":31,"7":31,"8":1,"9":2,"10":2,"11":2,"12":1,"13":2,"14":1,"15":2,"16":2,"17":2,"18":2,"19":1,"20":1,"21":1,"22":1,"23":1,"24":1,"25":1,"26":1,"27":3,"28":3,"29":3,"30":3,"31":2,"32":1,"33":1,"34":2,"35":2,"36":1,"37":1,"38":2,"39":2,"40":2,"41":2,"42":1,"43":1,"44":1,"45":1,"46":1,"47":2,"48":2,"49":2,"50":2,"51":1,"52":1,"53":1,"54":1,"55":1,"56":2,"57":2,"58":2,"59":2,"60":1,"61":1,"62":1,"63":1,"64":1,"65":1,"66":3,"67":3,"68":3,"69":3,"70":3,"71":3,"72":3,"73":2,"74":1,"75":2,"76":2,"77":2,"78":1,"79":1,"80":2,"81":2,"82":2,"83":2,"84":2,"85":2,"86":2,"87":2,"88":2,"89":2,"90":1,"91":1,"92":1,"93":1,"94":19,"95":15,"96":19,"97":5,"98":5,"99":4,"100":1,"101":1,"102":1,"103":1,"104":1,"105":1,"106":1,"107":1,"108":1,"109":1,"110":1},"f":{"0":31,"1":1,"2":2,"3":2,"4":2,"5":3,"6":2,"7":2,"8":2,"9":3,"10":2,"11":2,"12":19,"13":5},"b":{"0":[1],"1":[2,1],"2":[1],"3":[2,0],"4":[2,0],"5":[15],"6":[4],"7":[1,0]}}
,"/home/shikhar/Sem 2/SPE/SPE Main Project/FMP-68/backend/src/users/users.controller.ts": {"path":"/home/shikhar/Sem 2/SPE/SPE Main Project/FMP-68/backend/src/users/users.controller.ts","statementMap":{"0":{"start":{"line":1,"column":0},"end":{"line":1,"column":65}},"1":{"start":{"line":2,"column":0},"end":{"line":2,"column":47}},"2":{"start":{"line":3,"column":0},"end":{"line":3,"column":61}},"3":{"start":{"line":6,"column":7},"end":{"line":22,"column":null}},"4":{"start":{"line":7,"column":22},"end":{"line":7,"column":36}},"5":{"start":{"line":13,"column":4},"end":{"line":13,"column":39}},"6":{"start":{"line":20,"column":4},"end":{"line":20,"column":20}},"7":{"start":{"line":6,"column":13},"end":{"line":6,"column":28}},"8":{"start":{"line":12,"column":8},"end":{"line":14,"column":null}},"9":{"start":{"line":19,"column":8},"end":{"line":21,"column":null}},"10":{"start":{"line":6,"column":13},"end":{"line":22,"column":null}}},"fnMap":{"0":{"name":"(anonymous_4)","decl":{"start":{"line":7,"column":2},"end":{"line":7,"column":22}},"loc":{"start":{"line":7,"column":48},"end":{"line":7,"column":52}}},"1":{"name":"(anonymous_5)","decl":{"start":{"line":12,"column":2},"end":{"line":12,"column":7}},"loc":{"start":{"line":12,"column":19},"end":{"line":14,"column":3}}},"2":{"name":"(anonymous_6)","decl":{"start":{"line":19,"column":2},"end":{"line":19,"column":7}},"loc":{"start":{"line":19,"column":29},"end":{"line":21,"column":3}}}},"branchMap":{},"s":{"0":1,"1":1,"2":1,"3":1,"4":5,"5":2,"6":2,"7":1,"8":1,"9":1,"10":1},"f":{"0":5,"1":2,"2":2},"b":{}}
,"/home/shikhar/Sem 2/SPE/SPE Main Project/FMP-68/backend/src/users/users.service.ts": {"path":"/home/shikhar/Sem 2/SPE/SPE Main Project/FMP-68/backend/src/users/users.service.ts","statementMap":{"0":{"start":{"line":1,"column":0},"end":{"line":1,"column":44}},"1":{"start":{"line":2,"column":0},"end":{"line":2,"column":57}},"2":{"start":{"line":13,"column":7},"end":{"line":63,"column":null}},"3":{"start":{"line":14,"column":22},"end":{"line":14,"column":30}},"4":{"start":{"line":18,"column":21},"end":{"line":20,"column":6}},"5":{"start":{"line":22,"column":4},"end":{"line":33,"column":5}},"6":{"start":{"line":23,"column":6},"end":{"line":32,"column":9}},"7":{"start":{"line":35,"column":4},"end":{"line":42,"column":7}},"8":{"start":{"line":46,"column":4},"end":{"line":46,"column":58}},"9":{"start":{"line":51,"column":4},"end":{"line":54,"column":7}},"10":{"start":{"line":59,"column":4},"end":{"line":61,"column":7}},"11":{"start":{"line":13,"column":13},"end":{"line":13,"column":25}},"12":{"start":{"line":13,"column":13},"end":{"line":63,"column":null}}},"fnMap":{"0":{"name":"(anonymous_2)","decl":{"start":{"line":14,"column":2},"end":{"line":14,"column":22}},"loc":{"start":{"line":14,"column":43},"end":{"line":14,"column":47}}},"1":{"name":"(anonymous_3)","decl":{"start":{"line":17,"column":2},"end":{"line":17,"column":7}},"loc":{"start":{"line":17,"column":43},"end":{"line":43,"column":3}}},"2":{"name":"(anonymous_4)","decl":{"start":{"line":45,"column":2},"end":{"line":45,"column":7}},"loc":{"start":{"line":45,"column":27},"end":{"line":47,"column":3}}},"3":{"name":"(anonymous_5)","decl":{"start":{"line":50,"column":2},"end":{"line":50,"column":7}},"loc":{"start":{"line":50,"column":57},"end":{"line":55,"column":3}}},"4":{"name":"(anonymous_6)","decl":{"start":{"line":58,"column":2},"end":{"line":58,"column":7}},"loc":{"start":{"line":58,"column":15},"end":{"line":62,"column":3}}}},"branchMap":{"0":{"loc":{"start":{"line":22,"column":4},"end":{"line":33,"column":5}},"type":"if","locations":[{"start":{"line":22,"column":4},"end":{"line":33,"column":5}}]},"1":{"loc":{"start":{"line":28,"column":19},"end":{"line":28,"column":40}},"type":"binary-expr","locations":[{"start":{"line":28,"column":19},"end":{"line":28,"column":34}},{"start":{"line":28,"column":38},"end":{"line":28,"column":40}}]},"2":{"loc":{"start":{"line":40,"column":17},"end":{"line":40,"column":52}},"type":"binary-expr","locations":[{"start":{"line":40,"column":17},"end":{"line":40,"column":32}},{"start":{"line":40,"column":36},"end":{"line":40,"column":52}}]}},"s":{"0":5,"1":5,"2":5,"3":12,"4":3,"5":3,"6":2,"7":1,"8":2,"9":3,"10":3,"11":5,"12":5},"f":{"0":12,"1":3,"2":2,"3":3,"4":3},"b":{"0":[2],"1":[2,1],"2":[1,0]}}
}
