TN:
SF:src/auth/auth.controller.ts
FN:19,(anonymous_4)
FN:30,(anonymous_5)
FN:40,(anonymous_6)
FN:56,(anonymous_7)
FN:66,(anonymous_8)
FNF:5
FNH:5
FNDA:6,(anonymous_4)
FNDA:1,(anonymous_5)
FNDA:2,(anonymous_6)
FNDA:1,(anonymous_7)
FNDA:1,(anonymous_8)
DA:1,1
DA:11,1
DA:12,1
DA:13,1
DA:14,1
DA:18,1
DA:20,6
DA:21,6
DA:30,1
DA:40,1
DA:41,2
DA:43,2
DA:46,2
DA:56,1
DA:57,1
DA:66,1
DA:67,1
LF:17
LH:17
BRDA:43,0,0,2
BRDA:43,0,1,1
BRF:2
BRH:2
end_of_record
TN:
SF:src/auth/auth.service.ts
FN:8,(anonymous_2)
FN:14,(anonymous_3)
FN:31,(anonymous_4)
FN:37,(anonymous_5)
FNF:4
FNH:4
FNDA:9,(anonymous_2)
FNDA:2,(anonymous_3)
FNDA:2,(anonymous_4)
FNDA:4,(anonymous_5)
DA:1,2
DA:2,2
DA:3,2
DA:7,2
DA:9,9
DA:10,9
DA:15,2
DA:22,2
DA:27,2
DA:32,2
DA:33,1
DA:38,4
DA:39,4
DA:41,3
LF:14
LH:14
BRF:0
BRH:0
end_of_record
TN:
SF:src/auth/guards/google-auth.guard.ts
FNF:0
FNH:0
DA:1,1
DA:2,1
DA:5,1
LF:3
LH:3
BRF:0
BRH:0
end_of_record
TN:
SF:src/auth/guards/jwt-auth.guard.ts
FNF:0
FNH:0
DA:1,4
DA:2,4
DA:5,4
LF:3
LH:3
BRF:0
BRH:0
end_of_record
TN:
SF:src/auth/strategies/google.strategy.ts
FN:8,(anonymous_2)
FN:17,(anonymous_3)
FNF:2
FNH:2
FNDA:5,(anonymous_2)
FNDA:3,(anonymous_3)
DA:1,1
DA:2,1
DA:3,1
DA:4,1
DA:7,1
DA:8,5
DA:9,5
DA:23,3
DA:25,3
DA:32,3
LF:10
LH:10
BRDA:10,0,0,5
BRDA:10,0,1,0
BRDA:11,1,0,5
BRDA:11,1,1,0
BRDA:12,2,0,5
BRDA:12,2,1,0
BRDA:29,3,0,3
BRDA:29,3,1,1
BRF:8
BRH:5
end_of_record
TN:
SF:src/auth/strategies/jwt.strategy.ts
FN:9,(anonymous_2)
FN:20,(anonymous_3)
FNF:2
FNH:2
FNDA:5,(anonymous_2)
FNDA:3,(anonymous_3)
DA:1,1
DA:2,1
DA:3,1
DA:4,1
DA:5,1
DA:8,1
DA:10,5
DA:11,5
DA:13,5
DA:21,3
DA:22,3
DA:23,2
LF:12
LH:12
BRDA:16,0,0,5
BRDA:16,0,1,0
BRDA:22,1,0,1
BRF:3
BRH:2
end_of_record
TN:
SF:src/follow-requests/follow-requests.controller.ts
FN:24,(anonymous_4)
FN:29,(anonymous_5)
FN:60,(anonymous_6)
FN:82,(anonymous_7)
FN:101,(anonymous_8)
FN:121,(anonymous_9)
FN:152,(anonymous_10)
FN:183,(anonymous_11)
FNF:8
FNH:8
FNDA:22,(anonymous_4)
FNDA:2,(anonymous_5)
FNDA:4,(anonymous_6)
FNDA:4,(anonymous_7)
FNDA:4,(anonymous_8)
FNDA:3,(anonymous_9)
FNDA:2,(anonymous_10)
FNDA:2,(anonymous_11)
DA:1,1
DA:15,1
DA:16,1
DA:17,1
DA:18,1
DA:21,1
DA:22,22
DA:24,22
DA:29,1
DA:33,2
DA:34,2
DA:37,2
DA:41,1
DA:42,1
DA:44,1
DA:45,1
DA:46,1
DA:60,1
DA:61,4
DA:62,4
DA:66,2
DA:67,2
DA:68,2
DA:82,1
DA:83,4
DA:84,4
DA:86,2
DA:87,2
DA:88,2
DA:101,1
DA:102,4
DA:103,4
DA:105,2
DA:106,2
DA:107,2
DA:121,1
DA:125,3
DA:126,3
DA:128,3
DA:133,1
DA:134,1
DA:136,2
DA:137,2
DA:138,2
DA:152,1
DA:156,2
DA:157,2
DA:159,2
DA:164,1
DA:165,1
DA:167,1
DA:168,1
DA:169,1
DA:183,1
DA:187,2
DA:188,2
DA:189,2
DA:193,1
DA:194,1
DA:196,1
DA:197,1
DA:198,1
LF:62
LH:62
BRDA:45,0,0,1
BRDA:45,0,1,0
BRDA:67,1,0,1
BRDA:67,1,1,1
BRDA:87,2,0,1
BRDA:87,2,1,1
BRDA:106,3,0,1
BRDA:106,3,1,1
BRDA:136,4,0,2
BRDA:136,4,1,0
BRDA:167,5,0,1
BRDA:167,5,1,0
BRDA:197,6,0,1
BRDA:197,6,1,0
BRF:14
BRH:10
end_of_record
TN:
SF:src/follow-requests/follow-requests.service.ts
FN:7,(anonymous_2)
FN:11,(anonymous_3)
FN:59,(anonymous_4)
FN:79,(anonymous_5)
FN:105,(anonymous_6)
FN:121,(anonymous_7)
FN:136,(anonymous_8)
FN:147,(anonymous_9)
FN:161,(anonymous_10)
FN:171,(anonymous_11)
FN:182,(anonymous_12)
FN:208,(anonymous_13)
FN:224,(anonymous_14)
FN:225,(anonymous_15)
FN:235,(anonymous_16)
FNF:15
FNH:15
FNDA:36,(anonymous_2)
FNDA:7,(anonymous_3)
FNDA:6,(anonymous_4)
FNDA:2,(anonymous_5)
FNDA:5,(anonymous_6)
FNDA:1,(anonymous_7)
FNDA:4,(anonymous_8)
FNDA:1,(anonymous_9)
FNDA:4,(anonymous_10)
FNDA:3,(anonymous_11)
FNDA:3,(anonymous_12)
FNDA:4,(anonymous_13)
FNDA:1,(anonymous_14)
FNDA:1,(anonymous_15)
FNDA:5,(anonymous_16)
DA:1,2
DA:2,2
DA:6,2
DA:7,36
DA:15,7
DA:17,7
DA:20,7
DA:22,6
DA:26,6
DA:27,5
DA:28,1
DA:30,4
DA:31,4
DA:33,4
DA:34,1
DA:35,3
DA:36,1
DA:39,2
DA:45,2
DA:60,6
DA:61,6
DA:64,5
DA:65,1
DA:68,4
DA:69,4
DA:71,4
DA:72,2
DA:74,2
DA:79,2
DA:95,2
DA:106,5
DA:107,5
DA:110,4
DA:111,1
DA:114,3
DA:115,3
DA:116,2
DA:118,1
DA:121,1
DA:126,1
DA:137,4
DA:138,4
DA:140,3
DA:141,3
DA:142,2
DA:144,1
DA:147,1
DA:152,1
DA:162,4
DA:168,4
DA:169,4
DA:170,4
DA:171,4
DA:175,4
DA:182,4
DA:184,4
DA:186,4
DA:187,4
DA:189,4
DA:190,3
DA:191,3
DA:192,3
DA:204,4
DA:209,4
DA:213,4
DA:215,3
DA:218,3
DA:224,3
DA:225,3
DA:231,3
DA:236,5
DA:240,5
DA:241,5
DA:242,6
DA:243,6
DA:245,6
DA:246,2
DA:253,4
DA:254,2
DA:264,5
LF:80
LH:80
BRDA:20,0,0,1
BRDA:26,1,0,1
BRDA:27,2,0,1
BRDA:30,3,0,4
BRDA:30,3,1,1
BRDA:31,4,0,4
BRDA:31,4,1,1
BRDA:33,5,0,1
BRDA:35,6,0,1
BRDA:61,7,0,1
BRDA:64,8,0,1
BRDA:68,9,0,4
BRDA:68,9,1,1
BRDA:69,10,0,4
BRDA:69,10,1,1
BRDA:71,11,0,2
BRDA:80,12,0,1
BRDA:80,12,1,1
BRDA:107,13,0,1
BRDA:110,14,0,1
BRDA:114,15,0,3
BRDA:114,15,1,1
BRDA:115,16,0,2
BRDA:138,17,0,1
BRDA:140,18,0,3
BRDA:140,18,1,1
BRDA:141,19,0,2
BRDA:170,20,0,4
BRDA:170,20,1,1
BRDA:187,21,0,4
BRDA:187,21,1,1
BRDA:191,22,0,3
BRDA:213,23,0,1
BRDA:215,24,0,3
BRDA:215,24,1,1
BRDA:220,25,0,1
BRDA:220,25,1,2
BRDA:242,26,0,6
BRDA:242,26,1,1
BRDA:243,27,0,6
BRDA:243,27,1,1
BRDA:245,28,0,2
BRDA:245,28,1,4
BRDA:253,29,0,2
BRF:44
BRH:44
end_of_record
TN:
SF:src/follow-requests/dto/approve-follow-request.dto.ts
FNF:0
FNH:0
DA:1,1
DA:3,1
DA:6,1
DA:10,1
LF:4
LH:4
BRF:0
BRH:0
end_of_record
TN:
SF:src/follow-requests/dto/create-follow-request.dto.ts
FNF:0
FNH:0
DA:1,1
DA:3,1
DA:6,1
DA:10,1
LF:4
LH:4
BRF:0
BRH:0
end_of_record
TN:
SF:src/paths/paths.controller.ts
FN:18,(anonymous_4)
FN:23,(anonymous_5)
FN:29,(anonymous_6)
FN:35,(anonymous_7)
FN:42,(anonymous_8)
FN:49,(anonymous_9)
FN:57,(anonymous_10)
FN:64,(anonymous_11)
FN:71,(anonymous_12)
FN:81,(anonymous_13)
FN:87,(anonymous_14)
FN:94,(anonymous_15)
FNF:12
FNH:12
FNDA:19,(anonymous_4)
FNDA:1,(anonymous_5)
FNDA:2,(anonymous_6)
FNDA:2,(anonymous_7)
FNDA:1,(anonymous_8)
FNDA:1,(anonymous_9)
FNDA:1,(anonymous_10)
FNDA:1,(anonymous_11)
FNDA:2,(anonymous_12)
FNDA:2,(anonymous_13)
FNDA:2,(anonymous_14)
FNDA:3,(anonymous_15)
DA:1,1
DA:12,1
DA:13,1
DA:14,1
DA:17,1
DA:18,19
DA:23,1
DA:24,1
DA:29,1
DA:30,2
DA:35,1
DA:36,2
DA:42,1
DA:43,1
DA:49,1
DA:50,1
DA:57,1
DA:58,1
DA:64,1
DA:65,1
DA:71,1
DA:75,2
DA:81,1
DA:82,2
DA:87,1
DA:88,2
DA:94,1
DA:100,3
DA:101,3
DA:102,1
DA:104,2
DA:105,1
DA:108,1
LF:33
LH:33
BRDA:101,0,0,1
BRDA:104,1,0,1
BRF:2
BRH:2
end_of_record
TN:
SF:src/paths/paths.service.ts
FN:7,(anonymous_2)
FN:10,(anonymous_3)
FN:25,(anonymous_4)
FN:33,(anonymous_5)
FN:40,(anonymous_6)
FN:58,(anonymous_7)
FN:66,(anonymous_8)
FN:73,(anonymous_9)
FN:101,(anonymous_10)
FN:113,(anonymous_11)
FN:122,(anonymous_12)
FN:135,(anonymous_13)
FN:147,(anonymous_14)
FN:154,(anonymous_15)
FN:161,(anonymous_16)
FN:180,(anonymous_17)
FN:208,(anonymous_18)
FN:220,(anonymous_19)
FN:229,(anonymous_20)
FNF:19
FNH:19
FNDA:32,(anonymous_2)
FNDA:2,(anonymous_3)
FNDA:3,(anonymous_4)
FNDA:2,(anonymous_5)
FNDA:3,(anonymous_6)
FNDA:2,(anonymous_7)
FNDA:1,(anonymous_8)
FNDA:3,(anonymous_9)
FNDA:5,(anonymous_10)
FNDA:2,(anonymous_11)
FNDA:2,(anonymous_12)
FNDA:2,(anonymous_13)
FNDA:1,(anonymous_14)
FNDA:1,(anonymous_15)
FNDA:2,(anonymous_16)
FNDA:3,(anonymous_17)
FNDA:5,(anonymous_18)
FNDA:2,(anonymous_19)
FNDA:2,(anonymous_20)
DA:1,2
DA:2,2
DA:6,2
DA:7,32
DA:11,2
DA:26,3
DA:33,3
DA:41,3
DA:48,3
DA:49,2
DA:54,1
DA:59,2
DA:66,2
DA:74,3
DA:75,3
DA:77,2
DA:78,1
DA:80,1
DA:94,1
DA:102,5
DA:103,5
DA:105,4
DA:106,4
DA:108,3
DA:113,2
DA:122,2
DA:128,3
DA:136,2
DA:147,2
DA:155,1
DA:162,2
DA:173,2
DA:181,3
DA:185,3
DA:187,2
DA:188,2
DA:190,1
DA:204,1
DA:209,5
DA:210,5
DA:212,4
DA:213,4
DA:215,3
DA:220,2
DA:229,2
DA:235,3
LF:46
LH:46
BRDA:35,0,0,2
BRDA:35,0,1,0
BRDA:48,1,0,2
BRDA:51,2,0,2
BRDA:51,2,1,0
BRDA:68,3,0,1
BRDA:68,3,1,0
BRDA:75,4,0,1
BRDA:77,5,0,1
BRDA:96,6,0,1
BRDA:96,6,1,0
BRDA:103,7,0,1
BRDA:106,8,0,1
BRDA:113,9,0,3
BRDA:113,9,1,1
BRDA:121,10,0,3
BRDA:121,10,1,1
BRDA:130,11,0,3
BRDA:130,11,1,0
BRDA:149,12,0,1
BRDA:149,12,1,0
BRDA:175,13,0,2
BRDA:175,13,1,0
BRDA:185,14,0,1
BRDA:187,15,0,2
BRDA:187,15,1,0
BRDA:188,16,0,1
BRDA:210,17,0,1
BRDA:213,18,0,1
BRDA:220,19,0,3
BRDA:220,19,1,1
BRDA:228,20,0,3
BRDA:228,20,1,1
BRDA:237,21,0,3
BRDA:237,21,1,0
BRF:35
BRH:26
end_of_record
TN:
SF:src/paths/dto/create-path.dto.ts
FNF:0
FNH:0
DA:1,1
DA:3,1
DA:7,1
DA:12,1
LF:4
LH:4
BRF:0
BRH:0
end_of_record
TN:
SF:src/prisma/prisma.service.ts
FN:6,(anonymous_1)
FN:10,(anonymous_2)
FNF:2
FNH:2
FNDA:1,(anonymous_1)
FNDA:1,(anonymous_2)
DA:1,11
DA:2,11
DA:5,11
DA:7,1
DA:11,1
LF:5
LH:5
BRF:0
BRH:0
end_of_record
TN:
SF:src/tracking/tracking.gateway.ts
FN:38,(anonymous_4)
FN:40,(anonymous_5)
FN:44,(anonymous_6)
FN:49,(anonymous_7)
FN:56,(anonymous_8)
FN:98,(anonymous_9)
FN:155,(anonymous_10)
FN:180,(anonymous_11)
FN:205,(anonymous_12)
FN:236,(anonymous_13)
FN:287,(anonymous_14)
FN:310,(anonymous_15)
FN:338,(anonymous_16)
FN:345,(anonymous_17)
FNF:14
FNH:14
FNDA:31,(anonymous_4)
FNDA:1,(anonymous_5)
FNDA:2,(anonymous_6)
FNDA:2,(anonymous_7)
FNDA:2,(anonymous_8)
FNDA:3,(anonymous_9)
FNDA:2,(anonymous_10)
FNDA:2,(anonymous_11)
FNDA:2,(anonymous_12)
FNDA:3,(anonymous_13)
FNDA:2,(anonymous_14)
FNDA:2,(anonymous_15)
FNDA:19,(anonymous_16)
FNDA:5,(anonymous_17)
DA:1,1
DA:10,1
DA:11,1
DA:12,1
DA:27,1
DA:31,1
DA:33,31
DA:36,31
DA:38,31
DA:41,1
DA:45,2
DA:47,2
DA:48,2
DA:49,2
DA:50,1
DA:56,1
DA:60,2
DA:61,2
DA:63,2
DA:65,2
DA:71,1
DA:82,1
DA:83,1
DA:84,1
DA:87,1
DA:89,1
DA:91,1
DA:92,1
DA:98,1
DA:108,3
DA:109,3
DA:111,3
DA:112,3
DA:114,2
DA:122,1
DA:130,1
DA:139,2
DA:146,2
DA:148,1
DA:149,1
DA:155,1
DA:159,2
DA:160,2
DA:162,2
DA:163,2
DA:168,1
DA:169,1
DA:171,1
DA:173,1
DA:174,1
DA:180,1
DA:184,2
DA:185,2
DA:187,2
DA:188,2
DA:193,1
DA:194,1
DA:196,1
DA:198,1
DA:199,1
DA:205,1
DA:209,2
DA:210,2
DA:212,2
DA:213,2
DA:219,1
DA:224,1
DA:225,1
DA:227,1
DA:229,1
DA:230,1
DA:236,1
DA:240,3
DA:241,3
DA:243,3
DA:244,3
DA:245,3
DA:246,3
DA:249,3
DA:253,2
DA:254,1
DA:266,2
DA:271,2
DA:273,2
DA:280,1
DA:281,1
DA:287,1
DA:291,2
DA:292,2
DA:294,2
DA:295,2
DA:298,2
DA:303,2
DA:305,2
DA:310,1
DA:314,2
DA:316,2
DA:317,2
DA:322,1
DA:326,1
DA:332,1
DA:333,1
DA:339,19
DA:340,15
DA:342,19
DA:346,5
DA:347,5
DA:348,4
LF:108
LH:108
BRDA:48,0,0,1
BRDA:112,1,0,2
BRDA:112,1,1,1
BRDA:253,2,0,1
BRDA:276,3,0,2
BRDA:276,3,1,0
BRDA:277,4,0,2
BRDA:277,4,1,0
BRDA:339,5,0,15
BRDA:347,6,0,4
BRDA:22,7,0,1
BRDA:22,7,1,0
BRF:12
BRH:9
end_of_record
TN:
SF:src/users/users.controller.ts
FN:7,(anonymous_4)
FN:12,(anonymous_5)
FN:19,(anonymous_6)
FNF:3
FNH:3
FNDA:5,(anonymous_4)
FNDA:2,(anonymous_5)
FNDA:2,(anonymous_6)
DA:1,1
DA:2,1
DA:3,1
DA:6,1
DA:7,5
DA:12,1
DA:13,2
DA:19,1
DA:20,2
LF:9
LH:9
BRF:0
BRH:0
end_of_record
TN:
SF:src/users/users.service.ts
FN:14,(anonymous_2)
FN:17,(anonymous_3)
FN:45,(anonymous_4)
FN:50,(anonymous_5)
FN:58,(anonymous_6)
FNF:5
FNH:5
FNDA:12,(anonymous_2)
FNDA:3,(anonymous_3)
FNDA:2,(anonymous_4)
FNDA:3,(anonymous_5)
FNDA:3,(anonymous_6)
DA:1,5
DA:2,5
DA:13,5
DA:14,12
DA:18,3
DA:22,3
DA:23,2
DA:35,1
DA:46,2
DA:51,3
DA:59,3
LF:11
LH:11
BRDA:22,0,0,2
BRDA:28,1,0,2
BRDA:28,1,1,1
BRDA:40,2,0,1
BRDA:40,2,1,0
BRF:5
BRH:4
end_of_record
